#
# There is insufficient memory for the Java Runtime Environment to continue.
# Native memory allocation (malloc) failed to allocate 32744 bytes for ChunkPool::allocate
# Possible reasons:
#   The system is out of physical RAM or swap space
#   In 32 bit mode, the process size limit was hit
# Possible solutions:
#   Reduce memory load on the system
#   Increase physical memory or swap space
#   Check if swap backing store is full
#   Use 64 bit Java on a 64 bit OS
#   Decrease Java heap size (-Xmx/-Xms)
#   Decrease number of Java threads
#   Decrease Java thread stack sizes (-Xss)
#   Set larger code cache with -XX:ReservedCodeCacheSize=
# This output file may be truncated or incomplete.
#
#  Out of Memory Error (allocation.cpp:273), pid=4244, tid=0x0000000000001e98
#
# JRE version: OpenJDK Runtime Environment (8.0_152-b02) (build 1.8.0_152-release-1024-b02)
# Java VM: OpenJDK 64-Bit Server VM (25.152-b02 mixed mode windows-amd64 compressed oops)
# Failed to write core dump. Minidumps are not enabled by default on client versions of Windows
#

---------------  T H R E A D  ---------------

Current thread (0x000000001827b000):  JavaThread "C2 CompilerThread1" daemon [_thread_in_native, id=7832, stack(0x0000000019cf0000,0x0000000019df0000)]

Stack: [0x0000000019cf0000,0x0000000019df0000]
[error occurred during error reporting (printing stack bounds), id 0xc0000005]

Native frames: (J=compiled Java code, j=interpreted, Vv=VM code, C=native code)


Current CompileTask:
C2:2780167 30049       4       org.objectweb.asm.ClassWriter::toByteArray (1297 bytes)


---------------  P R O C E S S  ---------------

Java Threads: ( => current thread )
  0x0000000020b18800 JavaThread "ForkJoinPool.commonPool-worker-2" daemon [_thread_in_native, id=7412, stack(0x000000005b590000,0x000000005b690000)]
  0x0000000020b1d000 JavaThread "ForkJoinPool.commonPool-worker-1" daemon [_thread_in_native, id=2224, stack(0x000000005b490000,0x000000005b590000)]
  0x0000000020afb800 JavaThread "ForkJoinPool.commonPool-worker-0" daemon [_thread_in_native, id=6580, stack(0x000000005b190000,0x000000005b290000)]
  0x0000000020af8800 JavaThread "Worker Daemon Execution Thread 3" [_thread_blocked, id=948, stack(0x000000005b090000,0x000000005b190000)]
  0x0000000020af8000 JavaThread "Worker Daemon Execution Thread 2" [_thread_blocked, id=4428, stack(0x000000005af90000,0x000000005b090000)]
  0x0000000020afa000 JavaThread "Worker Daemon Execution" [_thread_blocked, id=8864, stack(0x000000005ae90000,0x000000005af90000)]
  0x000000001e26a800 JavaThread "Cache worker for Java compile cache (D:\Android\TEST\WanAndroidTest\.gradle\4.4\javaCompile)" [_thread_blocked, id=5768, stack(0x000000005ad90000,0x000000005ae90000)]
  0x000000001e267800 JavaThread "RMI TCP Connection(idle)" daemon [_thread_blocked, id=1300, stack(0x000000005ac90000,0x000000005ad90000)]
  0x000000001e266800 JavaThread "RMI TCP Connection(idle)" daemon [_thread_blocked, id=7112, stack(0x000000005aa90000,0x000000005ab90000)]
  0x000000001e25d800 JavaThread "RMI TCP Connection(idle)" daemon [_thread_blocked, id=1788, stack(0x000000005a890000,0x000000005a990000)]
  0x000000001e263800 JavaThread "RMI TCP Connection(idle)" daemon [_thread_blocked, id=6608, stack(0x000000005a790000,0x000000005a890000)]
  0x000000001e264800 JavaThread "RMI TCP Connection(idle)" daemon [_thread_blocked, id=3908, stack(0x000000005a690000,0x000000005a790000)]
  0x000000001e263000 JavaThread "RMI TCP Connection(idle)" daemon [_thread_blocked, id=3176, stack(0x000000005a590000,0x000000005a690000)]
  0x000000001fd82000 JavaThread "Task worker for ':' Thread 3" [_thread_blocked, id=8400, stack(0x0000000059690000,0x0000000059790000)]
  0x000000001fd7e000 JavaThread "Task worker for ':' Thread 2" [_thread_blocked, id=8320, stack(0x0000000059590000,0x0000000059690000)]
  0x000000001fd7d000 JavaThread "Task worker for ':'" [_thread_blocked, id=3876, stack(0x0000000059490000,0x0000000059590000)]
  0x000000001fd81000 JavaThread "Cache worker for Build Output Cleanup Cache (D:\Android\TEST\WanAndroidTest\.gradle\buildOutputCleanup)" [_thread_blocked, id=9188, stack(0x0000000059390000,0x0000000059490000)]
  0x000000001fd80000 JavaThread "Cache worker for task history cache (D:\Android\TEST\WanAndroidTest\.gradle\4.4\taskHistory)" [_thread_blocked, id=7364, stack(0x0000000059290000,0x0000000059390000)]
  0x000000001fd7a000 JavaThread "Cache worker for file content cache (D:\Android\TEST\WanAndroidTest\.gradle\4.4\fileContent)" [_thread_blocked, id=3588, stack(0x0000000059190000,0x0000000059290000)]
  0x000000001fd74000 JavaThread "build operations Thread 4" [_thread_blocked, id=1316, stack(0x0000000059090000,0x0000000059190000)]
  0x000000001fd78800 JavaThread "build operations Thread 3" [_thread_blocked, id=6316, stack(0x0000000058f90000,0x0000000059090000)]
  0x000000001fd75800 JavaThread "build operations Thread 2" [_thread_blocked, id=6348, stack(0x0000000058e90000,0x0000000058f90000)]
  0x000000001fd78000 JavaThread "build operations" [_thread_blocked, id=7844, stack(0x0000000058d90000,0x0000000058e90000)]
  0x000000001fd79800 JavaThread "Cache worker for Artifact transforms cache (D:\Android\gradle\caches\transforms-1)" [_thread_blocked, id=4944, stack(0x0000000058c90000,0x0000000058d90000)]
  0x000000001f4b8000 JavaThread "Cache worker for file hash cache (D:\Android\TEST\WanAndroidTest\.gradle\4.4\fileHashes)" [_thread_blocked, id=8352, stack(0x0000000058b90000,0x0000000058c90000)]
  0x000000001f4b7800 JavaThread "Stdin handler" [_thread_blocked, id=8300, stack(0x0000000058a90000,0x0000000058b90000)]
  0x000000001f4b6000 JavaThread "Asynchronous log dispatcher for DefaultDaemonConnection: socket connection from /127.0.0.1:49977 to /127.0.0.1:56251" [_thread_blocked, id=5660, stack(0x0000000058990000,0x0000000058a90000)]
  0x000000001f4b3800 JavaThread "Daemon worker Thread 8" [_thread_blocked, id=8596, stack(0x0000000058890000,0x0000000058990000)]
  0x000000001f4b4800 JavaThread "Cancel handler" [_thread_blocked, id=7328, stack(0x0000000058790000,0x0000000058890000)]
  0x000000001f4b3000 JavaThread "Handler for socket connection from /127.0.0.1:49977 to /127.0.0.1:56251" [_thread_in_native, id=6416, stack(0x0000000058690000,0x0000000058790000)]
  0x000000001f4a9000 JavaThread "Daemon Thread 8" [_thread_blocked, id=6628, stack(0x0000000058590000,0x0000000058690000)]
  0x000000001f4af000 JavaThread "RMI TCP Connection(idle)" daemon [_thread_blocked, id=1780, stack(0x0000000058490000,0x0000000058590000)]
  0x0000000020aef800 JavaThread "RMI TCP Accept-0" daemon [_thread_in_native, id=4828, stack(0x0000000041d90000,0x0000000041e90000)]
  0x000000001f4ab800 JavaThread "RMI Reaper" [_thread_blocked, id=4456, stack(0x0000000034590000,0x0000000034690000)]
  0x000000001f4b1800 JavaThread "RMI TCP Accept-0" daemon [_thread_in_native, id=7580, stack(0x0000000034490000,0x0000000034590000)]
  0x000000001f4b0800 JavaThread "GC Daemon" daemon [_thread_blocked, id=4560, stack(0x0000000034390000,0x0000000034490000)]
  0x000000001f4b0000 JavaThread "RMI Scheduler(0)" daemon [_thread_blocked, id=1932, stack(0x0000000034190000,0x0000000034290000)]
  0x000000001e260800 JavaThread "Java2D Disposer" daemon [_thread_blocked, id=2692, stack(0x0000000029290000,0x0000000029390000)]
  0x000000001f4aa800 JavaThread "Memory manager" [_thread_blocked, id=7768, stack(0x0000000024920000,0x0000000024a20000)]
  0x000000001b486000 JavaThread "File lock request listener" [_thread_in_native, id=1616, stack(0x000000001c880000,0x000000001c980000)]
  0x000000001b105000 JavaThread "Cache worker for file hash cache (D:\Android\gradle\caches\4.4\fileHashes)" [_thread_blocked, id=1456, stack(0x000000001c780000,0x000000001c880000)]
  0x000000001af47000 JavaThread "Daemon periodic checks" [_thread_blocked, id=3120, stack(0x000000001bc80000,0x000000001bd80000)]
  0x000000001b1b6000 JavaThread "Incoming local TCP Connector on port 49977" [_thread_in_native, id=8900, stack(0x000000001bae0000,0x000000001bbe0000)]
  0x0000000019669000 JavaThread "Service Thread" daemon [_thread_blocked, id=7704, stack(0x0000000019ef0000,0x0000000019ff0000)]
  0x00000000195fe000 JavaThread "C1 CompilerThread2" daemon [_thread_blocked, id=8600, stack(0x0000000019df0000,0x0000000019ef0000)]
=>0x000000001827b000 JavaThread "C2 CompilerThread1" daemon [_thread_in_native, id=7832, stack(0x0000000019cf0000,0x0000000019df0000)]
  0x000000001822b000 JavaThread "C2 CompilerThread0" daemon [_thread_in_native, id=3476, stack(0x0000000019bf0000,0x0000000019cf0000)]
  0x000000001822a000 JavaThread "Attach Listener" daemon [_thread_blocked, id=4236, stack(0x0000000019af0000,0x0000000019bf0000)]
  0x00000000195f8800 JavaThread "Signal Dispatcher" daemon [_thread_blocked, id=3944, stack(0x00000000199f0000,0x0000000019af0000)]
  0x0000000018207800 JavaThread "Finalizer" daemon [_thread_blocked, id=7864, stack(0x0000000019480000,0x0000000019580000)]
  0x0000000004871000 JavaThread "Reference Handler" daemon [_thread_blocked, id=1268, stack(0x0000000019380000,0x0000000019480000)]
  0x0000000004782800 JavaThread "main" [_thread_blocked, id=6624, stack(0x0000000004670000,0x0000000004770000)]

Other Threads:
  0x00000000181e5000 VMThread [stack: 0x0000000019280000,0x0000000019380000] [id=9080]
  0x0000000019697000 WatcherThread [stack: 0x0000000019ff0000,0x000000001a0f0000] [id=3544]

VM state:not at safepoint (normal execution)

VM Mutex/Monitor currently owned by a thread: None

Heap:
 PSYoungGen      total 454144K, used 171170K [0x00000000e0000000, 0x0000000100000000, 0x0000000100000000)
  eden space 396800K, 28% used [0x00000000e0000000,0x00000000e6f5b430,0x00000000f8380000)
  from space 57344K, 99% used [0x00000000f8380000,0x00000000fbb4d588,0x00000000fbb80000)
  to   space 70144K, 0% used [0x00000000fbb80000,0x00000000fbb80000,0x0000000100000000)
 ParOldGen       total 233472K, used 150937K [0x00000000a0000000, 0x00000000ae400000, 0x00000000e0000000)
  object space 233472K, 64% used [0x00000000a0000000,0x00000000a9366710,0x00000000ae400000)
 Metaspace       used 140709K, capacity 150177K, committed 150220K, reserved 1179648K
  class space    used 17618K, capacity 19447K, committed 19456K, reserved 1048576K

Card table byte_map: [0x0000000013c50000,0x0000000013f60000] byte_map_base: 0x0000000013750000

Marking Bits: (ParMarkBitMap*) 0x0000000074d64970
 Begin Bits: [0x0000000014560000, 0x0000000015d60000)
 End Bits:   [0x0000000015d60000, 0x0000000017560000)

Polling page: 0x0000000002660000

CodeCache: size=245760Kb used=87065Kb max_used=87913Kb free=158694Kb
 bounds [0x0000000004890000, 0x0000000009f90000, 0x0000000013890000]
 total_blobs=24271 nmethods=23268 adapters=914
 compilation: enabled

Compilation events (10 events):
Event: 2779.242 Thread 0x00000000195fe000 30075 %     3       org.objectweb.asm.ClassReader::b @ 72 (140 bytes)
Event: 2779.244 Thread 0x00000000195fe000 nmethod 30075% 0x0000000009d6f290 code [0x0000000009d6f4a0, 0x0000000009d6fe38]
Event: 2779.474 Thread 0x00000000195fe000 30078       2       java.util.HashMap$Values::contains (9 bytes)
Event: 2779.475 Thread 0x00000000195fe000 nmethod 30078 0x00000000054cec90 code [0x00000000054cee00, 0x00000000054cef88]
Event: 2779.493 Thread 0x00000000195fe000 30079       2       com.android.utils.JvmWideVariable$$Lambda$683/1954090819::apply (9 bytes)
Event: 2779.493 Thread 0x00000000195fe000 nmethod 30079 0x00000000055dbc90 code [0x00000000055dbe20, 0x00000000055dc128]
Event: 2779.497 Thread 0x00000000195fe000 30081       3       org.objectweb.asm.ClassReader::b (140 bytes)
Event: 2779.498 Thread 0x00000000195fe000 nmethod 30081 0x0000000009549650 code [0x0000000009549840, 0x000000000954a098]
Event: 2779.501 Thread 0x00000000195fe000 30080       2       com.android.utils.JvmWideVariable::lambda$getJvmWideObjectPerKey$3 (10 bytes)
Event: 2779.501 Thread 0x00000000195fe000 nmethod 30080 0x00000000092c47d0 code [0x00000000092c4960, 0x00000000092c4c48]

GC Heap History (10 events):
Event: 2754.817 GC heap before
{Heap before GC invocations=48 (full 5):
 PSYoungGen      total 459776K, used 404125K [0x00000000e0000000, 0x0000000100000000, 0x0000000100000000)
  eden space 396288K, 100% used [0x00000000e0000000,0x00000000f8300000,0x00000000f8300000)
  from space 63488K, 12% used [0x00000000fc200000,0x00000000fc9a74c0,0x0000000100000000)
  to   space 64000K, 0% used [0x00000000f8300000,0x00000000f8300000,0x00000000fc180000)
 ParOldGen       total 233472K, used 86388K [0x00000000a0000000, 0x00000000ae400000, 0x00000000e0000000)
  object space 233472K, 37% used [0x00000000a0000000,0x00000000a545d310,0x00000000ae400000)
 Metaspace       used 132022K, capacity 141037K, committed 141260K, reserved 1171456K
  class space    used 16555K, capacity 18309K, committed 18432K, reserved 1048576K
Event: 2754.835 GC heap after
Heap after GC invocations=48 (full 5):
 PSYoungGen      total 460288K, used 10253K [0x00000000e0000000, 0x00000000fff80000, 0x0000000100000000)
  eden space 396288K, 0% used [0x00000000e0000000,0x00000000e0000000,0x00000000f8300000)
  from space 64000K, 16% used [0x00000000f8300000,0x00000000f8d03538,0x00000000fc180000)
  to   space 63488K, 0% used [0x00000000fc180000,0x00000000fc180000,0x00000000fff80000)
 ParOldGen       total 233472K, used 86396K [0x00000000a0000000, 0x00000000ae400000, 0x00000000e0000000)
  object space 233472K, 37% used [0x00000000a0000000,0x00000000a545f310,0x00000000ae400000)
 Metaspace       used 132022K, capacity 141037K, committed 141260K, reserved 1171456K
  class space    used 16555K, capacity 18309K, committed 18432K, reserved 1048576K
}
Event: 2766.552 GC heap before
{Heap before GC invocations=49 (full 5):
 PSYoungGen      total 460288K, used 406541K [0x00000000e0000000, 0x00000000fff80000, 0x0000000100000000)
  eden space 396288K, 100% used [0x00000000e0000000,0x00000000f8300000,0x00000000f8300000)
  from space 64000K, 16% used [0x00000000f8300000,0x00000000f8d03538,0x00000000fc180000)
  to   space 63488K, 0% used [0x00000000fc180000,0x00000000fc180000,0x00000000fff80000)
 ParOldGen       total 233472K, used 86400K [0x00000000a0000000, 0x00000000ae400000, 0x00000000e0000000)
  object space 233472K, 37% used [0x00000000a0000000,0x00000000a5460320,0x00000000ae400000)
 Metaspace       used 136520K, capacity 145555K, committed 145868K, reserved 1177600K
  class space    used 16892K, capacity 18662K, committed 18688K, reserved 1048576K
Event: 2766.602 GC heap after
Heap after GC invocations=49 (full 5):
 PSYoungGen      total 455168K, used 29416K [0x00000000e0000000, 0x00000000ffa80000, 0x0000000100000000)
  eden space 396800K, 0% used [0x00000000e0000000,0x00000000e0000000,0x00000000f8380000)
  from space 58368K, 50% used [0x00000000fc180000,0x00000000fde3a288,0x00000000ffa80000)
  to   space 60928K, 0% used [0x00000000f8380000,0x00000000f8380000,0x00000000fbf00000)
 ParOldGen       total 233472K, used 86408K [0x00000000a0000000, 0x00000000ae400000, 0x00000000e0000000)
  object space 233472K, 37% used [0x00000000a0000000,0x00000000a5462320,0x00000000ae400000)
 Metaspace       used 136520K, capacity 145555K, committed 145868K, reserved 1177600K
  class space    used 16892K, capacity 18662K, committed 18688K, reserved 1048576K
}
Event: 2774.456 GC heap before
{Heap before GC invocations=50 (full 5):
 PSYoungGen      total 455168K, used 425724K [0x00000000e0000000, 0x00000000ffa80000, 0x0000000100000000)
  eden space 396800K, 99% used [0x00000000e0000000,0x00000000f8304d90,0x00000000f8380000)
  from space 58368K, 50% used [0x00000000fc180000,0x00000000fde3a288,0x00000000ffa80000)
  to   space 60928K, 0% used [0x00000000f8380000,0x00000000f8380000,0x00000000fbf00000)
 ParOldGen       total 233472K, used 150921K [0x00000000a0000000, 0x00000000ae400000, 0x00000000e0000000)
  object space 233472K, 64% used [0x00000000a0000000,0x00000000a9362710,0x00000000ae400000)
 Metaspace       used 137424K, capacity 146745K, committed 146892K, reserved 1177600K
  class space    used 17030K, capacity 18833K, committed 18944K, reserved 1048576K
Event: 2774.513 GC heap after
Heap after GC invocations=50 (full 5):
 PSYoungGen      total 457728K, used 44371K [0x00000000e0000000, 0x0000000100000000, 0x0000000100000000)
  eden space 396800K, 0% used [0x00000000e0000000,0x00000000e0000000,0x00000000f8380000)
  from space 60928K, 72% used [0x00000000f8380000,0x00000000faed4e98,0x00000000fbf00000)
  to   space 64000K, 0% used [0x00000000fc180000,0x00000000fc180000,0x0000000100000000)
 ParOldGen       total 233472K, used 150929K [0x00000000a0000000, 0x00000000ae400000, 0x00000000e0000000)
  object space 233472K, 64% used [0x00000000a0000000,0x00000000a9364710,0x00000000ae400000)
 Metaspace       used 137424K, capacity 146745K, committed 146892K, reserved 1177600K
  class space    used 17030K, capacity 18833K, committed 18944K, reserved 1048576K
}
Event: 2774.587 GC heap before
{Heap before GC invocations=51 (full 5):
 PSYoungGen      total 457728K, used 440150K [0x00000000e0000000, 0x0000000100000000, 0x0000000100000000)
  eden space 396800K, 99% used [0x00000000e0000000,0x00000000f8280b30,0x00000000f8380000)
  from space 60928K, 72% used [0x00000000f8380000,0x00000000faed4e98,0x00000000fbf00000)
  to   space 64000K, 0% used [0x00000000fc180000,0x00000000fc180000,0x0000000100000000)
 ParOldGen       total 233472K, used 150929K [0x00000000a0000000, 0x00000000ae400000, 0x00000000e0000000)
  object space 233472K, 64% used [0x00000000a0000000,0x00000000a9364710,0x00000000ae400000)
 Metaspace       used 137434K, capacity 146745K, committed 146892K, reserved 1177600K
  class space    used 17030K, capacity 18833K, committed 18944K, reserved 1048576K
Event: 2774.630 GC heap after
Heap after GC invocations=51 (full 5):
 PSYoungGen      total 460800K, used 36885K [0x00000000e0000000, 0x0000000100000000, 0x0000000100000000)
  eden space 396800K, 0% used [0x00000000e0000000,0x00000000e0000000,0x00000000f8380000)
  from space 64000K, 57% used [0x00000000fc180000,0x00000000fe585530,0x0000000100000000)
  to   space 63488K, 0% used [0x00000000f8380000,0x00000000f8380000,0x00000000fc180000)
 ParOldGen       total 233472K, used 150929K [0x00000000a0000000, 0x00000000ae400000, 0x00000000e0000000)
  object space 233472K, 64% used [0x00000000a0000000,0x00000000a9364710,0x00000000ae400000)
 Metaspace       used 137434K, capacity 146745K, committed 146892K, reserved 1177600K
  class space    used 17030K, capacity 18833K, committed 18944K, reserved 1048576K
}
Event: 2778.856 GC heap before
{Heap before GC invocations=52 (full 5):
 PSYoungGen      total 460800K, used 433685K [0x00000000e0000000, 0x0000000100000000, 0x0000000100000000)
  eden space 396800K, 100% used [0x00000000e0000000,0x00000000f8380000,0x00000000f8380000)
  from space 64000K, 57% used [0x00000000fc180000,0x00000000fe585530,0x0000000100000000)
  to   space 63488K, 0% used [0x00000000f8380000,0x00000000f8380000,0x00000000fc180000)
 ParOldGen       total 233472K, used 150929K [0x00000000a0000000, 0x00000000ae400000, 0x00000000e0000000)
  object space 233472K, 64% used [0x00000000a0000000,0x00000000a9364710,0x00000000ae400000)
 Metaspace       used 140405K, capacity 149857K, committed 149964K, reserved 1179648K
  class space    used 17568K, capacity 19383K, committed 19456K, reserved 1048576K
Event: 2778.932 GC heap after
Heap after GC invocations=52 (full 5):
 PSYoungGen      total 454144K, used 57141K [0x00000000e0000000, 0x0000000100000000, 0x0000000100000000)
  eden space 396800K, 0% used [0x00000000e0000000,0x00000000e0000000,0x00000000f8380000)
  from space 57344K, 99% used [0x00000000f8380000,0x00000000fbb4d588,0x00000000fbb80000)
  to   space 70144K, 0% used [0x00000000fbb80000,0x00000000fbb80000,0x0000000100000000)
 ParOldGen       total 233472K, used 150937K [0x00000000a0000000, 0x00000000ae400000, 0x00000000e0000000)
  object space 233472K, 64% used [0x00000000a0000000,0x00000000a9366710,0x00000000ae400000)
 Metaspace       used 140405K, capacity 149857K, committed 149964K, reserved 1179648K
  class space    used 17568K, capacity 19383K, committed 19456K, reserved 1048576K
}

Deoptimization events (10 events):
Event: 2777.404 Thread 0x0000000020afb800 Uncommon trap: reason=unstable_if action=reinterpret pc=0x0000000004cf5f4c method=java.util.concurrent.ConcurrentHashMap.transfer([Ljava/util/concurrent/ConcurrentHashMap$Node;[Ljava/util/concurrent/ConcurrentHashMap$Node;)V @ 34
Event: 2777.404 Thread 0x0000000020afb800 Uncommon trap: reason=unstable_if action=reinterpret pc=0x00000000064d529c method=java.util.concurrent.ConcurrentHashMap.addCount(JI)V @ 168
Event: 2777.596 Thread 0x0000000020afb800 Uncommon trap: reason=unstable_if action=reinterpret pc=0x0000000009d0c800 method=org.objectweb.asm.Type.a([CI)Lorg/objectweb/asm/Type; @ 165
Event: 2777.633 Thread 0x0000000020b18800 Uncommon trap: reason=unstable_if action=reinterpret pc=0x0000000008b9d2c8 method=org.objectweb.asm.ClassReader.a(II[C)Ljava/lang/String; @ 98
Event: 2777.633 Thread 0x0000000020b18800 Uncommon trap: reason=unstable_if action=reinterpret pc=0x0000000009d67e3c method=org.objectweb.asm.ByteVector.putUTF8(Ljava/lang/String;)Lorg/objectweb/asm/ByteVector; @ 91
Event: 2778.080 Thread 0x0000000020b18800 Uncommon trap: reason=unstable_if action=reinterpret pc=0x00000000092f75ac method=org.objectweb.asm.ClassReader.a(Lorg/objectweb/asm/MethodVisitor;Lorg/objectweb/asm/Context;I)V @ 871
Event: 2778.099 Thread 0x0000000020b18800 Uncommon trap: reason=unstable_if action=reinterpret pc=0x0000000008db6cc0 method=org.objectweb.asm.MethodWriter.visitLocalVariable(Ljava/lang/String;Ljava/lang/String;Ljava/lang/String;Lorg/objectweb/asm/Label;Lorg/objectweb/asm/Label;I)V @ 213
Event: 2778.099 Thread 0x0000000020b18800 Uncommon trap: reason=unstable_if action=reinterpret pc=0x0000000009d763c8 method=org.objectweb.asm.Frame.a(Lorg/objectweb/asm/ClassWriter;I[II)Z @ 152
Event: 2778.496 Thread 0x0000000020afb800 Uncommon trap: reason=unstable_if action=reinterpret pc=0x0000000004a19bc4 method=java.util.concurrent.ConcurrentHashMap.addCount(JI)V @ 7
Event: 2778.496 Thread 0x0000000020b18800 Uncommon trap: reason=unstable_if action=reinterpret pc=0x0000000004a19bc4 method=java.util.concurrent.ConcurrentHashMap.addCount(JI)V @ 7

Classes redefined (0 events):
No events

Internal exceptions (10 events):
Event: 2779.467 Thread 0x0000000020b18800 Exception <a 'sun/nio/fs/WindowsException'> (0x00000000e4071d08) thrown at [D:\src\AOSP-openjdk-cygwin\jdk8u\hotspot\src\share\vm\prims\jni.cpp, line 709]
Event: 2779.467 Thread 0x0000000020b18800 Exception <a 'sun/nio/fs/WindowsException'> (0x00000000e4072730) thrown at [D:\src\AOSP-openjdk-cygwin\jdk8u\hotspot\src\share\vm\prims\jni.cpp, line 709]
Event: 2779.580 Thread 0x0000000020afb800 Exception <a 'java/lang/OutOfMemoryError'> (0x00000000e577ce80) thrown at [D:\src\AOSP-openjdk-cygwin\jdk8u\hotspot\src\share\vm\prims\jni.cpp, line 735]
Event: 2779.581 Thread 0x0000000020b18800 Exception <a 'java/lang/OutOfMemoryError'> (0x00000000e6270148) thrown at [D:\src\AOSP-openjdk-cygwin\jdk8u\hotspot\src\share\vm\prims\jni.cpp, line 735]
Event: 2779.595 Thread 0x0000000020afb800 Exception <a 'sun/nio/fs/WindowsException'> (0x00000000e579b3b8) thrown at [D:\src\AOSP-openjdk-cygwin\jdk8u\hotspot\src\share\vm\prims\jni.cpp, line 709]
Event: 2779.596 Thread 0x0000000020afb800 Exception <a 'sun/nio/fs/WindowsException'> (0x00000000e579b850) thrown at [D:\src\AOSP-openjdk-cygwin\jdk8u\hotspot\src\share\vm\prims\jni.cpp, line 709]
Event: 2779.596 Thread 0x0000000020afb800 Exception <a 'sun/nio/fs/WindowsException'> (0x00000000e579c278) thrown at [D:\src\AOSP-openjdk-cygwin\jdk8u\hotspot\src\share\vm\prims\jni.cpp, line 709]
Event: 2779.596 Thread 0x0000000020b18800 Exception <a 'sun/nio/fs/WindowsException'> (0x00000000e6292bb0) thrown at [D:\src\AOSP-openjdk-cygwin\jdk8u\hotspot\src\share\vm\prims\jni.cpp, line 709]
Event: 2779.596 Thread 0x0000000020b18800 Exception <a 'sun/nio/fs/WindowsException'> (0x00000000e6293048) thrown at [D:\src\AOSP-openjdk-cygwin\jdk8u\hotspot\src\share\vm\prims\jni.cpp, line 709]
Event: 2779.597 Thread 0x0000000020b18800 Exception <a 'sun/nio/fs/WindowsException'> (0x00000000e6293a70) thrown at [D:\src\AOSP-openjdk-cygwin\jdk8u\hotspot\src\share\vm\prims\jni.cpp, line 709]

Events (10 events):
Event: 2779.623 loading class android/support/v4/content/AsyncTaskLoader
Event: 2779.623 loading class android/support/v4/content/AsyncTaskLoader done
Event: 2779.624 loading class android/support/v4/content/Loader
Event: 2779.624 loading class android/support/v4/content/Loader done
Event: 2779.628 Thread 0x0000000020b1d000 DEOPT PACKING pc=0x000000000624bbe0 sp=0x000000005b58dc60
Event: 2779.628 Thread 0x0000000020b1d000 DEOPT UNPACKING pc=0x00000000048d75d0 sp=0x000000005b58d9b0 mode 0
Event: 2779.632 loading class android/graphics/PorterDuffColorFilter
Event: 2779.632 loading class android/graphics/PorterDuffColorFilter done
Event: 2779.633 loading class android/graphics/ColorFilter
Event: 2779.633 loading class android/graphics/ColorFilter done


Dynamic libraries:
0x00007ff6700d0000 - 0x00007ff670101000 	D:\Android\AndroidStudio\jre\bin\java.exe
0x00007fff20210000 - 0x00007fff203f0000 	C:\Windows\SYSTEM32\ntdll.dll
0x00007fff1fe20000 - 0x00007fff1fece000 	C:\Windows\System32\KERNEL32.DLL
0x00007fff1caa0000 - 0x00007fff1cd06000 	C:\Windows\System32\KERNELBASE.dll
0x00007fff1fa30000 - 0x00007fff1fad1000 	C:\Windows\System32\ADVAPI32.dll
0x00007fff1daa0000 - 0x00007fff1db3d000 	C:\Windows\System32\msvcrt.dll
0x00007fff1d860000 - 0x00007fff1d8bb000 	C:\Windows\System32\sechost.dll
0x00007fff1d740000 - 0x00007fff1d85f000 	C:\Windows\System32\RPCRT4.dll
0x00007fff1fae0000 - 0x00007fff1fc6e000 	C:\Windows\System32\USER32.dll
0x00007fff1c8e0000 - 0x00007fff1c900000 	C:\Windows\System32\win32u.dll
0x00007fff1f160000 - 0x00007fff1f188000 	C:\Windows\System32\GDI32.dll
0x00007fff1d4c0000 - 0x00007fff1d651000 	C:\Windows\System32\gdi32full.dll
0x00007fff1ca00000 - 0x00007fff1ca9b000 	C:\Windows\System32\msvcp_win.dll
0x00007fff1c900000 - 0x00007fff1c9f6000 	C:\Windows\System32\ucrtbase.dll
0x00007fff13f70000 - 0x00007fff141d9000 	C:\Windows\WinSxS\amd64_microsoft.windows.common-controls_6595b64144ccf1df_6.0.16299.15_none_cc92fb402215d91d\COMCTL32.dll
0x00007fff1fed0000 - 0x00007fff201d8000 	C:\Windows\System32\combase.dll
0x00007fff1d660000 - 0x00007fff1d6d2000 	C:\Windows\System32\bcryptPrimitives.dll
0x00007fff1fd20000 - 0x00007fff1fd4d000 	C:\Windows\System32\IMM32.DLL
0x00000000744c0000 - 0x0000000074592000 	D:\Android\AndroidStudio\jre\jre\bin\msvcr100.dll
0x00000000745a0000 - 0x0000000074ddf000 	D:\Android\AndroidStudio\jre\jre\bin\server\jvm.dll
0x00007fff1efa0000 - 0x00007fff1efa8000 	C:\Windows\System32\PSAPI.DLL
0x00007fff1a800000 - 0x00007fff1a823000 	C:\Windows\SYSTEM32\WINMM.dll
0x00007fff10f20000 - 0x00007fff10f29000 	C:\Windows\SYSTEM32\WSOCK32.dll
0x00007fff17590000 - 0x00007fff1759a000 	C:\Windows\SYSTEM32\VERSION.dll
0x00007fff1f280000 - 0x00007fff1f2ec000 	C:\Windows\System32\WS2_32.dll
0x00007fff1a7a0000 - 0x00007fff1a7ca000 	C:\Windows\SYSTEM32\WINMMBASE.dll
0x00007fff1c610000 - 0x00007fff1c65a000 	C:\Windows\System32\cfgmgr32.dll
0x00007fff10f10000 - 0x00007fff10f1f000 	D:\Android\AndroidStudio\jre\jre\bin\verify.dll
0x00007fff10ee0000 - 0x00007fff10f09000 	D:\Android\AndroidStudio\jre\jre\bin\java.dll
0x00007fff10ec0000 - 0x00007fff10ed6000 	D:\Android\AndroidStudio\jre\jre\bin\zip.dll
0x00007fff1db60000 - 0x00007fff1ef97000 	C:\Windows\System32\SHELL32.dll
0x00007fff1fc70000 - 0x00007fff1fd16000 	C:\Windows\System32\shcore.dll
0x00007fff1cd70000 - 0x00007fff1d4b7000 	C:\Windows\System32\windows.storage.dll
0x00007fff1d8c0000 - 0x00007fff1d911000 	C:\Windows\System32\shlwapi.dll
0x00007fff1c5f0000 - 0x00007fff1c601000 	C:\Windows\System32\kernel.appcore.dll
0x00007fff1c560000 - 0x00007fff1c5ac000 	C:\Windows\System32\powrprof.dll
0x00007fff1c5d0000 - 0x00007fff1c5eb000 	C:\Windows\System32\profapi.dll
0x00007fff10ea0000 - 0x00007fff10eba000 	D:\Android\AndroidStudio\jre\jre\bin\net.dll
0x00007fff1bd90000 - 0x00007fff1bdf6000 	C:\Windows\system32\mswsock.dll
0x00007fff10e80000 - 0x00007fff10e91000 	D:\Android\AndroidStudio\jre\jre\bin\nio.dll
0x00007fff10350000 - 0x00007fff1036e000 	D:\Android\gradle\native\25\windows-amd64\native-platform.dll
0x00007fff147f0000 - 0x00007fff147fd000 	D:\Android\AndroidStudio\jre\jre\bin\management.dll
0x00007fff1bf50000 - 0x00007fff1bf67000 	C:\Windows\SYSTEM32\CRYPTSP.dll
0x00007fff1b9a0000 - 0x00007fff1b9d3000 	C:\Windows\system32\rsaenh.dll
0x00007fff1c060000 - 0x00007fff1c085000 	C:\Windows\SYSTEM32\bcrypt.dll
0x00007fff1c490000 - 0x00007fff1c4b9000 	C:\Windows\SYSTEM32\USERENV.dll
0x00007fff1bf70000 - 0x00007fff1bf7b000 	C:\Windows\SYSTEM32\CRYPTBASE.dll
0x00007fff1bb20000 - 0x00007fff1bb59000 	C:\Windows\SYSTEM32\IPHLPAPI.DLL
0x00007fff1d920000 - 0x00007fff1d928000 	C:\Windows\System32\NSI.dll
0x00007fff17670000 - 0x00007fff17686000 	C:\Windows\SYSTEM32\dhcpcsvc6.DLL
0x00007fff17650000 - 0x00007fff1766a000 	C:\Windows\SYSTEM32\dhcpcsvc.DLL
0x00007fff0e2e0000 - 0x00007fff0e304000 	D:\Android\AndroidStudio\jre\jre\bin\sunec.dll
0x00007fff1bb60000 - 0x00007fff1bc16000 	C:\Windows\SYSTEM32\DNSAPI.dll
0x00007fff154d0000 - 0x00007fff154da000 	C:\Windows\System32\rasadhlp.dll
0x00007fff15f30000 - 0x00007fff15fa0000 	C:\Windows\System32\fwpuclnt.dll
0x00007fff10bb0000 - 0x00007fff10bbb000 	D:\Android\AndroidStudio\jre\jre\bin\sunmscapi.dll
0x00007fff1c710000 - 0x00007fff1c8de000 	C:\Windows\System32\CRYPT32.dll
0x00007fff1c5b0000 - 0x00007fff1c5c2000 	C:\Windows\System32\MSASN1.dll
0x00007fff1b6a0000 - 0x00007fff1b6d1000 	C:\Windows\SYSTEM32\ntmarta.dll
0x00007fff10ce0000 - 0x00007fff10e76000 	D:\Android\AndroidStudio\jre\jre\bin\awt.dll
0x00007fff1fd50000 - 0x00007fff1fe15000 	C:\Windows\System32\OLEAUT32.dll
0x00007fff19cd0000 - 0x00007fff1a288000 	C:\Windows\SYSTEM32\d2d1.dll
0x00007fff1aaa0000 - 0x00007fff1ab27000 	C:\Windows\SYSTEM32\apphelp.dll
0x00007fff1ae10000 - 0x00007fff1ae3a000 	C:\Windows\system32\DWMAPI.DLL
0x00007fff1ad40000 - 0x00007fff1add5000 	C:\Windows\system32\uxtheme.dll
0x00007fff0d2f0000 - 0x00007fff0d30e000 	C:\Users\Administrator\AppData\Local\Temp\native-platform8087637791272852027dir\native-platform.dll

VM Arguments:
jvm_args: -Xmx1536m -Dfile.encoding=GBK -Duser.country=CN -Duser.language=zh -Duser.variant 
java_command: org.gradle.launcher.daemon.bootstrap.GradleDaemon 4.4
java_class_path (initial): D:\Android\gradle\wrapper\dists\gradle-4.4-all\9br9xq1tocpiv8o6njlyu5op1\gradle-4.4\lib\gradle-launcher-4.4.jar
Launcher Type: SUN_STANDARD

Environment Variables:
PATH=C:\Windows\system32;C:\Windows;C:\Windows\System32\Wbem;C:\Windows\System32\WindowsPowerShell\v1.0\;C:\Program Files (x86)\NVIDIA Corporation\PhysX\Common;C:\Users\Administrator\AppData\Local\Microsoft\WindowsApps;
USERNAME=Administrator
OS=Windows_NT
PROCESSOR_IDENTIFIER=Intel64 Family 6 Model 58 Stepping 9, GenuineIntel



---------------  S Y S T E M  ---------------

OS: Windows 10.0 , 64 bit Build 16299 (10.0.16299.15)

CPU:total 4 (initial active 4) (2 cores per cpu, 2 threads per core) family 6 model 58 stepping 9, cmov, cx8, fxsr, mmx, sse, sse2, sse3, ssse3, sse4.1, sse4.2, popcnt, avx, clmul, erms, ht, tsc, tscinvbit, tscinv

Memory: 4k page, physical 8281380k(935288k free), swap 8281380k(624k free)

vm_info: OpenJDK 64-Bit Server VM (25.152-b02) for windows-amd64 JRE (1.8.0_152-release-1024-b02), built by "builder" with MS VC++ 10.0 (VS2010)

time: Tue May 01 15:07:22 2018
elapsed time: 2779 seconds (0d 0h 46m 19s)

