#
# There is insufficient memory for the Java Runtime Environment to continue.
# Native memory allocation (malloc) failed to allocate 1070416 bytes for Chunk::new
# Possible reasons:
#   The system is out of physical RAM or swap space
#   In 32 bit mode, the process size limit was hit
# Possible solutions:
#   Reduce memory load on the system
#   Increase physical memory or swap space
#   Check if swap backing store is full
#   Use 64 bit Java on a 64 bit OS
#   Decrease Java heap size (-Xmx/-Xms)
#   Decrease number of Java threads
#   Decrease Java thread stack sizes (-Xss)
#   Set larger code cache with -XX:ReservedCodeCacheSize=
# This output file may be truncated or incomplete.
#
#  Out of Memory Error (allocation.cpp:390), pid=8176, tid=0x0000000000002208
#
# JRE version: OpenJDK Runtime Environment (8.0_152-b01) (build 1.8.0_152-release-915-b01)
# Java VM: OpenJDK 64-Bit Server VM (25.152-b01 mixed mode windows-amd64 compressed oops)
# Failed to write core dump. Minidumps are not enabled by default on client versions of Windows
#

---------------  T H R E A D  ---------------

Current thread (0x0000000015719800):  JavaThread "C2 CompilerThread0" daemon [_thread_in_native, id=8712, stack(0x0000000017040000,0x0000000017140000)]

Stack: [0x0000000017040000,0x0000000017140000]
[error occurred during error reporting (printing stack bounds), id 0xc0000005]

Native frames: (J=compiled Java code, j=interpreted, Vv=VM code, C=native code)


Current CompileTask:
C2:   4307 1248       4       org.objectweb.asm.ClassReader::accept (1176 bytes)


---------------  P R O C E S S  ---------------

Java Threads: ( => current thread )
  0x0000000016ad8800 JavaThread "Service Thread" daemon [_thread_blocked, id=8940, stack(0x0000000017340000,0x0000000017440000)]
  0x0000000016a55000 JavaThread "C1 CompilerThread2" daemon [_thread_blocked, id=9268, stack(0x0000000017240000,0x0000000017340000)]
  0x000000001571c000 JavaThread "C2 CompilerThread1" daemon [_thread_in_native, id=10608, stack(0x0000000017140000,0x0000000017240000)]
=>0x0000000015719800 JavaThread "C2 CompilerThread0" daemon [_thread_in_native, id=8712, stack(0x0000000017040000,0x0000000017140000)]
  0x00000000156cc800 JavaThread "Attach Listener" daemon [_thread_blocked, id=10352, stack(0x0000000016f40000,0x0000000017040000)]
  0x0000000016a48800 JavaThread "Signal Dispatcher" daemon [_thread_blocked, id=5952, stack(0x0000000016e40000,0x0000000016f40000)]
  0x00000000156a8800 JavaThread "Finalizer" daemon [_thread_blocked, id=4588, stack(0x0000000016940000,0x0000000016a40000)]
  0x0000000015687000 JavaThread "Reference Handler" daemon [_thread_blocked, id=9900, stack(0x0000000016840000,0x0000000016940000)]
  0x000000000515e000 JavaThread "main" [_thread_in_Java, id=9932, stack(0x0000000005160000,0x0000000005260000)]

Other Threads:
  0x0000000015685800 VMThread [stack: 0x0000000016740000,0x0000000016840000] [id=10484]
  0x0000000016aea800 WatcherThread [stack: 0x0000000017440000,0x0000000017540000] [id=9104]

VM state:not at safepoint (normal execution)

VM Mutex/Monitor currently owned by a thread: None

Heap:
 PSYoungGen      total 18944K, used 10722K [0x00000000feb00000, 0x0000000100000000, 0x0000000100000000)
  eden space 16384K, 50% used [0x00000000feb00000,0x00000000ff300048,0x00000000ffb00000)
  from space 2560K, 98% used [0x00000000ffd80000,0x00000000ffff8ae0,0x0000000100000000)
  to   space 2560K, 0% used [0x00000000ffb00000,0x00000000ffb00000,0x00000000ffd80000)
 ParOldGen       total 44032K, used 6585K [0x00000000fc000000, 0x00000000feb00000, 0x00000000feb00000)
  object space 44032K, 14% used [0x00000000fc000000,0x00000000fc66e730,0x00000000feb00000)
 Metaspace       used 8043K, capacity 8258K, committed 8448K, reserved 1056768K
  class space    used 909K, capacity 989K, committed 1024K, reserved 1048576K

Card table byte_map: [0x0000000003450000,0x0000000003480000] byte_map_base: 0x0000000002c70000

Marking Bits: (ParMarkBitMap*) 0x0000000070383950
 Begin Bits: [0x0000000014b20000, 0x0000000014c20000)
 End Bits:   [0x0000000014c20000, 0x0000000014d20000)

Polling page: 0x0000000003050000

CodeCache: size=245760Kb used=4706Kb max_used=4706Kb free=241053Kb
 bounds [0x0000000005360000, 0x0000000005800000, 0x0000000014360000]
 total_blobs=1593 nmethods=1258 adapters=248
 compilation: enabled

Compilation events (10 events):
Event: 4.288 Thread 0x0000000016a55000 1257       3       org.objectweb.asm.AnnotationWriter::visitArray (74 bytes)
Event: 4.289 Thread 0x0000000016a55000 nmethod 1257 0x00000000057f8450 code [0x00000000057f8600, 0x00000000057f8ab8]
Event: 4.290 Thread 0x0000000016a55000 1258  s    3       java.nio.channels.Channels$1::write (107 bytes)
Event: 4.291 Thread 0x0000000016a55000 nmethod 1258 0x00000000057fa650 code [0x00000000057fa860, 0x00000000057fb478]
Event: 4.291 Thread 0x0000000016a55000 1259       3       java.nio.channels.Channels::access$000 (6 bytes)
Event: 4.291 Thread 0x0000000016a55000 nmethod 1259 0x00000000057f1e50 code [0x00000000057f1fc0, 0x00000000057f2128]
Event: 4.291 Thread 0x0000000016a55000 1260   !   3       java.nio.channels.Channels::writeFully (60 bytes)
Event: 4.292 Thread 0x0000000016a55000 nmethod 1260 0x00000000057fb9d0 code [0x00000000057fbc20, 0x00000000057fcae8]
Event: 4.297 Thread 0x0000000016a55000 1264       1       org.objectweb.asm.tree.AnnotationNode::visitEnd (1 bytes)
Event: 4.297 Thread 0x0000000016a55000 nmethod 1264 0x00000000057bf390 code [0x00000000057bf4e0, 0x00000000057bf5f0]

GC Heap History (8 events):
Event: 1.543 GC heap before
{Heap before GC invocations=1 (full 0):
 PSYoungGen      total 18944K, used 16384K [0x00000000feb00000, 0x0000000100000000, 0x0000000100000000)
  eden space 16384K, 100% used [0x00000000feb00000,0x00000000ffb00000,0x00000000ffb00000)
  from space 2560K, 0% used [0x00000000ffd80000,0x00000000ffd80000,0x0000000100000000)
  to   space 2560K, 0% used [0x00000000ffb00000,0x00000000ffb00000,0x00000000ffd80000)
 ParOldGen       total 44032K, used 0K [0x00000000fc000000, 0x00000000feb00000, 0x00000000feb00000)
  object space 44032K, 0% used [0x00000000fc000000,0x00000000fc000000,0x00000000feb00000)
 Metaspace       used 6593K, capacity 6736K, committed 7040K, reserved 1056768K
  class space    used 774K, capacity 824K, committed 896K, reserved 1048576K
Event: 1.553 GC heap after
Heap after GC invocations=1 (full 0):
 PSYoungGen      total 18944K, used 2552K [0x00000000feb00000, 0x0000000100000000, 0x0000000100000000)
  eden space 16384K, 0% used [0x00000000feb00000,0x00000000feb00000,0x00000000ffb00000)
  from space 2560K, 99% used [0x00000000ffb00000,0x00000000ffd7e020,0x00000000ffd80000)
  to   space 2560K, 0% used [0x00000000ffd80000,0x00000000ffd80000,0x0000000100000000)
 ParOldGen       total 44032K, used 1772K [0x00000000fc000000, 0x00000000feb00000, 0x00000000feb00000)
  object space 44032K, 4% used [0x00000000fc000000,0x00000000fc1bb270,0x00000000feb00000)
 Metaspace       used 6593K, capacity 6736K, committed 7040K, reserved 1056768K
  class space    used 774K, capacity 824K, committed 896K, reserved 1048576K
}
Event: 1.913 GC heap before
{Heap before GC invocations=2 (full 0):
 PSYoungGen      total 18944K, used 18936K [0x00000000feb00000, 0x0000000100000000, 0x0000000100000000)
  eden space 16384K, 100% used [0x00000000feb00000,0x00000000ffb00000,0x00000000ffb00000)
  from space 2560K, 99% used [0x00000000ffb00000,0x00000000ffd7e020,0x00000000ffd80000)
  to   space 2560K, 0% used [0x00000000ffd80000,0x00000000ffd80000,0x0000000100000000)
 ParOldGen       total 44032K, used 1772K [0x00000000fc000000, 0x00000000feb00000, 0x00000000feb00000)
  object space 44032K, 4% used [0x00000000fc000000,0x00000000fc1bb270,0x00000000feb00000)
 Metaspace       used 7472K, capacity 7618K, committed 7936K, reserved 1056768K
  class space    used 883K, capacity 925K, committed 1024K, reserved 1048576K
Event: 1.922 GC heap after
Heap after GC invocations=2 (full 0):
 PSYoungGen      total 18944K, used 2546K [0x00000000feb00000, 0x0000000100000000, 0x0000000100000000)
  eden space 16384K, 0% used [0x00000000feb00000,0x00000000feb00000,0x00000000ffb00000)
  from space 2560K, 99% used [0x00000000ffd80000,0x00000000ffffcad0,0x0000000100000000)
  to   space 2560K, 0% used [0x00000000ffb00000,0x00000000ffb00000,0x00000000ffd80000)
 ParOldGen       total 44032K, used 6057K [0x00000000fc000000, 0x00000000feb00000, 0x00000000feb00000)
  object space 44032K, 13% used [0x00000000fc000000,0x00000000fc5ea730,0x00000000feb00000)
 Metaspace       used 7472K, capacity 7618K, committed 7936K, reserved 1056768K
  class space    used 883K, capacity 925K, committed 1024K, reserved 1048576K
}
Event: 2.880 GC heap before
{Heap before GC invocations=3 (full 0):
 PSYoungGen      total 18944K, used 18930K [0x00000000feb00000, 0x0000000100000000, 0x0000000100000000)
  eden space 16384K, 100% used [0x00000000feb00000,0x00000000ffb00000,0x00000000ffb00000)
  from space 2560K, 99% used [0x00000000ffd80000,0x00000000ffffcad0,0x0000000100000000)
  to   space 2560K, 0% used [0x00000000ffb00000,0x00000000ffb00000,0x00000000ffd80000)
 ParOldGen       total 44032K, used 6057K [0x00000000fc000000, 0x00000000feb00000, 0x00000000feb00000)
  object space 44032K, 13% used [0x00000000fc000000,0x00000000fc5ea730,0x00000000feb00000)
 Metaspace       used 7898K, capacity 8130K, committed 8192K, reserved 1056768K
  class space    used 905K, capacity 989K, committed 1024K, reserved 1048576K
Event: 2.894 GC heap after
Heap after GC invocations=3 (full 0):
 PSYoungGen      total 18944K, used 2530K [0x00000000feb00000, 0x0000000100000000, 0x0000000100000000)
  eden space 16384K, 0% used [0x00000000feb00000,0x00000000feb00000,0x00000000ffb00000)
  from space 2560K, 98% used [0x00000000ffb00000,0x00000000ffd78ae0,0x00000000ffd80000)
  to   space 2560K, 0% used [0x00000000ffd80000,0x00000000ffd80000,0x0000000100000000)
 ParOldGen       total 44032K, used 6441K [0x00000000fc000000, 0x00000000feb00000, 0x00000000feb00000)
  object space 44032K, 14% used [0x00000000fc000000,0x00000000fc64a730,0x00000000feb00000)
 Metaspace       used 7898K, capacity 8130K, committed 8192K, reserved 1056768K
  class space    used 905K, capacity 989K, committed 1024K, reserved 1048576K
}
Event: 3.581 GC heap before
{Heap before GC invocations=4 (full 0):
 PSYoungGen      total 18944K, used 18914K [0x00000000feb00000, 0x0000000100000000, 0x0000000100000000)
  eden space 16384K, 100% used [0x00000000feb00000,0x00000000ffb00000,0x00000000ffb00000)
  from space 2560K, 98% used [0x00000000ffb00000,0x00000000ffd78ae0,0x00000000ffd80000)
  to   space 2560K, 0% used [0x00000000ffd80000,0x00000000ffd80000,0x0000000100000000)
 ParOldGen       total 44032K, used 6441K [0x00000000fc000000, 0x00000000feb00000, 0x00000000feb00000)
  object space 44032K, 14% used [0x00000000fc000000,0x00000000fc64a730,0x00000000feb00000)
 Metaspace       used 7949K, capacity 8130K, committed 8192K, reserved 1056768K
  class space    used 905K, capacity 989K, committed 1024K, reserved 1048576K
Event: 3.598 GC heap after
Heap after GC invocations=4 (full 0):
 PSYoungGen      total 18944K, used 2530K [0x00000000feb00000, 0x0000000100000000, 0x0000000100000000)
  eden space 16384K, 0% used [0x00000000feb00000,0x00000000feb00000,0x00000000ffb00000)
  from space 2560K, 98% used [0x00000000ffd80000,0x00000000ffff8ae0,0x0000000100000000)
  to   space 2560K, 0% used [0x00000000ffb00000,0x00000000ffb00000,0x00000000ffd80000)
 ParOldGen       total 44032K, used 6585K [0x00000000fc000000, 0x00000000feb00000, 0x00000000feb00000)
  object space 44032K, 14% used [0x00000000fc000000,0x00000000fc66e730,0x00000000feb00000)
 Metaspace       used 7949K, capacity 8130K, committed 8192K, reserved 1056768K
  class space    used 905K, capacity 989K, committed 1024K, reserved 1048576K
}

Deoptimization events (10 events):
Event: 2.059 Thread 0x000000000515e000 Uncommon trap: reason=unstable_if action=reinterpret pc=0x000000000557ca1c method=java.util.zip.ZipFile$ZipEntryIterator.hasNext()Z @ 25
Event: 2.069 Thread 0x000000000515e000 Uncommon trap: reason=unstable_if action=reinterpret pc=0x0000000005578940 method=java.util.zip.ZipCoder.decoder()Ljava/nio/charset/CharsetDecoder; @ 4
Event: 2.182 Thread 0x000000000515e000 Uncommon trap: reason=unstable_if action=reinterpret pc=0x000000000564b6c0 method=org.objectweb.asm.ClassReader.a(II[C)Ljava/lang/String; @ 77
Event: 2.183 Thread 0x000000000515e000 Uncommon trap: reason=unstable_if action=reinterpret pc=0x00000000056d04dc method=org.objectweb.asm.ByteVector.putUTF8(Ljava/lang/String;)Lorg/objectweb/asm/ByteVector; @ 98
Event: 2.424 Thread 0x000000000515e000 Uncommon trap: reason=unstable_if action=reinterpret pc=0x000000000569f3c8 method=org.objectweb.asm.Item.a(Lorg/objectweb/asm/Item;)Z @ 251
Event: 2.658 Thread 0x000000000515e000 Uncommon trap: reason=unstable_if action=reinterpret pc=0x00000000056dbbf8 method=org.objectweb.asm.Type.getArgumentsAndReturnSizes(Ljava/lang/String;)I @ 118
Event: 2.975 Thread 0x000000000515e000 Uncommon trap: reason=unstable_if action=reinterpret pc=0x000000000574a8b4 method=org.objectweb.asm.tree.MethodNode.getLabelNodes([Ljava/lang/Object;)[Ljava/lang/Object; @ 24
Event: 3.111 Thread 0x000000000515e000 Uncommon trap: reason=null_check action=make_not_entrant pc=0x00000000057693d0 method=com.google.devtools.build.android.desugar.InterfaceDesugaring$InterfaceInvocationRewriter.visitMethodInsn(ILjava/lang/String;Ljava/lang/String;Ljava/lang/String;Z)V @ 10
Event: 3.702 Thread 0x000000000515e000 Uncommon trap: reason=unstable_if action=reinterpret pc=0x00000000057205a4 method=org.objectweb.asm.ByteVector.putUTF8(Ljava/lang/String;)Lorg/objectweb/asm/ByteVector; @ 91
Event: 3.703 Thread 0x000000000515e000 Uncommon trap: reason=unstable_if action=reinterpret pc=0x000000000568b130 method=org.objectweb.asm.ByteVector.putUTF8(Ljava/lang/String;)Lorg/objectweb/asm/ByteVector; @ 91

Classes redefined (0 events):
No events

Internal exceptions (10 events):
Event: 1.811 Thread 0x000000000515e000 Exception <a 'sun/nio/fs/WindowsException'> (0x00000000ff943c38) thrown at [D:\src\AOSP-openjdk-cygwin\jdk8u\hotspot\src\share\vm\prims\jni.cpp, line 709]
Event: 1.812 Thread 0x000000000515e000 Exception <a 'sun/nio/fs/WindowsException'> (0x00000000ff9441c0) thrown at [D:\src\AOSP-openjdk-cygwin\jdk8u\hotspot\src\share\vm\prims\jni.cpp, line 709]
Event: 2.063 Thread 0x000000000515e000 Exception <a 'sun/nio/fs/WindowsException'> (0x00000000fed472e8) thrown at [D:\src\AOSP-openjdk-cygwin\jdk8u\hotspot\src\share\vm\prims\jni.cpp, line 709]
Event: 2.063 Thread 0x000000000515e000 Exception <a 'sun/nio/fs/WindowsException'> (0x00000000fed477f0) thrown at [D:\src\AOSP-openjdk-cygwin\jdk8u\hotspot\src\share\vm\prims\jni.cpp, line 709]
Event: 2.069 Thread 0x000000000515e000 Implicit null exception at 0x00000000055784fd to 0x0000000005578931
Event: 2.071 Thread 0x000000000515e000 Exception <a 'sun/nio/fs/WindowsException'> (0x00000000fed4e588) thrown at [D:\src\AOSP-openjdk-cygwin\jdk8u\hotspot\src\share\vm\prims\jni.cpp, line 709]
Event: 2.071 Thread 0x000000000515e000 Exception <a 'sun/nio/fs/WindowsException'> (0x00000000fed4ea90) thrown at [D:\src\AOSP-openjdk-cygwin\jdk8u\hotspot\src\share\vm\prims\jni.cpp, line 709]
Event: 3.111 Thread 0x000000000515e000 Implicit null exception at 0x00000000057690b7 to 0x00000000057693b1
Event: 3.686 Thread 0x000000000515e000 Exception <a 'sun/nio/fs/WindowsException'> (0x00000000fec20be8) thrown at [D:\src\AOSP-openjdk-cygwin\jdk8u\hotspot\src\share\vm\prims\jni.cpp, line 709]
Event: 3.687 Thread 0x000000000515e000 Exception <a 'sun/nio/fs/WindowsException'> (0x00000000fec210f0) thrown at [D:\src\AOSP-openjdk-cygwin\jdk8u\hotspot\src\share\vm\prims\jni.cpp, line 709]

Events (10 events):
Event: 3.702 Thread 0x000000000515e000 Uncommon trap: trap_request=0xffffff65 fr.pc=0x00000000057205a4
Event: 3.702 Thread 0x000000000515e000 DEOPT PACKING pc=0x00000000057205a4 sp=0x000000000525ec80
Event: 3.702 Thread 0x000000000515e000 DEOPT UNPACKING pc=0x00000000053a556a sp=0x000000000525ebd0 mode 2
Event: 3.703 Thread 0x000000000515e000 Uncommon trap: trap_request=0xffffff65 fr.pc=0x000000000568b130
Event: 3.703 Thread 0x000000000515e000 DEOPT PACKING pc=0x000000000568b130 sp=0x000000000525ec30
Event: 3.703 Thread 0x000000000515e000 DEOPT UNPACKING pc=0x00000000053a556a sp=0x000000000525ebc8 mode 2
Event: 3.914 Thread 0x000000000515e000 DEOPT PACKING pc=0x00000000056607d8 sp=0x000000000525ed00
Event: 3.914 Thread 0x000000000515e000 DEOPT UNPACKING pc=0x00000000053a75bf sp=0x000000000525ecb0 mode 0
Event: 4.254 Executing VM operation: EnableBiasedLocking
Event: 4.285 Executing VM operation: EnableBiasedLocking done


Dynamic libraries:
0x00007ff795ba0000 - 0x00007ff795bd1000 	D:\Android\Android\Android Studio\jre\bin\java.exe
0x00007ff832e80000 - 0x00007ff833060000 	C:\Windows\SYSTEM32\ntdll.dll
0x00007ff832d40000 - 0x00007ff832dee000 	C:\Windows\System32\KERNEL32.DLL
0x00007ff82f5c0000 - 0x00007ff82f826000 	C:\Windows\System32\KERNELBASE.dll
0x00007ff8328c0000 - 0x00007ff832961000 	C:\Windows\System32\ADVAPI32.dll
0x00007ff832550000 - 0x00007ff8325ed000 	C:\Windows\System32\msvcrt.dll
0x00007ff832df0000 - 0x00007ff832e4b000 	C:\Windows\System32\sechost.dll
0x00007ff832120000 - 0x00007ff83223f000 	C:\Windows\System32\RPCRT4.dll
0x00007ff830360000 - 0x00007ff8304ee000 	C:\Windows\System32\USER32.dll
0x00007ff82f3f0000 - 0x00007ff82f410000 	C:\Windows\System32\win32u.dll
0x00007ff830510000 - 0x00007ff830538000 	C:\Windows\System32\GDI32.dll
0x00007ff82fa60000 - 0x00007ff82fbf1000 	C:\Windows\System32\gdi32full.dll
0x00007ff82f350000 - 0x00007ff82f3eb000 	C:\Windows\System32\msvcp_win.dll
0x00007ff82f4c0000 - 0x00007ff82f5b6000 	C:\Windows\System32\ucrtbase.dll
0x00007ff8268e0000 - 0x00007ff826b49000 	C:\Windows\WinSxS\amd64_microsoft.windows.common-controls_6595b64144ccf1df_6.0.16299.15_none_cc92fb402215d91d\COMCTL32.dll
0x00007ff832240000 - 0x00007ff832548000 	C:\Windows\System32\combase.dll
0x00007ff82f280000 - 0x00007ff82f2f2000 	C:\Windows\System32\bcryptPrimitives.dll
0x00007ff831fc0000 - 0x00007ff831fed000 	C:\Windows\System32\IMM32.DLL
0x000000006fae0000 - 0x000000006fbb2000 	D:\Android\Android\Android Studio\jre\jre\bin\msvcr100.dll
0x000000006fbc0000 - 0x00000000703fe000 	D:\Android\Android\Android Studio\jre\jre\bin\server\jvm.dll
0x00007ff830350000 - 0x00007ff830358000 	C:\Windows\System32\PSAPI.DLL
0x00007ff82d010000 - 0x00007ff82d033000 	C:\Windows\SYSTEM32\WINMM.dll
0x00007ff82bc00000 - 0x00007ff82bc09000 	C:\Windows\SYSTEM32\WSOCK32.dll
0x00007ff831f50000 - 0x00007ff831fbc000 	C:\Windows\System32\WS2_32.dll
0x00007ff82dec0000 - 0x00007ff82deca000 	C:\Windows\SYSTEM32\VERSION.dll
0x00007ff82cd10000 - 0x00007ff82cd3a000 	C:\Windows\SYSTEM32\winmmbase.dll
0x00007ff82f300000 - 0x00007ff82f34a000 	C:\Windows\System32\cfgmgr32.dll
0x00007ff82bbf0000 - 0x00007ff82bbff000 	D:\Android\Android\Android Studio\jre\jre\bin\verify.dll
0x00007ff828270000 - 0x00007ff828299000 	D:\Android\Android\Android Studio\jre\jre\bin\java.dll
0x00007ff82bbd0000 - 0x00007ff82bbe6000 	D:\Android\Android\Android Studio\jre\jre\bin\zip.dll
0x00007ff830a90000 - 0x00007ff831ec7000 	C:\Windows\System32\SHELL32.dll
0x00007ff832b40000 - 0x00007ff832be6000 	C:\Windows\System32\shcore.dll
0x00007ff82fc00000 - 0x00007ff830347000 	C:\Windows\System32\windows.storage.dll
0x00007ff832ae0000 - 0x00007ff832b31000 	C:\Windows\System32\shlwapi.dll
0x00007ff82f260000 - 0x00007ff82f271000 	C:\Windows\System32\kernel.appcore.dll
0x00007ff82f1d0000 - 0x00007ff82f21c000 	C:\Windows\System32\powrprof.dll
0x00007ff82f220000 - 0x00007ff82f23b000 	C:\Windows\System32\profapi.dll
0x00007ff82ebc0000 - 0x00007ff82ebd7000 	C:\Windows\SYSTEM32\CRYPTSP.dll
0x00007ff82e610000 - 0x00007ff82e643000 	C:\Windows\system32\rsaenh.dll
0x00007ff82ecd0000 - 0x00007ff82ecf5000 	C:\Windows\SYSTEM32\bcrypt.dll
0x00007ff82f100000 - 0x00007ff82f129000 	C:\Windows\SYSTEM32\USERENV.dll
0x00007ff82ebe0000 - 0x00007ff82ebeb000 	C:\Windows\SYSTEM32\CRYPTBASE.dll
0x00007ff828250000 - 0x00007ff82826a000 	D:\Android\Android\Android Studio\jre\jre\bin\net.dll
0x00007ff82ea00000 - 0x00007ff82ea66000 	C:\Windows\system32\mswsock.dll
0x00007ff82e790000 - 0x00007ff82e7c9000 	C:\Windows\SYSTEM32\IPHLPAPI.DLL
0x00007ff832000000 - 0x00007ff832008000 	C:\Windows\System32\NSI.dll
0x00007ff82a680000 - 0x00007ff82a696000 	C:\Windows\SYSTEM32\dhcpcsvc6.DLL
0x00007ff82a660000 - 0x00007ff82a67a000 	C:\Windows\SYSTEM32\dhcpcsvc.DLL
0x00007ff828230000 - 0x00007ff828241000 	D:\Android\Android\Android Studio\jre\jre\bin\nio.dll

VM Arguments:
jvm_args: -Djava.awt.headless=true -Xmx64M -Dfile.encoding=GBK -Duser.country=CN -Duser.language=zh -Duser.variant 
java_command: com.google.devtools.build.android.desugar.Desugar @D:\Android\TEST\WanAndroidTest\app\build\intermediates\tmp\desugar_args6426890530796417320
java_class_path (initial): C:\Users\Administrator\AppData\Local\Temp\desugar_deploy.jar5675111122699367911
Launcher Type: SUN_STANDARD

Environment Variables:
JAVA_HOME=D:\Program Files\Java\jdk1.8.0_77
PATH=C:\Windows\system32;C:\Windows;C:\Windows\System32\Wbem;C:\Windows\System32\WindowsPowerShell\v1.0\;C:\Program Files (x86)\NVIDIA Corporation\PhysX\Common;D:\Program Files\Java\jdk1.8.0_77\bin;D:\Program Files\Java\jdk1.8.0_77\jre\bin; ;C:\Users\Administrator\AppData\Local\Microsoft\WindowsApps;
USERNAME=Administrator
OS=Windows_NT
PROCESSOR_IDENTIFIER=Intel64 Family 6 Model 58 Stepping 9, GenuineIntel



---------------  S Y S T E M  ---------------

OS: Windows 10.0 , 64 bit Build 16299 (10.0.16299.15)

CPU:total 4 (initial active 4) (2 cores per cpu, 2 threads per core) family 6 model 58 stepping 9, cmov, cx8, fxsr, mmx, sse, sse2, sse3, ssse3, sse4.1, sse4.2, popcnt, avx, clmul, erms, ht, tsc, tscinvbit, tscinv

Memory: 4k page, physical 8281380k(1257800k free), swap 8281380k(5364k free)

vm_info: OpenJDK 64-Bit Server VM (25.152-b01) for windows-amd64 JRE (1.8.0_152-release-915-b01), built by "builder" with MS VC++ 10.0 (VS2010)

time: Fri Apr 27 12:58:26 2018
elapsed time: 4 seconds (0d 0h 0m 4s)

