#
# There is insufficient memory for the Java Runtime Environment to continue.
# Native memory allocation (malloc) failed to allocate 32744 bytes for ChunkPool::allocate
# Possible reasons:
#   The system is out of physical RAM or swap space
#   In 32 bit mode, the process size limit was hit
# Possible solutions:
#   Reduce memory load on the system
#   Increase physical memory or swap space
#   Check if swap backing store is full
#   Use 64 bit Java on a 64 bit OS
#   Decrease Java heap size (-Xmx/-Xms)
#   Decrease number of Java threads
#   Decrease Java thread stack sizes (-Xss)
#   Set larger code cache with -XX:ReservedCodeCacheSize=
# This output file may be truncated or incomplete.
#
#  Out of Memory Error (allocation.cpp:273), pid=9168, tid=0x0000000000002454
#
# JRE version: OpenJDK Runtime Environment (8.0_152-b01) (build 1.8.0_152-release-915-b01)
# Java VM: OpenJDK 64-Bit Server VM (25.152-b01 mixed mode windows-amd64 compressed oops)
# Failed to write core dump. Minidumps are not enabled by default on client versions of Windows
#

---------------  T H R E A D  ---------------

Current thread (0x00000000165a7000):  JavaThread "C1 CompilerThread2" daemon [_thread_in_native, id=9300, stack(0x0000000016d50000,0x0000000016e50000)]

Stack: [0x0000000016d50000,0x0000000016e50000]
[error occurred during error reporting (printing stack bounds), id 0xc0000005]

Native frames: (J=compiled Java code, j=interpreted, Vv=VM code, C=native code)


Current CompileTask:
C1:   5079 1008       3       org.objectweb.asm.ClassReader::accept (1176 bytes)


---------------  P R O C E S S  ---------------

Java Threads: ( => current thread )
  0x00000000165af800 JavaThread "Service Thread" daemon [_thread_blocked, id=3312, stack(0x0000000016e50000,0x0000000016f50000)]
=>0x00000000165a7000 JavaThread "C1 CompilerThread2" daemon [_thread_in_native, id=9300, stack(0x0000000016d50000,0x0000000016e50000)]
  0x00000000165a3800 JavaThread "C2 CompilerThread1" daemon [_thread_in_native, id=6600, stack(0x0000000016c50000,0x0000000016d50000)]
  0x00000000151d8000 JavaThread "C2 CompilerThread0" daemon [_thread_blocked, id=1376, stack(0x0000000016b50000,0x0000000016c50000)]
  0x000000001518d800 JavaThread "Attach Listener" daemon [_thread_blocked, id=9984, stack(0x0000000016a50000,0x0000000016b50000)]
  0x0000000016558800 JavaThread "Signal Dispatcher" daemon [_thread_blocked, id=9880, stack(0x0000000016950000,0x0000000016a50000)]
  0x0000000004dbb000 JavaThread "Finalizer" daemon [_thread_blocked, id=9016, stack(0x00000000163e0000,0x00000000164e0000)]
  0x0000000015147000 JavaThread "Reference Handler" daemon [_thread_blocked, id=3044, stack(0x00000000162e0000,0x00000000163e0000)]
  0x0000000004cbe000 JavaThread "main" [_thread_in_native, id=596, stack(0x0000000004b70000,0x0000000004c70000)]

Other Threads:
  0x0000000015145800 VMThread [stack: 0x00000000161e0000,0x00000000162e0000] [id=3828]
  0x00000000165b1000 WatcherThread [stack: 0x0000000016f50000,0x0000000017050000] [id=8048]

VM state:not at safepoint (normal execution)

VM Mutex/Monitor currently owned by a thread: None

Heap:
 PSYoungGen      total 18944K, used 12037K [0x00000000feb00000, 0x0000000100000000, 0x0000000100000000)
  eden space 16384K, 58% used [0x00000000feb00000,0x00000000ff448908,0x00000000ffb00000)
  from space 2560K, 98% used [0x00000000ffd80000,0x00000000ffff8c10,0x0000000100000000)
  to   space 2560K, 0% used [0x00000000ffb00000,0x00000000ffb00000,0x00000000ffd80000)
 ParOldGen       total 44032K, used 5864K [0x00000000fc000000, 0x00000000feb00000, 0x00000000feb00000)
  object space 44032K, 13% used [0x00000000fc000000,0x00000000fc5ba078,0x00000000feb00000)
 Metaspace       used 7891K, capacity 8078K, committed 8192K, reserved 1056768K
  class space    used 908K, capacity 989K, committed 1024K, reserved 1048576K

Card table byte_map: [0x0000000014180000,0x00000000141b0000] byte_map_base: 0x00000000139a0000

Marking Bits: (ParMarkBitMap*) 0x0000000074ad3950
 Begin Bits: [0x00000000145b0000, 0x00000000146b0000)
 End Bits:   [0x00000000146b0000, 0x00000000147b0000)

Polling page: 0x0000000004810000

CodeCache: size=245760Kb used=3723Kb max_used=3725Kb free=242036Kb
 bounds [0x0000000004dc0000, 0x0000000005170000, 0x0000000013dc0000]
 total_blobs=1340 nmethods=1006 adapters=248
 compilation: enabled

Compilation events (10 events):
Event: 4.587 Thread 0x00000000165a7000 nmethod 1002 0x00000000051607d0 code [0x0000000005160c80, 0x0000000005164408]
Event: 4.588 Thread 0x00000000151d8000 1004       4       org.objectweb.asm.Type::a (269 bytes)
Event: 4.597 Thread 0x00000000151d8000 nmethod 1004 0x00000000051655d0 code [0x0000000005165880, 0x0000000005165e88]
Event: 5.066 Thread 0x00000000165a7000 1005       3       com.google.common.collect.ImmutableMultimap::asMap (5 bytes)
Event: 5.066 Thread 0x00000000165a7000 nmethod 1005 0x00000000051590d0 code [0x0000000005159220, 0x0000000005159410]
Event: 5.074 Thread 0x00000000165a7000 1006       3       java.lang.Float::isNaN (12 bytes)
Event: 5.074 Thread 0x00000000165a7000 nmethod 1006 0x0000000005158d50 code [0x0000000005158ea0, 0x0000000005159050]
Event: 5.075 Thread 0x00000000165a7000 1007       3       org.objectweb.asm.ClassReader::accept (11 bytes)
Event: 5.076 Thread 0x00000000165a7000 nmethod 1007 0x0000000005158850 code [0x00000000051589c0, 0x0000000005158c68]
Event: 5.076 Thread 0x00000000165a7000 1008       3       org.objectweb.asm.ClassReader::accept (1176 bytes)

GC Heap History (4 events):
Event: 2.079 GC heap before
{Heap before GC invocations=1 (full 0):
 PSYoungGen      total 18944K, used 16384K [0x00000000feb00000, 0x0000000100000000, 0x0000000100000000)
  eden space 16384K, 100% used [0x00000000feb00000,0x00000000ffb00000,0x00000000ffb00000)
  from space 2560K, 0% used [0x00000000ffd80000,0x00000000ffd80000,0x0000000100000000)
  to   space 2560K, 0% used [0x00000000ffb00000,0x00000000ffb00000,0x00000000ffd80000)
 ParOldGen       total 44032K, used 0K [0x00000000fc000000, 0x00000000feb00000, 0x00000000feb00000)
  object space 44032K, 0% used [0x00000000fc000000,0x00000000fc000000,0x00000000feb00000)
 Metaspace       used 6602K, capacity 6748K, committed 7040K, reserved 1056768K
  class space    used 773K, capacity 824K, committed 896K, reserved 1048576K
Event: 2.099 GC heap after
Heap after GC invocations=1 (full 0):
 PSYoungGen      total 18944K, used 2552K [0x00000000feb00000, 0x0000000100000000, 0x0000000100000000)
  eden space 16384K, 0% used [0x00000000feb00000,0x00000000feb00000,0x00000000ffb00000)
  from space 2560K, 99% used [0x00000000ffb00000,0x00000000ffd7e020,0x00000000ffd80000)
  to   space 2560K, 0% used [0x00000000ffd80000,0x00000000ffd80000,0x0000000100000000)
 ParOldGen       total 44032K, used 1727K [0x00000000fc000000, 0x00000000feb00000, 0x00000000feb00000)
  object space 44032K, 3% used [0x00000000fc000000,0x00000000fc1afe08,0x00000000feb00000)
 Metaspace       used 6602K, capacity 6748K, committed 7040K, reserved 1056768K
  class space    used 773K, capacity 824K, committed 896K, reserved 1048576K
}
Event: 3.035 GC heap before
{Heap before GC invocations=2 (full 0):
 PSYoungGen      total 18944K, used 18936K [0x00000000feb00000, 0x0000000100000000, 0x0000000100000000)
  eden space 16384K, 100% used [0x00000000feb00000,0x00000000ffb00000,0x00000000ffb00000)
  from space 2560K, 99% used [0x00000000ffb00000,0x00000000ffd7e020,0x00000000ffd80000)
  to   space 2560K, 0% used [0x00000000ffd80000,0x00000000ffd80000,0x0000000100000000)
 ParOldGen       total 44032K, used 1727K [0x00000000fc000000, 0x00000000feb00000, 0x00000000feb00000)
  object space 44032K, 3% used [0x00000000fc000000,0x00000000fc1afe08,0x00000000feb00000)
 Metaspace       used 7303K, capacity 7502K, committed 7680K, reserved 1056768K
  class space    used 860K, capacity 925K, committed 1024K, reserved 1048576K
Event: 3.050 GC heap after
Heap after GC invocations=2 (full 0):
 PSYoungGen      total 18944K, used 2531K [0x00000000feb00000, 0x0000000100000000, 0x0000000100000000)
  eden space 16384K, 0% used [0x00000000feb00000,0x00000000feb00000,0x00000000ffb00000)
  from space 2560K, 98% used [0x00000000ffd80000,0x00000000ffff8c10,0x0000000100000000)
  to   space 2560K, 0% used [0x00000000ffb00000,0x00000000ffb00000,0x00000000ffd80000)
 ParOldGen       total 44032K, used 5864K [0x00000000fc000000, 0x00000000feb00000, 0x00000000feb00000)
  object space 44032K, 13% used [0x00000000fc000000,0x00000000fc5ba078,0x00000000feb00000)
 Metaspace       used 7303K, capacity 7502K, committed 7680K, reserved 1056768K
  class space    used 860K, capacity 925K, committed 1024K, reserved 1048576K
}

Deoptimization events (10 events):
Event: 3.021 Thread 0x0000000004cbe000 Uncommon trap: reason=class_check action=maybe_recompile pc=0x0000000004ff6c18 method=com.google.common.collect.TransformedIterator.next()Ljava/lang/Object; @ 5
Event: 3.021 Thread 0x0000000004cbe000 Uncommon trap: reason=class_check action=maybe_recompile pc=0x0000000004fe3d50 method=com.google.common.collect.Iterators$7.transform(Ljava/lang/Object;)Ljava/lang/Object; @ 5
Event: 3.021 Thread 0x0000000004cbe000 Uncommon trap: reason=class_check action=maybe_recompile pc=0x0000000004ff6c18 method=com.google.common.collect.TransformedIterator.next()Ljava/lang/Object; @ 5
Event: 3.021 Thread 0x0000000004cbe000 Uncommon trap: reason=class_check action=maybe_recompile pc=0x0000000004fe3d50 method=com.google.common.collect.Iterators$7.transform(Ljava/lang/Object;)Ljava/lang/Object; @ 5
Event: 3.227 Thread 0x0000000004cbe000 Uncommon trap: reason=unstable_if action=reinterpret pc=0x0000000004f99778 method=java.lang.String.<init>([CII)V @ 18
Event: 3.881 Thread 0x0000000004cbe000 Uncommon trap: reason=unstable_if action=reinterpret pc=0x0000000005104848 method=org.objectweb.asm.ByteVector.putShort(I)Lorg/objectweb/asm/ByteVector; @ 13
Event: 4.115 Thread 0x0000000004cbe000 Uncommon trap: reason=unstable_if action=reinterpret pc=0x00000000050edbf0 method=org.objectweb.asm.ClassReader.a(II[C)Ljava/lang/String; @ 98
Event: 4.118 Thread 0x0000000004cbe000 Uncommon trap: reason=unstable_if action=reinterpret pc=0x000000000511e668 method=org.objectweb.asm.ByteVector.putUTF8(Ljava/lang/String;)Lorg/objectweb/asm/ByteVector; @ 98
Event: 4.152 Thread 0x0000000004cbe000 Uncommon trap: reason=unstable_if action=reinterpret pc=0x00000000050b189c method=org.objectweb.asm.ClassReader.a(II[C)Ljava/lang/String; @ 98
Event: 4.155 Thread 0x0000000004cbe000 Uncommon trap: reason=unstable_if action=reinterpret pc=0x00000000050b30ec method=org.objectweb.asm.ByteVector.putUTF8(Ljava/lang/String;)Lorg/objectweb/asm/ByteVector; @ 98

Classes redefined (0 events):
No events

Internal exceptions (10 events):
Event: 4.557 Thread 0x0000000004cbe000 Exception <a 'sun/nio/fs/WindowsException'> (0x00000000ff37e660) thrown at [D:\src\AOSP-openjdk-cygwin\jdk8u\hotspot\src\share\vm\prims\jni.cpp, line 709]
Event: 4.560 Thread 0x0000000004cbe000 Exception <a 'sun/nio/fs/WindowsException'> (0x00000000ff3891e0) thrown at [D:\src\AOSP-openjdk-cygwin\jdk8u\hotspot\src\share\vm\prims\jni.cpp, line 709]
Event: 4.564 Thread 0x0000000004cbe000 Exception <a 'sun/nio/fs/WindowsException'> (0x00000000ff3954e0) thrown at [D:\src\AOSP-openjdk-cygwin\jdk8u\hotspot\src\share\vm\prims\jni.cpp, line 709]
Event: 4.566 Thread 0x0000000004cbe000 Exception <a 'sun/nio/fs/WindowsException'> (0x00000000ff3a0160) thrown at [D:\src\AOSP-openjdk-cygwin\jdk8u\hotspot\src\share\vm\prims\jni.cpp, line 709]
Event: 4.570 Thread 0x0000000004cbe000 Exception <a 'sun/nio/fs/WindowsException'> (0x00000000ff3ab678) thrown at [D:\src\AOSP-openjdk-cygwin\jdk8u\hotspot\src\share\vm\prims\jni.cpp, line 709]
Event: 4.572 Thread 0x0000000004cbe000 Exception <a 'sun/nio/fs/WindowsException'> (0x00000000ff3b5ef0) thrown at [D:\src\AOSP-openjdk-cygwin\jdk8u\hotspot\src\share\vm\prims\jni.cpp, line 709]
Event: 4.574 Thread 0x0000000004cbe000 Exception <a 'sun/nio/fs/WindowsException'> (0x00000000ff3c0720) thrown at [D:\src\AOSP-openjdk-cygwin\jdk8u\hotspot\src\share\vm\prims\jni.cpp, line 709]
Event: 5.068 Thread 0x0000000004cbe000 Exception <a 'sun/nio/fs/WindowsException'> (0x00000000ff3e65e8) thrown at [D:\src\AOSP-openjdk-cygwin\jdk8u\hotspot\src\share\vm\prims\jni.cpp, line 709]
Event: 5.071 Thread 0x0000000004cbe000 Exception <a 'sun/nio/fs/WindowsException'> (0x00000000ff3f2c60) thrown at [D:\src\AOSP-openjdk-cygwin\jdk8u\hotspot\src\share\vm\prims\jni.cpp, line 709]
Event: 5.073 Thread 0x0000000004cbe000 Exception <a 'sun/nio/fs/WindowsException'> (0x00000000ff3fd630) thrown at [D:\src\AOSP-openjdk-cygwin\jdk8u\hotspot\src\share\vm\prims\jni.cpp, line 709]

Events (10 events):
Event: 4.118 Thread 0x0000000004cbe000 DEOPT PACKING pc=0x000000000511e668 sp=0x0000000004c6e710
Event: 4.119 Thread 0x0000000004cbe000 DEOPT UNPACKING pc=0x0000000004e0556a sp=0x0000000004c6e660 mode 2
Event: 4.152 Thread 0x0000000004cbe000 Uncommon trap: trap_request=0xffffff65 fr.pc=0x00000000050b189c
Event: 4.153 Thread 0x0000000004cbe000 DEOPT PACKING pc=0x00000000050b189c sp=0x0000000004c6e6c0
Event: 4.153 Thread 0x0000000004cbe000 DEOPT UNPACKING pc=0x0000000004e0556a sp=0x0000000004c6e650 mode 2
Event: 4.155 Thread 0x0000000004cbe000 Uncommon trap: trap_request=0xffffff65 fr.pc=0x00000000050b30ec
Event: 4.155 Thread 0x0000000004cbe000 DEOPT PACKING pc=0x00000000050b30ec sp=0x0000000004c6e6c0
Event: 4.155 Thread 0x0000000004cbe000 DEOPT UNPACKING pc=0x0000000004e0556a sp=0x0000000004c6e648 mode 2
Event: 4.264 Executing VM operation: EnableBiasedLocking
Event: 4.324 Executing VM operation: EnableBiasedLocking done


Dynamic libraries:
0x00007ff7b2e80000 - 0x00007ff7b2eb1000 	D:\Android\Android\Android Studio\jre\bin\java.exe
0x00007ffab57a0000 - 0x00007ffab5980000 	C:\Windows\SYSTEM32\ntdll.dll
0x00007ffab4ae0000 - 0x00007ffab4b8e000 	C:\Windows\System32\KERNEL32.DLL
0x00007ffab1ba0000 - 0x00007ffab1e06000 	C:\Windows\System32\KERNELBASE.dll
0x00007ffab5180000 - 0x00007ffab5221000 	C:\Windows\System32\ADVAPI32.dll
0x00007ffab56a0000 - 0x00007ffab573d000 	C:\Windows\System32\msvcrt.dll
0x00007ffab5610000 - 0x00007ffab566b000 	C:\Windows\System32\sechost.dll
0x00007ffab3260000 - 0x00007ffab337f000 	C:\Windows\System32\RPCRT4.dll
0x00007ffab4ce0000 - 0x00007ffab4e6e000 	C:\Windows\System32\USER32.dll
0x00007ffab1fb0000 - 0x00007ffab1fd0000 	C:\Windows\System32\win32u.dll
0x00007ffab5740000 - 0x00007ffab5768000 	C:\Windows\System32\GDI32.dll
0x00007ffab1e10000 - 0x00007ffab1fa1000 	C:\Windows\System32\gdi32full.dll
0x00007ffab2030000 - 0x00007ffab20cb000 	C:\Windows\System32\msvcp_win.dll
0x00007ffab2200000 - 0x00007ffab22f6000 	C:\Windows\System32\ucrtbase.dll
0x00007ffaa9c00000 - 0x00007ffaa9e69000 	C:\Windows\WinSxS\amd64_microsoft.windows.common-controls_6595b64144ccf1df_6.0.16299.15_none_cc92fb402215d91d\COMCTL32.dll
0x00007ffab47d0000 - 0x00007ffab4ad8000 	C:\Windows\System32\combase.dll
0x00007ffab2180000 - 0x00007ffab21f2000 	C:\Windows\System32\bcryptPrimitives.dll
0x00007ffab5670000 - 0x00007ffab569d000 	C:\Windows\System32\IMM32.DLL
0x0000000074230000 - 0x0000000074302000 	D:\Android\Android\Android Studio\jre\jre\bin\msvcr100.dll
0x0000000074310000 - 0x0000000074b4e000 	D:\Android\Android\Android Studio\jre\jre\bin\server\jvm.dll
0x00007ffab3380000 - 0x00007ffab3388000 	C:\Windows\System32\PSAPI.DLL
0x00007ffaae520000 - 0x00007ffaae529000 	C:\Windows\SYSTEM32\WSOCK32.dll
0x00007ffab53a0000 - 0x00007ffab540c000 	C:\Windows\System32\WS2_32.dll
0x00007ffaaf930000 - 0x00007ffaaf953000 	C:\Windows\SYSTEM32\WINMM.dll
0x00007ffab07e0000 - 0x00007ffab07ea000 	C:\Windows\SYSTEM32\VERSION.dll
0x00007ffaaf630000 - 0x00007ffaaf65a000 	C:\Windows\SYSTEM32\WINMMBASE.dll
0x00007ffab2300000 - 0x00007ffab234a000 	C:\Windows\System32\cfgmgr32.dll
0x00007ffaae4f0000 - 0x00007ffaae4ff000 	D:\Android\Android\Android Studio\jre\jre\bin\verify.dll
0x00007ffaaad50000 - 0x00007ffaaad79000 	D:\Android\Android\Android Studio\jre\jre\bin\java.dll
0x00007ffaab680000 - 0x00007ffaab696000 	D:\Android\Android\Android Studio\jre\jre\bin\zip.dll
0x00007ffab3390000 - 0x00007ffab47c7000 	C:\Windows\System32\SHELL32.dll
0x00007ffab2ce0000 - 0x00007ffab2d86000 	C:\Windows\System32\shcore.dll
0x00007ffab2520000 - 0x00007ffab2c67000 	C:\Windows\System32\windows.storage.dll
0x00007ffab4e70000 - 0x00007ffab4ec1000 	C:\Windows\System32\shlwapi.dll
0x00007ffab1b40000 - 0x00007ffab1b51000 	C:\Windows\System32\kernel.appcore.dll
0x00007ffab1af0000 - 0x00007ffab1b3c000 	C:\Windows\System32\powrprof.dll
0x00007ffab1b80000 - 0x00007ffab1b9b000 	C:\Windows\System32\profapi.dll
0x00007ffab14e0000 - 0x00007ffab14f7000 	C:\Windows\SYSTEM32\CRYPTSP.dll
0x00007ffab0f30000 - 0x00007ffab0f63000 	C:\Windows\system32\rsaenh.dll
0x00007ffab15f0000 - 0x00007ffab1615000 	C:\Windows\SYSTEM32\bcrypt.dll
0x00007ffab1a20000 - 0x00007ffab1a49000 	C:\Windows\SYSTEM32\USERENV.dll
0x00007ffab1500000 - 0x00007ffab150b000 	C:\Windows\SYSTEM32\CRYPTBASE.dll
0x00007ffaa8110000 - 0x00007ffaa812a000 	D:\Android\Android\Android Studio\jre\jre\bin\net.dll
0x00007ffab1320000 - 0x00007ffab1386000 	C:\Windows\system32\mswsock.dll
0x00007ffab10b0000 - 0x00007ffab10e9000 	C:\Windows\SYSTEM32\IPHLPAPI.DLL
0x00007ffab5600000 - 0x00007ffab5608000 	C:\Windows\System32\NSI.dll
0x00007ffaac900000 - 0x00007ffaac916000 	C:\Windows\SYSTEM32\dhcpcsvc6.DLL
0x00007ffaac8e0000 - 0x00007ffaac8fa000 	C:\Windows\SYSTEM32\dhcpcsvc.DLL
0x00007ffaa6a20000 - 0x00007ffaa6a31000 	D:\Android\Android\Android Studio\jre\jre\bin\nio.dll

VM Arguments:
jvm_args: -Djava.awt.headless=true -Xmx64M -Dfile.encoding=GBK -Duser.country=CN -Duser.language=zh -Duser.variant 
java_command: com.google.devtools.build.android.desugar.Desugar @D:\Android\TEST\WanAndroidTest\app\build\intermediates\tmp\desugar_args5257623669029958948
java_class_path (initial): C:\Users\Administrator\AppData\Local\Temp\desugar_deploy.jar2872256966551270965
Launcher Type: SUN_STANDARD

Environment Variables:
PATH=C:\Windows\system32;C:\Windows;C:\Windows\System32\Wbem;C:\Windows\System32\WindowsPowerShell\v1.0\;C:\Program Files (x86)\NVIDIA Corporation\PhysX\Common;C:\Users\Administrator\AppData\Local\Microsoft\WindowsApps;
USERNAME=Administrator
OS=Windows_NT
PROCESSOR_IDENTIFIER=Intel64 Family 6 Model 58 Stepping 9, GenuineIntel



---------------  S Y S T E M  ---------------

OS: Windows 10.0 , 64 bit Build 16299 (10.0.16299.15)

CPU:total 4 (initial active 4) (2 cores per cpu, 2 threads per core) family 6 model 58 stepping 9, cmov, cx8, fxsr, mmx, sse, sse2, sse3, ssse3, sse4.1, sse4.2, popcnt, avx, clmul, erms, ht, tsc, tscinvbit, tscinv

Memory: 4k page, physical 8281380k(1106952k free), swap 8281380k(3456k free)

vm_info: OpenJDK 64-Bit Server VM (25.152-b01) for windows-amd64 JRE (1.8.0_152-release-915-b01), built by "builder" with MS VC++ 10.0 (VS2010)

time: Sun Apr 29 11:12:24 2018
elapsed time: 5 seconds (0d 0h 0m 5s)

