#
# There is insufficient memory for the Java Runtime Environment to continue.
# Native memory allocation (malloc) failed to allocate 181136 bytes for Chunk::new
# Possible reasons:
#   The system is out of physical RAM or swap space
#   In 32 bit mode, the process size limit was hit
# Possible solutions:
#   Reduce memory load on the system
#   Increase physical memory or swap space
#   Check if swap backing store is full
#   Use 64 bit Java on a 64 bit OS
#   Decrease Java heap size (-Xmx/-Xms)
#   Decrease number of Java threads
#   Decrease Java thread stack sizes (-Xss)
#   Set larger code cache with -XX:ReservedCodeCacheSize=
# This output file may be truncated or incomplete.
#
#  Out of Memory Error (allocation.cpp:390), pid=1376, tid=0x0000000000000ea4
#
# JRE version: OpenJDK Runtime Environment (8.0_152-b01) (build 1.8.0_152-release-915-b01)
# Java VM: OpenJDK 64-Bit Server VM (25.152-b01 mixed mode windows-amd64 compressed oops)
# Failed to write core dump. Minidumps are not enabled by default on client versions of Windows
#

---------------  T H R E A D  ---------------

Current thread (0x0000000014d38800):  JavaThread "C2 CompilerThread0" daemon [_thread_in_native, id=3748, stack(0x0000000016650000,0x0000000016750000)]

Stack: [0x0000000016650000,0x0000000016750000]
[error occurred during error reporting (printing stack bounds), id 0xc0000005]

Native frames: (J=compiled Java code, j=interpreted, Vv=VM code, C=native code)


Current CompileTask:
C2:  13237 1383       4       com.google.devtools.build.android.desugar.TryWithResourcesRewriter$TryWithResourceVisitor::visitMethodInsn (75 bytes)


---------------  P R O C E S S  ---------------

Java Threads: ( => current thread )
  0x00000000160b0000 JavaThread "Service Thread" daemon [_thread_blocked, id=1972, stack(0x0000000016950000,0x0000000016a50000)]
  0x00000000160aa000 JavaThread "C1 CompilerThread2" daemon [_thread_blocked, id=828, stack(0x0000000016850000,0x0000000016950000)]
  0x0000000014d3b000 JavaThread "C2 CompilerThread1" daemon [_thread_blocked, id=6548, stack(0x0000000016750000,0x0000000016850000)]
=>0x0000000014d38800 JavaThread "C2 CompilerThread0" daemon [_thread_in_native, id=3748, stack(0x0000000016650000,0x0000000016750000)]
  0x0000000014cec800 JavaThread "Attach Listener" daemon [_thread_blocked, id=10044, stack(0x0000000016550000,0x0000000016650000)]
  0x0000000016058800 JavaThread "Signal Dispatcher" daemon [_thread_blocked, id=9448, stack(0x0000000016450000,0x0000000016550000)]
  0x0000000004976800 JavaThread "Finalizer" daemon [_thread_blocked, id=6804, stack(0x0000000015f50000,0x0000000016050000)]
  0x0000000004971000 JavaThread "Reference Handler" daemon [_thread_blocked, id=3624, stack(0x0000000015e50000,0x0000000015f50000)]
  0x00000000044fe000 JavaThread "main" [_thread_in_native, id=9508, stack(0x0000000004360000,0x0000000004460000)]

Other Threads:
  0x0000000014ca5800 VMThread [stack: 0x0000000015d50000,0x0000000015e50000] [id=3056]
  0x00000000160b1000 WatcherThread [stack: 0x0000000016a50000,0x0000000016b50000] [id=8848]

VM state:not at safepoint (normal execution)

VM Mutex/Monitor currently owned by a thread: None

Heap:
 PSYoungGen      total 14336K, used 446K [0x00000000feb00000, 0x0000000100000000, 0x0000000100000000)
  eden space 7168K, 3% used [0x00000000feb00000,0x00000000feb47aa0,0x00000000ff200000)
  from space 7168K, 2% used [0x00000000ff200000,0x00000000ff228000,0x00000000ff900000)
  to   space 7168K, 0% used [0x00000000ff900000,0x00000000ff900000,0x0000000100000000)
 ParOldGen       total 44032K, used 9055K [0x00000000fc000000, 0x00000000feb00000, 0x00000000feb00000)
  object space 44032K, 20% used [0x00000000fc000000,0x00000000fc8d7ca8,0x00000000feb00000)
 Metaspace       used 8086K, capacity 8262K, committed 8448K, reserved 1056768K
  class space    used 912K, capacity 989K, committed 1024K, reserved 1048576K

Card table byte_map: [0x0000000002760000,0x0000000002790000] byte_map_base: 0x0000000001f80000

Marking Bits: (ParMarkBitMap*) 0x0000000074ad3950
 Begin Bits: [0x0000000014140000, 0x0000000014240000)
 End Bits:   [0x0000000014240000, 0x0000000014340000)

Polling page: 0x0000000002730000

CodeCache: size=245760Kb used=6154Kb max_used=6154Kb free=239605Kb
 bounds [0x0000000004980000, 0x0000000004f90000, 0x0000000013980000]
 total_blobs=1717 nmethods=1382 adapters=248
 compilation: enabled

Compilation events (10 events):
Event: 13.191 Thread 0x0000000014d3b000 nmethod 1379 0x0000000004f72290 code [0x0000000004f723c0, 0x0000000004f72458]
Event: 13.191 Thread 0x00000000160aa000 nmethod 1377 0x0000000004f754d0 code [0x0000000004f75ae0, 0x0000000004f7ade8]
Event: 13.191 Thread 0x00000000160aa000 1378       3       org.objectweb.asm.AnnotationWriter::visitEnum (63 bytes)
Event: 13.192 Thread 0x00000000160aa000 nmethod 1378 0x0000000004f73210 code [0x0000000004f733e0, 0x0000000004f73798]
Event: 13.192 Thread 0x00000000160aa000 1380       3       org.objectweb.asm.tree.MethodNode::accept (916 bytes)
Event: 13.226 Thread 0x0000000014d38800 1383       4       com.google.devtools.build.android.desugar.TryWithResourcesRewriter$TryWithResourceVisitor::visitMethodInsn (75 bytes)
Event: 13.229 Thread 0x00000000160aa000 nmethod 1380 0x0000000004f7e410 code [0x0000000004f7eb20, 0x0000000004f83888]
Event: 13.229 Thread 0x00000000160aa000 1382       3       com.google.devtools.build.android.desugar.TryWithResourcesRewriter::visitMethod (99 bytes)
Event: 13.230 Thread 0x00000000160aa000 nmethod 1382 0x0000000004f43450 code [0x0000000004f43680, 0x0000000004f443d8]
Event: 13.230 Thread 0x00000000160aa000 1381       3       com.google.devtools.build.android.desugar.InterfaceDesugaring::visitMethod (301 bytes)

GC Heap History (10 events):
Event: 11.620 GC heap before
{Heap before GC invocations=7 (full 0):
 PSYoungGen      total 9728K, used 9699K [0x00000000feb00000, 0x0000000100000000, 0x0000000100000000)
  eden space 7168K, 100% used [0x00000000feb00000,0x00000000ff200000,0x00000000ff200000)
  from space 2560K, 98% used [0x00000000ffd80000,0x00000000ffff8c00,0x0000000100000000)
  to   space 7168K, 0% used [0x00000000ff200000,0x00000000ff200000,0x00000000ff900000)
 ParOldGen       total 44032K, used 6392K [0x00000000fc000000, 0x00000000feb00000, 0x00000000feb00000)
  object space 44032K, 14% used [0x00000000fc000000,0x00000000fc63e078,0x00000000feb00000)
 Metaspace       used 8067K, capacity 8262K, committed 8448K, reserved 1056768K
  class space    used 909K, capacity 989K, committed 1024K, reserved 1048576K
Event: 11.856 GC heap after
Heap after GC invocations=7 (full 0):
 PSYoungGen      total 14336K, used 256K [0x00000000feb00000, 0x0000000100000000, 0x0000000100000000)
  eden space 7168K, 0% used [0x00000000feb00000,0x00000000feb00000,0x00000000ff200000)
  from space 7168K, 3% used [0x00000000ff200000,0x00000000ff240000,0x00000000ff900000)
  to   space 7168K, 0% used [0x00000000ff900000,0x00000000ff900000,0x0000000100000000)
 ParOldGen       total 44032K, used 8807K [0x00000000fc000000, 0x00000000feb00000, 0x00000000feb00000)
  object space 44032K, 20% used [0x00000000fc000000,0x00000000fc899c98,0x00000000feb00000)
 Metaspace       used 8067K, capacity 8262K, committed 8448K, reserved 1056768K
  class space    used 909K, capacity 989K, committed 1024K, reserved 1048576K
}
Event: 12.182 GC heap before
{Heap before GC invocations=8 (full 0):
 PSYoungGen      total 14336K, used 7424K [0x00000000feb00000, 0x0000000100000000, 0x0000000100000000)
  eden space 7168K, 100% used [0x00000000feb00000,0x00000000ff200000,0x00000000ff200000)
  from space 7168K, 3% used [0x00000000ff200000,0x00000000ff240000,0x00000000ff900000)
  to   space 7168K, 0% used [0x00000000ff900000,0x00000000ff900000,0x0000000100000000)
 ParOldGen       total 44032K, used 8807K [0x00000000fc000000, 0x00000000feb00000, 0x00000000feb00000)
  object space 44032K, 20% used [0x00000000fc000000,0x00000000fc899c98,0x00000000feb00000)
 Metaspace       used 8068K, capacity 8262K, committed 8448K, reserved 1056768K
  class space    used 909K, capacity 989K, committed 1024K, reserved 1048576K
Event: 12.388 GC heap after
Heap after GC invocations=8 (full 0):
 PSYoungGen      total 14336K, used 224K [0x00000000feb00000, 0x0000000100000000, 0x0000000100000000)
  eden space 7168K, 0% used [0x00000000feb00000,0x00000000feb00000,0x00000000ff200000)
  from space 7168K, 3% used [0x00000000ff900000,0x00000000ff938000,0x0000000100000000)
  to   space 7168K, 0% used [0x00000000ff200000,0x00000000ff200000,0x00000000ff900000)
 ParOldGen       total 44032K, used 8863K [0x00000000fc000000, 0x00000000feb00000, 0x00000000feb00000)
  object space 44032K, 20% used [0x00000000fc000000,0x00000000fc8a7c98,0x00000000feb00000)
 Metaspace       used 8068K, capacity 8262K, committed 8448K, reserved 1056768K
  class space    used 909K, capacity 989K, committed 1024K, reserved 1048576K
}
Event: 12.425 GC heap before
{Heap before GC invocations=9 (full 0):
 PSYoungGen      total 14336K, used 7392K [0x00000000feb00000, 0x0000000100000000, 0x0000000100000000)
  eden space 7168K, 100% used [0x00000000feb00000,0x00000000ff200000,0x00000000ff200000)
  from space 7168K, 3% used [0x00000000ff900000,0x00000000ff938000,0x0000000100000000)
  to   space 7168K, 0% used [0x00000000ff200000,0x00000000ff200000,0x00000000ff900000)
 ParOldGen       total 44032K, used 8863K [0x00000000fc000000, 0x00000000feb00000, 0x00000000feb00000)
  object space 44032K, 20% used [0x00000000fc000000,0x00000000fc8a7c98,0x00000000feb00000)
 Metaspace       used 8068K, capacity 8262K, committed 8448K, reserved 1056768K
  class space    used 909K, capacity 989K, committed 1024K, reserved 1048576K
Event: 12.524 GC heap after
Heap after GC invocations=9 (full 0):
 PSYoungGen      total 14336K, used 2587K [0x00000000feb00000, 0x0000000100000000, 0x0000000100000000)
  eden space 7168K, 0% used [0x00000000feb00000,0x00000000feb00000,0x00000000ff200000)
  from space 7168K, 36% used [0x00000000ff200000,0x00000000ff486fe0,0x00000000ff900000)
  to   space 7168K, 0% used [0x00000000ff900000,0x00000000ff900000,0x0000000100000000)
 ParOldGen       total 44032K, used 8935K [0x00000000fc000000, 0x00000000feb00000, 0x00000000feb00000)
  object space 44032K, 20% used [0x00000000fc000000,0x00000000fc8b9c98,0x00000000feb00000)
 Metaspace       used 8068K, capacity 8262K, committed 8448K, reserved 1056768K
  class space    used 909K, capacity 989K, committed 1024K, reserved 1048576K
}
Event: 12.993 GC heap before
{Heap before GC invocations=10 (full 0):
 PSYoungGen      total 14336K, used 9755K [0x00000000feb00000, 0x0000000100000000, 0x0000000100000000)
  eden space 7168K, 100% used [0x00000000feb00000,0x00000000ff200000,0x00000000ff200000)
  from space 7168K, 36% used [0x00000000ff200000,0x00000000ff486fe0,0x00000000ff900000)
  to   space 7168K, 0% used [0x00000000ff900000,0x00000000ff900000,0x0000000100000000)
 ParOldGen       total 44032K, used 8935K [0x00000000fc000000, 0x00000000feb00000, 0x00000000feb00000)
  object space 44032K, 20% used [0x00000000fc000000,0x00000000fc8b9c98,0x00000000feb00000)
 Metaspace       used 8068K, capacity 8262K, committed 8448K, reserved 1056768K
  class space    used 909K, capacity 989K, committed 1024K, reserved 1048576K
Event: 13.006 GC heap after
Heap after GC invocations=10 (full 0):
 PSYoungGen      total 14336K, used 96K [0x00000000feb00000, 0x0000000100000000, 0x0000000100000000)
  eden space 7168K, 0% used [0x00000000feb00000,0x00000000feb00000,0x00000000ff200000)
  from space 7168K, 1% used [0x00000000ff900000,0x00000000ff918000,0x0000000100000000)
  to   space 7168K, 0% used [0x00000000ff200000,0x00000000ff200000,0x00000000ff900000)
 ParOldGen       total 44032K, used 9031K [0x00000000fc000000, 0x00000000feb00000, 0x00000000feb00000)
  object space 44032K, 20% used [0x00000000fc000000,0x00000000fc8d1ca8,0x00000000feb00000)
 Metaspace       used 8068K, capacity 8262K, committed 8448K, reserved 1056768K
  class space    used 909K, capacity 989K, committed 1024K, reserved 1048576K
}
Event: 13.194 GC heap before
{Heap before GC invocations=11 (full 0):
 PSYoungGen      total 14336K, used 7264K [0x00000000feb00000, 0x0000000100000000, 0x0000000100000000)
  eden space 7168K, 100% used [0x00000000feb00000,0x00000000ff200000,0x00000000ff200000)
  from space 7168K, 1% used [0x00000000ff900000,0x00000000ff918000,0x0000000100000000)
  to   space 7168K, 0% used [0x00000000ff200000,0x00000000ff200000,0x00000000ff900000)
 ParOldGen       total 44032K, used 9031K [0x00000000fc000000, 0x00000000feb00000, 0x00000000feb00000)
  object space 44032K, 20% used [0x00000000fc000000,0x00000000fc8d1ca8,0x00000000feb00000)
 Metaspace       used 8086K, capacity 8262K, committed 8448K, reserved 1056768K
  class space    used 912K, capacity 989K, committed 1024K, reserved 1048576K
Event: 13.225 GC heap after
Heap after GC invocations=11 (full 0):
 PSYoungGen      total 14336K, used 160K [0x00000000feb00000, 0x0000000100000000, 0x0000000100000000)
  eden space 7168K, 0% used [0x00000000feb00000,0x00000000feb00000,0x00000000ff200000)
  from space 7168K, 2% used [0x00000000ff200000,0x00000000ff228000,0x00000000ff900000)
  to   space 7168K, 0% used [0x00000000ff900000,0x00000000ff900000,0x0000000100000000)
 ParOldGen       total 44032K, used 9055K [0x00000000fc000000, 0x00000000feb00000, 0x00000000feb00000)
  object space 44032K, 20% used [0x00000000fc000000,0x00000000fc8d7ca8,0x00000000feb00000)
 Metaspace       used 8086K, capacity 8262K, committed 8448K, reserved 1056768K
  class space    used 912K, capacity 989K, committed 1024K, reserved 1048576K
}

Deoptimization events (10 events):
Event: 11.864 Thread 0x00000000044fe000 Uncommon trap: reason=unstable_if action=reinterpret pc=0x0000000004e64060 method=org.objectweb.asm.MethodWriter.a(Lorg/objectweb/asm/ByteVector;)V @ 227
Event: 13.008 Thread 0x00000000044fe000 Uncommon trap: reason=unstable_if action=reinterpret pc=0x0000000004f0ff3c method=org.objectweb.asm.ClassReader.a(I[CLjava/lang/String;Lorg/objectweb/asm/AnnotationVisitor;)I @ 582
Event: 13.173 Thread 0x00000000044fe000 Uncommon trap: reason=unstable_if action=reinterpret pc=0x0000000004f3e700 method=org.objectweb.asm.ClassReader.b(Lorg/objectweb/asm/ClassVisitor;Lorg/objectweb/asm/Context;I)I @ 126
Event: 13.174 Thread 0x00000000044fe000 Uncommon trap: reason=unstable_if action=reinterpret pc=0x0000000004e37868 method=com.google.devtools.build.android.desugar.InterfaceDesugaring.visitMethod(ILjava/lang/String;Ljava/lang/String;Ljava/lang/String;[Ljava/lang/String;)Lorg/objectweb/asm/Metho
Event: 13.175 Thread 0x00000000044fe000 Uncommon trap: reason=unstable_if action=reinterpret pc=0x0000000004e35838 method=com.google.devtools.build.android.desugar.Java7Compatibility.visitMethod(ILjava/lang/String;Ljava/lang/String;Ljava/lang/String;[Ljava/lang/String;)Lorg/objectweb/asm/Method
Event: 13.188 Thread 0x00000000044fe000 Uncommon trap: reason=unstable_if action=reinterpret pc=0x0000000004f62928 method=org.objectweb.asm.tree.MethodNode.accept(Lorg/objectweb/asm/MethodVisitor;)V @ 69
Event: 13.188 Thread 0x00000000044fe000 Uncommon trap: reason=unstable_if action=reinterpret pc=0x0000000004e7e2a8 method=org.objectweb.asm.AnnotationWriter.visitEnd()V @ 4
Event: 13.192 Thread 0x00000000044fe000 Uncommon trap: reason=class_check action=maybe_recompile pc=0x0000000004da98e0 method=com.google.common.collect.AbstractMultimap.containsEntry(Ljava/lang/Object;Ljava/lang/Object;)Z @ 10
Event: 13.192 Thread 0x00000000044fe000 Uncommon trap: reason=class_check action=maybe_recompile pc=0x0000000004da98e0 method=com.google.common.collect.AbstractMultimap.containsEntry(Ljava/lang/Object;Ljava/lang/Object;)Z @ 10
Event: 13.192 Thread 0x00000000044fe000 Uncommon trap: reason=class_check action=maybe_recompile pc=0x0000000004da44a8 method=com.google.common.collect.AbstractMultimap.containsEntry(Ljava/lang/Object;Ljava/lang/Object;)Z @ 10

Classes redefined (0 events):
No events

Internal exceptions (10 events):
Event: 12.164 Thread 0x00000000044fe000 Exception <a 'sun/nio/fs/WindowsException'> (0x00000000fefb0410) thrown at [D:\src\AOSP-openjdk-cygwin\jdk8u\hotspot\src\share\vm\prims\jni.cpp, line 709]
Event: 12.175 Thread 0x00000000044fe000 Exception <a 'sun/nio/fs/WindowsException'> (0x00000000ff13a5c0) thrown at [D:\src\AOSP-openjdk-cygwin\jdk8u\hotspot\src\share\vm\prims\jni.cpp, line 709]
Event: 12.175 Thread 0x00000000044fe000 Exception <a 'sun/nio/fs/WindowsException'> (0x00000000ff13aac8) thrown at [D:\src\AOSP-openjdk-cygwin\jdk8u\hotspot\src\share\vm\prims\jni.cpp, line 709]
Event: 13.033 Thread 0x00000000044fe000 Exception <a 'sun/nio/fs/WindowsException'> (0x00000000fee98658) thrown at [D:\src\AOSP-openjdk-cygwin\jdk8u\hotspot\src\share\vm\prims\jni.cpp, line 709]
Event: 13.033 Thread 0x00000000044fe000 Exception <a 'sun/nio/fs/WindowsException'> (0x00000000fee98b60) thrown at [D:\src\AOSP-openjdk-cygwin\jdk8u\hotspot\src\share\vm\prims\jni.cpp, line 709]
Event: 13.172 Thread 0x00000000044fe000 Exception <a 'sun/nio/fs/WindowsException'> (0x00000000ff06f2a0) thrown at [D:\src\AOSP-openjdk-cygwin\jdk8u\hotspot\src\share\vm\prims\jni.cpp, line 709]
Event: 13.172 Thread 0x00000000044fe000 Exception <a 'sun/nio/fs/WindowsException'> (0x00000000ff06f7a8) thrown at [D:\src\AOSP-openjdk-cygwin\jdk8u\hotspot\src\share\vm\prims\jni.cpp, line 709]
Event: 13.180 Thread 0x00000000044fe000 Exception <a 'sun/nio/fs/WindowsException'> (0x00000000ff0d99e8) thrown at [D:\src\AOSP-openjdk-cygwin\jdk8u\hotspot\src\share\vm\prims\jni.cpp, line 709]
Event: 13.180 Thread 0x00000000044fe000 Exception <a 'sun/nio/fs/WindowsException'> (0x00000000ff0d9ef0) thrown at [D:\src\AOSP-openjdk-cygwin\jdk8u\hotspot\src\share\vm\prims\jni.cpp, line 709]
Event: 13.188 Thread 0x00000000044fe000 Implicit null exception at 0x0000000004e7e210 to 0x0000000004e7e295

Events (10 events):
Event: 13.192 Thread 0x00000000044fe000 DEOPT UNPACKING pc=0x00000000049c556a sp=0x000000000445e978 mode 2
Event: 13.192 Thread 0x00000000044fe000 Uncommon trap: trap_request=0xffffffde fr.pc=0x0000000004da44a8
Event: 13.192 Thread 0x00000000044fe000 DEOPT PACKING pc=0x0000000004da44a8 sp=0x000000000445ea80
Event: 13.192 Thread 0x00000000044fe000 DEOPT UNPACKING pc=0x00000000049c556a sp=0x000000000445e960 mode 2
Event: 13.194 Executing VM operation: ParallelGCFailedAllocation
Event: 13.225 Executing VM operation: ParallelGCFailedAllocation done
Event: 13.225 Executing VM operation: RevokeBias
Event: 13.225 Executing VM operation: RevokeBias done
Event: 13.225 Executing VM operation: RevokeBias
Event: 13.225 Executing VM operation: RevokeBias done


Dynamic libraries:
0x00007ff7b5310000 - 0x00007ff7b5341000 	D:\Android\Android\Android Studio\jre\bin\java.exe
0x00007ffab57a0000 - 0x00007ffab5980000 	C:\Windows\SYSTEM32\ntdll.dll
0x00007ffab4ae0000 - 0x00007ffab4b8e000 	C:\Windows\System32\KERNEL32.DLL
0x00007ffab1ba0000 - 0x00007ffab1e06000 	C:\Windows\System32\KERNELBASE.dll
0x00007ffab5180000 - 0x00007ffab5221000 	C:\Windows\System32\ADVAPI32.dll
0x00007ffab56a0000 - 0x00007ffab573d000 	C:\Windows\System32\msvcrt.dll
0x00007ffab5610000 - 0x00007ffab566b000 	C:\Windows\System32\sechost.dll
0x00007ffab3260000 - 0x00007ffab337f000 	C:\Windows\System32\RPCRT4.dll
0x00007ffab4ce0000 - 0x00007ffab4e6e000 	C:\Windows\System32\USER32.dll
0x00007ffab1fb0000 - 0x00007ffab1fd0000 	C:\Windows\System32\win32u.dll
0x00007ffab5740000 - 0x00007ffab5768000 	C:\Windows\System32\GDI32.dll
0x00007ffab1e10000 - 0x00007ffab1fa1000 	C:\Windows\System32\gdi32full.dll
0x00007ffab2030000 - 0x00007ffab20cb000 	C:\Windows\System32\msvcp_win.dll
0x00007ffab2200000 - 0x00007ffab22f6000 	C:\Windows\System32\ucrtbase.dll
0x00007ffaa8630000 - 0x00007ffaa8899000 	C:\Windows\WinSxS\amd64_microsoft.windows.common-controls_6595b64144ccf1df_6.0.16299.15_none_cc92fb402215d91d\COMCTL32.dll
0x00007ffab47d0000 - 0x00007ffab4ad8000 	C:\Windows\System32\combase.dll
0x00007ffab2180000 - 0x00007ffab21f2000 	C:\Windows\System32\bcryptPrimitives.dll
0x00007ffab5670000 - 0x00007ffab569d000 	C:\Windows\System32\IMM32.DLL
0x0000000074230000 - 0x0000000074302000 	D:\Android\Android\Android Studio\jre\jre\bin\msvcr100.dll
0x0000000074310000 - 0x0000000074b4e000 	D:\Android\Android\Android Studio\jre\jre\bin\server\jvm.dll
0x00007ffab3380000 - 0x00007ffab3388000 	C:\Windows\System32\PSAPI.DLL
0x00007ffaae6c0000 - 0x00007ffaae6c9000 	C:\Windows\SYSTEM32\WSOCK32.dll
0x00007ffab53a0000 - 0x00007ffab540c000 	C:\Windows\System32\WS2_32.dll
0x00007ffaaf930000 - 0x00007ffaaf953000 	C:\Windows\SYSTEM32\WINMM.dll
0x00007ffab07e0000 - 0x00007ffab07ea000 	C:\Windows\SYSTEM32\VERSION.dll
0x00007ffaaf630000 - 0x00007ffaaf65a000 	C:\Windows\SYSTEM32\WINMMBASE.dll
0x00007ffab2300000 - 0x00007ffab234a000 	C:\Windows\System32\cfgmgr32.dll
0x00007ffaac750000 - 0x00007ffaac75f000 	D:\Android\Android\Android Studio\jre\jre\bin\verify.dll
0x00007ffaa80b0000 - 0x00007ffaa80d9000 	D:\Android\Android\Android Studio\jre\jre\bin\java.dll
0x00007ffaac730000 - 0x00007ffaac746000 	D:\Android\Android\Android Studio\jre\jre\bin\zip.dll
0x00007ffab3390000 - 0x00007ffab47c7000 	C:\Windows\System32\SHELL32.dll
0x00007ffab2ce0000 - 0x00007ffab2d86000 	C:\Windows\System32\shcore.dll
0x00007ffab2520000 - 0x00007ffab2c67000 	C:\Windows\System32\windows.storage.dll
0x00007ffab4e70000 - 0x00007ffab4ec1000 	C:\Windows\System32\shlwapi.dll
0x00007ffab1b40000 - 0x00007ffab1b51000 	C:\Windows\System32\kernel.appcore.dll
0x00007ffab1af0000 - 0x00007ffab1b3c000 	C:\Windows\System32\powrprof.dll
0x00007ffab1b80000 - 0x00007ffab1b9b000 	C:\Windows\System32\profapi.dll
0x00007ffab14e0000 - 0x00007ffab14f7000 	C:\Windows\SYSTEM32\CRYPTSP.dll
0x00007ffab0f30000 - 0x00007ffab0f63000 	C:\Windows\system32\rsaenh.dll
0x00007ffab15f0000 - 0x00007ffab1615000 	C:\Windows\SYSTEM32\bcrypt.dll
0x00007ffab1a20000 - 0x00007ffab1a49000 	C:\Windows\SYSTEM32\USERENV.dll
0x00007ffab1500000 - 0x00007ffab150b000 	C:\Windows\SYSTEM32\CRYPTBASE.dll
0x00007ffaabfc0000 - 0x00007ffaabfda000 	D:\Android\Android\Android Studio\jre\jre\bin\net.dll
0x00007ffab1320000 - 0x00007ffab1386000 	C:\Windows\system32\mswsock.dll
0x00007ffab10b0000 - 0x00007ffab10e9000 	C:\Windows\SYSTEM32\IPHLPAPI.DLL
0x00007ffab5600000 - 0x00007ffab5608000 	C:\Windows\System32\NSI.dll
0x00007ffaac900000 - 0x00007ffaac916000 	C:\Windows\SYSTEM32\dhcpcsvc6.DLL
0x00007ffaac8e0000 - 0x00007ffaac8fa000 	C:\Windows\SYSTEM32\dhcpcsvc.DLL
0x00007ffaa4a90000 - 0x00007ffaa4aa1000 	D:\Android\Android\Android Studio\jre\jre\bin\nio.dll

VM Arguments:
jvm_args: -Djava.awt.headless=true -Xmx64M -Dfile.encoding=GBK -Duser.country=CN -Duser.language=zh -Duser.variant 
java_command: com.google.devtools.build.android.desugar.Desugar @D:\Android\TEST\WanAndroidTest\app\build\intermediates\tmp\desugar_args4934816768726386655
java_class_path (initial): C:\Users\Administrator\AppData\Local\Temp\desugar_deploy.jar7175976295031975279
Launcher Type: SUN_STANDARD

Environment Variables:
PATH=C:\Windows\system32;C:\Windows;C:\Windows\System32\Wbem;C:\Windows\System32\WindowsPowerShell\v1.0\;C:\Program Files (x86)\NVIDIA Corporation\PhysX\Common;C:\Users\Administrator\AppData\Local\Microsoft\WindowsApps;
USERNAME=Administrator
OS=Windows_NT
PROCESSOR_IDENTIFIER=Intel64 Family 6 Model 58 Stepping 9, GenuineIntel



---------------  S Y S T E M  ---------------

OS: Windows 10.0 , 64 bit Build 16299 (10.0.16299.15)

CPU:total 4 (initial active 4) (2 cores per cpu, 2 threads per core) family 6 model 58 stepping 9, cmov, cx8, fxsr, mmx, sse, sse2, sse3, ssse3, sse4.1, sse4.2, popcnt, avx, clmul, erms, ht, tsc, tscinvbit, tscinv

Memory: 4k page, physical 8281380k(1333204k free), swap 8281380k(5128k free)

vm_info: OpenJDK 64-Bit Server VM (25.152-b01) for windows-amd64 JRE (1.8.0_152-release-915-b01), built by "builder" with MS VC++ 10.0 (VS2010)

time: Mon Apr 30 12:01:24 2018
elapsed time: 13 seconds (0d 0h 0m 13s)

