#
# There is insufficient memory for the Java Runtime Environment to continue.
# Native memory allocation (malloc) failed to allocate 54336 bytes for Chunk::new
# Possible reasons:
#   The system is out of physical RAM or swap space
#   In 32 bit mode, the process size limit was hit
# Possible solutions:
#   Reduce memory load on the system
#   Increase physical memory or swap space
#   Check if swap backing store is full
#   Use 64 bit Java on a 64 bit OS
#   Decrease Java heap size (-Xmx/-Xms)
#   Decrease number of Java threads
#   Decrease Java thread stack sizes (-Xss)
#   Set larger code cache with -XX:ReservedCodeCacheSize=
# This output file may be truncated or incomplete.
#
#  Out of Memory Error (allocation.cpp:390), pid=5196, tid=0x0000000000001d48
#
# JRE version: OpenJDK Runtime Environment (8.0_152-b01) (build 1.8.0_152-release-915-b01)
# Java VM: OpenJDK 64-Bit Server VM (25.152-b01 mixed mode windows-amd64 compressed oops)
# Failed to write core dump. Minidumps are not enabled by default on client versions of Windows
#

---------------  T H R E A D  ---------------

Current thread (0x0000000015489000):  JavaThread "C2 CompilerThread0" daemon [_thread_in_native, id=7496, stack(0x0000000016de0000,0x0000000016ee0000)]

Stack: [0x0000000016de0000,0x0000000016ee0000]
[error occurred during error reporting (printing stack bounds), id 0xc0000005]

Native frames: (J=compiled Java code, j=interpreted, Vv=VM code, C=native code)


Current CompileTask:
C2:   4979  940 %     4       org.objectweb.asm.ClassReader::a @ 1480 (3587 bytes)


---------------  P R O C E S S  ---------------

Java Threads: ( => current thread )
  0x0000000016841800 JavaThread "Service Thread" daemon [_thread_blocked, id=7796, stack(0x00000000170e0000,0x00000000171e0000)]
  0x000000001683b000 JavaThread "C1 CompilerThread2" daemon [_thread_blocked, id=992, stack(0x0000000016fe0000,0x00000000170e0000)]
  0x0000000016830000 JavaThread "C2 CompilerThread1" daemon [_thread_blocked, id=5656, stack(0x0000000016ee0000,0x0000000016fe0000)]
=>0x0000000015489000 JavaThread "C2 CompilerThread0" daemon [_thread_in_native, id=7496, stack(0x0000000016de0000,0x0000000016ee0000)]
  0x00000000167e8800 JavaThread "Attach Listener" daemon [_thread_blocked, id=3672, stack(0x0000000016ce0000,0x0000000016de0000)]
  0x000000001543d000 JavaThread "Signal Dispatcher" daemon [_thread_blocked, id=2988, stack(0x0000000016be0000,0x0000000016ce0000)]
  0x0000000015418800 JavaThread "Finalizer" daemon [_thread_blocked, id=4048, stack(0x0000000016680000,0x0000000016780000)]
  0x00000000153f7000 JavaThread "Reference Handler" daemon [_thread_blocked, id=6824, stack(0x0000000016580000,0x0000000016680000)]
  0x000000000335e000 JavaThread "main" [_thread_in_vm, id=9388, stack(0x0000000004ed0000,0x0000000004fd0000)]

Other Threads:
  0x00000000153f5800 VMThread [stack: 0x0000000016480000,0x0000000016580000] [id=8148]
  0x0000000016843000 WatcherThread [stack: 0x00000000171e0000,0x00000000172e0000] [id=6172]

VM state:not at safepoint (normal execution)

VM Mutex/Monitor currently owned by a thread: None

Heap:
 PSYoungGen      total 18944K, used 5872K [0x00000000feb00000, 0x0000000100000000, 0x0000000100000000)
  eden space 16384K, 20% used [0x00000000feb00000,0x00000000fee43638,0x00000000ffb00000)
  from space 2560K, 98% used [0x00000000ffd80000,0x00000000ffff8c20,0x0000000100000000)
  to   space 2560K, 0% used [0x00000000ffb00000,0x00000000ffb00000,0x00000000ffd80000)
 ParOldGen       total 44032K, used 5791K [0x00000000fc000000, 0x00000000feb00000, 0x00000000feb00000)
  object space 44032K, 13% used [0x00000000fc000000,0x00000000fc5a7d18,0x00000000feb00000)
 Metaspace       used 7833K, capacity 8002K, committed 8192K, reserved 1056768K
  class space    used 904K, capacity 989K, committed 1024K, reserved 1048576K

Card table byte_map: [0x00000000032f0000,0x0000000003320000] byte_map_base: 0x0000000002b10000

Marking Bits: (ParMarkBitMap*) 0x0000000074ad3950
 Begin Bits: [0x0000000014890000, 0x0000000014990000)
 End Bits:   [0x0000000014990000, 0x0000000014a90000)

Polling page: 0x0000000000be0000

CodeCache: size=245760Kb used=3504Kb max_used=3512Kb free=242255Kb
 bounds [0x00000000050d0000, 0x0000000005440000, 0x00000000140d0000]
 total_blobs=1273 nmethods=939 adapters=248
 compilation: enabled

Compilation events (10 events):
Event: 4.797 Thread 0x000000001683b000 nmethod 935 0x0000000005438b10 code [0x0000000005438c80, 0x0000000005438ed0]
Event: 4.797 Thread 0x000000001683b000  936       3       org.objectweb.asm.tree.FrameNode::<init> (111 bytes)
Event: 4.800 Thread 0x000000001683b000 nmethod 936 0x0000000005438f90 code [0x0000000005439320, 0x000000000543b1d8]
Event: 4.800 Thread 0x0000000016830000  937       4       org.objectweb.asm.MethodVisitor::visitLineNumber (17 bytes)
Event: 4.801 Thread 0x0000000016830000 nmethod 937 0x0000000005430b50 code [0x0000000005430ca0, 0x0000000005430d38]
Event: 4.801 Thread 0x000000001683b000  938       3       org.objectweb.asm.MethodWriter::e (95 bytes)
Event: 4.802 Thread 0x000000001683b000 nmethod 938 0x000000000543edd0 code [0x000000000543ef60, 0x000000000543f488]
Event: 4.803 Thread 0x000000001683b000  939       1       java.util.Arrays$ArrayList::get (7 bytes)
Event: 4.803 Thread 0x000000001683b000 nmethod 939 0x000000000543ea90 code [0x000000000543ebe0, 0x000000000543ed10]
Event: 4.804 Thread 0x0000000015489000  940 %     4       org.objectweb.asm.ClassReader::a @ 1480 (3587 bytes)

GC Heap History (4 events):
Event: 2.500 GC heap before
{Heap before GC invocations=1 (full 0):
 PSYoungGen      total 18944K, used 16384K [0x00000000feb00000, 0x0000000100000000, 0x0000000100000000)
  eden space 16384K, 100% used [0x00000000feb00000,0x00000000ffb00000,0x00000000ffb00000)
  from space 2560K, 0% used [0x00000000ffd80000,0x00000000ffd80000,0x0000000100000000)
  to   space 2560K, 0% used [0x00000000ffb00000,0x00000000ffb00000,0x00000000ffd80000)
 ParOldGen       total 44032K, used 0K [0x00000000fc000000, 0x00000000feb00000, 0x00000000feb00000)
  object space 44032K, 0% used [0x00000000fc000000,0x00000000fc000000,0x00000000feb00000)
 Metaspace       used 6611K, capacity 6736K, committed 7040K, reserved 1056768K
  class space    used 774K, capacity 824K, committed 896K, reserved 1048576K
Event: 2.541 GC heap after
Heap after GC invocations=1 (full 0):
 PSYoungGen      total 18944K, used 2552K [0x00000000feb00000, 0x0000000100000000, 0x0000000100000000)
  eden space 16384K, 0% used [0x00000000feb00000,0x00000000feb00000,0x00000000ffb00000)
  from space 2560K, 99% used [0x00000000ffb00000,0x00000000ffd7e020,0x00000000ffd80000)
  to   space 2560K, 0% used [0x00000000ffd80000,0x00000000ffd80000,0x0000000100000000)
 ParOldGen       total 44032K, used 1691K [0x00000000fc000000, 0x00000000feb00000, 0x00000000feb00000)
  object space 44032K, 3% used [0x00000000fc000000,0x00000000fc1a6d48,0x00000000feb00000)
 Metaspace       used 6611K, capacity 6736K, committed 7040K, reserved 1056768K
  class space    used 774K, capacity 824K, committed 896K, reserved 1048576K
}
Event: 3.469 GC heap before
{Heap before GC invocations=2 (full 0):
 PSYoungGen      total 18944K, used 18936K [0x00000000feb00000, 0x0000000100000000, 0x0000000100000000)
  eden space 16384K, 100% used [0x00000000feb00000,0x00000000ffb00000,0x00000000ffb00000)
  from space 2560K, 99% used [0x00000000ffb00000,0x00000000ffd7e020,0x00000000ffd80000)
  to   space 2560K, 0% used [0x00000000ffd80000,0x00000000ffd80000,0x0000000100000000)
 ParOldGen       total 44032K, used 1691K [0x00000000fc000000, 0x00000000feb00000, 0x00000000feb00000)
  object space 44032K, 3% used [0x00000000fc000000,0x00000000fc1a6d48,0x00000000feb00000)
 Metaspace       used 7310K, capacity 7490K, committed 7680K, reserved 1056768K
  class space    used 857K, capacity 925K, committed 1024K, reserved 1048576K
Event: 3.568 GC heap after
Heap after GC invocations=2 (full 0):
 PSYoungGen      total 18944K, used 2531K [0x00000000feb00000, 0x0000000100000000, 0x0000000100000000)
  eden space 16384K, 0% used [0x00000000feb00000,0x00000000feb00000,0x00000000ffb00000)
  from space 2560K, 98% used [0x00000000ffd80000,0x00000000ffff8c20,0x0000000100000000)
  to   space 2560K, 0% used [0x00000000ffb00000,0x00000000ffb00000,0x00000000ffd80000)
 ParOldGen       total 44032K, used 5791K [0x00000000fc000000, 0x00000000feb00000, 0x00000000feb00000)
  object space 44032K, 13% used [0x00000000fc000000,0x00000000fc5a7d18,0x00000000feb00000)
 Metaspace       used 7310K, capacity 7490K, committed 7680K, reserved 1056768K
  class space    used 857K, capacity 925K, committed 1024K, reserved 1048576K
}

Deoptimization events (10 events):
Event: 3.377 Thread 0x000000000335e000 Uncommon trap: reason=class_check action=maybe_recompile pc=0x00000000053073d0 method=com.google.common.collect.Iterators$7.transform(Ljava/lang/Object;)Ljava/lang/Object; @ 5
Event: 3.377 Thread 0x000000000335e000 Uncommon trap: reason=class_check action=maybe_recompile pc=0x0000000005300e6c method=com.google.common.collect.TransformedIterator.hasNext()Z @ 4
Event: 3.377 Thread 0x000000000335e000 Uncommon trap: reason=class_check action=maybe_recompile pc=0x0000000005300e6c method=com.google.common.collect.TransformedIterator.hasNext()Z @ 4
Event: 3.377 Thread 0x000000000335e000 Uncommon trap: reason=class_check action=maybe_recompile pc=0x000000000531ad70 method=com.google.common.collect.TransformedIterator.next()Ljava/lang/Object; @ 5
Event: 3.377 Thread 0x000000000335e000 Uncommon trap: reason=class_check action=maybe_recompile pc=0x00000000053073d0 method=com.google.common.collect.Iterators$7.transform(Ljava/lang/Object;)Ljava/lang/Object; @ 5
Event: 3.377 Thread 0x000000000335e000 Uncommon trap: reason=class_check action=maybe_recompile pc=0x0000000005300e6c method=com.google.common.collect.TransformedIterator.hasNext()Z @ 4
Event: 3.377 Thread 0x000000000335e000 Uncommon trap: reason=class_check action=maybe_recompile pc=0x000000000531ad70 method=com.google.common.collect.TransformedIterator.next()Ljava/lang/Object; @ 5
Event: 3.377 Thread 0x000000000335e000 Uncommon trap: reason=class_check action=maybe_recompile pc=0x00000000053073d0 method=com.google.common.collect.Iterators$7.transform(Ljava/lang/Object;)Ljava/lang/Object; @ 5
Event: 3.377 Thread 0x000000000335e000 Uncommon trap: reason=class_check action=maybe_recompile pc=0x000000000531ad70 method=com.google.common.collect.TransformedIterator.next()Ljava/lang/Object; @ 5
Event: 3.377 Thread 0x000000000335e000 Uncommon trap: reason=class_check action=maybe_recompile pc=0x00000000053073d0 method=com.google.common.collect.Iterators$7.transform(Ljava/lang/Object;)Ljava/lang/Object; @ 5

Classes redefined (0 events):
No events

Internal exceptions (10 events):
Event: 2.396 Thread 0x000000000335e000 Implicit null exception at 0x00000000052ff979 to 0x00000000052fff35
Event: 2.865 Thread 0x000000000335e000 Exception <a 'sun/nio/fs/WindowsException'> (0x00000000ff1a8b10) thrown at [D:\src\AOSP-openjdk-cygwin\jdk8u\hotspot\src\share\vm\prims\jni.cpp, line 709]
Event: 2.865 Thread 0x000000000335e000 Exception <a 'sun/nio/fs/WindowsException'> (0x00000000ff1a90e0) thrown at [D:\src\AOSP-openjdk-cygwin\jdk8u\hotspot\src\share\vm\prims\jni.cpp, line 709]
Event: 2.865 Thread 0x000000000335e000 Exception <a 'sun/nio/fs/WindowsException'> (0x00000000ff1a96d8) thrown at [D:\src\AOSP-openjdk-cygwin\jdk8u\hotspot\src\share\vm\prims\jni.cpp, line 709]
Event: 2.865 Thread 0x000000000335e000 Exception <a 'sun/nio/fs/WindowsException'> (0x00000000ff1a9ea8) thrown at [D:\src\AOSP-openjdk-cygwin\jdk8u\hotspot\src\share\vm\prims\jni.cpp, line 709]
Event: 2.865 Thread 0x000000000335e000 Exception <a 'sun/nio/fs/WindowsException'> (0x00000000ff1aa478) thrown at [D:\src\AOSP-openjdk-cygwin\jdk8u\hotspot\src\share\vm\prims\jni.cpp, line 709]
Event: 2.865 Thread 0x000000000335e000 Exception <a 'sun/nio/fs/WindowsException'> (0x00000000ff1aac38) thrown at [D:\src\AOSP-openjdk-cygwin\jdk8u\hotspot\src\share\vm\prims\jni.cpp, line 709]
Event: 2.900 Thread 0x000000000335e000 Exception <a 'sun/nio/fs/WindowsException'> (0x00000000ff1b00a0) thrown at [D:\src\AOSP-openjdk-cygwin\jdk8u\hotspot\src\share\vm\prims\jni.cpp, line 709]
Event: 3.306 Thread 0x000000000335e000 Exception <a 'sun/nio/fs/WindowsException'> (0x00000000ff9e0db8) thrown at [D:\src\AOSP-openjdk-cygwin\jdk8u\hotspot\src\share\vm\prims\jni.cpp, line 709]
Event: 3.306 Thread 0x000000000335e000 Exception <a 'sun/nio/fs/WindowsException'> (0x00000000ff9e1340) thrown at [D:\src\AOSP-openjdk-cygwin\jdk8u\hotspot\src\share\vm\prims\jni.cpp, line 709]

Events (10 events):
Event: 3.832 loading class java/util/zip/ZipOutputStream$XEntry
Event: 3.833 loading class java/util/zip/ZipOutputStream$XEntry done
Event: 3.842 loading class org/objectweb/asm/Opcodes
Event: 3.842 loading class org/objectweb/asm/Opcodes done
Event: 3.846 loading class org/objectweb/asm/tree/TryCatchBlockNode
Event: 3.846 loading class org/objectweb/asm/tree/TryCatchBlockNode done
Event: 4.035 loading class org/objectweb/asm/Handler
Event: 4.035 loading class org/objectweb/asm/Handler done
Event: 4.350 Executing VM operation: EnableBiasedLocking
Event: 4.383 Executing VM operation: EnableBiasedLocking done


Dynamic libraries:
0x00007ff7b2e80000 - 0x00007ff7b2eb1000 	D:\Android\Android\Android Studio\jre\bin\java.exe
0x00007ffab57a0000 - 0x00007ffab5980000 	C:\Windows\SYSTEM32\ntdll.dll
0x00007ffab4ae0000 - 0x00007ffab4b8e000 	C:\Windows\System32\KERNEL32.DLL
0x00007ffab1ba0000 - 0x00007ffab1e06000 	C:\Windows\System32\KERNELBASE.dll
0x00007ffab5180000 - 0x00007ffab5221000 	C:\Windows\System32\ADVAPI32.dll
0x00007ffab56a0000 - 0x00007ffab573d000 	C:\Windows\System32\msvcrt.dll
0x00007ffab5610000 - 0x00007ffab566b000 	C:\Windows\System32\sechost.dll
0x00007ffab3260000 - 0x00007ffab337f000 	C:\Windows\System32\RPCRT4.dll
0x00007ffab4ce0000 - 0x00007ffab4e6e000 	C:\Windows\System32\USER32.dll
0x00007ffab1fb0000 - 0x00007ffab1fd0000 	C:\Windows\System32\win32u.dll
0x00007ffab5740000 - 0x00007ffab5768000 	C:\Windows\System32\GDI32.dll
0x00007ffab1e10000 - 0x00007ffab1fa1000 	C:\Windows\System32\gdi32full.dll
0x00007ffab2030000 - 0x00007ffab20cb000 	C:\Windows\System32\msvcp_win.dll
0x00007ffab2200000 - 0x00007ffab22f6000 	C:\Windows\System32\ucrtbase.dll
0x00007ffaa9c00000 - 0x00007ffaa9e69000 	C:\Windows\WinSxS\amd64_microsoft.windows.common-controls_6595b64144ccf1df_6.0.16299.15_none_cc92fb402215d91d\COMCTL32.dll
0x00007ffab47d0000 - 0x00007ffab4ad8000 	C:\Windows\System32\combase.dll
0x00007ffab2180000 - 0x00007ffab21f2000 	C:\Windows\System32\bcryptPrimitives.dll
0x00007ffab5670000 - 0x00007ffab569d000 	C:\Windows\System32\IMM32.DLL
0x0000000074230000 - 0x0000000074302000 	D:\Android\Android\Android Studio\jre\jre\bin\msvcr100.dll
0x0000000074310000 - 0x0000000074b4e000 	D:\Android\Android\Android Studio\jre\jre\bin\server\jvm.dll
0x00007ffab3380000 - 0x00007ffab3388000 	C:\Windows\System32\PSAPI.DLL
0x00007ffaae520000 - 0x00007ffaae529000 	C:\Windows\SYSTEM32\WSOCK32.dll
0x00007ffab53a0000 - 0x00007ffab540c000 	C:\Windows\System32\WS2_32.dll
0x00007ffaaf930000 - 0x00007ffaaf953000 	C:\Windows\SYSTEM32\WINMM.dll
0x00007ffab07e0000 - 0x00007ffab07ea000 	C:\Windows\SYSTEM32\VERSION.dll
0x00007ffaaf630000 - 0x00007ffaaf65a000 	C:\Windows\SYSTEM32\WINMMBASE.dll
0x00007ffab2300000 - 0x00007ffab234a000 	C:\Windows\System32\cfgmgr32.dll
0x00007ffaae4f0000 - 0x00007ffaae4ff000 	D:\Android\Android\Android Studio\jre\jre\bin\verify.dll
0x00007ffaaad50000 - 0x00007ffaaad79000 	D:\Android\Android\Android Studio\jre\jre\bin\java.dll
0x00007ffaab680000 - 0x00007ffaab696000 	D:\Android\Android\Android Studio\jre\jre\bin\zip.dll
0x00007ffab3390000 - 0x00007ffab47c7000 	C:\Windows\System32\SHELL32.dll
0x00007ffab2ce0000 - 0x00007ffab2d86000 	C:\Windows\System32\shcore.dll
0x00007ffab2520000 - 0x00007ffab2c67000 	C:\Windows\System32\windows.storage.dll
0x00007ffab4e70000 - 0x00007ffab4ec1000 	C:\Windows\System32\shlwapi.dll
0x00007ffab1b40000 - 0x00007ffab1b51000 	C:\Windows\System32\kernel.appcore.dll
0x00007ffab1af0000 - 0x00007ffab1b3c000 	C:\Windows\System32\powrprof.dll
0x00007ffab1b80000 - 0x00007ffab1b9b000 	C:\Windows\System32\profapi.dll
0x00007ffab14e0000 - 0x00007ffab14f7000 	C:\Windows\SYSTEM32\CRYPTSP.dll
0x00007ffab0f30000 - 0x00007ffab0f63000 	C:\Windows\system32\rsaenh.dll
0x00007ffab15f0000 - 0x00007ffab1615000 	C:\Windows\SYSTEM32\bcrypt.dll
0x00007ffab1a20000 - 0x00007ffab1a49000 	C:\Windows\SYSTEM32\USERENV.dll
0x00007ffab1500000 - 0x00007ffab150b000 	C:\Windows\SYSTEM32\CRYPTBASE.dll
0x00007ffaa8110000 - 0x00007ffaa812a000 	D:\Android\Android\Android Studio\jre\jre\bin\net.dll
0x00007ffab1320000 - 0x00007ffab1386000 	C:\Windows\system32\mswsock.dll
0x00007ffab10b0000 - 0x00007ffab10e9000 	C:\Windows\SYSTEM32\IPHLPAPI.DLL
0x00007ffab5600000 - 0x00007ffab5608000 	C:\Windows\System32\NSI.dll
0x00007ffaac900000 - 0x00007ffaac916000 	C:\Windows\SYSTEM32\dhcpcsvc6.DLL
0x00007ffaac8e0000 - 0x00007ffaac8fa000 	C:\Windows\SYSTEM32\dhcpcsvc.DLL
0x00007ffaa6a20000 - 0x00007ffaa6a31000 	D:\Android\Android\Android Studio\jre\jre\bin\nio.dll

VM Arguments:
jvm_args: -Djava.awt.headless=true -Xmx64M -Dfile.encoding=GBK -Duser.country=CN -Duser.language=zh -Duser.variant 
java_command: com.google.devtools.build.android.desugar.Desugar @D:\Android\TEST\WanAndroidTest\app\build\intermediates\tmp\desugar_args891040497323094861
java_class_path (initial): C:\Users\Administrator\AppData\Local\Temp\desugar_deploy.jar2872256966551270965
Launcher Type: SUN_STANDARD

Environment Variables:
PATH=C:\Windows\system32;C:\Windows;C:\Windows\System32\Wbem;C:\Windows\System32\WindowsPowerShell\v1.0\;C:\Program Files (x86)\NVIDIA Corporation\PhysX\Common;C:\Users\Administrator\AppData\Local\Microsoft\WindowsApps;
USERNAME=Administrator
OS=Windows_NT
PROCESSOR_IDENTIFIER=Intel64 Family 6 Model 58 Stepping 9, GenuineIntel



---------------  S Y S T E M  ---------------

OS: Windows 10.0 , 64 bit Build 16299 (10.0.16299.15)

CPU:total 4 (initial active 4) (2 cores per cpu, 2 threads per core) family 6 model 58 stepping 9, cmov, cx8, fxsr, mmx, sse, sse2, sse3, ssse3, sse4.1, sse4.2, popcnt, avx, clmul, erms, ht, tsc, tscinvbit, tscinv

Memory: 4k page, physical 8281380k(1109216k free), swap 8281380k(5144k free)

vm_info: OpenJDK 64-Bit Server VM (25.152-b01) for windows-amd64 JRE (1.8.0_152-release-915-b01), built by "builder" with MS VC++ 10.0 (VS2010)

time: Sun Apr 29 11:12:24 2018
elapsed time: 4 seconds (0d 0h 0m 4s)

