#
# There is insufficient memory for the Java Runtime Environment to continue.
# Native memory allocation (malloc) failed to allocate 32744 bytes for ChunkPool::allocate
# Possible reasons:
#   The system is out of physical RAM or swap space
#   In 32 bit mode, the process size limit was hit
# Possible solutions:
#   Reduce memory load on the system
#   Increase physical memory or swap space
#   Check if swap backing store is full
#   Use 64 bit Java on a 64 bit OS
#   Decrease Java heap size (-Xmx/-Xms)
#   Decrease number of Java threads
#   Decrease Java thread stack sizes (-Xss)
#   Set larger code cache with -XX:ReservedCodeCacheSize=
# This output file may be truncated or incomplete.
#
#  Out of Memory Error (allocation.cpp:273), pid=6832, tid=0x00000000000002b4
#
# JRE version: OpenJDK Runtime Environment (8.0_152-b01) (build 1.8.0_152-release-915-b01)
# Java VM: OpenJDK 64-Bit Server VM (25.152-b01 mixed mode windows-amd64 compressed oops)
# Failed to write core dump. Minidumps are not enabled by default on client versions of Windows
#

---------------  T H R E A D  ---------------

Current thread (0x0000000014c28800):  JavaThread "C2 CompilerThread0" daemon [_thread_in_native, id=692, stack(0x0000000016580000,0x0000000016680000)]

Stack: [0x0000000016580000,0x0000000016680000]
[error occurred during error reporting (printing stack bounds), id 0xc0000005]

Native frames: (J=compiled Java code, j=interpreted, Vv=VM code, C=native code)


Current CompileTask:
C2:   5060  979 %     4       org.objectweb.asm.ClassReader::a @ 1480 (3587 bytes)


---------------  P R O C E S S  ---------------

Java Threads: ( => current thread )
  0x0000000015fdf800 JavaThread "Service Thread" daemon [_thread_blocked, id=2068, stack(0x0000000016880000,0x0000000016980000)]
  0x0000000015fd6800 JavaThread "C1 CompilerThread2" daemon [_thread_blocked, id=9228, stack(0x0000000016780000,0x0000000016880000)]
  0x0000000014c2b000 JavaThread "C2 CompilerThread1" daemon [_thread_blocked, id=9260, stack(0x0000000016680000,0x0000000016780000)]
=>0x0000000014c28800 JavaThread "C2 CompilerThread0" daemon [_thread_in_native, id=692, stack(0x0000000016580000,0x0000000016680000)]
  0x0000000014bdc000 JavaThread "Attach Listener" daemon [_thread_blocked, id=8920, stack(0x0000000016480000,0x0000000016580000)]
  0x0000000015f88800 JavaThread "Signal Dispatcher" daemon [_thread_blocked, id=7616, stack(0x0000000016380000,0x0000000016480000)]
  0x0000000014bb8800 JavaThread "Finalizer" daemon [_thread_blocked, id=10152, stack(0x0000000015e20000,0x0000000015f20000)]
  0x0000000014b97000 JavaThread "Reference Handler" daemon [_thread_blocked, id=5820, stack(0x0000000015d20000,0x0000000015e20000)]
  0x000000000421e000 JavaThread "main" [_thread_in_vm, id=8644, stack(0x0000000004220000,0x0000000004320000)]

Other Threads:
  0x0000000014b95800 VMThread [stack: 0x0000000015c20000,0x0000000015d20000] [id=8292]
  0x0000000015fe1000 WatcherThread [stack: 0x0000000016980000,0x0000000016a80000] [id=1468]

VM state:not at safepoint (normal execution)

VM Mutex/Monitor currently owned by a thread: None

Heap:
 PSYoungGen      total 18944K, used 11091K [0x00000000feb00000, 0x0000000100000000, 0x0000000100000000)
  eden space 16384K, 52% used [0x00000000feb00000,0x00000000ff3580d0,0x00000000ffb00000)
  from space 2560K, 99% used [0x00000000ffd80000,0x00000000ffffcc10,0x0000000100000000)
  to   space 2560K, 0% used [0x00000000ffb00000,0x00000000ffb00000,0x00000000ffd80000)
 ParOldGen       total 44032K, used 5812K [0x00000000fc000000, 0x00000000feb00000, 0x00000000feb00000)
  object space 44032K, 13% used [0x00000000fc000000,0x00000000fc5ad0d8,0x00000000feb00000)
 Metaspace       used 7924K, capacity 8138K, committed 8192K, reserved 1056768K
  class space    used 910K, capacity 989K, committed 1024K, reserved 1048576K

Card table byte_map: [0x0000000004180000,0x00000000041b0000] byte_map_base: 0x00000000039a0000

Marking Bits: (ParMarkBitMap*) 0x0000000074ad3950
 Begin Bits: [0x0000000014030000, 0x0000000014130000)
 End Bits:   [0x0000000014130000, 0x0000000014230000)

Polling page: 0x0000000002860000

CodeCache: size=245760Kb used=3817Kb max_used=3817Kb free=241942Kb
 bounds [0x0000000004870000, 0x0000000004c30000, 0x0000000013870000]
 total_blobs=1351 nmethods=1017 adapters=248
 compilation: enabled

Compilation events (10 events):
Event: 5.041 Thread 0x0000000015fd6800 nmethod 1010 0x0000000004c21590 code [0x0000000004c21820, 0x0000000004c22728]
Event: 5.041 Thread 0x0000000015fd6800 1011       3       org.objectweb.asm.FieldWriter::a (475 bytes)
Event: 5.043 Thread 0x0000000015fd6800 nmethod 1011 0x0000000004c22ed0 code [0x0000000004c23280, 0x0000000004c246b8]
Event: 5.045 Thread 0x0000000015fd6800 1012       1       java.util.Arrays$ArrayList::get (7 bytes)
Event: 5.045 Thread 0x0000000015fd6800 nmethod 1012 0x0000000004c25010 code [0x0000000004c25160, 0x0000000004c25290]
Event: 5.045 Thread 0x0000000015fd6800 1013       3       org.objectweb.asm.MethodVisitor::visitIntInsn (17 bytes)
Event: 5.045 Thread 0x0000000015fd6800 nmethod 1013 0x0000000004c25350 code [0x0000000004c254c0, 0x0000000004c25728]
Event: 5.049 Thread 0x0000000015fd6800 1014       1       com.google.devtools.build.android.desugar.CoreLibraryRewriter::access$000 (5 bytes)
Event: 5.049 Thread 0x0000000015fd6800 nmethod 1014 0x0000000004c25810 code [0x0000000004c25960, 0x0000000004c25a50]
Event: 5.050 Thread 0x0000000015fd6800 1015       3       org.objectweb.asm.ClassWriter::toByteArray (1282 bytes)

GC Heap History (4 events):
Event: 1.717 GC heap before
{Heap before GC invocations=1 (full 0):
 PSYoungGen      total 18944K, used 16384K [0x00000000feb00000, 0x0000000100000000, 0x0000000100000000)
  eden space 16384K, 100% used [0x00000000feb00000,0x00000000ffb00000,0x00000000ffb00000)
  from space 2560K, 0% used [0x00000000ffd80000,0x00000000ffd80000,0x0000000100000000)
  to   space 2560K, 0% used [0x00000000ffb00000,0x00000000ffb00000,0x00000000ffd80000)
 ParOldGen       total 44032K, used 0K [0x00000000fc000000, 0x00000000feb00000, 0x00000000feb00000)
  object space 44032K, 0% used [0x00000000fc000000,0x00000000fc000000,0x00000000feb00000)
 Metaspace       used 6600K, capacity 6744K, committed 7040K, reserved 1056768K
  class space    used 774K, capacity 824K, committed 896K, reserved 1048576K
Event: 1.723 GC heap after
Heap after GC invocations=1 (full 0):
 PSYoungGen      total 18944K, used 2552K [0x00000000feb00000, 0x0000000100000000, 0x0000000100000000)
  eden space 16384K, 0% used [0x00000000feb00000,0x00000000feb00000,0x00000000ffb00000)
  from space 2560K, 99% used [0x00000000ffb00000,0x00000000ffd7e040,0x00000000ffd80000)
  to   space 2560K, 0% used [0x00000000ffd80000,0x00000000ffd80000,0x0000000100000000)
 ParOldGen       total 44032K, used 1682K [0x00000000fc000000, 0x00000000feb00000, 0x00000000feb00000)
  object space 44032K, 3% used [0x00000000fc000000,0x00000000fc1a4908,0x00000000feb00000)
 Metaspace       used 6600K, capacity 6744K, committed 7040K, reserved 1056768K
  class space    used 774K, capacity 824K, committed 896K, reserved 1048576K
}
Event: 2.817 GC heap before
{Heap before GC invocations=2 (full 0):
 PSYoungGen      total 18944K, used 18936K [0x00000000feb00000, 0x0000000100000000, 0x0000000100000000)
  eden space 16384K, 100% used [0x00000000feb00000,0x00000000ffb00000,0x00000000ffb00000)
  from space 2560K, 99% used [0x00000000ffb00000,0x00000000ffd7e040,0x00000000ffd80000)
  to   space 2560K, 0% used [0x00000000ffd80000,0x00000000ffd80000,0x0000000100000000)
 ParOldGen       total 44032K, used 1682K [0x00000000fc000000, 0x00000000feb00000, 0x00000000feb00000)
  object space 44032K, 3% used [0x00000000fc000000,0x00000000fc1a4908,0x00000000feb00000)
 Metaspace       used 7303K, capacity 7498K, committed 7680K, reserved 1056768K
  class space    used 857K, capacity 925K, committed 1024K, reserved 1048576K
Event: 2.895 GC heap after
Heap after GC invocations=2 (full 0):
 PSYoungGen      total 18944K, used 2547K [0x00000000feb00000, 0x0000000100000000, 0x0000000100000000)
  eden space 16384K, 0% used [0x00000000feb00000,0x00000000feb00000,0x00000000ffb00000)
  from space 2560K, 99% used [0x00000000ffd80000,0x00000000ffffcc10,0x0000000100000000)
  to   space 2560K, 0% used [0x00000000ffb00000,0x00000000ffb00000,0x00000000ffd80000)
 ParOldGen       total 44032K, used 5812K [0x00000000fc000000, 0x00000000feb00000, 0x00000000feb00000)
  object space 44032K, 13% used [0x00000000fc000000,0x00000000fc5ad0d8,0x00000000feb00000)
 Metaspace       used 7303K, capacity 7498K, committed 7680K, reserved 1056768K
  class space    used 857K, capacity 925K, committed 1024K, reserved 1048576K
}

Deoptimization events (10 events):
Event: 2.729 Thread 0x000000000421e000 Uncommon trap: reason=class_check action=maybe_recompile pc=0x0000000004aa40d8 method=com.google.common.collect.TransformedIterator.next()Ljava/lang/Object; @ 5
Event: 2.729 Thread 0x000000000421e000 Uncommon trap: reason=class_check action=maybe_recompile pc=0x0000000004a93310 method=com.google.common.collect.Iterators$7.transform(Ljava/lang/Object;)Ljava/lang/Object; @ 5
Event: 2.729 Thread 0x000000000421e000 Uncommon trap: reason=class_check action=maybe_recompile pc=0x0000000004aa50ac method=com.google.common.collect.TransformedIterator.hasNext()Z @ 4
Event: 2.729 Thread 0x000000000421e000 Uncommon trap: reason=class_check action=maybe_recompile pc=0x0000000004aa40d8 method=com.google.common.collect.TransformedIterator.next()Ljava/lang/Object; @ 5
Event: 2.729 Thread 0x000000000421e000 Uncommon trap: reason=class_check action=maybe_recompile pc=0x0000000004a93310 method=com.google.common.collect.Iterators$7.transform(Ljava/lang/Object;)Ljava/lang/Object; @ 5
Event: 2.729 Thread 0x000000000421e000 Uncommon trap: reason=class_check action=maybe_recompile pc=0x0000000004aa40d8 method=com.google.common.collect.TransformedIterator.next()Ljava/lang/Object; @ 5
Event: 2.729 Thread 0x000000000421e000 Uncommon trap: reason=class_check action=maybe_recompile pc=0x0000000004a93310 method=com.google.common.collect.Iterators$7.transform(Ljava/lang/Object;)Ljava/lang/Object; @ 5
Event: 2.918 Thread 0x000000000421e000 Uncommon trap: reason=unstable_if action=reinterpret pc=0x0000000004a3fa38 method=java.lang.String.<init>([CII)V @ 18
Event: 3.618 Thread 0x000000000421e000 Uncommon trap: reason=unstable_if action=reinterpret pc=0x0000000004a90ddc method=java.util.zip.ZipFile$ZipEntryIterator.hasNext()Z @ 25
Event: 5.021 Thread 0x000000000421e000 Uncommon trap: reason=unstable_if action=reinterpret pc=0x0000000004bd4700 method=org.objectweb.asm.Item.a(Lorg/objectweb/asm/Item;)Z @ 345

Classes redefined (0 events):
No events

Internal exceptions (10 events):
Event: 1.967 Thread 0x000000000421e000 Exception <a 'sun/nio/fs/WindowsException'> (0x00000000ff1aa130) thrown at [D:\src\AOSP-openjdk-cygwin\jdk8u\hotspot\src\share\vm\prims\jni.cpp, line 709]
Event: 1.967 Thread 0x000000000421e000 Exception <a 'sun/nio/fs/WindowsException'> (0x00000000ff1aa700) thrown at [D:\src\AOSP-openjdk-cygwin\jdk8u\hotspot\src\share\vm\prims\jni.cpp, line 709]
Event: 1.967 Thread 0x000000000421e000 Exception <a 'sun/nio/fs/WindowsException'> (0x00000000ff1aaec0) thrown at [D:\src\AOSP-openjdk-cygwin\jdk8u\hotspot\src\share\vm\prims\jni.cpp, line 709]
Event: 2.052 Thread 0x000000000421e000 Exception <a 'sun/nio/fs/WindowsException'> (0x00000000ff1b0328) thrown at [D:\src\AOSP-openjdk-cygwin\jdk8u\hotspot\src\share\vm\prims\jni.cpp, line 709]
Event: 2.552 Thread 0x000000000421e000 Exception <a 'sun/nio/fs/WindowsException'> (0x00000000ff9f41b8) thrown at [D:\src\AOSP-openjdk-cygwin\jdk8u\hotspot\src\share\vm\prims\jni.cpp, line 709]
Event: 2.554 Thread 0x000000000421e000 Exception <a 'sun/nio/fs/WindowsException'> (0x00000000ff9f4740) thrown at [D:\src\AOSP-openjdk-cygwin\jdk8u\hotspot\src\share\vm\prims\jni.cpp, line 709]
Event: 3.742 Thread 0x000000000421e000 Exception <a 'sun/nio/fs/WindowsException'> (0x00000000fec43970) thrown at [D:\src\AOSP-openjdk-cygwin\jdk8u\hotspot\src\share\vm\prims\jni.cpp, line 709]
Event: 3.745 Thread 0x000000000421e000 Exception <a 'sun/nio/fs/WindowsException'> (0x00000000fec43e78) thrown at [D:\src\AOSP-openjdk-cygwin\jdk8u\hotspot\src\share\vm\prims\jni.cpp, line 709]
Event: 4.400 Thread 0x000000000421e000 Exception <a 'sun/nio/fs/WindowsException'> (0x00000000fed2b728) thrown at [D:\src\AOSP-openjdk-cygwin\jdk8u\hotspot\src\share\vm\prims\jni.cpp, line 709]
Event: 4.400 Thread 0x000000000421e000 Exception <a 'sun/nio/fs/WindowsException'> (0x00000000fed2bc30) thrown at [D:\src\AOSP-openjdk-cygwin\jdk8u\hotspot\src\share\vm\prims\jni.cpp, line 709]

Events (10 events):
Event: 3.798 loading class org/objectweb/asm/Handler done
Event: 4.323 Executing VM operation: EnableBiasedLocking
Event: 4.323 Executing VM operation: EnableBiasedLocking done
Event: 4.484 loading class org/objectweb/asm/tree/MethodNode$1
Event: 4.484 loading class org/objectweb/asm/tree/MethodNode$1 done
Event: 4.484 Executing VM operation: Deoptimize
Event: 4.485 Executing VM operation: Deoptimize done
Event: 5.021 Thread 0x000000000421e000 Uncommon trap: trap_request=0xffffff65 fr.pc=0x0000000004bd4700
Event: 5.021 Thread 0x000000000421e000 DEOPT PACKING pc=0x0000000004bd4700 sp=0x000000000431ea70
Event: 5.022 Thread 0x000000000421e000 DEOPT UNPACKING pc=0x00000000048b556a sp=0x000000000431ea08 mode 2


Dynamic libraries:
0x00007ff7b5310000 - 0x00007ff7b5341000 	D:\Android\Android\Android Studio\jre\bin\java.exe
0x00007ffab57a0000 - 0x00007ffab5980000 	C:\Windows\SYSTEM32\ntdll.dll
0x00007ffab4ae0000 - 0x00007ffab4b8e000 	C:\Windows\System32\KERNEL32.DLL
0x00007ffab1ba0000 - 0x00007ffab1e06000 	C:\Windows\System32\KERNELBASE.dll
0x00007ffab5180000 - 0x00007ffab5221000 	C:\Windows\System32\ADVAPI32.dll
0x00007ffab56a0000 - 0x00007ffab573d000 	C:\Windows\System32\msvcrt.dll
0x00007ffab5610000 - 0x00007ffab566b000 	C:\Windows\System32\sechost.dll
0x00007ffab3260000 - 0x00007ffab337f000 	C:\Windows\System32\RPCRT4.dll
0x00007ffab4ce0000 - 0x00007ffab4e6e000 	C:\Windows\System32\USER32.dll
0x00007ffab1fb0000 - 0x00007ffab1fd0000 	C:\Windows\System32\win32u.dll
0x00007ffab5740000 - 0x00007ffab5768000 	C:\Windows\System32\GDI32.dll
0x00007ffab1e10000 - 0x00007ffab1fa1000 	C:\Windows\System32\gdi32full.dll
0x00007ffab2030000 - 0x00007ffab20cb000 	C:\Windows\System32\msvcp_win.dll
0x00007ffab2200000 - 0x00007ffab22f6000 	C:\Windows\System32\ucrtbase.dll
0x00007ffaa8630000 - 0x00007ffaa8899000 	C:\Windows\WinSxS\amd64_microsoft.windows.common-controls_6595b64144ccf1df_6.0.16299.15_none_cc92fb402215d91d\COMCTL32.dll
0x00007ffab47d0000 - 0x00007ffab4ad8000 	C:\Windows\System32\combase.dll
0x00007ffab2180000 - 0x00007ffab21f2000 	C:\Windows\System32\bcryptPrimitives.dll
0x00007ffab5670000 - 0x00007ffab569d000 	C:\Windows\System32\IMM32.DLL
0x0000000074230000 - 0x0000000074302000 	D:\Android\Android\Android Studio\jre\jre\bin\msvcr100.dll
0x0000000074310000 - 0x0000000074b4e000 	D:\Android\Android\Android Studio\jre\jre\bin\server\jvm.dll
0x00007ffab3380000 - 0x00007ffab3388000 	C:\Windows\System32\PSAPI.DLL
0x00007ffaae6c0000 - 0x00007ffaae6c9000 	C:\Windows\SYSTEM32\WSOCK32.dll
0x00007ffab53a0000 - 0x00007ffab540c000 	C:\Windows\System32\WS2_32.dll
0x00007ffab07e0000 - 0x00007ffab07ea000 	C:\Windows\SYSTEM32\VERSION.dll
0x00007ffaaf930000 - 0x00007ffaaf953000 	C:\Windows\SYSTEM32\WINMM.dll
0x00007ffaaf630000 - 0x00007ffaaf65a000 	C:\Windows\SYSTEM32\WINMMBASE.dll
0x00007ffab2300000 - 0x00007ffab234a000 	C:\Windows\System32\cfgmgr32.dll
0x00007ffaac750000 - 0x00007ffaac75f000 	D:\Android\Android\Android Studio\jre\jre\bin\verify.dll
0x00007ffaa80b0000 - 0x00007ffaa80d9000 	D:\Android\Android\Android Studio\jre\jre\bin\java.dll
0x00007ffaac730000 - 0x00007ffaac746000 	D:\Android\Android\Android Studio\jre\jre\bin\zip.dll
0x00007ffab3390000 - 0x00007ffab47c7000 	C:\Windows\System32\SHELL32.dll
0x00007ffab2ce0000 - 0x00007ffab2d86000 	C:\Windows\System32\shcore.dll
0x00007ffab2520000 - 0x00007ffab2c67000 	C:\Windows\System32\windows.storage.dll
0x00007ffab4e70000 - 0x00007ffab4ec1000 	C:\Windows\System32\shlwapi.dll
0x00007ffab1b40000 - 0x00007ffab1b51000 	C:\Windows\System32\kernel.appcore.dll
0x00007ffab1af0000 - 0x00007ffab1b3c000 	C:\Windows\System32\powrprof.dll
0x00007ffab1b80000 - 0x00007ffab1b9b000 	C:\Windows\System32\profapi.dll
0x00007ffab14e0000 - 0x00007ffab14f7000 	C:\Windows\SYSTEM32\CRYPTSP.dll
0x00007ffab0f30000 - 0x00007ffab0f63000 	C:\Windows\system32\rsaenh.dll
0x00007ffab15f0000 - 0x00007ffab1615000 	C:\Windows\SYSTEM32\bcrypt.dll
0x00007ffab1a20000 - 0x00007ffab1a49000 	C:\Windows\SYSTEM32\USERENV.dll
0x00007ffab1500000 - 0x00007ffab150b000 	C:\Windows\SYSTEM32\CRYPTBASE.dll
0x00007ffaabfc0000 - 0x00007ffaabfda000 	D:\Android\Android\Android Studio\jre\jre\bin\net.dll
0x00007ffab1320000 - 0x00007ffab1386000 	C:\Windows\system32\mswsock.dll
0x00007ffab10b0000 - 0x00007ffab10e9000 	C:\Windows\SYSTEM32\IPHLPAPI.DLL
0x00007ffab5600000 - 0x00007ffab5608000 	C:\Windows\System32\NSI.dll
0x00007ffaac900000 - 0x00007ffaac916000 	C:\Windows\SYSTEM32\dhcpcsvc6.DLL
0x00007ffaac8e0000 - 0x00007ffaac8fa000 	C:\Windows\SYSTEM32\dhcpcsvc.DLL
0x00007ffaa4a90000 - 0x00007ffaa4aa1000 	D:\Android\Android\Android Studio\jre\jre\bin\nio.dll

VM Arguments:
jvm_args: -Djava.awt.headless=true -Xmx64M -Dfile.encoding=GBK -Duser.country=CN -Duser.language=zh -Duser.variant 
java_command: com.google.devtools.build.android.desugar.Desugar @D:\Android\TEST\WanAndroidTest\app\build\intermediates\tmp\desugar_args2816713190761934599
java_class_path (initial): C:\Users\Administrator\AppData\Local\Temp\desugar_deploy.jar7175976295031975279
Launcher Type: SUN_STANDARD

Environment Variables:
PATH=C:\Windows\system32;C:\Windows;C:\Windows\System32\Wbem;C:\Windows\System32\WindowsPowerShell\v1.0\;C:\Program Files (x86)\NVIDIA Corporation\PhysX\Common;C:\Users\Administrator\AppData\Local\Microsoft\WindowsApps;
USERNAME=Administrator
OS=Windows_NT
PROCESSOR_IDENTIFIER=Intel64 Family 6 Model 58 Stepping 9, GenuineIntel



---------------  S Y S T E M  ---------------

OS: Windows 10.0 , 64 bit Build 16299 (10.0.16299.15)

CPU:total 4 (initial active 4) (2 cores per cpu, 2 threads per core) family 6 model 58 stepping 9, cmov, cx8, fxsr, mmx, sse, sse2, sse3, ssse3, sse4.1, sse4.2, popcnt, avx, clmul, erms, ht, tsc, tscinvbit, tscinv

Memory: 4k page, physical 8281380k(1321420k free), swap 8281380k(2084k free)

vm_info: OpenJDK 64-Bit Server VM (25.152-b01) for windows-amd64 JRE (1.8.0_152-release-915-b01), built by "builder" with MS VC++ 10.0 (VS2010)

time: Mon Apr 30 12:07:01 2018
elapsed time: 5 seconds (0d 0h 0m 5s)

