#
# There is insufficient memory for the Java Runtime Environment to continue.
# Native memory allocation (malloc) failed to allocate 32744 bytes for ChunkPool::allocate
# Possible reasons:
#   The system is out of physical RAM or swap space
#   In 32 bit mode, the process size limit was hit
# Possible solutions:
#   Reduce memory load on the system
#   Increase physical memory or swap space
#   Check if swap backing store is full
#   Use 64 bit Java on a 64 bit OS
#   Decrease Java heap size (-Xmx/-Xms)
#   Decrease number of Java threads
#   Decrease Java thread stack sizes (-Xss)
#   Set larger code cache with -XX:ReservedCodeCacheSize=
# This output file may be truncated or incomplete.
#
#  Out of Memory Error (allocation.cpp:273), pid=8604, tid=0x0000000000002a2c
#
# JRE version: OpenJDK Runtime Environment (8.0_152-b01) (build 1.8.0_152-release-915-b01)
# Java VM: OpenJDK 64-Bit Server VM (25.152-b01 mixed mode windows-amd64 compressed oops)
# Failed to write core dump. Minidumps are not enabled by default on client versions of Windows
#

---------------  T H R E A D  ---------------

Current thread (0x0000000004ebe000):  JavaThread "main" [_thread_in_vm, id=10796, stack(0x0000000004db0000,0x0000000004eb0000)]

Stack: [0x0000000004db0000,0x0000000004eb0000]
[error occurred during error reporting (printing stack bounds), id 0xc0000005]

Native frames: (J=compiled Java code, j=interpreted, Vv=VM code, C=native code)

Java frames: (J=compiled Java code, j=interpreted, Vv=VM code)
j  sun.util.locale.LocaleObjectCache.<init>(IFI)V+16
j  sun.util.locale.LocaleObjectCache.<init>()V+7
j  java.util.Locale$Cache.<init>()V+1
j  java.util.Locale$Cache.<init>(Ljava/util/Locale$1;)V+1
j  java.util.Locale.<clinit>()V+21
v  ~StubRoutines::call_stub
j  java.io.WinNTFileSystem.hashCode(Ljava/io/File;)I+4
j  java.io.File.hashCode()I+4
j  java.util.HashMap.hash(Ljava/lang/Object;)I+9
j  java.util.HashMap.put(Ljava/lang/Object;Ljava/lang/Object;)Ljava/lang/Object;+2
j  sun.misc.MetaIndex.registerDirectory(Ljava/io/File;)V+178
j  sun.misc.Launcher$ExtClassLoader$1.run()Lsun/misc/Launcher$ExtClassLoader;+19
j  sun.misc.Launcher$ExtClassLoader$1.run()Ljava/lang/Object;+1
v  ~StubRoutines::call_stub
j  java.security.AccessController.doPrivileged(Ljava/security/PrivilegedExceptionAction;)Ljava/lang/Object;+0
j  sun.misc.Launcher$ExtClassLoader.getExtClassLoader()Lsun/misc/Launcher$ExtClassLoader;+12
j  sun.misc.Launcher.<init>()V+4
j  sun.misc.Launcher.<clinit>()V+15
v  ~StubRoutines::call_stub
j  java.lang.ClassLoader.initSystemClassLoader()V+22
j  java.lang.ClassLoader.getSystemClassLoader()Ljava/lang/ClassLoader;+0
v  ~StubRoutines::call_stub

---------------  P R O C E S S  ---------------

Java Threads: ( => current thread )
  0x0000000015788800 JavaThread "Finalizer" daemon [_thread_blocked, id=10080, stack(0x0000000016a00000,0x0000000016b00000)]
  0x0000000015767000 JavaThread "Reference Handler" daemon [_thread_blocked, id=5704, stack(0x0000000016900000,0x0000000016a00000)]
=>0x0000000004ebe000 JavaThread "main" [_thread_in_vm, id=10796, stack(0x0000000004db0000,0x0000000004eb0000)]

Other Threads:
  0x0000000015765800 VMThread [stack: 0x0000000016800000,0x0000000016900000] [id=10228]

VM state:not at safepoint (normal execution)

VM Mutex/Monitor currently owned by a thread: None

Heap:
 PSYoungGen      total 18944K, used 655K [0x00000000feb00000, 0x0000000100000000, 0x0000000100000000)
  eden space 16384K, 4% used [0x00000000feb00000,0x00000000feba3f10,0x00000000ffb00000)
  from space 2560K, 0% used [0x00000000ffd80000,0x00000000ffd80000,0x0000000100000000)
  to   space 2560K, 0% used [0x00000000ffb00000,0x00000000ffb00000,0x00000000ffd80000)
 ParOldGen       total 44032K, used 0K [0x00000000fc000000, 0x00000000feb00000, 0x00000000feb00000)
  object space 44032K, 0% used [0x00000000fc000000,0x00000000fc000000,0x00000000feb00000)
 Metaspace       used 1966K, capacity 4480K, committed 4480K, reserved 1056768K
  class space    used 207K, capacity 384K, committed 384K, reserved 1048576K

Card table byte_map: [0x0000000003350000,0x0000000003380000] byte_map_base: 0x0000000002b70000

Marking Bits: (ParMarkBitMap*) 0x0000000070383950
 Begin Bits: [0x0000000014c00000, 0x0000000014d00000)
 End Bits:   [0x0000000014d00000, 0x0000000014e00000)

Polling page: 0x0000000003320000

CodeCache: size=245760Kb used=427Kb max_used=427Kb free=245332Kb
 bounds [0x0000000005440000, 0x00000000056b0000, 0x0000000014440000]
 total_blobs=150 nmethods=0 adapters=117
 compilation: enabled

Compilation events (0 events):
No events

GC Heap History (0 events):
No events

Deoptimization events (0 events):
No events

Classes redefined (0 events):
No events

Internal exceptions (2 events):
Event: 0.116 Thread 0x0000000004ebe000 Exception <a 'java/lang/NoSuchMethodError': Method sun.misc.Unsafe.defineClass(Ljava/lang/String;[BII)Ljava/lang/Class; name or signature does not match> (0x00000000feb07ca8) thrown at [D:\src\AOSP-openjdk-cygwin\jdk8u\hotspot\src\share\vm\prims\jni.cpp, 
Event: 0.116 Thread 0x0000000004ebe000 Exception <a 'java/lang/NoSuchMethodError': Method sun.misc.Unsafe.prefetchRead(Ljava/lang/Object;J)V name or signature does not match> (0x00000000feb07f90) thrown at [D:\src\AOSP-openjdk-cygwin\jdk8u\hotspot\src\share\vm\prims\jni.cpp, line 4011]

Events (10 events):
Event: 0.238 loading class java/lang/reflect/Array
Event: 0.238 loading class java/lang/reflect/Array done
Event: 0.239 loading class java/util/Locale
Event: 0.239 loading class java/util/Locale done
Event: 0.239 loading class java/util/Locale$Cache
Event: 0.239 loading class sun/util/locale/LocaleObjectCache
Event: 0.240 loading class sun/util/locale/LocaleObjectCache done
Event: 0.240 loading class java/util/Locale$Cache done
Event: 0.240 loading class java/util/concurrent/ConcurrentHashMap
Event: 0.240 loading class java/util/concurrent/ConcurrentMap


Dynamic libraries:
0x00007ff795ba0000 - 0x00007ff795bd1000 	D:\Android\Android\Android Studio\jre\bin\java.exe
0x00007ff832e80000 - 0x00007ff833060000 	C:\Windows\SYSTEM32\ntdll.dll
0x00007ff832d40000 - 0x00007ff832dee000 	C:\Windows\System32\KERNEL32.DLL
0x00007ff82f5c0000 - 0x00007ff82f826000 	C:\Windows\System32\KERNELBASE.dll
0x00007ff8328c0000 - 0x00007ff832961000 	C:\Windows\System32\ADVAPI32.dll
0x00007ff832550000 - 0x00007ff8325ed000 	C:\Windows\System32\msvcrt.dll
0x00007ff832df0000 - 0x00007ff832e4b000 	C:\Windows\System32\sechost.dll
0x00007ff832120000 - 0x00007ff83223f000 	C:\Windows\System32\RPCRT4.dll
0x00007ff830360000 - 0x00007ff8304ee000 	C:\Windows\System32\USER32.dll
0x00007ff82f3f0000 - 0x00007ff82f410000 	C:\Windows\System32\win32u.dll
0x00007ff830510000 - 0x00007ff830538000 	C:\Windows\System32\GDI32.dll
0x00007ff82fa60000 - 0x00007ff82fbf1000 	C:\Windows\System32\gdi32full.dll
0x00007ff82f350000 - 0x00007ff82f3eb000 	C:\Windows\System32\msvcp_win.dll
0x00007ff82f4c0000 - 0x00007ff82f5b6000 	C:\Windows\System32\ucrtbase.dll
0x00007ff8268e0000 - 0x00007ff826b49000 	C:\Windows\WinSxS\amd64_microsoft.windows.common-controls_6595b64144ccf1df_6.0.16299.15_none_cc92fb402215d91d\COMCTL32.dll
0x00007ff832240000 - 0x00007ff832548000 	C:\Windows\System32\combase.dll
0x00007ff82f280000 - 0x00007ff82f2f2000 	C:\Windows\System32\bcryptPrimitives.dll
0x00007ff831fc0000 - 0x00007ff831fed000 	C:\Windows\System32\IMM32.DLL
0x000000006fae0000 - 0x000000006fbb2000 	D:\Android\Android\Android Studio\jre\jre\bin\msvcr100.dll
0x000000006fbc0000 - 0x00000000703fe000 	D:\Android\Android\Android Studio\jre\jre\bin\server\jvm.dll
0x00007ff830350000 - 0x00007ff830358000 	C:\Windows\System32\PSAPI.DLL
0x00007ff82bc00000 - 0x00007ff82bc09000 	C:\Windows\SYSTEM32\WSOCK32.dll
0x00007ff831f50000 - 0x00007ff831fbc000 	C:\Windows\System32\WS2_32.dll
0x00007ff82d010000 - 0x00007ff82d033000 	C:\Windows\SYSTEM32\WINMM.dll
0x00007ff82dec0000 - 0x00007ff82deca000 	C:\Windows\SYSTEM32\VERSION.dll
0x00007ff82cd10000 - 0x00007ff82cd3a000 	C:\Windows\SYSTEM32\WINMMBASE.dll
0x00007ff82f300000 - 0x00007ff82f34a000 	C:\Windows\System32\cfgmgr32.dll
0x00007ff82bbf0000 - 0x00007ff82bbff000 	D:\Android\Android\Android Studio\jre\jre\bin\verify.dll
0x00007ff828270000 - 0x00007ff828299000 	D:\Android\Android\Android Studio\jre\jre\bin\java.dll
0x00007ff82bbd0000 - 0x00007ff82bbe6000 	D:\Android\Android\Android Studio\jre\jre\bin\zip.dll
0x00007ff830a90000 - 0x00007ff831ec7000 	C:\Windows\System32\SHELL32.dll
0x00007ff832b40000 - 0x00007ff832be6000 	C:\Windows\System32\shcore.dll
0x00007ff82fc00000 - 0x00007ff830347000 	C:\Windows\System32\windows.storage.dll
0x00007ff832ae0000 - 0x00007ff832b31000 	C:\Windows\System32\shlwapi.dll
0x00007ff82f260000 - 0x00007ff82f271000 	C:\Windows\System32\kernel.appcore.dll
0x00007ff82f1d0000 - 0x00007ff82f21c000 	C:\Windows\System32\powrprof.dll
0x00007ff82f220000 - 0x00007ff82f23b000 	C:\Windows\System32\profapi.dll

VM Arguments:
jvm_args: -Djava.awt.headless=true -Xmx64M -Dfile.encoding=GBK -Duser.country=CN -Duser.language=zh -Duser.variant 
java_command: com.google.devtools.build.android.desugar.Desugar @D:\Android\TEST\WanAndroidTest\app\build\intermediates\tmp\desugar_args9010655610042122733
java_class_path (initial): C:\Users\Administrator\AppData\Local\Temp\desugar_deploy.jar5675111122699367911
Launcher Type: SUN_STANDARD

Environment Variables:
JAVA_HOME=D:\Program Files\Java\jdk1.8.0_77
PATH=C:\Windows\system32;C:\Windows;C:\Windows\System32\Wbem;C:\Windows\System32\WindowsPowerShell\v1.0\;C:\Program Files (x86)\NVIDIA Corporation\PhysX\Common;D:\Program Files\Java\jdk1.8.0_77\bin;D:\Program Files\Java\jdk1.8.0_77\jre\bin; ;C:\Users\Administrator\AppData\Local\Microsoft\WindowsApps;
USERNAME=Administrator
OS=Windows_NT
PROCESSOR_IDENTIFIER=Intel64 Family 6 Model 58 Stepping 9, GenuineIntel



---------------  S Y S T E M  ---------------

OS: Windows 10.0 , 64 bit Build 16299 (10.0.16299.15)

CPU:total 4 (initial active 4) (2 cores per cpu, 2 threads per core) family 6 model 58 stepping 9, cmov, cx8, fxsr, mmx, sse, sse2, sse3, ssse3, sse4.1, sse4.2, popcnt, avx, clmul, erms, ht, tsc, tscinvbit, tscinv

Memory: 4k page, physical 8281380k(1249588k free), swap 8281380k(13684k free)

vm_info: OpenJDK 64-Bit Server VM (25.152-b01) for windows-amd64 JRE (1.8.0_152-release-915-b01), built by "builder" with MS VC++ 10.0 (VS2010)

time: Fri Apr 27 11:49:57 2018
elapsed time: 0 seconds (0d 0h 0m 0s)

