#
# There is insufficient memory for the Java Runtime Environment to continue.
# Native memory allocation (malloc) failed to allocate 296496 bytes for Chunk::new
# Possible reasons:
#   The system is out of physical RAM or swap space
#   In 32 bit mode, the process size limit was hit
# Possible solutions:
#   Reduce memory load on the system
#   Increase physical memory or swap space
#   Check if swap backing store is full
#   Use 64 bit Java on a 64 bit OS
#   Decrease Java heap size (-Xmx/-Xms)
#   Decrease number of Java threads
#   Decrease Java thread stack sizes (-Xss)
#   Set larger code cache with -XX:ReservedCodeCacheSize=
# This output file may be truncated or incomplete.
#
#  Out of Memory Error (allocation.cpp:390), pid=7792, tid=0x0000000000000e5c
#
# JRE version: OpenJDK Runtime Environment (8.0_152-b01) (build 1.8.0_152-release-915-b01)
# Java VM: OpenJDK 64-Bit Server VM (25.152-b01 mixed mode windows-amd64 compressed oops)
# Failed to write core dump. Minidumps are not enabled by default on client versions of Windows
#

---------------  T H R E A D  ---------------

Current thread (0x0000000014f88800):  JavaThread "C2 CompilerThread0" daemon [_thread_in_native, id=3676, stack(0x00000000168e0000,0x00000000169e0000)]

Stack: [0x00000000168e0000,0x00000000169e0000]
[error occurred during error reporting (printing stack bounds), id 0xc0000005]

Native frames: (J=compiled Java code, j=interpreted, Vv=VM code, C=native code)


Current CompileTask:
C2:   4209 1107       4       org.objectweb.asm.ClassReader::a (3587 bytes)


---------------  P R O C E S S  ---------------

Java Threads: ( => current thread )
  0x000000001633e800 JavaThread "Service Thread" daemon [_thread_blocked, id=11012, stack(0x0000000016be0000,0x0000000016ce0000)]
  0x0000000016336800 JavaThread "C1 CompilerThread2" daemon [_thread_blocked, id=1500, stack(0x0000000016ae0000,0x0000000016be0000)]
  0x0000000014f8b000 JavaThread "C2 CompilerThread1" daemon [_thread_in_native, id=7544, stack(0x00000000169e0000,0x0000000016ae0000)]
=>0x0000000014f88800 JavaThread "C2 CompilerThread0" daemon [_thread_in_native, id=3676, stack(0x00000000168e0000,0x00000000169e0000)]
  0x0000000014f3c800 JavaThread "Attach Listener" daemon [_thread_blocked, id=4020, stack(0x00000000167e0000,0x00000000168e0000)]
  0x00000000162e8800 JavaThread "Signal Dispatcher" daemon [_thread_blocked, id=9468, stack(0x00000000166e0000,0x00000000167e0000)]
  0x0000000014f18800 JavaThread "Finalizer" daemon [_thread_blocked, id=10512, stack(0x0000000016180000,0x0000000016280000)]
  0x0000000014ef7000 JavaThread "Reference Handler" daemon [_thread_blocked, id=3212, stack(0x0000000016080000,0x0000000016180000)]
  0x0000000004bce000 JavaThread "main" [_thread_in_Java, id=1828, stack(0x0000000002e00000,0x0000000002f00000)]

Other Threads:
  0x0000000014ef5800 VMThread [stack: 0x0000000015f80000,0x0000000016080000] [id=9672]
  0x0000000016340000 WatcherThread [stack: 0x0000000016ce0000,0x0000000016de0000] [id=208]

VM state:not at safepoint (normal execution)

VM Mutex/Monitor currently owned by a thread: None

Heap:
 PSYoungGen      total 18944K, used 7072K [0x00000000feb00000, 0x0000000100000000, 0x0000000100000000)
  eden space 16384K, 27% used [0x00000000feb00000,0x00000000fef6b700,0x00000000ffb00000)
  from space 2560K, 99% used [0x00000000ffb00000,0x00000000ffd7cae8,0x00000000ffd80000)
  to   space 2560K, 0% used [0x00000000ffd80000,0x00000000ffd80000,0x0000000100000000)
 ParOldGen       total 44032K, used 6551K [0x00000000fc000000, 0x00000000feb00000, 0x00000000feb00000)
  object space 44032K, 14% used [0x00000000fc000000,0x00000000fc665e68,0x00000000feb00000)
 Metaspace       used 7916K, capacity 8138K, committed 8192K, reserved 1056768K
  class space    used 905K, capacity 989K, committed 1024K, reserved 1048576K

Card table byte_map: [0x0000000002f00000,0x0000000002f30000] byte_map_base: 0x0000000002720000

Marking Bits: (ParMarkBitMap*) 0x0000000070383950
 Begin Bits: [0x0000000014390000, 0x0000000014490000)
 End Bits:   [0x0000000014490000, 0x0000000014590000)

Polling page: 0x00000000005f0000

CodeCache: size=245760Kb used=4237Kb max_used=4243Kb free=241522Kb
 bounds [0x0000000004bd0000, 0x0000000005000000, 0x0000000013bd0000]
 total_blobs=1469 nmethods=1135 adapters=248
 compilation: enabled

Compilation events (10 events):
Event: 4.171 Thread 0x0000000014f8b000 nmethod 1131 0x0000000004feff50 code [0x0000000004ff0140, 0x0000000004ff0d60]
Event: 4.177 Thread 0x0000000014f8b000 1132  s    4       java.io.BufferedOutputStream::write (35 bytes)
Event: 4.179 Thread 0x0000000014f8b000 nmethod 1132 0x0000000004fc2350 code [0x0000000004fc24a0, 0x0000000004fc2808]
Event: 4.181 Thread 0x0000000014f8b000 1133       4       java.lang.String::<init> (82 bytes)
Event: 4.186 Thread 0x0000000014f8b000 nmethod 1133 0x0000000004ff2450 code [0x0000000004ff25a0, 0x0000000004ff2898]
Event: 4.186 Thread 0x0000000014f8b000 1134       4       org.objectweb.asm.MethodVisitor::visitIntInsn (17 bytes)
Event: 4.186 Thread 0x0000000014f8b000 nmethod 1134 0x0000000004ff5c50 code [0x0000000004ff5d80, 0x0000000004ff5e18]
Event: 4.187 Thread 0x0000000016336800 1135       3       java.util.zip.CRC32::update (16 bytes)
Event: 4.187 Thread 0x0000000016336800 nmethod 1135 0x0000000004ff20d0 code [0x0000000004ff2220, 0x0000000004ff23b0]
Event: 4.190 Thread 0x0000000014f8b000 1136       4       org.objectweb.asm.ClassWriter::a (71 bytes)

GC Heap History (6 events):
Event: 1.289 GC heap before
{Heap before GC invocations=1 (full 0):
 PSYoungGen      total 18944K, used 16384K [0x00000000feb00000, 0x0000000100000000, 0x0000000100000000)
  eden space 16384K, 100% used [0x00000000feb00000,0x00000000ffb00000,0x00000000ffb00000)
  from space 2560K, 0% used [0x00000000ffd80000,0x00000000ffd80000,0x0000000100000000)
  to   space 2560K, 0% used [0x00000000ffb00000,0x00000000ffb00000,0x00000000ffd80000)
 ParOldGen       total 44032K, used 0K [0x00000000fc000000, 0x00000000feb00000, 0x00000000feb00000)
  object space 44032K, 0% used [0x00000000fc000000,0x00000000fc000000,0x00000000feb00000)
 Metaspace       used 6606K, capacity 6808K, committed 7040K, reserved 1056768K
  class space    used 773K, capacity 824K, committed 896K, reserved 1048576K
Event: 1.298 GC heap after
Heap after GC invocations=1 (full 0):
 PSYoungGen      total 18944K, used 2536K [0x00000000feb00000, 0x0000000100000000, 0x0000000100000000)
  eden space 16384K, 0% used [0x00000000feb00000,0x00000000feb00000,0x00000000ffb00000)
  from space 2560K, 99% used [0x00000000ffb00000,0x00000000ffd7a030,0x00000000ffd80000)
  to   space 2560K, 0% used [0x00000000ffd80000,0x00000000ffd80000,0x0000000100000000)
 ParOldGen       total 44032K, used 1780K [0x00000000fc000000, 0x00000000feb00000, 0x00000000feb00000)
  object space 44032K, 4% used [0x00000000fc000000,0x00000000fc1bd358,0x00000000feb00000)
 Metaspace       used 6606K, capacity 6808K, committed 7040K, reserved 1056768K
  class space    used 773K, capacity 824K, committed 896K, reserved 1048576K
}
Event: 1.959 GC heap before
{Heap before GC invocations=2 (full 0):
 PSYoungGen      total 18944K, used 18920K [0x00000000feb00000, 0x0000000100000000, 0x0000000100000000)
  eden space 16384K, 100% used [0x00000000feb00000,0x00000000ffb00000,0x00000000ffb00000)
  from space 2560K, 99% used [0x00000000ffb00000,0x00000000ffd7a030,0x00000000ffd80000)
  to   space 2560K, 0% used [0x00000000ffd80000,0x00000000ffd80000,0x0000000100000000)
 ParOldGen       total 44032K, used 1780K [0x00000000fc000000, 0x00000000feb00000, 0x00000000feb00000)
  object space 44032K, 4% used [0x00000000fc000000,0x00000000fc1bd358,0x00000000feb00000)
 Metaspace       used 7588K, capacity 7722K, committed 7936K, reserved 1056768K
  class space    used 891K, capacity 957K, committed 1024K, reserved 1048576K
Event: 1.974 GC heap after
Heap after GC invocations=2 (full 0):
 PSYoungGen      total 18944K, used 2546K [0x00000000feb00000, 0x0000000100000000, 0x0000000100000000)
  eden space 16384K, 0% used [0x00000000feb00000,0x00000000feb00000,0x00000000ffb00000)
  from space 2560K, 99% used [0x00000000ffd80000,0x00000000ffffcae8,0x0000000100000000)
  to   space 2560K, 0% used [0x00000000ffb00000,0x00000000ffb00000,0x00000000ffd80000)
 ParOldGen       total 44032K, used 6064K [0x00000000fc000000, 0x00000000feb00000, 0x00000000feb00000)
  object space 44032K, 13% used [0x00000000fc000000,0x00000000fc5ec3d8,0x00000000feb00000)
 Metaspace       used 7588K, capacity 7722K, committed 7936K, reserved 1056768K
  class space    used 891K, capacity 957K, committed 1024K, reserved 1048576K
}
Event: 3.769 GC heap before
{Heap before GC invocations=3 (full 0):
 PSYoungGen      total 18944K, used 18930K [0x00000000feb00000, 0x0000000100000000, 0x0000000100000000)
  eden space 16384K, 100% used [0x00000000feb00000,0x00000000ffb00000,0x00000000ffb00000)
  from space 2560K, 99% used [0x00000000ffd80000,0x00000000ffffcae8,0x0000000100000000)
  to   space 2560K, 0% used [0x00000000ffb00000,0x00000000ffb00000,0x00000000ffd80000)
 ParOldGen       total 44032K, used 6064K [0x00000000fc000000, 0x00000000feb00000, 0x00000000feb00000)
  object space 44032K, 13% used [0x00000000fc000000,0x00000000fc5ec3d8,0x00000000feb00000)
 Metaspace       used 7913K, capacity 8138K, committed 8192K, reserved 1056768K
  class space    used 905K, capacity 989K, committed 1024K, reserved 1048576K
Event: 3.834 GC heap after
Heap after GC invocations=3 (full 0):
 PSYoungGen      total 18944K, used 2546K [0x00000000feb00000, 0x0000000100000000, 0x0000000100000000)
  eden space 16384K, 0% used [0x00000000feb00000,0x00000000feb00000,0x00000000ffb00000)
  from space 2560K, 99% used [0x00000000ffb00000,0x00000000ffd7cae8,0x00000000ffd80000)
  to   space 2560K, 0% used [0x00000000ffd80000,0x00000000ffd80000,0x0000000100000000)
 ParOldGen       total 44032K, used 6551K [0x00000000fc000000, 0x00000000feb00000, 0x00000000feb00000)
  object space 44032K, 14% used [0x00000000fc000000,0x00000000fc665e68,0x00000000feb00000)
 Metaspace       used 7913K, capacity 8138K, committed 8192K, reserved 1056768K
  class space    used 905K, capacity 989K, committed 1024K, reserved 1048576K
}

Deoptimization events (10 events):
Event: 3.364 Thread 0x0000000004bce000 Uncommon trap: reason=class_check action=maybe_recompile pc=0x0000000004f85b48 method=org.objectweb.asm.tree.VarInsnNode.accept(Lorg/objectweb/asm/MethodVisitor;)V @ 9
Event: 3.364 Thread 0x0000000004bce000 Uncommon trap: reason=class_check action=maybe_recompile pc=0x0000000004f85b48 method=org.objectweb.asm.tree.VarInsnNode.accept(Lorg/objectweb/asm/MethodVisitor;)V @ 9
Event: 3.364 Thread 0x0000000004bce000 Uncommon trap: reason=class_check action=maybe_recompile pc=0x0000000004f85b48 method=org.objectweb.asm.tree.VarInsnNode.accept(Lorg/objectweb/asm/MethodVisitor;)V @ 9
Event: 3.364 Thread 0x0000000004bce000 Uncommon trap: reason=class_check action=maybe_recompile pc=0x0000000004f85b48 method=org.objectweb.asm.tree.VarInsnNode.accept(Lorg/objectweb/asm/MethodVisitor;)V @ 9
Event: 3.369 Thread 0x0000000004bce000 Uncommon trap: reason=unstable_if action=reinterpret pc=0x0000000004eef07c method=org.objectweb.asm.ClassReader.a(II[C)Ljava/lang/String; @ 77
Event: 3.369 Thread 0x0000000004bce000 Uncommon trap: reason=unstable_if action=reinterpret pc=0x0000000004eec57c method=org.objectweb.asm.ClassReader.a(II[C)Ljava/lang/String; @ 77
Event: 3.372 Thread 0x0000000004bce000 Uncommon trap: reason=unstable_if action=reinterpret pc=0x0000000004f30920 method=org.objectweb.asm.ByteVector.putUTF8(Ljava/lang/String;)Lorg/objectweb/asm/ByteVector; @ 98
Event: 3.373 Thread 0x0000000004bce000 Uncommon trap: reason=unstable_if action=reinterpret pc=0x0000000004ee8878 method=org.objectweb.asm.ByteVector.putUTF8(Ljava/lang/String;)Lorg/objectweb/asm/ByteVector; @ 98
Event: 3.880 Thread 0x0000000004bce000 Uncommon trap: reason=unstable_if action=reinterpret pc=0x0000000004f8fdf4 method=org.objectweb.asm.tree.MethodNode.getLabelNodes([Ljava/lang/Object;)[Ljava/lang/Object; @ 24
Event: 3.965 Thread 0x0000000004bce000 Uncommon trap: reason=null_check action=make_not_entrant pc=0x0000000004fedff4 method=com.google.devtools.build.android.desugar.InterfaceDesugaring$InterfaceInvocationRewriter.visitMethodInsn(ILjava/lang/String;Ljava/lang/String;Ljava/lang/String;Z)V @ 10

Classes redefined (0 events):
No events

Internal exceptions (10 events):
Event: 1.452 Thread 0x0000000004bce000 Exception <a 'sun/nio/fs/WindowsException'> (0x00000000ff18c3f0) thrown at [D:\src\AOSP-openjdk-cygwin\jdk8u\hotspot\src\share\vm\prims\jni.cpp, line 709]
Event: 1.452 Thread 0x0000000004bce000 Exception <a 'sun/nio/fs/WindowsException'> (0x00000000ff18cbb0) thrown at [D:\src\AOSP-openjdk-cygwin\jdk8u\hotspot\src\share\vm\prims\jni.cpp, line 709]
Event: 1.526 Thread 0x0000000004bce000 Exception <a 'sun/nio/fs/WindowsException'> (0x00000000ff192018) thrown at [D:\src\AOSP-openjdk-cygwin\jdk8u\hotspot\src\share\vm\prims\jni.cpp, line 709]
Event: 1.835 Thread 0x0000000004bce000 Exception <a 'sun/nio/fs/WindowsException'> (0x00000000ff947f80) thrown at [D:\src\AOSP-openjdk-cygwin\jdk8u\hotspot\src\share\vm\prims\jni.cpp, line 709]
Event: 1.835 Thread 0x0000000004bce000 Exception <a 'sun/nio/fs/WindowsException'> (0x00000000ff948508) thrown at [D:\src\AOSP-openjdk-cygwin\jdk8u\hotspot\src\share\vm\prims\jni.cpp, line 709]
Event: 2.101 Thread 0x0000000004bce000 Exception <a 'sun/nio/fs/WindowsException'> (0x00000000fec5a558) thrown at [D:\src\AOSP-openjdk-cygwin\jdk8u\hotspot\src\share\vm\prims\jni.cpp, line 709]
Event: 2.102 Thread 0x0000000004bce000 Exception <a 'sun/nio/fs/WindowsException'> (0x00000000fec5aa60) thrown at [D:\src\AOSP-openjdk-cygwin\jdk8u\hotspot\src\share\vm\prims\jni.cpp, line 709]
Event: 2.914 Thread 0x0000000004bce000 Exception <a 'sun/nio/fs/WindowsException'> (0x00000000ff84b998) thrown at [D:\src\AOSP-openjdk-cygwin\jdk8u\hotspot\src\share\vm\prims\jni.cpp, line 709]
Event: 2.914 Thread 0x0000000004bce000 Exception <a 'sun/nio/fs/WindowsException'> (0x00000000ff84bea0) thrown at [D:\src\AOSP-openjdk-cygwin\jdk8u\hotspot\src\share\vm\prims\jni.cpp, line 709]
Event: 3.965 Thread 0x0000000004bce000 Implicit null exception at 0x0000000004fece95 to 0x0000000004fedfcd

Events (10 events):
Event: 3.769 Executing VM operation: ParallelGCFailedAllocation
Event: 3.834 Executing VM operation: ParallelGCFailedAllocation done
Event: 3.879 Thread 0x0000000004bce000 DEOPT PACKING pc=0x0000000004f041f0 sp=0x0000000002efe8e0
Event: 3.879 Thread 0x0000000004bce000 DEOPT UNPACKING pc=0x0000000004c175bf sp=0x0000000002efe608 mode 0
Event: 3.880 Thread 0x0000000004bce000 Uncommon trap: trap_request=0xffffff65 fr.pc=0x0000000004f8fdf4
Event: 3.880 Thread 0x0000000004bce000 DEOPT PACKING pc=0x0000000004f8fdf4 sp=0x0000000002efe630
Event: 3.880 Thread 0x0000000004bce000 DEOPT UNPACKING pc=0x0000000004c1556a sp=0x0000000002efe5c0 mode 2
Event: 3.965 Thread 0x0000000004bce000 Uncommon trap: trap_request=0xfffffff4 fr.pc=0x0000000004fedff4
Event: 3.965 Thread 0x0000000004bce000 DEOPT PACKING pc=0x0000000004fedff4 sp=0x0000000002efe880
Event: 3.965 Thread 0x0000000004bce000 DEOPT UNPACKING pc=0x0000000004c1556a sp=0x0000000002efe7d0 mode 2


Dynamic libraries:
0x00007ff795ba0000 - 0x00007ff795bd1000 	D:\Android\Android\Android Studio\jre\bin\java.exe
0x00007ff832e80000 - 0x00007ff833060000 	C:\Windows\SYSTEM32\ntdll.dll
0x00007ff832d40000 - 0x00007ff832dee000 	C:\Windows\System32\KERNEL32.DLL
0x00007ff82f5c0000 - 0x00007ff82f826000 	C:\Windows\System32\KERNELBASE.dll
0x00007ff8328c0000 - 0x00007ff832961000 	C:\Windows\System32\ADVAPI32.dll
0x00007ff832550000 - 0x00007ff8325ed000 	C:\Windows\System32\msvcrt.dll
0x00007ff832df0000 - 0x00007ff832e4b000 	C:\Windows\System32\sechost.dll
0x00007ff832120000 - 0x00007ff83223f000 	C:\Windows\System32\RPCRT4.dll
0x00007ff830360000 - 0x00007ff8304ee000 	C:\Windows\System32\USER32.dll
0x00007ff82f3f0000 - 0x00007ff82f410000 	C:\Windows\System32\win32u.dll
0x00007ff830510000 - 0x00007ff830538000 	C:\Windows\System32\GDI32.dll
0x00007ff82fa60000 - 0x00007ff82fbf1000 	C:\Windows\System32\gdi32full.dll
0x00007ff82f350000 - 0x00007ff82f3eb000 	C:\Windows\System32\msvcp_win.dll
0x00007ff82f4c0000 - 0x00007ff82f5b6000 	C:\Windows\System32\ucrtbase.dll
0x00007ff8268e0000 - 0x00007ff826b49000 	C:\Windows\WinSxS\amd64_microsoft.windows.common-controls_6595b64144ccf1df_6.0.16299.15_none_cc92fb402215d91d\COMCTL32.dll
0x00007ff832240000 - 0x00007ff832548000 	C:\Windows\System32\combase.dll
0x00007ff82f280000 - 0x00007ff82f2f2000 	C:\Windows\System32\bcryptPrimitives.dll
0x00007ff831fc0000 - 0x00007ff831fed000 	C:\Windows\System32\IMM32.DLL
0x000000006fae0000 - 0x000000006fbb2000 	D:\Android\Android\Android Studio\jre\jre\bin\msvcr100.dll
0x000000006fbc0000 - 0x00000000703fe000 	D:\Android\Android\Android Studio\jre\jre\bin\server\jvm.dll
0x00007ff830350000 - 0x00007ff830358000 	C:\Windows\System32\PSAPI.DLL
0x00007ff82bc00000 - 0x00007ff82bc09000 	C:\Windows\SYSTEM32\WSOCK32.dll
0x00007ff831f50000 - 0x00007ff831fbc000 	C:\Windows\System32\WS2_32.dll
0x00007ff82d010000 - 0x00007ff82d033000 	C:\Windows\SYSTEM32\WINMM.dll
0x00007ff82dec0000 - 0x00007ff82deca000 	C:\Windows\SYSTEM32\VERSION.dll
0x00007ff82cd10000 - 0x00007ff82cd3a000 	C:\Windows\SYSTEM32\WINMMBASE.dll
0x00007ff82f300000 - 0x00007ff82f34a000 	C:\Windows\System32\cfgmgr32.dll
0x00007ff82bbf0000 - 0x00007ff82bbff000 	D:\Android\Android\Android Studio\jre\jre\bin\verify.dll
0x00007ff828270000 - 0x00007ff828299000 	D:\Android\Android\Android Studio\jre\jre\bin\java.dll
0x00007ff82bbd0000 - 0x00007ff82bbe6000 	D:\Android\Android\Android Studio\jre\jre\bin\zip.dll
0x00007ff830a90000 - 0x00007ff831ec7000 	C:\Windows\System32\SHELL32.dll
0x00007ff832b40000 - 0x00007ff832be6000 	C:\Windows\System32\shcore.dll
0x00007ff82fc00000 - 0x00007ff830347000 	C:\Windows\System32\windows.storage.dll
0x00007ff832ae0000 - 0x00007ff832b31000 	C:\Windows\System32\shlwapi.dll
0x00007ff82f260000 - 0x00007ff82f271000 	C:\Windows\System32\kernel.appcore.dll
0x00007ff82f1d0000 - 0x00007ff82f21c000 	C:\Windows\System32\powrprof.dll
0x00007ff82f220000 - 0x00007ff82f23b000 	C:\Windows\System32\profapi.dll
0x00007ff82ebc0000 - 0x00007ff82ebd7000 	C:\Windows\SYSTEM32\CRYPTSP.dll
0x00007ff82e610000 - 0x00007ff82e643000 	C:\Windows\system32\rsaenh.dll
0x00007ff82ecd0000 - 0x00007ff82ecf5000 	C:\Windows\SYSTEM32\bcrypt.dll
0x00007ff82f100000 - 0x00007ff82f129000 	C:\Windows\SYSTEM32\USERENV.dll
0x00007ff82ebe0000 - 0x00007ff82ebeb000 	C:\Windows\SYSTEM32\CRYPTBASE.dll
0x00007ff828250000 - 0x00007ff82826a000 	D:\Android\Android\Android Studio\jre\jre\bin\net.dll
0x00007ff82ea00000 - 0x00007ff82ea66000 	C:\Windows\system32\mswsock.dll
0x00007ff82e790000 - 0x00007ff82e7c9000 	C:\Windows\SYSTEM32\IPHLPAPI.DLL
0x00007ff832000000 - 0x00007ff832008000 	C:\Windows\System32\NSI.dll
0x00007ff82a680000 - 0x00007ff82a696000 	C:\Windows\SYSTEM32\dhcpcsvc6.DLL
0x00007ff82a660000 - 0x00007ff82a67a000 	C:\Windows\SYSTEM32\dhcpcsvc.DLL
0x00007ff828230000 - 0x00007ff828241000 	D:\Android\Android\Android Studio\jre\jre\bin\nio.dll

VM Arguments:
jvm_args: -Djava.awt.headless=true -Xmx64M -Dfile.encoding=GBK -Duser.country=CN -Duser.language=zh -Duser.variant 
java_command: com.google.devtools.build.android.desugar.Desugar @D:\Android\TEST\WanAndroidTest\app\build\intermediates\tmp\desugar_args965841518252727785
java_class_path (initial): C:\Users\Administrator\AppData\Local\Temp\desugar_deploy.jar5675111122699367911
Launcher Type: SUN_STANDARD

Environment Variables:
JAVA_HOME=D:\Program Files\Java\jdk1.8.0_77
PATH=C:\Windows\system32;C:\Windows;C:\Windows\System32\Wbem;C:\Windows\System32\WindowsPowerShell\v1.0\;C:\Program Files (x86)\NVIDIA Corporation\PhysX\Common;D:\Program Files\Java\jdk1.8.0_77\bin;D:\Program Files\Java\jdk1.8.0_77\jre\bin; ;C:\Users\Administrator\AppData\Local\Microsoft\WindowsApps;
USERNAME=Administrator
OS=Windows_NT
PROCESSOR_IDENTIFIER=Intel64 Family 6 Model 58 Stepping 9, GenuineIntel



---------------  S Y S T E M  ---------------

OS: Windows 10.0 , 64 bit Build 16299 (10.0.16299.15)

CPU:total 4 (initial active 4) (2 cores per cpu, 2 threads per core) family 6 model 58 stepping 9, cmov, cx8, fxsr, mmx, sse, sse2, sse3, ssse3, sse4.1, sse4.2, popcnt, avx, clmul, erms, ht, tsc, tscinvbit, tscinv

Memory: 4k page, physical 8281380k(912896k free), swap 8281380k(3376k free)

vm_info: OpenJDK 64-Bit Server VM (25.152-b01) for windows-amd64 JRE (1.8.0_152-release-915-b01), built by "builder" with MS VC++ 10.0 (VS2010)

time: Fri Apr 27 13:27:36 2018
elapsed time: 4 seconds (0d 0h 0m 4s)

