#
# There is insufficient memory for the Java Runtime Environment to continue.
# Native memory allocation (malloc) failed to allocate 32744 bytes for ChunkPool::allocate
# Possible reasons:
#   The system is out of physical RAM or swap space
#   In 32 bit mode, the process size limit was hit
# Possible solutions:
#   Reduce memory load on the system
#   Increase physical memory or swap space
#   Check if swap backing store is full
#   Use 64 bit Java on a 64 bit OS
#   Decrease Java heap size (-Xmx/-Xms)
#   Decrease number of Java threads
#   Decrease Java thread stack sizes (-Xss)
#   Set larger code cache with -XX:ReservedCodeCacheSize=
# This output file may be truncated or incomplete.
#
#  Out of Memory Error (allocation.cpp:273), pid=2124, tid=0x0000000000000fac
#
# JRE version: OpenJDK Runtime Environment (8.0_152-b01) (build 1.8.0_152-release-915-b01)
# Java VM: OpenJDK 64-Bit Server VM (25.152-b01 mixed mode windows-amd64 compressed oops)
# Failed to write core dump. Minidumps are not enabled by default on client versions of Windows
#

---------------  T H R E A D  ---------------

Current thread (0x00000000167e2000):  JavaThread "C1 CompilerThread2" daemon [_thread_in_native, id=4012, stack(0x0000000016f80000,0x0000000017080000)]

Stack: [0x0000000016f80000,0x0000000017080000]
[error occurred during error reporting (printing stack bounds), id 0xc0000005]

Native frames: (J=compiled Java code, j=interpreted, Vv=VM code, C=native code)


Current CompileTask:
C1:   3397  861       3       org.objectweb.asm.ClassReader::a (3587 bytes)


---------------  P R O C E S S  ---------------

Java Threads: ( => current thread )
  0x00000000167e5800 JavaThread "Service Thread" daemon [_thread_blocked, id=7544, stack(0x0000000017080000,0x0000000017180000)]
=>0x00000000167e2000 JavaThread "C1 CompilerThread2" daemon [_thread_in_native, id=4012, stack(0x0000000016f80000,0x0000000017080000)]
  0x000000001541b000 JavaThread "C2 CompilerThread1" daemon [_thread_in_native, id=9272, stack(0x0000000016e80000,0x0000000016f80000)]
  0x0000000015418800 JavaThread "C2 CompilerThread0" daemon [_thread_in_native, id=8060, stack(0x0000000016d80000,0x0000000016e80000)]
  0x00000000153cc800 JavaThread "Attach Listener" daemon [_thread_blocked, id=1532, stack(0x0000000016c80000,0x0000000016d80000)]
  0x0000000016788800 JavaThread "Signal Dispatcher" daemon [_thread_blocked, id=7132, stack(0x0000000016b80000,0x0000000016c80000)]
  0x000000000505b000 JavaThread "Finalizer" daemon [_thread_blocked, id=5440, stack(0x0000000016620000,0x0000000016720000)]
  0x0000000015387000 JavaThread "Reference Handler" daemon [_thread_blocked, id=4428, stack(0x0000000016520000,0x0000000016620000)]
  0x000000000318e000 JavaThread "main" [_thread_in_native, id=9348, stack(0x0000000004e60000,0x0000000004f60000)]

Other Threads:
  0x0000000015385800 VMThread [stack: 0x0000000016420000,0x0000000016520000] [id=4716]
  0x00000000167e7000 WatcherThread [stack: 0x0000000017180000,0x0000000017280000] [id=10148]

VM state:not at safepoint (normal execution)

VM Mutex/Monitor currently owned by a thread: None

Heap:
 PSYoungGen      total 18944K, used 4929K [0x00000000feb00000, 0x0000000100000000, 0x0000000100000000)
  eden space 16384K, 14% used [0x00000000feb00000,0x00000000fed540e0,0x00000000ffb00000)
  from space 2560K, 99% used [0x00000000ffd80000,0x00000000ffffc410,0x0000000100000000)
  to   space 2560K, 0% used [0x00000000ffb00000,0x00000000ffb00000,0x00000000ffd80000)
 ParOldGen       total 44032K, used 5698K [0x00000000fc000000, 0x00000000feb00000, 0x00000000feb00000)
  object space 44032K, 12% used [0x00000000fc000000,0x00000000fc590a80,0x00000000feb00000)
 Metaspace       used 7774K, capacity 8002K, committed 8192K, reserved 1056768K
  class space    used 905K, capacity 989K, committed 1024K, reserved 1048576K

Card table byte_map: [0x0000000003140000,0x0000000003170000] byte_map_base: 0x0000000002960000

Marking Bits: (ParMarkBitMap*) 0x0000000074ad3950
 Begin Bits: [0x0000000014820000, 0x0000000014920000)
 End Bits:   [0x0000000014920000, 0x0000000014a20000)

Polling page: 0x0000000002d40000

CodeCache: size=245760Kb used=3090Kb max_used=3101Kb free=242669Kb
 bounds [0x0000000005060000, 0x0000000005370000, 0x0000000014060000]
 total_blobs=1198 nmethods=864 adapters=248
 compilation: enabled

Compilation events (10 events):
Event: 3.371 Thread 0x000000001541b000 nmethod 857 0x000000000535ec10 code [0x000000000535ed60, 0x000000000535eec8]
Event: 3.371 Thread 0x00000000167e2000  858       3       org.objectweb.asm.Label::a (93 bytes)
Event: 3.372 Thread 0x00000000167e2000 nmethod 858 0x00000000053678d0 code [0x0000000005367a40, 0x0000000005367e88]
Event: 3.372 Thread 0x00000000167e2000  859       1       java.nio.Buffer::position (5 bytes)
Event: 3.372 Thread 0x00000000167e2000 nmethod 859 0x0000000005367610 code [0x0000000005367760, 0x0000000005367870]
Event: 3.373 Thread 0x00000000167e2000  860       3       org.objectweb.asm.ClassVisitor::visitInnerClass (20 bytes)
Event: 3.373 Thread 0x00000000167e2000 nmethod 860 0x0000000005367150 code [0x00000000053672c0, 0x0000000005367528]
Event: 3.374 Thread 0x00000000167e2000  861       3       org.objectweb.asm.ClassReader::a (3587 bytes)
Event: 3.388 Thread 0x0000000015418800  867       4       org.objectweb.asm.ClassReader::readInt (52 bytes)
Event: 3.389 Thread 0x0000000015418800 nmethod 867 0x0000000005366e50 code [0x0000000005366f80, 0x0000000005367078]

GC Heap History (4 events):
Event: 2.191 GC heap before
{Heap before GC invocations=1 (full 0):
 PSYoungGen      total 18944K, used 16384K [0x00000000feb00000, 0x0000000100000000, 0x0000000100000000)
  eden space 16384K, 100% used [0x00000000feb00000,0x00000000ffb00000,0x00000000ffb00000)
  from space 2560K, 0% used [0x00000000ffd80000,0x00000000ffd80000,0x0000000100000000)
  to   space 2560K, 0% used [0x00000000ffb00000,0x00000000ffb00000,0x00000000ffd80000)
 ParOldGen       total 44032K, used 0K [0x00000000fc000000, 0x00000000feb00000, 0x00000000feb00000)
  object space 44032K, 0% used [0x00000000fc000000,0x00000000fc000000,0x00000000feb00000)
 Metaspace       used 6626K, capacity 6800K, committed 7040K, reserved 1056768K
  class space    used 773K, capacity 824K, committed 896K, reserved 1048576K
Event: 2.217 GC heap after
Heap after GC invocations=1 (full 0):
 PSYoungGen      total 18944K, used 2536K [0x00000000feb00000, 0x0000000100000000, 0x0000000100000000)
  eden space 16384K, 0% used [0x00000000feb00000,0x00000000feb00000,0x00000000ffb00000)
  from space 2560K, 99% used [0x00000000ffb00000,0x00000000ffd7a030,0x00000000ffd80000)
  to   space 2560K, 0% used [0x00000000ffd80000,0x00000000ffd80000,0x0000000100000000)
 ParOldGen       total 44032K, used 1671K [0x00000000fc000000, 0x00000000feb00000, 0x00000000feb00000)
  object space 44032K, 3% used [0x00000000fc000000,0x00000000fc1a1e58,0x00000000feb00000)
 Metaspace       used 6626K, capacity 6800K, committed 7040K, reserved 1056768K
  class space    used 773K, capacity 824K, committed 896K, reserved 1048576K
}
Event: 3.129 GC heap before
{Heap before GC invocations=2 (full 0):
 PSYoungGen      total 18944K, used 18920K [0x00000000feb00000, 0x0000000100000000, 0x0000000100000000)
  eden space 16384K, 100% used [0x00000000feb00000,0x00000000ffb00000,0x00000000ffb00000)
  from space 2560K, 99% used [0x00000000ffb00000,0x00000000ffd7a030,0x00000000ffd80000)
  to   space 2560K, 0% used [0x00000000ffd80000,0x00000000ffd80000,0x0000000100000000)
 ParOldGen       total 44032K, used 1671K [0x00000000fc000000, 0x00000000feb00000, 0x00000000feb00000)
  object space 44032K, 3% used [0x00000000fc000000,0x00000000fc1a1e58,0x00000000feb00000)
 Metaspace       used 7380K, capacity 7554K, committed 7680K, reserved 1056768K
  class space    used 868K, capacity 925K, committed 1024K, reserved 1048576K
Event: 3.140 GC heap after
Heap after GC invocations=2 (full 0):
 PSYoungGen      total 18944K, used 2545K [0x00000000feb00000, 0x0000000100000000, 0x0000000100000000)
  eden space 16384K, 0% used [0x00000000feb00000,0x00000000feb00000,0x00000000ffb00000)
  from space 2560K, 99% used [0x00000000ffd80000,0x00000000ffffc410,0x0000000100000000)
  to   space 2560K, 0% used [0x00000000ffb00000,0x00000000ffb00000,0x00000000ffd80000)
 ParOldGen       total 44032K, used 5698K [0x00000000fc000000, 0x00000000feb00000, 0x00000000feb00000)
  object space 44032K, 12% used [0x00000000fc000000,0x00000000fc590a80,0x00000000feb00000)
 Metaspace       used 7380K, capacity 7554K, committed 7680K, reserved 1056768K
  class space    used 868K, capacity 925K, committed 1024K, reserved 1048576K
}

Deoptimization events (10 events):
Event: 3.024 Thread 0x000000000318e000 Uncommon trap: reason=class_check action=maybe_recompile pc=0x00000000052a92ec method=com.google.common.collect.TransformedIterator.hasNext()Z @ 4
Event: 3.024 Thread 0x000000000318e000 Uncommon trap: reason=class_check action=maybe_recompile pc=0x00000000052a92ec method=com.google.common.collect.TransformedIterator.hasNext()Z @ 4
Event: 3.024 Thread 0x000000000318e000 Uncommon trap: reason=class_check action=maybe_recompile pc=0x00000000052b1f30 method=com.google.common.collect.TransformedIterator.next()Ljava/lang/Object; @ 5
Event: 3.024 Thread 0x000000000318e000 Uncommon trap: reason=class_check action=maybe_recompile pc=0x0000000005297ed0 method=com.google.common.collect.Iterators$7.transform(Ljava/lang/Object;)Ljava/lang/Object; @ 5
Event: 3.025 Thread 0x000000000318e000 Uncommon trap: reason=class_check action=maybe_recompile pc=0x00000000052a92ec method=com.google.common.collect.TransformedIterator.hasNext()Z @ 4
Event: 3.025 Thread 0x000000000318e000 Uncommon trap: reason=class_check action=maybe_recompile pc=0x00000000052b1f30 method=com.google.common.collect.TransformedIterator.next()Ljava/lang/Object; @ 5
Event: 3.025 Thread 0x000000000318e000 Uncommon trap: reason=class_check action=maybe_recompile pc=0x0000000005297ed0 method=com.google.common.collect.Iterators$7.transform(Ljava/lang/Object;)Ljava/lang/Object; @ 5
Event: 3.025 Thread 0x000000000318e000 Uncommon trap: reason=class_check action=maybe_recompile pc=0x00000000052b1f30 method=com.google.common.collect.TransformedIterator.next()Ljava/lang/Object; @ 5
Event: 3.025 Thread 0x000000000318e000 Uncommon trap: reason=class_check action=maybe_recompile pc=0x0000000005297ed0 method=com.google.common.collect.Iterators$7.transform(Ljava/lang/Object;)Ljava/lang/Object; @ 5
Event: 3.266 Thread 0x000000000318e000 Uncommon trap: reason=unstable_if action=reinterpret pc=0x0000000005251af8 method=java.lang.String.<init>([CII)V @ 18

Classes redefined (0 events):
No events

Internal exceptions (10 events):
Event: 2.120 Thread 0x000000000318e000 Implicit null exception at 0x0000000005292bbd to 0x0000000005292ff1
Event: 2.521 Thread 0x000000000318e000 Exception <a 'sun/nio/fs/WindowsException'> (0x00000000ff1b3678) thrown at [D:\src\AOSP-openjdk-cygwin\jdk8u\hotspot\src\share\vm\prims\jni.cpp, line 709]
Event: 2.522 Thread 0x000000000318e000 Exception <a 'sun/nio/fs/WindowsException'> (0x00000000ff1b3c48) thrown at [D:\src\AOSP-openjdk-cygwin\jdk8u\hotspot\src\share\vm\prims\jni.cpp, line 709]
Event: 2.522 Thread 0x000000000318e000 Exception <a 'sun/nio/fs/WindowsException'> (0x00000000ff1b4240) thrown at [D:\src\AOSP-openjdk-cygwin\jdk8u\hotspot\src\share\vm\prims\jni.cpp, line 709]
Event: 2.522 Thread 0x000000000318e000 Exception <a 'sun/nio/fs/WindowsException'> (0x00000000ff1b4a10) thrown at [D:\src\AOSP-openjdk-cygwin\jdk8u\hotspot\src\share\vm\prims\jni.cpp, line 709]
Event: 2.523 Thread 0x000000000318e000 Exception <a 'sun/nio/fs/WindowsException'> (0x00000000ff1b4fe0) thrown at [D:\src\AOSP-openjdk-cygwin\jdk8u\hotspot\src\share\vm\prims\jni.cpp, line 709]
Event: 2.523 Thread 0x000000000318e000 Exception <a 'sun/nio/fs/WindowsException'> (0x00000000ff1b57a0) thrown at [D:\src\AOSP-openjdk-cygwin\jdk8u\hotspot\src\share\vm\prims\jni.cpp, line 709]
Event: 2.690 Thread 0x000000000318e000 Exception <a 'sun/nio/fs/WindowsException'> (0x00000000ff1bac08) thrown at [D:\src\AOSP-openjdk-cygwin\jdk8u\hotspot\src\share\vm\prims\jni.cpp, line 709]
Event: 2.944 Thread 0x000000000318e000 Exception <a 'sun/nio/fs/WindowsException'> (0x00000000ff9b1570) thrown at [D:\src\AOSP-openjdk-cygwin\jdk8u\hotspot\src\share\vm\prims\jni.cpp, line 709]
Event: 2.944 Thread 0x000000000318e000 Exception <a 'sun/nio/fs/WindowsException'> (0x00000000ff9b1af8) thrown at [D:\src\AOSP-openjdk-cygwin\jdk8u\hotspot\src\share\vm\prims\jni.cpp, line 709]

Events (10 events):
Event: 3.258 loading class java/util/zip/ZipOutputStream$XEntry done
Event: 3.261 loading class org/objectweb/asm/Opcodes
Event: 3.261 loading class org/objectweb/asm/Opcodes done
Event: 3.266 Thread 0x000000000318e000 Uncommon trap: trap_request=0xffffff65 fr.pc=0x0000000005251af8
Event: 3.266 Thread 0x000000000318e000 DEOPT PACKING pc=0x0000000005251af8 sp=0x0000000004f5ece0
Event: 3.273 Thread 0x000000000318e000 DEOPT UNPACKING pc=0x00000000050a556a sp=0x0000000004f5eca8 mode 2
Event: 3.283 loading class org/objectweb/asm/tree/TryCatchBlockNode
Event: 3.283 loading class org/objectweb/asm/tree/TryCatchBlockNode done
Event: 3.284 loading class org/objectweb/asm/Handler
Event: 3.284 loading class org/objectweb/asm/Handler done


Dynamic libraries:
0x00007ff7b5310000 - 0x00007ff7b5341000 	D:\Android\Android\Android Studio\jre\bin\java.exe
0x00007ffab57a0000 - 0x00007ffab5980000 	C:\Windows\SYSTEM32\ntdll.dll
0x00007ffab4ae0000 - 0x00007ffab4b8e000 	C:\Windows\System32\KERNEL32.DLL
0x00007ffab1ba0000 - 0x00007ffab1e06000 	C:\Windows\System32\KERNELBASE.dll
0x00007ffab5180000 - 0x00007ffab5221000 	C:\Windows\System32\ADVAPI32.dll
0x00007ffab56a0000 - 0x00007ffab573d000 	C:\Windows\System32\msvcrt.dll
0x00007ffab5610000 - 0x00007ffab566b000 	C:\Windows\System32\sechost.dll
0x00007ffab3260000 - 0x00007ffab337f000 	C:\Windows\System32\RPCRT4.dll
0x00007ffab4ce0000 - 0x00007ffab4e6e000 	C:\Windows\System32\USER32.dll
0x00007ffab1fb0000 - 0x00007ffab1fd0000 	C:\Windows\System32\win32u.dll
0x00007ffab5740000 - 0x00007ffab5768000 	C:\Windows\System32\GDI32.dll
0x00007ffab1e10000 - 0x00007ffab1fa1000 	C:\Windows\System32\gdi32full.dll
0x00007ffab2030000 - 0x00007ffab20cb000 	C:\Windows\System32\msvcp_win.dll
0x00007ffab2200000 - 0x00007ffab22f6000 	C:\Windows\System32\ucrtbase.dll
0x00007ffaa8630000 - 0x00007ffaa8899000 	C:\Windows\WinSxS\amd64_microsoft.windows.common-controls_6595b64144ccf1df_6.0.16299.15_none_cc92fb402215d91d\COMCTL32.dll
0x00007ffab47d0000 - 0x00007ffab4ad8000 	C:\Windows\System32\combase.dll
0x00007ffab2180000 - 0x00007ffab21f2000 	C:\Windows\System32\bcryptPrimitives.dll
0x00007ffab5670000 - 0x00007ffab569d000 	C:\Windows\System32\IMM32.DLL
0x0000000074230000 - 0x0000000074302000 	D:\Android\Android\Android Studio\jre\jre\bin\msvcr100.dll
0x0000000074310000 - 0x0000000074b4e000 	D:\Android\Android\Android Studio\jre\jre\bin\server\jvm.dll
0x00007ffab3380000 - 0x00007ffab3388000 	C:\Windows\System32\PSAPI.DLL
0x00007ffaaf930000 - 0x00007ffaaf953000 	C:\Windows\SYSTEM32\WINMM.dll
0x00007ffab07e0000 - 0x00007ffab07ea000 	C:\Windows\SYSTEM32\VERSION.dll
0x00007ffaaf630000 - 0x00007ffaaf65a000 	C:\Windows\SYSTEM32\WINMMBASE.dll
0x00007ffab2300000 - 0x00007ffab234a000 	C:\Windows\System32\cfgmgr32.dll
0x00007ffaae6c0000 - 0x00007ffaae6c9000 	C:\Windows\SYSTEM32\WSOCK32.dll
0x00007ffab53a0000 - 0x00007ffab540c000 	C:\Windows\System32\WS2_32.dll
0x00007ffaac730000 - 0x00007ffaac73f000 	D:\Android\Android\Android Studio\jre\jre\bin\verify.dll
0x00007ffaa80b0000 - 0x00007ffaa80d9000 	D:\Android\Android\Android Studio\jre\jre\bin\java.dll
0x00007ffaabfc0000 - 0x00007ffaabfd6000 	D:\Android\Android\Android Studio\jre\jre\bin\zip.dll
0x00007ffab3390000 - 0x00007ffab47c7000 	C:\Windows\System32\SHELL32.dll
0x00007ffab2ce0000 - 0x00007ffab2d86000 	C:\Windows\System32\shcore.dll
0x00007ffab2520000 - 0x00007ffab2c67000 	C:\Windows\System32\windows.storage.dll
0x00007ffab4e70000 - 0x00007ffab4ec1000 	C:\Windows\System32\shlwapi.dll
0x00007ffab1b40000 - 0x00007ffab1b51000 	C:\Windows\System32\kernel.appcore.dll
0x00007ffab1af0000 - 0x00007ffab1b3c000 	C:\Windows\System32\powrprof.dll
0x00007ffab1b80000 - 0x00007ffab1b9b000 	C:\Windows\System32\profapi.dll
0x00007ffab14e0000 - 0x00007ffab14f7000 	C:\Windows\SYSTEM32\CRYPTSP.dll
0x00007ffab0f30000 - 0x00007ffab0f63000 	C:\Windows\system32\rsaenh.dll
0x00007ffab15f0000 - 0x00007ffab1615000 	C:\Windows\SYSTEM32\bcrypt.dll
0x00007ffab1a20000 - 0x00007ffab1a49000 	C:\Windows\SYSTEM32\USERENV.dll
0x00007ffab1500000 - 0x00007ffab150b000 	C:\Windows\SYSTEM32\CRYPTBASE.dll
0x00007ffaaaf00000 - 0x00007ffaaaf1a000 	D:\Android\Android\Android Studio\jre\jre\bin\net.dll
0x00007ffab1320000 - 0x00007ffab1386000 	C:\Windows\system32\mswsock.dll
0x00007ffab10b0000 - 0x00007ffab10e9000 	C:\Windows\SYSTEM32\IPHLPAPI.DLL
0x00007ffab5600000 - 0x00007ffab5608000 	C:\Windows\System32\NSI.dll
0x00007ffaac900000 - 0x00007ffaac916000 	C:\Windows\SYSTEM32\dhcpcsvc6.DLL
0x00007ffaac8e0000 - 0x00007ffaac8fa000 	C:\Windows\SYSTEM32\dhcpcsvc.DLL
0x00007ffaa6c10000 - 0x00007ffaa6c21000 	D:\Android\Android\Android Studio\jre\jre\bin\nio.dll

VM Arguments:
jvm_args: -Djava.awt.headless=true -Xmx64M -Dfile.encoding=GBK -Duser.country=CN -Duser.language=zh -Duser.variant 
java_command: com.google.devtools.build.android.desugar.Desugar @D:\Android\TEST\WanAndroidTest\app\build\intermediates\tmp\desugar_args7478088859993452024
java_class_path (initial): C:\Users\Administrator\AppData\Local\Temp\desugar_deploy.jar8719441168662629408
Launcher Type: SUN_STANDARD

Environment Variables:
PATH=C:\Windows\system32;C:\Windows;C:\Windows\System32\Wbem;C:\Windows\System32\WindowsPowerShell\v1.0\;C:\Program Files (x86)\NVIDIA Corporation\PhysX\Common;C:\Users\Administrator\AppData\Local\Microsoft\WindowsApps;
USERNAME=Administrator
OS=Windows_NT
PROCESSOR_IDENTIFIER=Intel64 Family 6 Model 58 Stepping 9, GenuineIntel



---------------  S Y S T E M  ---------------

OS: Windows 10.0 , 64 bit Build 16299 (10.0.16299.15)

CPU:total 4 (initial active 4) (2 cores per cpu, 2 threads per core) family 6 model 58 stepping 9, cmov, cx8, fxsr, mmx, sse, sse2, sse3, ssse3, sse4.1, sse4.2, popcnt, avx, clmul, erms, ht, tsc, tscinvbit, tscinv

Memory: 4k page, physical 8281380k(1136440k free), swap 8281380k(1424k free)

vm_info: OpenJDK 64-Bit Server VM (25.152-b01) for windows-amd64 JRE (1.8.0_152-release-915-b01), built by "builder" with MS VC++ 10.0 (VS2010)

time: Mon Apr 30 16:02:39 2018
elapsed time: 3 seconds (0d 0h 0m 3s)

