#
# There is insufficient memory for the Java Runtime Environment to continue.
# Native memory allocation (malloc) failed to allocate 2670096 bytes for Chunk::new
# Possible reasons:
#   The system is out of physical RAM or swap space
#   In 32 bit mode, the process size limit was hit
# Possible solutions:
#   Reduce memory load on the system
#   Increase physical memory or swap space
#   Check if swap backing store is full
#   Use 64 bit Java on a 64 bit OS
#   Decrease Java heap size (-Xmx/-Xms)
#   Decrease number of Java threads
#   Decrease Java thread stack sizes (-Xss)
#   Set larger code cache with -XX:ReservedCodeCacheSize=
# This output file may be truncated or incomplete.
#
#  Out of Memory Error (allocation.cpp:390), pid=10464, tid=0x0000000000001590
#
# JRE version: OpenJDK Runtime Environment (8.0_152-b01) (build 1.8.0_152-release-915-b01)
# Java VM: OpenJDK 64-Bit Server VM (25.152-b01 mixed mode windows-amd64 compressed oops)
# Failed to write core dump. Minidumps are not enabled by default on client versions of Windows
#

---------------  T H R E A D  ---------------

Current thread (0x0000000015918800):  JavaThread "C2 CompilerThread0" daemon [_thread_in_native, id=5520, stack(0x0000000017290000,0x0000000017390000)]

Stack: [0x0000000017290000,0x0000000017390000]
[error occurred during error reporting (printing stack bounds), id 0xc0000005]

Native frames: (J=compiled Java code, j=interpreted, Vv=VM code, C=native code)


Current CompileTask:
C2:   4789  953       4       org.objectweb.asm.ClassReader::a (3587 bytes)


---------------  P R O C E S S  ---------------

Java Threads: ( => current thread )
  0x0000000016cf0000 JavaThread "Service Thread" daemon [_thread_blocked, id=2264, stack(0x0000000017590000,0x0000000017690000)]
  0x0000000016ce6800 JavaThread "C1 CompilerThread2" daemon [_thread_blocked, id=9832, stack(0x0000000017490000,0x0000000017590000)]
  0x000000001591b000 JavaThread "C2 CompilerThread1" daemon [_thread_blocked, id=3368, stack(0x0000000017390000,0x0000000017490000)]
=>0x0000000015918800 JavaThread "C2 CompilerThread0" daemon [_thread_in_native, id=5520, stack(0x0000000017290000,0x0000000017390000)]
  0x00000000158cc800 JavaThread "Attach Listener" daemon [_thread_blocked, id=9840, stack(0x0000000017190000,0x0000000017290000)]
  0x0000000016c98800 JavaThread "Signal Dispatcher" daemon [_thread_blocked, id=11204, stack(0x0000000017090000,0x0000000017190000)]
  0x00000000158a8800 JavaThread "Finalizer" daemon [_thread_blocked, id=1768, stack(0x0000000016b30000,0x0000000016c30000)]
  0x0000000005550000 JavaThread "Reference Handler" daemon [_thread_blocked, id=1772, stack(0x0000000016a30000,0x0000000016b30000)]
  0x00000000050de000 JavaThread "main" [_thread_in_native, id=6808, stack(0x0000000004f90000,0x0000000005090000)]

Other Threads:
  0x0000000015885800 VMThread [stack: 0x0000000016930000,0x0000000016a30000] [id=2848]
  0x0000000016cf1000 WatcherThread [stack: 0x0000000017690000,0x0000000017790000] [id=7232]

VM state:not at safepoint (normal execution)

VM Mutex/Monitor currently owned by a thread: None

Heap:
 PSYoungGen      total 18944K, used 12723K [0x00000000feb00000, 0x0000000100000000, 0x0000000100000000)
  eden space 16384K, 62% used [0x00000000feb00000,0x00000000ff4f0428,0x00000000ffb00000)
  from space 2560K, 99% used [0x00000000ffd80000,0x00000000ffffcae0,0x0000000100000000)
  to   space 2560K, 0% used [0x00000000ffb00000,0x00000000ffb00000,0x00000000ffd80000)
 ParOldGen       total 44032K, used 6028K [0x00000000fc000000, 0x00000000feb00000, 0x00000000feb00000)
  object space 44032K, 13% used [0x00000000fc000000,0x00000000fc5e3018,0x00000000feb00000)
 Metaspace       used 7885K, capacity 8134K, committed 8192K, reserved 1056768K
  class space    used 905K, capacity 989K, committed 1024K, reserved 1048576K

Card table byte_map: [0x0000000003710000,0x0000000003740000] byte_map_base: 0x0000000002f30000

Marking Bits: (ParMarkBitMap*) 0x0000000070383950
 Begin Bits: [0x0000000014d20000, 0x0000000014e20000)
 End Bits:   [0x0000000014e20000, 0x0000000014f20000)

Polling page: 0x00000000033e0000

CodeCache: size=245760Kb used=3851Kb max_used=3852Kb free=241909Kb
 bounds [0x0000000005560000, 0x0000000005930000, 0x0000000014560000]
 total_blobs=1343 nmethods=1009 adapters=248
 compilation: enabled

Compilation events (10 events):
Event: 4.698 Thread 0x0000000016ce6800 1006       3       sun.nio.fs.WindowsPath::getFileSystem (5 bytes)
Event: 4.699 Thread 0x0000000016ce6800 nmethod 1006 0x0000000005925610 code [0x0000000005925760, 0x0000000005925950]
Event: 4.708 Thread 0x0000000016ce6800 1007       3       org.objectweb.asm.ByteVector::putUTF8 (142 bytes)
Event: 4.710 Thread 0x0000000016ce6800 nmethod 1007 0x0000000005924790 code [0x0000000005924980, 0x0000000005925178]
Event: 4.710 Thread 0x0000000016ce6800 1008       3       org.objectweb.asm.ClassWriter::newUTF8 (70 bytes)
Event: 4.710 Thread 0x0000000016ce6800 nmethod 1008 0x0000000005921f10 code [0x00000000059220c0, 0x00000000059224f8]
Event: 4.751 Thread 0x0000000016ce6800 1009       1       java.lang.System::getSecurityManager (4 bytes)
Event: 4.751 Thread 0x0000000016ce6800 nmethod 1009 0x0000000005924510 code [0x0000000005924660, 0x0000000005924750]
Event: 4.751 Thread 0x0000000016ce6800 1010       3       org.objectweb.asm.FieldWriter::<init> (97 bytes)
Event: 4.752 Thread 0x0000000016ce6800 nmethod 1010 0x0000000005921650 code [0x0000000005921800, 0x0000000005921ca8]

GC Heap History (4 events):
Event: 1.883 GC heap before
{Heap before GC invocations=1 (full 0):
 PSYoungGen      total 18944K, used 16384K [0x00000000feb00000, 0x0000000100000000, 0x0000000100000000)
  eden space 16384K, 100% used [0x00000000feb00000,0x00000000ffb00000,0x00000000ffb00000)
  from space 2560K, 0% used [0x00000000ffd80000,0x00000000ffd80000,0x0000000100000000)
  to   space 2560K, 0% used [0x00000000ffb00000,0x00000000ffb00000,0x00000000ffd80000)
 ParOldGen       total 44032K, used 0K [0x00000000fc000000, 0x00000000feb00000, 0x00000000feb00000)
  object space 44032K, 0% used [0x00000000fc000000,0x00000000fc000000,0x00000000feb00000)
 Metaspace       used 6591K, capacity 6740K, committed 7040K, reserved 1056768K
  class space    used 774K, capacity 824K, committed 896K, reserved 1048576K
Event: 1.939 GC heap after
Heap after GC invocations=1 (full 0):
 PSYoungGen      total 18944K, used 2552K [0x00000000feb00000, 0x0000000100000000, 0x0000000100000000)
  eden space 16384K, 0% used [0x00000000feb00000,0x00000000feb00000,0x00000000ffb00000)
  from space 2560K, 99% used [0x00000000ffb00000,0x00000000ffd7e020,0x00000000ffd80000)
  to   space 2560K, 0% used [0x00000000ffd80000,0x00000000ffd80000,0x0000000100000000)
 ParOldGen       total 44032K, used 1743K [0x00000000fc000000, 0x00000000feb00000, 0x00000000feb00000)
  object space 44032K, 3% used [0x00000000fc000000,0x00000000fc1b3f88,0x00000000feb00000)
 Metaspace       used 6591K, capacity 6740K, committed 7040K, reserved 1056768K
  class space    used 774K, capacity 824K, committed 896K, reserved 1048576K
}
Event: 3.018 GC heap before
{Heap before GC invocations=2 (full 0):
 PSYoungGen      total 18944K, used 18936K [0x00000000feb00000, 0x0000000100000000, 0x0000000100000000)
  eden space 16384K, 100% used [0x00000000feb00000,0x00000000ffb00000,0x00000000ffb00000)
  from space 2560K, 99% used [0x00000000ffb00000,0x00000000ffd7e020,0x00000000ffd80000)
  to   space 2560K, 0% used [0x00000000ffd80000,0x00000000ffd80000,0x0000000100000000)
 ParOldGen       total 44032K, used 1743K [0x00000000fc000000, 0x00000000feb00000, 0x00000000feb00000)
  object space 44032K, 3% used [0x00000000fc000000,0x00000000fc1b3f88,0x00000000feb00000)
 Metaspace       used 7586K, capacity 7782K, committed 7936K, reserved 1056768K
  class space    used 893K, capacity 957K, committed 1024K, reserved 1048576K
Event: 3.139 GC heap after
Heap after GC invocations=2 (full 0):
 PSYoungGen      total 18944K, used 2546K [0x00000000feb00000, 0x0000000100000000, 0x0000000100000000)
  eden space 16384K, 0% used [0x00000000feb00000,0x00000000feb00000,0x00000000ffb00000)
  from space 2560K, 99% used [0x00000000ffd80000,0x00000000ffffcae0,0x0000000100000000)
  to   space 2560K, 0% used [0x00000000ffb00000,0x00000000ffb00000,0x00000000ffd80000)
 ParOldGen       total 44032K, used 6028K [0x00000000fc000000, 0x00000000feb00000, 0x00000000feb00000)
  object space 44032K, 13% used [0x00000000fc000000,0x00000000fc5e3018,0x00000000feb00000)
 Metaspace       used 7586K, capacity 7782K, committed 7936K, reserved 1056768K
  class space    used 893K, capacity 957K, committed 1024K, reserved 1048576K
}

Deoptimization events (10 events):
Event: 2.879 Thread 0x00000000050de000 Uncommon trap: reason=class_check action=maybe_recompile pc=0x0000000005788950 method=com.google.common.collect.Iterators$7.transform(Ljava/lang/Object;)Ljava/lang/Object; @ 5
Event: 2.879 Thread 0x00000000050de000 Uncommon trap: reason=class_check action=maybe_recompile pc=0x0000000005786758 method=com.google.common.collect.TransformedIterator.next()Ljava/lang/Object; @ 5
Event: 2.879 Thread 0x00000000050de000 Uncommon trap: reason=class_check action=maybe_recompile pc=0x0000000005788950 method=com.google.common.collect.Iterators$7.transform(Ljava/lang/Object;)Ljava/lang/Object; @ 5
Event: 3.928 Thread 0x00000000050de000 Uncommon trap: reason=unstable_if action=reinterpret pc=0x00000000058c8818 method=org.objectweb.asm.Type.getArgumentsAndReturnSizes(Ljava/lang/String;)I @ 47
Event: 3.930 Thread 0x00000000050de000 Uncommon trap: reason=unstable_if action=reinterpret pc=0x0000000005874758 method=java.lang.String.<init>([CII)V @ 18
Event: 4.017 Thread 0x00000000050de000 Uncommon trap: reason=unstable_if action=reinterpret pc=0x0000000005845430 method=java.lang.String.<init>([CII)V @ 18
Event: 4.294 Thread 0x00000000050de000 Uncommon trap: reason=unstable_if action=reinterpret pc=0x0000000005780e1c method=java.util.zip.ZipFile$ZipEntryIterator.hasNext()Z @ 25
Event: 4.463 Thread 0x00000000050de000 Uncommon trap: reason=unstable_if action=reinterpret pc=0x0000000005923fe8 method=java.io.BufferedOutputStream.write(I)V @ 9
Event: 4.612 Thread 0x00000000050de000 Uncommon trap: reason=unstable_if action=reinterpret pc=0x00000000058b37e0 method=org.objectweb.asm.ByteVector.putUTF8(Ljava/lang/String;)Lorg/objectweb/asm/ByteVector; @ 91
Event: 4.708 Thread 0x00000000050de000 Uncommon trap: reason=unstable_if action=reinterpret pc=0x0000000005883f14 method=org.objectweb.asm.ByteVector.putUTF8(Ljava/lang/String;)Lorg/objectweb/asm/ByteVector; @ 91

Classes redefined (0 events):
No events

Internal exceptions (10 events):
Event: 4.698 Thread 0x00000000050de000 Exception <a 'sun/nio/fs/WindowsException'> (0x00000000ff4b9fa8) thrown at [D:\src\AOSP-openjdk-cygwin\jdk8u\hotspot\src\share\vm\prims\jni.cpp, line 709]
Event: 4.698 Thread 0x00000000050de000 Exception <a 'sun/nio/fs/WindowsException'> (0x00000000ff4ba708) thrown at [D:\src\AOSP-openjdk-cygwin\jdk8u\hotspot\src\share\vm\prims\jni.cpp, line 709]
Event: 4.698 Thread 0x00000000050de000 Exception <a 'sun/nio/fs/WindowsException'> (0x00000000ff4baf48) thrown at [D:\src\AOSP-openjdk-cygwin\jdk8u\hotspot\src\share\vm\prims\jni.cpp, line 709]
Event: 4.698 Thread 0x00000000050de000 Exception <a 'sun/nio/fs/WindowsException'> (0x00000000ff4bb610) thrown at [D:\src\AOSP-openjdk-cygwin\jdk8u\hotspot\src\share\vm\prims\jni.cpp, line 709]
Event: 4.698 Thread 0x00000000050de000 Exception <a 'sun/nio/fs/WindowsException'> (0x00000000ff4bbe30) thrown at [D:\src\AOSP-openjdk-cygwin\jdk8u\hotspot\src\share\vm\prims\jni.cpp, line 709]
Event: 4.698 Thread 0x00000000050de000 Exception <a 'sun/nio/fs/WindowsException'> (0x00000000ff4bc4a8) thrown at [D:\src\AOSP-openjdk-cygwin\jdk8u\hotspot\src\share\vm\prims\jni.cpp, line 709]
Event: 4.699 Thread 0x00000000050de000 Exception <a 'sun/nio/fs/WindowsException'> (0x00000000ff4bccb8) thrown at [D:\src\AOSP-openjdk-cygwin\jdk8u\hotspot\src\share\vm\prims\jni.cpp, line 709]
Event: 4.709 Thread 0x00000000050de000 Exception <a 'sun/nio/fs/WindowsException'> (0x00000000ff4c93c0) thrown at [D:\src\AOSP-openjdk-cygwin\jdk8u\hotspot\src\share\vm\prims\jni.cpp, line 709]
Event: 4.716 Thread 0x00000000050de000 Exception <a 'sun/nio/fs/WindowsException'> (0x00000000ff4db388) thrown at [D:\src\AOSP-openjdk-cygwin\jdk8u\hotspot\src\share\vm\prims\jni.cpp, line 709]
Event: 4.752 Thread 0x00000000050de000 Exception <a 'sun/nio/fs/WindowsException'> (0x00000000ff4e8400) thrown at [D:\src\AOSP-openjdk-cygwin\jdk8u\hotspot\src\share\vm\prims\jni.cpp, line 709]

Events (10 events):
Event: 4.463 Thread 0x00000000050de000 DEOPT PACKING pc=0x0000000005923fe8 sp=0x000000000508f300
Event: 4.463 Thread 0x00000000050de000 DEOPT UNPACKING pc=0x00000000055a556a sp=0x000000000508f2b0 mode 2
Event: 4.467 loading class com/google/devtools/build/android/desugar/DirectoryOutputFileProvider
Event: 4.467 loading class com/google/devtools/build/android/desugar/DirectoryOutputFileProvider done
Event: 4.612 Thread 0x00000000050de000 Uncommon trap: trap_request=0xffffff65 fr.pc=0x00000000058b37e0
Event: 4.613 Thread 0x00000000050de000 DEOPT PACKING pc=0x00000000058b37e0 sp=0x000000000508ef00
Event: 4.613 Thread 0x00000000050de000 DEOPT UNPACKING pc=0x00000000055a556a sp=0x000000000508ee50 mode 2
Event: 4.708 Thread 0x00000000050de000 Uncommon trap: trap_request=0xffffff65 fr.pc=0x0000000005883f14
Event: 4.708 Thread 0x00000000050de000 DEOPT PACKING pc=0x0000000005883f14 sp=0x000000000508eeb0
Event: 4.708 Thread 0x00000000050de000 DEOPT UNPACKING pc=0x00000000055a556a sp=0x000000000508ee48 mode 2


Dynamic libraries:
0x00007ff795ba0000 - 0x00007ff795bd1000 	D:\Android\Android\Android Studio\jre\bin\java.exe
0x00007ff832e80000 - 0x00007ff833060000 	C:\Windows\SYSTEM32\ntdll.dll
0x00007ff832d40000 - 0x00007ff832dee000 	C:\Windows\System32\KERNEL32.DLL
0x00007ff82f5c0000 - 0x00007ff82f826000 	C:\Windows\System32\KERNELBASE.dll
0x00007ff8328c0000 - 0x00007ff832961000 	C:\Windows\System32\ADVAPI32.dll
0x00007ff832550000 - 0x00007ff8325ed000 	C:\Windows\System32\msvcrt.dll
0x00007ff832df0000 - 0x00007ff832e4b000 	C:\Windows\System32\sechost.dll
0x00007ff832120000 - 0x00007ff83223f000 	C:\Windows\System32\RPCRT4.dll
0x00007ff830360000 - 0x00007ff8304ee000 	C:\Windows\System32\USER32.dll
0x00007ff82f3f0000 - 0x00007ff82f410000 	C:\Windows\System32\win32u.dll
0x00007ff830510000 - 0x00007ff830538000 	C:\Windows\System32\GDI32.dll
0x00007ff82fa60000 - 0x00007ff82fbf1000 	C:\Windows\System32\gdi32full.dll
0x00007ff82f350000 - 0x00007ff82f3eb000 	C:\Windows\System32\msvcp_win.dll
0x00007ff82f4c0000 - 0x00007ff82f5b6000 	C:\Windows\System32\ucrtbase.dll
0x00007ff8268e0000 - 0x00007ff826b49000 	C:\Windows\WinSxS\amd64_microsoft.windows.common-controls_6595b64144ccf1df_6.0.16299.15_none_cc92fb402215d91d\COMCTL32.dll
0x00007ff832240000 - 0x00007ff832548000 	C:\Windows\System32\combase.dll
0x00007ff82f280000 - 0x00007ff82f2f2000 	C:\Windows\System32\bcryptPrimitives.dll
0x00007ff831fc0000 - 0x00007ff831fed000 	C:\Windows\System32\IMM32.DLL
0x000000006fae0000 - 0x000000006fbb2000 	D:\Android\Android\Android Studio\jre\jre\bin\msvcr100.dll
0x000000006fbc0000 - 0x00000000703fe000 	D:\Android\Android\Android Studio\jre\jre\bin\server\jvm.dll
0x00007ff830350000 - 0x00007ff830358000 	C:\Windows\System32\PSAPI.DLL
0x00007ff82bc00000 - 0x00007ff82bc09000 	C:\Windows\SYSTEM32\WSOCK32.dll
0x00007ff831f50000 - 0x00007ff831fbc000 	C:\Windows\System32\WS2_32.dll
0x00007ff82d010000 - 0x00007ff82d033000 	C:\Windows\SYSTEM32\WINMM.dll
0x00007ff82dec0000 - 0x00007ff82deca000 	C:\Windows\SYSTEM32\VERSION.dll
0x00007ff82cd10000 - 0x00007ff82cd3a000 	C:\Windows\SYSTEM32\WINMMBASE.dll
0x00007ff82f300000 - 0x00007ff82f34a000 	C:\Windows\System32\cfgmgr32.dll
0x00007ff82bbf0000 - 0x00007ff82bbff000 	D:\Android\Android\Android Studio\jre\jre\bin\verify.dll
0x00007ff828270000 - 0x00007ff828299000 	D:\Android\Android\Android Studio\jre\jre\bin\java.dll
0x00007ff82bbd0000 - 0x00007ff82bbe6000 	D:\Android\Android\Android Studio\jre\jre\bin\zip.dll
0x00007ff830a90000 - 0x00007ff831ec7000 	C:\Windows\System32\SHELL32.dll
0x00007ff832b40000 - 0x00007ff832be6000 	C:\Windows\System32\shcore.dll
0x00007ff82fc00000 - 0x00007ff830347000 	C:\Windows\System32\windows.storage.dll
0x00007ff832ae0000 - 0x00007ff832b31000 	C:\Windows\System32\shlwapi.dll
0x00007ff82f260000 - 0x00007ff82f271000 	C:\Windows\System32\kernel.appcore.dll
0x00007ff82f1d0000 - 0x00007ff82f21c000 	C:\Windows\System32\powrprof.dll
0x00007ff82f220000 - 0x00007ff82f23b000 	C:\Windows\System32\profapi.dll
0x00007ff82ebc0000 - 0x00007ff82ebd7000 	C:\Windows\SYSTEM32\CRYPTSP.dll
0x00007ff82e610000 - 0x00007ff82e643000 	C:\Windows\system32\rsaenh.dll
0x00007ff82ecd0000 - 0x00007ff82ecf5000 	C:\Windows\SYSTEM32\bcrypt.dll
0x00007ff82f100000 - 0x00007ff82f129000 	C:\Windows\SYSTEM32\USERENV.dll
0x00007ff82ebe0000 - 0x00007ff82ebeb000 	C:\Windows\SYSTEM32\CRYPTBASE.dll
0x00007ff828250000 - 0x00007ff82826a000 	D:\Android\Android\Android Studio\jre\jre\bin\net.dll
0x00007ff82ea00000 - 0x00007ff82ea66000 	C:\Windows\system32\mswsock.dll
0x00007ff82e790000 - 0x00007ff82e7c9000 	C:\Windows\SYSTEM32\IPHLPAPI.DLL
0x00007ff832000000 - 0x00007ff832008000 	C:\Windows\System32\NSI.dll
0x00007ff82a680000 - 0x00007ff82a696000 	C:\Windows\SYSTEM32\dhcpcsvc6.DLL
0x00007ff82a660000 - 0x00007ff82a67a000 	C:\Windows\SYSTEM32\dhcpcsvc.DLL
0x00007ff828230000 - 0x00007ff828241000 	D:\Android\Android\Android Studio\jre\jre\bin\nio.dll

VM Arguments:
jvm_args: -Djava.awt.headless=true -Xmx64M -Dfile.encoding=GBK -Duser.country=CN -Duser.language=zh -Duser.variant 
java_command: com.google.devtools.build.android.desugar.Desugar @D:\Android\TEST\WanAndroidTest\app\build\intermediates\tmp\desugar_args7867303022845571615
java_class_path (initial): C:\Users\Administrator\AppData\Local\Temp\desugar_deploy.jar9142964696440801824
Launcher Type: SUN_STANDARD

Environment Variables:
JAVA_HOME=D:\Program Files\Java\jdk1.8.0_77
PATH=C:\Windows\system32;C:\Windows;C:\Windows\System32\Wbem;C:\Windows\System32\WindowsPowerShell\v1.0\;C:\Program Files (x86)\NVIDIA Corporation\PhysX\Common;D:\Program Files\Java\jdk1.8.0_77\bin;D:\Program Files\Java\jdk1.8.0_77\jre\bin; ;C:\Users\Administrator\AppData\Local\Microsoft\WindowsApps;
USERNAME=Administrator
OS=Windows_NT
PROCESSOR_IDENTIFIER=Intel64 Family 6 Model 58 Stepping 9, GenuineIntel



---------------  S Y S T E M  ---------------

OS: Windows 10.0 , 64 bit Build 16299 (10.0.16299.15)

CPU:total 4 (initial active 4) (2 cores per cpu, 2 threads per core) family 6 model 58 stepping 9, cmov, cx8, fxsr, mmx, sse, sse2, sse3, ssse3, sse4.1, sse4.2, popcnt, avx, clmul, erms, ht, tsc, tscinvbit, tscinv

Memory: 4k page, physical 8281380k(1045944k free), swap 8281380k(168k free)

vm_info: OpenJDK 64-Bit Server VM (25.152-b01) for windows-amd64 JRE (1.8.0_152-release-915-b01), built by "builder" with MS VC++ 10.0 (VS2010)

time: Fri Apr 27 11:43:18 2018
elapsed time: 4 seconds (0d 0h 0m 4s)

