#
# There is insufficient memory for the Java Runtime Environment to continue.
# Native memory allocation (malloc) failed to allocate 2598752 bytes for Chunk::new
# Possible reasons:
#   The system is out of physical RAM or swap space
#   In 32 bit mode, the process size limit was hit
# Possible solutions:
#   Reduce memory load on the system
#   Increase physical memory or swap space
#   Check if swap backing store is full
#   Use 64 bit Java on a 64 bit OS
#   Decrease Java heap size (-Xmx/-Xms)
#   Decrease number of Java threads
#   Decrease Java thread stack sizes (-Xss)
#   Set larger code cache with -XX:ReservedCodeCacheSize=
# This output file may be truncated or incomplete.
#
#  Out of Memory Error (allocation.cpp:390), pid=1580, tid=0x00000000000015fc
#
# JRE version: OpenJDK Runtime Environment (8.0_152-b01) (build 1.8.0_152-release-915-b01)
# Java VM: OpenJDK 64-Bit Server VM (25.152-b01 mixed mode windows-amd64 compressed oops)
# Failed to write core dump. Minidumps are not enabled by default on client versions of Windows
#

---------------  T H R E A D  ---------------

Current thread (0x00000000167b4000):  JavaThread "C2 CompilerThread1" daemon [_thread_in_native, id=5628, stack(0x0000000016f60000,0x0000000017060000)]

Stack: [0x0000000016f60000,0x0000000017060000]
[error occurred during error reporting (printing stack bounds), id 0xc0000005]

Native frames: (J=compiled Java code, j=interpreted, Vv=VM code, C=native code)


Current CompileTask:
C2:   3441  952 %     4       org.objectweb.asm.ClassReader::a @ 1577 (3587 bytes)


---------------  P R O C E S S  ---------------

Java Threads: ( => current thread )
  0x00000000167c5800 JavaThread "Service Thread" daemon [_thread_blocked, id=7444, stack(0x0000000017160000,0x0000000017260000)]
  0x00000000167bf000 JavaThread "C1 CompilerThread2" daemon [_thread_blocked, id=8380, stack(0x0000000017060000,0x0000000017160000)]
=>0x00000000167b4000 JavaThread "C2 CompilerThread1" daemon [_thread_in_native, id=5628, stack(0x0000000016f60000,0x0000000017060000)]
  0x0000000015469800 JavaThread "C2 CompilerThread0" daemon [_thread_blocked, id=8064, stack(0x0000000016d60000,0x0000000016e60000)]
  0x0000000016768800 JavaThread "Attach Listener" daemon [_thread_blocked, id=9468, stack(0x0000000016c60000,0x0000000016d60000)]
  0x000000001541d800 JavaThread "Signal Dispatcher" daemon [_thread_blocked, id=2188, stack(0x0000000016b60000,0x0000000016c60000)]
  0x00000000050ab000 JavaThread "Finalizer" daemon [_thread_blocked, id=6928, stack(0x0000000016660000,0x0000000016760000)]
  0x00000000153d7000 JavaThread "Reference Handler" daemon [_thread_blocked, id=8596, stack(0x0000000016560000,0x0000000016660000)]
  0x0000000004a5e000 JavaThread "main" [_thread_in_Java, id=6764, stack(0x0000000004eb0000,0x0000000004fb0000)]

Other Threads:
  0x00000000153d5800 VMThread [stack: 0x0000000016460000,0x0000000016560000] [id=7944]
  0x00000000167c6000 WatcherThread [stack: 0x0000000017260000,0x0000000017360000] [id=4988]

VM state:not at safepoint (normal execution)

VM Mutex/Monitor currently owned by a thread: None

Heap:
 PSYoungGen      total 18944K, used 5471K [0x00000000feb00000, 0x0000000100000000, 0x0000000100000000)
  eden space 16384K, 17% used [0x00000000feb00000,0x00000000feddb008,0x00000000ffb00000)
  from space 2560K, 99% used [0x00000000ffb00000,0x00000000ffd7cc10,0x00000000ffd80000)
  to   space 2560K, 0% used [0x00000000ffd80000,0x00000000ffd80000,0x0000000100000000)
 ParOldGen       total 44032K, used 6640K [0x00000000fc000000, 0x00000000feb00000, 0x00000000feb00000)
  object space 44032K, 15% used [0x00000000fc000000,0x00000000fc67c3a8,0x00000000feb00000)
 Metaspace       used 7953K, capacity 8084K, committed 8192K, reserved 1056768K
  class space    used 910K, capacity 991K, committed 1024K, reserved 1048576K

Card table byte_map: [0x0000000002e60000,0x0000000002e90000] byte_map_base: 0x0000000002680000

Marking Bits: (ParMarkBitMap*) 0x0000000074ad3950
 Begin Bits: [0x0000000014870000, 0x0000000014970000)
 End Bits:   [0x0000000014970000, 0x0000000014a70000)

Polling page: 0x0000000002e00000

CodeCache: size=245760Kb used=4103Kb max_used=4114Kb free=241656Kb
 bounds [0x00000000050b0000, 0x00000000054c0000, 0x00000000140b0000]
 total_blobs=1429 nmethods=1095 adapters=248
 compilation: enabled

Compilation events (10 events):
Event: 3.161 Thread 0x00000000167bf000 nmethod 1094 0x00000000054a9990 code [0x00000000054a9ae0, 0x00000000054a9bf0]
Event: 3.162 Thread 0x00000000167bf000 1095       3       com.google.devtools.build.android.desugar.DefaultMethodClassFixer::defaultMethodsDefined (83 bytes)
Event: 3.163 Thread 0x00000000167bf000 nmethod 1095 0x00000000054ac850 code [0x00000000054aca60, 0x00000000054ad4e8]
Event: 3.165 Thread 0x00000000167bf000 1096       3       com.google.common.base.Preconditions::checkPositionIndex (8 bytes)
Event: 3.165 Thread 0x00000000167bf000 nmethod 1096 0x00000000054ad950 code [0x00000000054adae0, 0x00000000054addd8]
Event: 3.281 Thread 0x0000000015469800 nmethod 1081 0x00000000054b1410 code [0x00000000054b1760, 0x00000000054b3f18]
Event: 3.281 Thread 0x0000000015469800 1087       4       org.objectweb.asm.MethodWriter::visitInsn (114 bytes)
Event: 3.285 Thread 0x0000000015469800 nmethod 1087 0x00000000054adf50 code [0x00000000054ae0a0, 0x00000000054ae2e8]
Event: 3.285 Thread 0x0000000015469800 1082       4       org.objectweb.asm.tree.MethodNode::visitMethodInsn (43 bytes)
Event: 3.288 Thread 0x0000000015469800 nmethod 1082 0x00000000054b7910 code [0x00000000054b7a60, 0x00000000054b7c18]

GC Heap History (6 events):
Event: 1.380 GC heap before
{Heap before GC invocations=1 (full 0):
 PSYoungGen      total 18944K, used 16384K [0x00000000feb00000, 0x0000000100000000, 0x0000000100000000)
  eden space 16384K, 100% used [0x00000000feb00000,0x00000000ffb00000,0x00000000ffb00000)
  from space 2560K, 0% used [0x00000000ffd80000,0x00000000ffd80000,0x0000000100000000)
  to   space 2560K, 0% used [0x00000000ffb00000,0x00000000ffb00000,0x00000000ffd80000)
 ParOldGen       total 44032K, used 0K [0x00000000fc000000, 0x00000000feb00000, 0x00000000feb00000)
  object space 44032K, 0% used [0x00000000fc000000,0x00000000fc000000,0x00000000feb00000)
 Metaspace       used 6596K, capacity 6744K, committed 7040K, reserved 1056768K
  class space    used 773K, capacity 824K, committed 896K, reserved 1048576K
Event: 1.386 GC heap after
Heap after GC invocations=1 (full 0):
 PSYoungGen      total 18944K, used 2552K [0x00000000feb00000, 0x0000000100000000, 0x0000000100000000)
  eden space 16384K, 0% used [0x00000000feb00000,0x00000000feb00000,0x00000000ffb00000)
  from space 2560K, 99% used [0x00000000ffb00000,0x00000000ffd7e020,0x00000000ffd80000)
  to   space 2560K, 0% used [0x00000000ffd80000,0x00000000ffd80000,0x0000000100000000)
 ParOldGen       total 44032K, used 1709K [0x00000000fc000000, 0x00000000feb00000, 0x00000000feb00000)
  object space 44032K, 3% used [0x00000000fc000000,0x00000000fc1ab730,0x00000000feb00000)
 Metaspace       used 6596K, capacity 6744K, committed 7040K, reserved 1056768K
  class space    used 773K, capacity 824K, committed 896K, reserved 1048576K
}
Event: 1.760 GC heap before
{Heap before GC invocations=2 (full 0):
 PSYoungGen      total 18944K, used 18936K [0x00000000feb00000, 0x0000000100000000, 0x0000000100000000)
  eden space 16384K, 100% used [0x00000000feb00000,0x00000000ffb00000,0x00000000ffb00000)
  from space 2560K, 99% used [0x00000000ffb00000,0x00000000ffd7e020,0x00000000ffd80000)
  to   space 2560K, 0% used [0x00000000ffd80000,0x00000000ffd80000,0x0000000100000000)
 ParOldGen       total 44032K, used 1709K [0x00000000fc000000, 0x00000000feb00000, 0x00000000feb00000)
  object space 44032K, 3% used [0x00000000fc000000,0x00000000fc1ab730,0x00000000feb00000)
 Metaspace       used 7032K, capacity 7146K, committed 7296K, reserved 1056768K
  class space    used 825K, capacity 893K, committed 896K, reserved 1048576K
Event: 1.768 GC heap after
Heap after GC invocations=2 (full 0):
 PSYoungGen      total 18944K, used 2531K [0x00000000feb00000, 0x0000000100000000, 0x0000000100000000)
  eden space 16384K, 0% used [0x00000000feb00000,0x00000000feb00000,0x00000000ffb00000)
  from space 2560K, 98% used [0x00000000ffd80000,0x00000000ffff8c00,0x0000000100000000)
  to   space 2560K, 0% used [0x00000000ffb00000,0x00000000ffb00000,0x00000000ffd80000)
 ParOldGen       total 44032K, used 5923K [0x00000000fc000000, 0x00000000feb00000, 0x00000000feb00000)
  object space 44032K, 13% used [0x00000000fc000000,0x00000000fc5c8da0,0x00000000feb00000)
 Metaspace       used 7032K, capacity 7146K, committed 7296K, reserved 1056768K
  class space    used 825K, capacity 893K, committed 896K, reserved 1048576K
}
Event: 3.060 GC heap before
{Heap before GC invocations=3 (full 0):
 PSYoungGen      total 18944K, used 18915K [0x00000000feb00000, 0x0000000100000000, 0x0000000100000000)
  eden space 16384K, 100% used [0x00000000feb00000,0x00000000ffb00000,0x00000000ffb00000)
  from space 2560K, 98% used [0x00000000ffd80000,0x00000000ffff8c00,0x0000000100000000)
  to   space 2560K, 0% used [0x00000000ffb00000,0x00000000ffb00000,0x00000000ffd80000)
 ParOldGen       total 44032K, used 5923K [0x00000000fc000000, 0x00000000feb00000, 0x00000000feb00000)
  object space 44032K, 13% used [0x00000000fc000000,0x00000000fc5c8da0,0x00000000feb00000)
 Metaspace       used 7937K, capacity 8084K, committed 8192K, reserved 1056768K
  class space    used 910K, capacity 991K, committed 1024K, reserved 1048576K
Event: 3.119 GC heap after
Heap after GC invocations=3 (full 0):
 PSYoungGen      total 18944K, used 2547K [0x00000000feb00000, 0x0000000100000000, 0x0000000100000000)
  eden space 16384K, 0% used [0x00000000feb00000,0x00000000feb00000,0x00000000ffb00000)
  from space 2560K, 99% used [0x00000000ffb00000,0x00000000ffd7cc10,0x00000000ffd80000)
  to   space 2560K, 0% used [0x00000000ffd80000,0x00000000ffd80000,0x0000000100000000)
 ParOldGen       total 44032K, used 6640K [0x00000000fc000000, 0x00000000feb00000, 0x00000000feb00000)
  object space 44032K, 15% used [0x00000000fc000000,0x00000000fc67c3a8,0x00000000feb00000)
 Metaspace       used 7937K, capacity 8084K, committed 8192K, reserved 1056768K
  class space    used 910K, capacity 991K, committed 1024K, reserved 1048576K
}

Deoptimization events (10 events):
Event: 1.851 Thread 0x0000000004a5e000 Uncommon trap: reason=class_check action=maybe_recompile pc=0x00000000052d8150 method=com.google.common.collect.Iterators$7.transform(Ljava/lang/Object;)Ljava/lang/Object; @ 5
Event: 2.151 Thread 0x0000000004a5e000 Uncommon trap: reason=unstable_if action=reinterpret pc=0x000000000539777c method=org.objectweb.asm.ClassReader.readUTF8(I[C)Ljava/lang/String; @ 7
Event: 2.256 Thread 0x0000000004a5e000 Uncommon trap: reason=unstable_if action=reinterpret pc=0x000000000540ef20 method=java.lang.String.<init>([CII)V @ 18
Event: 2.261 Thread 0x0000000004a5e000 Uncommon trap: reason=unstable_if action=reinterpret pc=0x00000000053eeb98 method=java.lang.String.<init>([CII)V @ 18
Event: 2.293 Thread 0x0000000004a5e000 Uncommon trap: reason=unstable_if action=reinterpret pc=0x0000000005401e80 method=org.objectweb.asm.Item.a(Lorg/objectweb/asm/Item;)Z @ 345
Event: 2.742 Thread 0x0000000004a5e000 Uncommon trap: reason=class_check action=maybe_recompile pc=0x0000000005487588 method=org.objectweb.asm.tree.VarInsnNode.accept(Lorg/objectweb/asm/MethodVisitor;)V @ 9
Event: 2.742 Thread 0x0000000004a5e000 Uncommon trap: reason=class_check action=maybe_recompile pc=0x0000000005487588 method=org.objectweb.asm.tree.VarInsnNode.accept(Lorg/objectweb/asm/MethodVisitor;)V @ 9
Event: 2.742 Thread 0x0000000004a5e000 Uncommon trap: reason=class_check action=maybe_recompile pc=0x0000000005487588 method=org.objectweb.asm.tree.VarInsnNode.accept(Lorg/objectweb/asm/MethodVisitor;)V @ 9
Event: 2.742 Thread 0x0000000004a5e000 Uncommon trap: reason=class_check action=maybe_recompile pc=0x0000000005487588 method=org.objectweb.asm.tree.VarInsnNode.accept(Lorg/objectweb/asm/MethodVisitor;)V @ 9
Event: 2.743 Thread 0x0000000004a5e000 Uncommon trap: reason=unstable_if action=reinterpret pc=0x000000000546abec method=org.objectweb.asm.ByteVector.putInt(I)Lorg/objectweb/asm/ByteVector; @ 13

Classes redefined (0 events):
No events

Internal exceptions (10 events):
Event: 1.450 Thread 0x0000000004a5e000 Implicit null exception at 0x00000000052d37bd to 0x00000000052d3bf1
Event: 1.541 Thread 0x0000000004a5e000 Exception <a 'sun/nio/fs/WindowsException'> (0x00000000ff1a4698) thrown at [D:\src\AOSP-openjdk-cygwin\jdk8u\hotspot\src\share\vm\prims\jni.cpp, line 709]
Event: 1.542 Thread 0x0000000004a5e000 Exception <a 'sun/nio/fs/WindowsException'> (0x00000000ff1a4c68) thrown at [D:\src\AOSP-openjdk-cygwin\jdk8u\hotspot\src\share\vm\prims\jni.cpp, line 709]
Event: 1.542 Thread 0x0000000004a5e000 Exception <a 'sun/nio/fs/WindowsException'> (0x00000000ff1a5260) thrown at [D:\src\AOSP-openjdk-cygwin\jdk8u\hotspot\src\share\vm\prims\jni.cpp, line 709]
Event: 1.542 Thread 0x0000000004a5e000 Exception <a 'sun/nio/fs/WindowsException'> (0x00000000ff1a5a30) thrown at [D:\src\AOSP-openjdk-cygwin\jdk8u\hotspot\src\share\vm\prims\jni.cpp, line 709]
Event: 1.543 Thread 0x0000000004a5e000 Exception <a 'sun/nio/fs/WindowsException'> (0x00000000ff1a6000) thrown at [D:\src\AOSP-openjdk-cygwin\jdk8u\hotspot\src\share\vm\prims\jni.cpp, line 709]
Event: 1.543 Thread 0x0000000004a5e000 Exception <a 'sun/nio/fs/WindowsException'> (0x00000000ff1a67c0) thrown at [D:\src\AOSP-openjdk-cygwin\jdk8u\hotspot\src\share\vm\prims\jni.cpp, line 709]
Event: 1.559 Thread 0x0000000004a5e000 Exception <a 'sun/nio/fs/WindowsException'> (0x00000000ff1abc28) thrown at [D:\src\AOSP-openjdk-cygwin\jdk8u\hotspot\src\share\vm\prims\jni.cpp, line 709]
Event: 1.741 Thread 0x0000000004a5e000 Exception <a 'sun/nio/fs/WindowsException'> (0x00000000ff9df310) thrown at [D:\src\AOSP-openjdk-cygwin\jdk8u\hotspot\src\share\vm\prims\jni.cpp, line 709]
Event: 1.741 Thread 0x0000000004a5e000 Exception <a 'sun/nio/fs/WindowsException'> (0x00000000ff9df898) thrown at [D:\src\AOSP-openjdk-cygwin\jdk8u\hotspot\src\share\vm\prims\jni.cpp, line 709]

Events (10 events):
Event: 2.742 Thread 0x0000000004a5e000 DEOPT PACKING pc=0x0000000005487588 sp=0x0000000004faeb20
Event: 2.742 Thread 0x0000000004a5e000 DEOPT UNPACKING pc=0x00000000050f556a sp=0x0000000004faeab8 mode 2
Event: 2.742 Thread 0x0000000004a5e000 Uncommon trap: trap_request=0xffffffde fr.pc=0x0000000005487588
Event: 2.742 Thread 0x0000000004a5e000 DEOPT PACKING pc=0x0000000005487588 sp=0x0000000004faeb20
Event: 2.742 Thread 0x0000000004a5e000 DEOPT UNPACKING pc=0x00000000050f556a sp=0x0000000004faeab8 mode 2
Event: 2.743 Thread 0x0000000004a5e000 Uncommon trap: trap_request=0xffffff65 fr.pc=0x000000000546abec
Event: 2.743 Thread 0x0000000004a5e000 DEOPT PACKING pc=0x000000000546abec sp=0x0000000004fae940
Event: 2.743 Thread 0x0000000004a5e000 DEOPT UNPACKING pc=0x00000000050f556a sp=0x0000000004fae8e0 mode 2
Event: 3.060 Executing VM operation: ParallelGCFailedAllocation
Event: 3.119 Executing VM operation: ParallelGCFailedAllocation done


Dynamic libraries:
0x00007ff7b2e80000 - 0x00007ff7b2eb1000 	D:\Android\Android\Android Studio\jre\bin\java.exe
0x00007ffab57a0000 - 0x00007ffab5980000 	C:\Windows\SYSTEM32\ntdll.dll
0x00007ffab4ae0000 - 0x00007ffab4b8e000 	C:\Windows\System32\KERNEL32.DLL
0x00007ffab1ba0000 - 0x00007ffab1e06000 	C:\Windows\System32\KERNELBASE.dll
0x00007ffab5180000 - 0x00007ffab5221000 	C:\Windows\System32\ADVAPI32.dll
0x00007ffab56a0000 - 0x00007ffab573d000 	C:\Windows\System32\msvcrt.dll
0x00007ffab5610000 - 0x00007ffab566b000 	C:\Windows\System32\sechost.dll
0x00007ffab3260000 - 0x00007ffab337f000 	C:\Windows\System32\RPCRT4.dll
0x00007ffab4ce0000 - 0x00007ffab4e6e000 	C:\Windows\System32\USER32.dll
0x00007ffab1fb0000 - 0x00007ffab1fd0000 	C:\Windows\System32\win32u.dll
0x00007ffab5740000 - 0x00007ffab5768000 	C:\Windows\System32\GDI32.dll
0x00007ffab1e10000 - 0x00007ffab1fa1000 	C:\Windows\System32\gdi32full.dll
0x00007ffab2030000 - 0x00007ffab20cb000 	C:\Windows\System32\msvcp_win.dll
0x00007ffab2200000 - 0x00007ffab22f6000 	C:\Windows\System32\ucrtbase.dll
0x00007ffaa9c00000 - 0x00007ffaa9e69000 	C:\Windows\WinSxS\amd64_microsoft.windows.common-controls_6595b64144ccf1df_6.0.16299.15_none_cc92fb402215d91d\COMCTL32.dll
0x00007ffab47d0000 - 0x00007ffab4ad8000 	C:\Windows\System32\combase.dll
0x00007ffab2180000 - 0x00007ffab21f2000 	C:\Windows\System32\bcryptPrimitives.dll
0x00007ffab5670000 - 0x00007ffab569d000 	C:\Windows\System32\IMM32.DLL
0x0000000074230000 - 0x0000000074302000 	D:\Android\Android\Android Studio\jre\jre\bin\msvcr100.dll
0x0000000074310000 - 0x0000000074b4e000 	D:\Android\Android\Android Studio\jre\jre\bin\server\jvm.dll
0x00007ffab3380000 - 0x00007ffab3388000 	C:\Windows\System32\PSAPI.DLL
0x00007ffaae520000 - 0x00007ffaae529000 	C:\Windows\SYSTEM32\WSOCK32.dll
0x00007ffab53a0000 - 0x00007ffab540c000 	C:\Windows\System32\WS2_32.dll
0x00007ffaaf930000 - 0x00007ffaaf953000 	C:\Windows\SYSTEM32\WINMM.dll
0x00007ffab07e0000 - 0x00007ffab07ea000 	C:\Windows\SYSTEM32\VERSION.dll
0x00007ffaaf630000 - 0x00007ffaaf65a000 	C:\Windows\SYSTEM32\WINMMBASE.dll
0x00007ffab2300000 - 0x00007ffab234a000 	C:\Windows\System32\cfgmgr32.dll
0x00007ffaae4f0000 - 0x00007ffaae4ff000 	D:\Android\Android\Android Studio\jre\jre\bin\verify.dll
0x00007ffaaad50000 - 0x00007ffaaad79000 	D:\Android\Android\Android Studio\jre\jre\bin\java.dll
0x00007ffaab680000 - 0x00007ffaab696000 	D:\Android\Android\Android Studio\jre\jre\bin\zip.dll
0x00007ffab3390000 - 0x00007ffab47c7000 	C:\Windows\System32\SHELL32.dll
0x00007ffab2ce0000 - 0x00007ffab2d86000 	C:\Windows\System32\shcore.dll
0x00007ffab2520000 - 0x00007ffab2c67000 	C:\Windows\System32\windows.storage.dll
0x00007ffab4e70000 - 0x00007ffab4ec1000 	C:\Windows\System32\shlwapi.dll
0x00007ffab1b40000 - 0x00007ffab1b51000 	C:\Windows\System32\kernel.appcore.dll
0x00007ffab1af0000 - 0x00007ffab1b3c000 	C:\Windows\System32\powrprof.dll
0x00007ffab1b80000 - 0x00007ffab1b9b000 	C:\Windows\System32\profapi.dll
0x00007ffab14e0000 - 0x00007ffab14f7000 	C:\Windows\SYSTEM32\CRYPTSP.dll
0x00007ffab0f30000 - 0x00007ffab0f63000 	C:\Windows\system32\rsaenh.dll
0x00007ffab15f0000 - 0x00007ffab1615000 	C:\Windows\SYSTEM32\bcrypt.dll
0x00007ffab1a20000 - 0x00007ffab1a49000 	C:\Windows\SYSTEM32\USERENV.dll
0x00007ffab1500000 - 0x00007ffab150b000 	C:\Windows\SYSTEM32\CRYPTBASE.dll
0x00007ffaa8110000 - 0x00007ffaa812a000 	D:\Android\Android\Android Studio\jre\jre\bin\net.dll
0x00007ffab1320000 - 0x00007ffab1386000 	C:\Windows\system32\mswsock.dll
0x00007ffab10b0000 - 0x00007ffab10e9000 	C:\Windows\SYSTEM32\IPHLPAPI.DLL
0x00007ffab5600000 - 0x00007ffab5608000 	C:\Windows\System32\NSI.dll
0x00007ffaac900000 - 0x00007ffaac916000 	C:\Windows\SYSTEM32\dhcpcsvc6.DLL
0x00007ffaac8e0000 - 0x00007ffaac8fa000 	C:\Windows\SYSTEM32\dhcpcsvc.DLL
0x00007ffaa6a20000 - 0x00007ffaa6a31000 	D:\Android\Android\Android Studio\jre\jre\bin\nio.dll

VM Arguments:
jvm_args: -Djava.awt.headless=true -Xmx64M -Dfile.encoding=GBK -Duser.country=CN -Duser.language=zh -Duser.variant 
java_command: com.google.devtools.build.android.desugar.Desugar @D:\Android\TEST\WanAndroidTest\app\build\intermediates\tmp\desugar_args7364419516901406478
java_class_path (initial): C:\Users\Administrator\AppData\Local\Temp\desugar_deploy.jar2872256966551270965
Launcher Type: SUN_STANDARD

Environment Variables:
PATH=C:\Windows\system32;C:\Windows;C:\Windows\System32\Wbem;C:\Windows\System32\WindowsPowerShell\v1.0\;C:\Program Files (x86)\NVIDIA Corporation\PhysX\Common;C:\Users\Administrator\AppData\Local\Microsoft\WindowsApps;
USERNAME=Administrator
OS=Windows_NT
PROCESSOR_IDENTIFIER=Intel64 Family 6 Model 58 Stepping 9, GenuineIntel



---------------  S Y S T E M  ---------------

OS: Windows 10.0 , 64 bit Build 16299 (10.0.16299.15)

CPU:total 4 (initial active 4) (2 cores per cpu, 2 threads per core) family 6 model 58 stepping 9, cmov, cx8, fxsr, mmx, sse, sse2, sse3, ssse3, sse4.1, sse4.2, popcnt, avx, clmul, erms, ht, tsc, tscinvbit, tscinv

Memory: 4k page, physical 8281380k(1057924k free), swap 8281380k(5428k free)

vm_info: OpenJDK 64-Bit Server VM (25.152-b01) for windows-amd64 JRE (1.8.0_152-release-915-b01), built by "builder" with MS VC++ 10.0 (VS2010)

time: Sun Apr 29 11:04:25 2018
elapsed time: 3 seconds (0d 0h 0m 3s)

