#
# There is insufficient memory for the Java Runtime Environment to continue.
# Native memory allocation (malloc) failed to allocate 131088 bytes for Chunk::new
# Possible reasons:
#   The system is out of physical RAM or swap space
#   In 32 bit mode, the process size limit was hit
# Possible solutions:
#   Reduce memory load on the system
#   Increase physical memory or swap space
#   Check if swap backing store is full
#   Use 64 bit Java on a 64 bit OS
#   Decrease Java heap size (-Xmx/-Xms)
#   Decrease number of Java threads
#   Decrease Java thread stack sizes (-Xss)
#   Set larger code cache with -XX:ReservedCodeCacheSize=
# This output file may be truncated or incomplete.
#
#  Out of Memory Error (allocation.cpp:390), pid=5540, tid=0x0000000000001a88
#
# JRE version: OpenJDK Runtime Environment (8.0_152-b01) (build 1.8.0_152-release-915-b01)
# Java VM: OpenJDK 64-Bit Server VM (25.152-b01 mixed mode windows-amd64 compressed oops)
# Failed to write core dump. Minidumps are not enabled by default on client versions of Windows
#

---------------  T H R E A D  ---------------

Current thread (0x00000000153bb000):  JavaThread "C2 CompilerThread1" daemon [_thread_in_native, id=6792, stack(0x0000000016db0000,0x0000000016eb0000)]

Stack: [0x0000000016db0000,0x0000000016eb0000]
[error occurred during error reporting (printing stack bounds), id 0xc0000005]

Native frames: (J=compiled Java code, j=interpreted, Vv=VM code, C=native code)


Current CompileTask:
C2:   2388  958       4       org.objectweb.asm.ClassReader::a (3587 bytes)


---------------  P R O C E S S  ---------------

Java Threads: ( => current thread )
  0x0000000016741800 JavaThread "Service Thread" daemon [_thread_blocked, id=5804, stack(0x0000000016fb0000,0x00000000170b0000)]
  0x00000000166f9800 JavaThread "C1 CompilerThread2" daemon [_thread_blocked, id=9300, stack(0x0000000016eb0000,0x0000000016fb0000)]
=>0x00000000153bb000 JavaThread "C2 CompilerThread1" daemon [_thread_in_native, id=6792, stack(0x0000000016db0000,0x0000000016eb0000)]
  0x00000000153b8800 JavaThread "C2 CompilerThread0" daemon [_thread_in_native, id=11000, stack(0x0000000016cb0000,0x0000000016db0000)]
  0x000000001536c800 JavaThread "Attach Listener" daemon [_thread_blocked, id=1440, stack(0x0000000016bb0000,0x0000000016cb0000)]
  0x00000000166b8800 JavaThread "Signal Dispatcher" daemon [_thread_blocked, id=2840, stack(0x0000000016ab0000,0x0000000016bb0000)]
  0x0000000015348800 JavaThread "Finalizer" daemon [_thread_blocked, id=4932, stack(0x00000000165b0000,0x00000000166b0000)]
  0x0000000015327000 JavaThread "Reference Handler" daemon [_thread_blocked, id=676, stack(0x00000000164b0000,0x00000000165b0000)]
  0x0000000004efe000 JavaThread "main" [_thread_in_vm, id=1040, stack(0x0000000004de0000,0x0000000004ee0000)]

Other Threads:
  0x0000000015325800 VMThread [stack: 0x00000000163b0000,0x00000000164b0000] [id=10816]
  0x0000000016743800 WatcherThread [stack: 0x00000000170b0000,0x00000000171b0000] [id=2360]

VM state:not at safepoint (normal execution)

VM Mutex/Monitor currently owned by a thread: None

Heap:
 PSYoungGen      total 18944K, used 7518K [0x00000000feb00000, 0x0000000100000000, 0x0000000100000000)
  eden space 16384K, 30% used [0x00000000feb00000,0x00000000fefdb090,0x00000000ffb00000)
  from space 2560K, 99% used [0x00000000ffd80000,0x00000000ffffcaf0,0x0000000100000000)
  to   space 2560K, 0% used [0x00000000ffb00000,0x00000000ffb00000,0x00000000ffd80000)
 ParOldGen       total 44032K, used 6015K [0x00000000fc000000, 0x00000000feb00000, 0x00000000feb00000)
  object space 44032K, 13% used [0x00000000fc000000,0x00000000fc5dfce0,0x00000000feb00000)
 Metaspace       used 7838K, capacity 8070K, committed 8192K, reserved 1056768K
  class space    used 904K, capacity 989K, committed 1024K, reserved 1048576K

Card table byte_map: [0x0000000002eb0000,0x0000000002ee0000] byte_map_base: 0x00000000026d0000

Marking Bits: (ParMarkBitMap*) 0x0000000070383950
 Begin Bits: [0x00000000147c0000, 0x00000000148c0000)
 End Bits:   [0x00000000148c0000, 0x00000000149c0000)

Polling page: 0x0000000002e80000

CodeCache: size=245760Kb used=3649Kb max_used=3649Kb free=242110Kb
 bounds [0x0000000005000000, 0x00000000053a0000, 0x0000000014000000]
 total_blobs=1290 nmethods=956 adapters=248
 compilation: enabled

Compilation events (10 events):
Event: 2.369 Thread 0x00000000166f9800  951       3       org.objectweb.asm.ClassReader::a (133 bytes)
Event: 2.370 Thread 0x00000000166f9800 nmethod 951 0x0000000005384950 code [0x0000000005384b40, 0x0000000005385718]
Event: 2.370 Thread 0x00000000166f9800  953       3       org.objectweb.asm.AnnotationVisitor::<init> (7 bytes)
Event: 2.371 Thread 0x00000000166f9800 nmethod 953 0x00000000053842d0 code [0x0000000005384460, 0x00000000053847c8]
Event: 2.371 Thread 0x00000000166f9800  954       3       org.objectweb.asm.AnnotationVisitor::<init> (35 bytes)
Event: 2.371 Thread 0x00000000166f9800 nmethod 954 0x0000000005383d50 code [0x0000000005383ec0, 0x00000000053841c8]
Event: 2.371 Thread 0x00000000166f9800  952       3       org.objectweb.asm.Item::<init> (5 bytes)
Event: 2.371 Thread 0x00000000166f9800 nmethod 952 0x0000000005383990 code [0x0000000005383ae0, 0x0000000005383c90]
Event: 2.371 Thread 0x00000000166f9800  955       1       sun.util.calendar.CalendarDate::getYear (5 bytes)
Event: 2.371 Thread 0x00000000166f9800 nmethod 955 0x000000000536a2d0 code [0x000000000536a420, 0x000000000536a530]

GC Heap History (4 events):
Event: 1.289 GC heap before
{Heap before GC invocations=1 (full 0):
 PSYoungGen      total 18944K, used 16384K [0x00000000feb00000, 0x0000000100000000, 0x0000000100000000)
  eden space 16384K, 100% used [0x00000000feb00000,0x00000000ffb00000,0x00000000ffb00000)
  from space 2560K, 0% used [0x00000000ffd80000,0x00000000ffd80000,0x0000000100000000)
  to   space 2560K, 0% used [0x00000000ffb00000,0x00000000ffb00000,0x00000000ffd80000)
 ParOldGen       total 44032K, used 0K [0x00000000fc000000, 0x00000000feb00000, 0x00000000feb00000)
  object space 44032K, 0% used [0x00000000fc000000,0x00000000fc000000,0x00000000feb00000)
 Metaspace       used 6595K, capacity 6740K, committed 7040K, reserved 1056768K
  class space    used 773K, capacity 824K, committed 896K, reserved 1048576K
Event: 1.336 GC heap after
Heap after GC invocations=1 (full 0):
 PSYoungGen      total 18944K, used 2552K [0x00000000feb00000, 0x0000000100000000, 0x0000000100000000)
  eden space 16384K, 0% used [0x00000000feb00000,0x00000000feb00000,0x00000000ffb00000)
  from space 2560K, 99% used [0x00000000ffb00000,0x00000000ffd7e020,0x00000000ffd80000)
  to   space 2560K, 0% used [0x00000000ffd80000,0x00000000ffd80000,0x0000000100000000)
 ParOldGen       total 44032K, used 1761K [0x00000000fc000000, 0x00000000feb00000, 0x00000000feb00000)
  object space 44032K, 3% used [0x00000000fc000000,0x00000000fc1b8468,0x00000000feb00000)
 Metaspace       used 6595K, capacity 6740K, committed 7040K, reserved 1056768K
  class space    used 773K, capacity 824K, committed 896K, reserved 1048576K
}
Event: 1.890 GC heap before
{Heap before GC invocations=2 (full 0):
 PSYoungGen      total 18944K, used 18936K [0x00000000feb00000, 0x0000000100000000, 0x0000000100000000)
  eden space 16384K, 100% used [0x00000000feb00000,0x00000000ffb00000,0x00000000ffb00000)
  from space 2560K, 99% used [0x00000000ffb00000,0x00000000ffd7e020,0x00000000ffd80000)
  to   space 2560K, 0% used [0x00000000ffd80000,0x00000000ffd80000,0x0000000100000000)
 ParOldGen       total 44032K, used 1761K [0x00000000fc000000, 0x00000000feb00000, 0x00000000feb00000)
  object space 44032K, 3% used [0x00000000fc000000,0x00000000fc1b8468,0x00000000feb00000)
 Metaspace       used 7384K, capacity 7558K, committed 7680K, reserved 1056768K
  class space    used 872K, capacity 925K, committed 1024K, reserved 1048576K
Event: 1.903 GC heap after
Heap after GC invocations=2 (full 0):
 PSYoungGen      total 18944K, used 2546K [0x00000000feb00000, 0x0000000100000000, 0x0000000100000000)
  eden space 16384K, 0% used [0x00000000feb00000,0x00000000feb00000,0x00000000ffb00000)
  from space 2560K, 99% used [0x00000000ffd80000,0x00000000ffffcaf0,0x0000000100000000)
  to   space 2560K, 0% used [0x00000000ffb00000,0x00000000ffb00000,0x00000000ffd80000)
 ParOldGen       total 44032K, used 6015K [0x00000000fc000000, 0x00000000feb00000, 0x00000000feb00000)
  object space 44032K, 13% used [0x00000000fc000000,0x00000000fc5dfce0,0x00000000feb00000)
 Metaspace       used 7384K, capacity 7558K, committed 7680K, reserved 1056768K
  class space    used 872K, capacity 925K, committed 1024K, reserved 1048576K
}

Deoptimization events (10 events):
Event: 1.853 Thread 0x0000000004efe000 Uncommon trap: reason=class_check action=maybe_recompile pc=0x000000000523df70 method=com.google.common.collect.TransformedIterator.next()Ljava/lang/Object; @ 5
Event: 1.853 Thread 0x0000000004efe000 Uncommon trap: reason=class_check action=maybe_recompile pc=0x000000000521f8d0 method=com.google.common.collect.Iterators$7.transform(Ljava/lang/Object;)Ljava/lang/Object; @ 5
Event: 1.853 Thread 0x0000000004efe000 Uncommon trap: reason=class_check action=maybe_recompile pc=0x00000000052263ac method=com.google.common.collect.TransformedIterator.hasNext()Z @ 4
Event: 1.853 Thread 0x0000000004efe000 Uncommon trap: reason=class_check action=maybe_recompile pc=0x000000000523df70 method=com.google.common.collect.TransformedIterator.next()Ljava/lang/Object; @ 5
Event: 1.853 Thread 0x0000000004efe000 Uncommon trap: reason=class_check action=maybe_recompile pc=0x000000000521f8d0 method=com.google.common.collect.Iterators$7.transform(Ljava/lang/Object;)Ljava/lang/Object; @ 5
Event: 1.853 Thread 0x0000000004efe000 Uncommon trap: reason=class_check action=maybe_recompile pc=0x000000000523df70 method=com.google.common.collect.TransformedIterator.next()Ljava/lang/Object; @ 5
Event: 1.853 Thread 0x0000000004efe000 Uncommon trap: reason=class_check action=maybe_recompile pc=0x000000000521f8d0 method=com.google.common.collect.Iterators$7.transform(Ljava/lang/Object;)Ljava/lang/Object; @ 5
Event: 2.313 Thread 0x0000000004efe000 Uncommon trap: reason=unstable_if action=reinterpret pc=0x00000000052edafc method=org.objectweb.asm.ClassReader.a(II[C)Ljava/lang/String; @ 77
Event: 2.313 Thread 0x0000000004efe000 Uncommon trap: reason=unstable_if action=reinterpret pc=0x00000000053550c8 method=org.objectweb.asm.ByteVector.putUTF8(Ljava/lang/String;)Lorg/objectweb/asm/ByteVector; @ 98
Event: 2.324 Thread 0x0000000004efe000 Uncommon trap: reason=unstable_if action=reinterpret pc=0x0000000005353a40 method=org.objectweb.asm.Item.a(Lorg/objectweb/asm/Item;)Z @ 345

Classes redefined (0 events):
No events

Internal exceptions (10 events):
Event: 1.232 Thread 0x0000000004efe000 Implicit null exception at 0x0000000005221239 to 0x00000000052217f5
Event: 1.463 Thread 0x0000000004efe000 Exception <a 'sun/nio/fs/WindowsException'> (0x00000000ff18b6e8) thrown at [D:\src\AOSP-openjdk-cygwin\jdk8u\hotspot\src\share\vm\prims\jni.cpp, line 709]
Event: 1.463 Thread 0x0000000004efe000 Exception <a 'sun/nio/fs/WindowsException'> (0x00000000ff18bcb8) thrown at [D:\src\AOSP-openjdk-cygwin\jdk8u\hotspot\src\share\vm\prims\jni.cpp, line 709]
Event: 1.464 Thread 0x0000000004efe000 Exception <a 'sun/nio/fs/WindowsException'> (0x00000000ff18c2b0) thrown at [D:\src\AOSP-openjdk-cygwin\jdk8u\hotspot\src\share\vm\prims\jni.cpp, line 709]
Event: 1.464 Thread 0x0000000004efe000 Exception <a 'sun/nio/fs/WindowsException'> (0x00000000ff18ca80) thrown at [D:\src\AOSP-openjdk-cygwin\jdk8u\hotspot\src\share\vm\prims\jni.cpp, line 709]
Event: 1.465 Thread 0x0000000004efe000 Exception <a 'sun/nio/fs/WindowsException'> (0x00000000ff18d050) thrown at [D:\src\AOSP-openjdk-cygwin\jdk8u\hotspot\src\share\vm\prims\jni.cpp, line 709]
Event: 1.465 Thread 0x0000000004efe000 Exception <a 'sun/nio/fs/WindowsException'> (0x00000000ff18d810) thrown at [D:\src\AOSP-openjdk-cygwin\jdk8u\hotspot\src\share\vm\prims\jni.cpp, line 709]
Event: 1.474 Thread 0x0000000004efe000 Exception <a 'sun/nio/fs/WindowsException'> (0x00000000ff192c78) thrown at [D:\src\AOSP-openjdk-cygwin\jdk8u\hotspot\src\share\vm\prims\jni.cpp, line 709]
Event: 1.811 Thread 0x0000000004efe000 Exception <a 'sun/nio/fs/WindowsException'> (0x00000000ff94c2c8) thrown at [D:\src\AOSP-openjdk-cygwin\jdk8u\hotspot\src\share\vm\prims\jni.cpp, line 709]
Event: 1.811 Thread 0x0000000004efe000 Exception <a 'sun/nio/fs/WindowsException'> (0x00000000ff94c850) thrown at [D:\src\AOSP-openjdk-cygwin\jdk8u\hotspot\src\share\vm\prims\jni.cpp, line 709]

Events (10 events):
Event: 2.012 loading class org/objectweb/asm/Handler done
Event: 2.313 Thread 0x0000000004efe000 Uncommon trap: trap_request=0xffffff65 fr.pc=0x00000000052edafc
Event: 2.313 Thread 0x0000000004efe000 DEOPT PACKING pc=0x00000000052edafc sp=0x0000000004edf090
Event: 2.313 Thread 0x0000000004efe000 DEOPT UNPACKING pc=0x000000000504556a sp=0x0000000004edefc0 mode 2
Event: 2.313 Thread 0x0000000004efe000 Uncommon trap: trap_request=0xffffff65 fr.pc=0x00000000053550c8
Event: 2.313 Thread 0x0000000004efe000 DEOPT PACKING pc=0x00000000053550c8 sp=0x0000000004edec90
Event: 2.313 Thread 0x0000000004efe000 DEOPT UNPACKING pc=0x000000000504556a sp=0x0000000004edebe0 mode 2
Event: 2.324 Thread 0x0000000004efe000 Uncommon trap: trap_request=0xffffff65 fr.pc=0x0000000005353a40
Event: 2.324 Thread 0x0000000004efe000 DEOPT PACKING pc=0x0000000005353a40 sp=0x0000000004ede970
Event: 2.324 Thread 0x0000000004efe000 DEOPT UNPACKING pc=0x000000000504556a sp=0x0000000004ede908 mode 2


Dynamic libraries:
0x00007ff795ba0000 - 0x00007ff795bd1000 	D:\Android\Android\Android Studio\jre\bin\java.exe
0x00007ff832e80000 - 0x00007ff833060000 	C:\Windows\SYSTEM32\ntdll.dll
0x00007ff832d40000 - 0x00007ff832dee000 	C:\Windows\System32\KERNEL32.DLL
0x00007ff82f5c0000 - 0x00007ff82f826000 	C:\Windows\System32\KERNELBASE.dll
0x00007ff8328c0000 - 0x00007ff832961000 	C:\Windows\System32\ADVAPI32.dll
0x00007ff832550000 - 0x00007ff8325ed000 	C:\Windows\System32\msvcrt.dll
0x00007ff832df0000 - 0x00007ff832e4b000 	C:\Windows\System32\sechost.dll
0x00007ff832120000 - 0x00007ff83223f000 	C:\Windows\System32\RPCRT4.dll
0x00007ff830360000 - 0x00007ff8304ee000 	C:\Windows\System32\USER32.dll
0x00007ff82f3f0000 - 0x00007ff82f410000 	C:\Windows\System32\win32u.dll
0x00007ff830510000 - 0x00007ff830538000 	C:\Windows\System32\GDI32.dll
0x00007ff82fa60000 - 0x00007ff82fbf1000 	C:\Windows\System32\gdi32full.dll
0x00007ff82f350000 - 0x00007ff82f3eb000 	C:\Windows\System32\msvcp_win.dll
0x00007ff82f4c0000 - 0x00007ff82f5b6000 	C:\Windows\System32\ucrtbase.dll
0x00007ff8268e0000 - 0x00007ff826b49000 	C:\Windows\WinSxS\amd64_microsoft.windows.common-controls_6595b64144ccf1df_6.0.16299.15_none_cc92fb402215d91d\COMCTL32.dll
0x00007ff832240000 - 0x00007ff832548000 	C:\Windows\System32\combase.dll
0x00007ff82f280000 - 0x00007ff82f2f2000 	C:\Windows\System32\bcryptPrimitives.dll
0x00007ff831fc0000 - 0x00007ff831fed000 	C:\Windows\System32\IMM32.DLL
0x000000006fae0000 - 0x000000006fbb2000 	D:\Android\Android\Android Studio\jre\jre\bin\msvcr100.dll
0x000000006fbc0000 - 0x00000000703fe000 	D:\Android\Android\Android Studio\jre\jre\bin\server\jvm.dll
0x00007ff830350000 - 0x00007ff830358000 	C:\Windows\System32\PSAPI.DLL
0x00007ff82bc00000 - 0x00007ff82bc09000 	C:\Windows\SYSTEM32\WSOCK32.dll
0x00007ff831f50000 - 0x00007ff831fbc000 	C:\Windows\System32\WS2_32.dll
0x00007ff82d010000 - 0x00007ff82d033000 	C:\Windows\SYSTEM32\WINMM.dll
0x00007ff82dec0000 - 0x00007ff82deca000 	C:\Windows\SYSTEM32\VERSION.dll
0x00007ff82cd10000 - 0x00007ff82cd3a000 	C:\Windows\SYSTEM32\WINMMBASE.dll
0x00007ff82f300000 - 0x00007ff82f34a000 	C:\Windows\System32\cfgmgr32.dll
0x00007ff82bbf0000 - 0x00007ff82bbff000 	D:\Android\Android\Android Studio\jre\jre\bin\verify.dll
0x00007ff828270000 - 0x00007ff828299000 	D:\Android\Android\Android Studio\jre\jre\bin\java.dll
0x00007ff82bbd0000 - 0x00007ff82bbe6000 	D:\Android\Android\Android Studio\jre\jre\bin\zip.dll
0x00007ff830a90000 - 0x00007ff831ec7000 	C:\Windows\System32\SHELL32.dll
0x00007ff832b40000 - 0x00007ff832be6000 	C:\Windows\System32\shcore.dll
0x00007ff82fc00000 - 0x00007ff830347000 	C:\Windows\System32\windows.storage.dll
0x00007ff832ae0000 - 0x00007ff832b31000 	C:\Windows\System32\shlwapi.dll
0x00007ff82f260000 - 0x00007ff82f271000 	C:\Windows\System32\kernel.appcore.dll
0x00007ff82f1d0000 - 0x00007ff82f21c000 	C:\Windows\System32\powrprof.dll
0x00007ff82f220000 - 0x00007ff82f23b000 	C:\Windows\System32\profapi.dll
0x00007ff82ebc0000 - 0x00007ff82ebd7000 	C:\Windows\SYSTEM32\CRYPTSP.dll
0x00007ff82e610000 - 0x00007ff82e643000 	C:\Windows\system32\rsaenh.dll
0x00007ff82ecd0000 - 0x00007ff82ecf5000 	C:\Windows\SYSTEM32\bcrypt.dll
0x00007ff82f100000 - 0x00007ff82f129000 	C:\Windows\SYSTEM32\USERENV.dll
0x00007ff82ebe0000 - 0x00007ff82ebeb000 	C:\Windows\SYSTEM32\CRYPTBASE.dll
0x00007ff828250000 - 0x00007ff82826a000 	D:\Android\Android\Android Studio\jre\jre\bin\net.dll
0x00007ff82ea00000 - 0x00007ff82ea66000 	C:\Windows\system32\mswsock.dll
0x00007ff82e790000 - 0x00007ff82e7c9000 	C:\Windows\SYSTEM32\IPHLPAPI.DLL
0x00007ff832000000 - 0x00007ff832008000 	C:\Windows\System32\NSI.dll
0x00007ff82a680000 - 0x00007ff82a696000 	C:\Windows\SYSTEM32\dhcpcsvc6.DLL
0x00007ff82a660000 - 0x00007ff82a67a000 	C:\Windows\SYSTEM32\dhcpcsvc.DLL
0x00007ff828230000 - 0x00007ff828241000 	D:\Android\Android\Android Studio\jre\jre\bin\nio.dll

VM Arguments:
jvm_args: -Djava.awt.headless=true -Xmx64M -Dfile.encoding=GBK -Duser.country=CN -Duser.language=zh -Duser.variant 
java_command: com.google.devtools.build.android.desugar.Desugar @D:\Android\TEST\WanAndroidTest\app\build\intermediates\tmp\desugar_args2132559160473124060
java_class_path (initial): C:\Users\Administrator\AppData\Local\Temp\desugar_deploy.jar5675111122699367911
Launcher Type: SUN_STANDARD

Environment Variables:
JAVA_HOME=D:\Program Files\Java\jdk1.8.0_77
PATH=C:\Windows\system32;C:\Windows;C:\Windows\System32\Wbem;C:\Windows\System32\WindowsPowerShell\v1.0\;C:\Program Files (x86)\NVIDIA Corporation\PhysX\Common;D:\Program Files\Java\jdk1.8.0_77\bin;D:\Program Files\Java\jdk1.8.0_77\jre\bin; ;C:\Users\Administrator\AppData\Local\Microsoft\WindowsApps;
USERNAME=Administrator
OS=Windows_NT
PROCESSOR_IDENTIFIER=Intel64 Family 6 Model 58 Stepping 9, GenuineIntel



---------------  S Y S T E M  ---------------

OS: Windows 10.0 , 64 bit Build 16299 (10.0.16299.15)

CPU:total 4 (initial active 4) (2 cores per cpu, 2 threads per core) family 6 model 58 stepping 9, cmov, cx8, fxsr, mmx, sse, sse2, sse3, ssse3, sse4.1, sse4.2, popcnt, avx, clmul, erms, ht, tsc, tscinvbit, tscinv

Memory: 4k page, physical 8281380k(1013544k free), swap 8281380k(4444k free)

vm_info: OpenJDK 64-Bit Server VM (25.152-b01) for windows-amd64 JRE (1.8.0_152-release-915-b01), built by "builder" with MS VC++ 10.0 (VS2010)

time: Fri Apr 27 13:08:20 2018
elapsed time: 2 seconds (0d 0h 0m 2s)

