#
# There is insufficient memory for the Java Runtime Environment to continue.
# Native memory allocation (malloc) failed to allocate 8192 bytes for AllocateHeap
# Possible reasons:
#   The system is out of physical RAM or swap space
#   In 32 bit mode, the process size limit was hit
# Possible solutions:
#   Reduce memory load on the system
#   Increase physical memory or swap space
#   Check if swap backing store is full
#   Use 64 bit Java on a 64 bit OS
#   Decrease Java heap size (-Xmx/-Xms)
#   Decrease number of Java threads
#   Decrease Java thread stack sizes (-Xss)
#   Set larger code cache with -XX:ReservedCodeCacheSize=
# This output file may be truncated or incomplete.
#
#  Out of Memory Error (memory/allocation.inline.hpp:61), pid=9388, tid=0x00000000000007e0
#
# JRE version: OpenJDK Runtime Environment (8.0_152-b01) (build 1.8.0_152-release-915-b01)
# Java VM: OpenJDK 64-Bit Server VM (25.152-b01 mixed mode windows-amd64 compressed oops)
# Failed to write core dump. Minidumps are not enabled by default on client versions of Windows
#

---------------  T H R E A D  ---------------

Current thread (0x0000000002e0e000):  JavaThread "main" [_thread_in_vm, id=2016, stack(0x00000000049f0000,0x0000000004af0000)]

Stack: [0x00000000049f0000,0x0000000004af0000]
[error occurred during error reporting (printing stack bounds), id 0xc0000005]

Native frames: (J=compiled Java code, j=interpreted, Vv=VM code, C=native code)

Java frames: (J=compiled Java code, j=interpreted, Vv=VM code)
j  java.lang.ClassLoader.defineClass1(Ljava/lang/String;[BIILjava/security/ProtectionDomain;Ljava/lang/String;)Ljava/lang/Class;+0
j  java.lang.ClassLoader.defineClass(Ljava/lang/String;[BIILjava/security/ProtectionDomain;)Ljava/lang/Class;+27
j  java.security.SecureClassLoader.defineClass(Ljava/lang/String;[BIILjava/security/CodeSource;)Ljava/lang/Class;+12
j  java.net.URLClassLoader.defineClass(Ljava/lang/String;Lsun/misc/Resource;)Ljava/lang/Class;+138
j  java.net.URLClassLoader.access$100(Ljava/net/URLClassLoader;Ljava/lang/String;Lsun/misc/Resource;)Ljava/lang/Class;+3
j  java.net.URLClassLoader$1.run()Ljava/lang/Class;+43
j  java.net.URLClassLoader$1.run()Ljava/lang/Object;+1
v  ~StubRoutines::call_stub
j  java.security.AccessController.doPrivileged(Ljava/security/PrivilegedExceptionAction;Ljava/security/AccessControlContext;)Ljava/lang/Object;+0
j  java.net.URLClassLoader.findClass(Ljava/lang/String;)Ljava/lang/Class;+13
J 160 C1 java.lang.ClassLoader.loadClass(Ljava/lang/String;Z)Ljava/lang/Class; (122 bytes) @ 0x0000000004d4a22c [0x0000000004d498c0+0x96c]
j  sun.misc.Launcher$AppClassLoader.loadClass(Ljava/lang/String;Z)Ljava/lang/Class;+81
j  java.lang.ClassLoader.loadClass(Ljava/lang/String;)Ljava/lang/Class;+3
v  ~StubRoutines::call_stub
j  com.google.devtools.common.options.Converters.<clinit>()V+0
v  ~StubRoutines::call_stub
j  com.google.devtools.common.options.IsolatedOptionsData.from(Ljava/util/Collection;)Lcom/google/devtools/common/options/IsolatedOptionsData;+418
j  com.google.devtools.common.options.OptionsData.from(Ljava/util/Collection;)Lcom/google/devtools/common/options/OptionsData;+1
j  com.google.devtools.common.options.OptionsParser.getOptionsDataInternal(Ljava/util/List;)Lcom/google/devtools/common/options/OptionsData;+23
j  com.google.devtools.common.options.OptionsParser.newOptionsParser(Ljava/lang/Iterable;)Lcom/google/devtools/common/options/OptionsParser;+4
j  com.google.devtools.common.options.OptionsParser.newOptionsParser(Ljava/lang/Class;)Lcom/google/devtools/common/options/OptionsParser;+4
j  com.google.devtools.build.android.desugar.Desugar.parseCommandLineOptions([Ljava/lang/String;)Lcom/google/devtools/build/android/desugar/Desugar$Options;+52
j  com.google.devtools.build.android.desugar.Desugar.main([Ljava/lang/String;)V+9
v  ~StubRoutines::call_stub

---------------  P R O C E S S  ---------------

Java Threads: ( => current thread )
  0x0000000016312000 JavaThread "Service Thread" daemon [_thread_blocked, id=2684, stack(0x0000000016bb0000,0x0000000016cb0000)]
  0x000000001630a800 JavaThread "C1 CompilerThread2" daemon [_thread_blocked, id=5804, stack(0x0000000016ab0000,0x0000000016bb0000)]
  0x00000000162ff000 JavaThread "C2 CompilerThread1" daemon [_thread_blocked, id=5900, stack(0x00000000169b0000,0x0000000016ab0000)]
  0x0000000014f5c800 JavaThread "C2 CompilerThread0" daemon [_thread_blocked, id=8376, stack(0x00000000168b0000,0x00000000169b0000)]
  0x0000000014fa9800 JavaThread "Attach Listener" daemon [_thread_blocked, id=7772, stack(0x00000000167b0000,0x00000000168b0000)]
  0x00000000162b8800 JavaThread "Signal Dispatcher" daemon [_thread_blocked, id=1280, stack(0x00000000166b0000,0x00000000167b0000)]
  0x0000000004beb800 JavaThread "Finalizer" daemon [_thread_blocked, id=8768, stack(0x00000000161b0000,0x00000000162b0000)]
  0x0000000004be0000 JavaThread "Reference Handler" daemon [_thread_blocked, id=8456, stack(0x00000000160b0000,0x00000000161b0000)]
=>0x0000000002e0e000 JavaThread "main" [_thread_in_vm, id=2016, stack(0x00000000049f0000,0x0000000004af0000)]

Other Threads:
  0x0000000014f15800 VMThread [stack: 0x0000000015fb0000,0x00000000160b0000] [id=6856]
  0x0000000016313800 WatcherThread [stack: 0x0000000016cb0000,0x0000000016db0000] [id=5952]

VM state:not at safepoint (normal execution)

VM Mutex/Monitor currently owned by a thread:  ([mutex/lock_event])
[0x0000000002e0d3a0] SymbolTable_lock - owner thread: 0x0000000002e0e000

Heap:
 PSYoungGen      total 18944K, used 3985K [0x00000000feb00000, 0x0000000100000000, 0x0000000100000000)
  eden space 16384K, 24% used [0x00000000feb00000,0x00000000feee4468,0x00000000ffb00000)
  from space 2560K, 0% used [0x00000000ffd80000,0x00000000ffd80000,0x0000000100000000)
  to   space 2560K, 0% used [0x00000000ffb00000,0x00000000ffb00000,0x00000000ffd80000)
 ParOldGen       total 44032K, used 0K [0x00000000fc000000, 0x00000000feb00000, 0x00000000feb00000)
  object space 44032K, 0% used [0x00000000fc000000,0x00000000fc000000,0x00000000feb00000)
 Metaspace       used 4883K, capacity 5076K, committed 5248K, reserved 1056768K
  class space    used 557K, capacity 592K, committed 640K, reserved 1048576K

Card table byte_map: [0x0000000002910000,0x0000000002940000] byte_map_base: 0x0000000002130000

Marking Bits: (ParMarkBitMap*) 0x0000000070383950
 Begin Bits: [0x00000000143b0000, 0x00000000144b0000)
 End Bits:   [0x00000000144b0000, 0x00000000145b0000)

Polling page: 0x00000000005b0000

CodeCache: size=245760Kb used=1478Kb max_used=1484Kb free=244281Kb
 bounds [0x0000000004bf0000, 0x0000000004e60000, 0x0000000013bf0000]
 total_blobs=518 nmethods=215 adapters=217
 compilation: enabled

Compilation events (10 events):
Event: 0.710 Thread 0x000000001630a800 nmethod 208 0x0000000004d5df90 code [0x0000000004d5e120, 0x0000000004d5e628]
Event: 0.712 Thread 0x000000001630a800  211       3       java.util.concurrent.ConcurrentHashMap::addCount (292 bytes)
Event: 0.714 Thread 0x000000001630a800 nmethod 211 0x0000000004d5eed0 code [0x0000000004d5f0e0, 0x0000000004d5fbe8]
Event: 0.714 Thread 0x000000001630a800  212       3       java.lang.String::concat (47 bytes)
Event: 0.715 Thread 0x00000000162ff000 nmethod 207 0x0000000004d62e10 code [0x0000000004d62f60, 0x0000000004d63198]
Event: 0.715 Thread 0x000000001630a800 nmethod 212 0x0000000004d62110 code [0x0000000004d622e0, 0x0000000004d62a98]
Event: 0.715 Thread 0x000000001630a800  213       3       java.lang.String::getChars (16 bytes)
Event: 0.715 Thread 0x000000001630a800 nmethod 213 0x0000000004d61cd0 code [0x0000000004d61e40, 0x0000000004d62048]
Event: 0.715 Thread 0x000000001630a800  214       3       java.util.zip.ZipFile::access$400 (5 bytes)
Event: 0.715 Thread 0x000000001630a800 nmethod 214 0x0000000004d61990 code [0x0000000004d61ae0, 0x0000000004d61c10]

GC Heap History (0 events):
No events

Deoptimization events (0 events):
No events

Classes redefined (0 events):
No events

Internal exceptions (3 events):
Event: 0.051 Thread 0x0000000002e0e000 Exception <a 'java/lang/NoSuchMethodError': Method sun.misc.Unsafe.defineClass(Ljava/lang/String;[BII)Ljava/lang/Class; name or signature does not match> (0x00000000feb07ca8) thrown at [D:\src\AOSP-openjdk-cygwin\jdk8u\hotspot\src\share\vm\prims\jni.cpp, 
Event: 0.051 Thread 0x0000000002e0e000 Exception <a 'java/lang/NoSuchMethodError': Method sun.misc.Unsafe.prefetchRead(Ljava/lang/Object;J)V name or signature does not match> (0x00000000feb07f90) thrown at [D:\src\AOSP-openjdk-cygwin\jdk8u\hotspot\src\share\vm\prims\jni.cpp, line 4011]
Event: 0.545 Thread 0x0000000002e0e000 Exception <a 'sun/nio/fs/WindowsException'> (0x00000000fecef3e0) thrown at [D:\src\AOSP-openjdk-cygwin\jdk8u\hotspot\src\share\vm\prims\jni.cpp, line 709]

Events (10 events):
Event: 0.723 loading class com/google/common/collect/Lists$StringAsImmutableList
Event: 0.723 loading class com/google/common/collect/Lists$StringAsImmutableList done
Event: 0.724 loading class com/google/common/collect/Lists$Partition
Event: 0.724 loading class com/google/common/collect/Lists$Partition done
Event: 0.724 loading class com/google/common/collect/Lists$RandomAccessPartition
Event: 0.724 loading class com/google/common/collect/Lists$RandomAccessPartition done
Event: 0.725 loading class com/google/devtools/common/options/Converters
Event: 0.725 loading class com/google/devtools/common/options/Converters done
Event: 0.726 loading class com/google/common/collect/Maps
Event: 0.726 loading class com/google/common/collect/Maps done


Dynamic libraries:
0x00007ff795ba0000 - 0x00007ff795bd1000 	D:\Android\Android\Android Studio\jre\bin\java.exe
0x00007ff832e80000 - 0x00007ff833060000 	C:\Windows\SYSTEM32\ntdll.dll
0x00007ff832d40000 - 0x00007ff832dee000 	C:\Windows\System32\KERNEL32.DLL
0x00007ff82f5c0000 - 0x00007ff82f826000 	C:\Windows\System32\KERNELBASE.dll
0x00007ff8328c0000 - 0x00007ff832961000 	C:\Windows\System32\ADVAPI32.dll
0x00007ff832550000 - 0x00007ff8325ed000 	C:\Windows\System32\msvcrt.dll
0x00007ff832df0000 - 0x00007ff832e4b000 	C:\Windows\System32\sechost.dll
0x00007ff832120000 - 0x00007ff83223f000 	C:\Windows\System32\RPCRT4.dll
0x00007ff830360000 - 0x00007ff8304ee000 	C:\Windows\System32\USER32.dll
0x00007ff82f3f0000 - 0x00007ff82f410000 	C:\Windows\System32\win32u.dll
0x00007ff830510000 - 0x00007ff830538000 	C:\Windows\System32\GDI32.dll
0x00007ff82fa60000 - 0x00007ff82fbf1000 	C:\Windows\System32\gdi32full.dll
0x00007ff82f350000 - 0x00007ff82f3eb000 	C:\Windows\System32\msvcp_win.dll
0x00007ff82f4c0000 - 0x00007ff82f5b6000 	C:\Windows\System32\ucrtbase.dll
0x00007ff8268e0000 - 0x00007ff826b49000 	C:\Windows\WinSxS\amd64_microsoft.windows.common-controls_6595b64144ccf1df_6.0.16299.15_none_cc92fb402215d91d\COMCTL32.dll
0x00007ff832240000 - 0x00007ff832548000 	C:\Windows\System32\combase.dll
0x00007ff82f280000 - 0x00007ff82f2f2000 	C:\Windows\System32\bcryptPrimitives.dll
0x00007ff831fc0000 - 0x00007ff831fed000 	C:\Windows\System32\IMM32.DLL
0x000000006fae0000 - 0x000000006fbb2000 	D:\Android\Android\Android Studio\jre\jre\bin\msvcr100.dll
0x000000006fbc0000 - 0x00000000703fe000 	D:\Android\Android\Android Studio\jre\jre\bin\server\jvm.dll
0x00007ff830350000 - 0x00007ff830358000 	C:\Windows\System32\PSAPI.DLL
0x00007ff82bc00000 - 0x00007ff82bc09000 	C:\Windows\SYSTEM32\WSOCK32.dll
0x00007ff831f50000 - 0x00007ff831fbc000 	C:\Windows\System32\WS2_32.dll
0x00007ff82d010000 - 0x00007ff82d033000 	C:\Windows\SYSTEM32\WINMM.dll
0x00007ff82dec0000 - 0x00007ff82deca000 	C:\Windows\SYSTEM32\VERSION.dll
0x00007ff82cd10000 - 0x00007ff82cd3a000 	C:\Windows\SYSTEM32\WINMMBASE.dll
0x00007ff82f300000 - 0x00007ff82f34a000 	C:\Windows\System32\cfgmgr32.dll
0x00007ff82bbf0000 - 0x00007ff82bbff000 	D:\Android\Android\Android Studio\jre\jre\bin\verify.dll
0x00007ff828270000 - 0x00007ff828299000 	D:\Android\Android\Android Studio\jre\jre\bin\java.dll
0x00007ff82bbd0000 - 0x00007ff82bbe6000 	D:\Android\Android\Android Studio\jre\jre\bin\zip.dll
0x00007ff830a90000 - 0x00007ff831ec7000 	C:\Windows\System32\SHELL32.dll
0x00007ff832b40000 - 0x00007ff832be6000 	C:\Windows\System32\shcore.dll
0x00007ff82fc00000 - 0x00007ff830347000 	C:\Windows\System32\windows.storage.dll
0x00007ff832ae0000 - 0x00007ff832b31000 	C:\Windows\System32\shlwapi.dll
0x00007ff82f260000 - 0x00007ff82f271000 	C:\Windows\System32\kernel.appcore.dll
0x00007ff82f1d0000 - 0x00007ff82f21c000 	C:\Windows\System32\powrprof.dll
0x00007ff82f220000 - 0x00007ff82f23b000 	C:\Windows\System32\profapi.dll
0x00007ff82ebc0000 - 0x00007ff82ebd7000 	C:\Windows\SYSTEM32\CRYPTSP.dll
0x00007ff82e610000 - 0x00007ff82e643000 	C:\Windows\system32\rsaenh.dll
0x00007ff82ecd0000 - 0x00007ff82ecf5000 	C:\Windows\SYSTEM32\bcrypt.dll
0x00007ff82f100000 - 0x00007ff82f129000 	C:\Windows\SYSTEM32\USERENV.dll
0x00007ff82ebe0000 - 0x00007ff82ebeb000 	C:\Windows\SYSTEM32\CRYPTBASE.dll
0x00007ff828250000 - 0x00007ff82826a000 	D:\Android\Android\Android Studio\jre\jre\bin\net.dll
0x00007ff82ea00000 - 0x00007ff82ea66000 	C:\Windows\system32\mswsock.dll
0x00007ff82e790000 - 0x00007ff82e7c9000 	C:\Windows\SYSTEM32\IPHLPAPI.DLL
0x00007ff832000000 - 0x00007ff832008000 	C:\Windows\System32\NSI.dll
0x00007ff82a680000 - 0x00007ff82a696000 	C:\Windows\SYSTEM32\dhcpcsvc6.DLL
0x00007ff82a660000 - 0x00007ff82a67a000 	C:\Windows\SYSTEM32\dhcpcsvc.DLL
0x00007ff828230000 - 0x00007ff828241000 	D:\Android\Android\Android Studio\jre\jre\bin\nio.dll

VM Arguments:
jvm_args: -Djava.awt.headless=true -Xmx64M -Dfile.encoding=GBK -Duser.country=CN -Duser.language=zh -Duser.variant 
java_command: com.google.devtools.build.android.desugar.Desugar @D:\Android\TEST\WanAndroidTest\app\build\intermediates\tmp\desugar_args7448574136788782731
java_class_path (initial): C:\Users\Administrator\AppData\Local\Temp\desugar_deploy.jar5675111122699367911
Launcher Type: SUN_STANDARD

Environment Variables:
JAVA_HOME=D:\Program Files\Java\jdk1.8.0_77
PATH=C:\Windows\system32;C:\Windows;C:\Windows\System32\Wbem;C:\Windows\System32\WindowsPowerShell\v1.0\;C:\Program Files (x86)\NVIDIA Corporation\PhysX\Common;D:\Program Files\Java\jdk1.8.0_77\bin;D:\Program Files\Java\jdk1.8.0_77\jre\bin; ;C:\Users\Administrator\AppData\Local\Microsoft\WindowsApps;
USERNAME=Administrator
OS=Windows_NT
PROCESSOR_IDENTIFIER=Intel64 Family 6 Model 58 Stepping 9, GenuineIntel



---------------  S Y S T E M  ---------------

OS: Windows 10.0 , 64 bit Build 16299 (10.0.16299.15)

CPU:total 4 (initial active 4) (2 cores per cpu, 2 threads per core) family 6 model 58 stepping 9, cmov, cx8, fxsr, mmx, sse, sse2, sse3, ssse3, sse4.1, sse4.2, popcnt, avx, clmul, erms, ht, tsc, tscinvbit, tscinv

Memory: 4k page, physical 8281380k(1060804k free), swap 8281380k(2924k free)

vm_info: OpenJDK 64-Bit Server VM (25.152-b01) for windows-amd64 JRE (1.8.0_152-release-915-b01), built by "builder" with MS VC++ 10.0 (VS2010)

time: Fri Apr 27 13:27:33 2018
elapsed time: 0 seconds (0d 0h 0m 0s)

