#
# There is insufficient memory for the Java Runtime Environment to continue.
# Native memory allocation (malloc) failed to allocate 1380304 bytes for Chunk::new
# Possible reasons:
#   The system is out of physical RAM or swap space
#   In 32 bit mode, the process size limit was hit
# Possible solutions:
#   Reduce memory load on the system
#   Increase physical memory or swap space
#   Check if swap backing store is full
#   Use 64 bit Java on a 64 bit OS
#   Decrease Java heap size (-Xmx/-Xms)
#   Decrease number of Java threads
#   Decrease Java thread stack sizes (-Xss)
#   Set larger code cache with -XX:ReservedCodeCacheSize=
# This output file may be truncated or incomplete.
#
#  Out of Memory Error (allocation.cpp:390), pid=7444, tid=0x000000000000049c
#
# JRE version: OpenJDK Runtime Environment (8.0_152-b01) (build 1.8.0_152-release-915-b01)
# Java VM: OpenJDK 64-Bit Server VM (25.152-b01 mixed mode windows-amd64 compressed oops)
# Failed to write core dump. Minidumps are not enabled by default on client versions of Windows
#

---------------  T H R E A D  ---------------

Current thread (0x0000000015059000):  JavaThread "C2 CompilerThread0" daemon [_thread_in_native, id=1180, stack(0x00000000169c0000,0x0000000016ac0000)]

Stack: [0x00000000169c0000,0x0000000016ac0000]
[error occurred during error reporting (printing stack bounds), id 0xc0000005]

Native frames: (J=compiled Java code, j=interpreted, Vv=VM code, C=native code)


Current CompileTask:
C2:   8098 1315 %     4       org.objectweb.asm.ClassReader::a @ 74 (3587 bytes)


---------------  P R O C E S S  ---------------

Java Threads: ( => current thread )
  0x0000000016421800 JavaThread "Service Thread" daemon [_thread_blocked, id=5448, stack(0x0000000016cc0000,0x0000000016dc0000)]
  0x0000000016417800 JavaThread "C1 CompilerThread2" daemon [_thread_blocked, id=7868, stack(0x0000000016bc0000,0x0000000016cc0000)]
  0x000000001505c000 JavaThread "C2 CompilerThread1" daemon [_thread_in_native, id=1708, stack(0x0000000016ac0000,0x0000000016bc0000)]
=>0x0000000015059000 JavaThread "C2 CompilerThread0" daemon [_thread_in_native, id=1180, stack(0x00000000169c0000,0x0000000016ac0000)]
  0x00000000163c8800 JavaThread "Attach Listener" daemon [_thread_blocked, id=4764, stack(0x00000000168c0000,0x00000000169c0000)]
  0x000000001500d000 JavaThread "Signal Dispatcher" daemon [_thread_blocked, id=9628, stack(0x00000000167c0000,0x00000000168c0000)]
  0x0000000014fe8800 JavaThread "Finalizer" daemon [_thread_blocked, id=10172, stack(0x0000000016260000,0x0000000016360000)]
  0x0000000014fc7000 JavaThread "Reference Handler" daemon [_thread_blocked, id=4880, stack(0x0000000016160000,0x0000000016260000)]
  0x000000000474e000 JavaThread "main" [_thread_in_vm, id=8084, stack(0x0000000004aa0000,0x0000000004ba0000)]

Other Threads:
  0x0000000014fc5800 VMThread [stack: 0x0000000016060000,0x0000000016160000] [id=1784]
  0x0000000016423000 WatcherThread [stack: 0x0000000016dc0000,0x0000000016ec0000] [id=1164]

VM state:not at safepoint (normal execution)

VM Mutex/Monitor currently owned by a thread: None

Heap:
 PSYoungGen      total 18944K, used 7758K [0x00000000feb00000, 0x0000000100000000, 0x0000000100000000)
  eden space 16384K, 31% used [0x00000000feb00000,0x00000000ff016db0,0x00000000ffb00000)
  from space 2560K, 99% used [0x00000000ffb00000,0x00000000ffd7cbe8,0x00000000ffd80000)
  to   space 2560K, 0% used [0x00000000ffd80000,0x00000000ffd80000,0x0000000100000000)
 ParOldGen       total 44032K, used 6755K [0x00000000fc000000, 0x00000000feb00000, 0x00000000feb00000)
  object space 44032K, 15% used [0x00000000fc000000,0x00000000fc698c30,0x00000000feb00000)
 Metaspace       used 8104K, capacity 8280K, committed 8448K, reserved 1056768K
  class space    used 912K, capacity 991K, committed 1024K, reserved 1048576K

Card table byte_map: [0x0000000002e10000,0x0000000002e40000] byte_map_base: 0x0000000002630000

Marking Bits: (ParMarkBitMap*) 0x0000000074ad3950
 Begin Bits: [0x0000000014460000, 0x0000000014560000)
 End Bits:   [0x0000000014560000, 0x0000000014660000)

Polling page: 0x0000000002ac0000

CodeCache: size=245760Kb used=5153Kb max_used=5167Kb free=240606Kb
 bounds [0x0000000004ca0000, 0x00000000051c0000, 0x0000000013ca0000]
 total_blobs=1661 nmethods=1326 adapters=248
 compilation: enabled

Compilation events (10 events):
Event: 7.873 Thread 0x0000000016417800 nmethod 1323 0x0000000005193d50 code [0x0000000005193ea0, 0x0000000005193fb0]
Event: 7.880 Thread 0x0000000016417800 1324       3       org.objectweb.asm.Item::a (25 bytes)
Event: 7.880 Thread 0x0000000016417800 nmethod 1324 0x0000000005193a10 code [0x0000000005193b60, 0x0000000005193cd0]
Event: 7.883 Thread 0x000000001505c000 1325       4       org.objectweb.asm.MethodWriter::visitFrame (823 bytes)
Event: 7.923 Thread 0x000000001505c000 nmethod 1325 0x00000000051ade50 code [0x00000000051ae0e0, 0x00000000051af3c8]
Event: 7.924 Thread 0x000000001505c000 1326       4       org.objectweb.asm.MethodVisitor::visitAnnotation (19 bytes)
Event: 7.925 Thread 0x000000001505c000 nmethod 1326 0x000000000518d1d0 code [0x000000000518d300, 0x000000000518d398]
Event: 7.933 Thread 0x000000001505c000 1327       4       org.objectweb.asm.MethodWriter::a (845 bytes)
Event: 7.953 Thread 0x000000001505c000 nmethod 1327 0x00000000051b0750 code [0x00000000051b09c0, 0x00000000051b1468]
Event: 7.954 Thread 0x000000001505c000 1328       4       org.objectweb.asm.MethodWriter::a (1609 bytes)

GC Heap History (10 events):
Event: 1.551 GC heap before
{Heap before GC invocations=1 (full 0):
 PSYoungGen      total 18944K, used 16384K [0x00000000feb00000, 0x0000000100000000, 0x0000000100000000)
  eden space 16384K, 100% used [0x00000000feb00000,0x00000000ffb00000,0x00000000ffb00000)
  from space 2560K, 0% used [0x00000000ffd80000,0x00000000ffd80000,0x0000000100000000)
  to   space 2560K, 0% used [0x00000000ffb00000,0x00000000ffb00000,0x00000000ffd80000)
 ParOldGen       total 44032K, used 0K [0x00000000fc000000, 0x00000000feb00000, 0x00000000feb00000)
  object space 44032K, 0% used [0x00000000fc000000,0x00000000fc000000,0x00000000feb00000)
 Metaspace       used 6617K, capacity 6748K, committed 7040K, reserved 1056768K
  class space    used 773K, capacity 824K, committed 896K, reserved 1048576K
Event: 1.632 GC heap after
Heap after GC invocations=1 (full 0):
 PSYoungGen      total 18944K, used 2552K [0x00000000feb00000, 0x0000000100000000, 0x0000000100000000)
  eden space 16384K, 0% used [0x00000000feb00000,0x00000000feb00000,0x00000000ffb00000)
  from space 2560K, 99% used [0x00000000ffb00000,0x00000000ffd7e020,0x00000000ffd80000)
  to   space 2560K, 0% used [0x00000000ffd80000,0x00000000ffd80000,0x0000000100000000)
 ParOldGen       total 44032K, used 1673K [0x00000000fc000000, 0x00000000feb00000, 0x00000000feb00000)
  object space 44032K, 3% used [0x00000000fc000000,0x00000000fc1a26e8,0x00000000feb00000)
 Metaspace       used 6617K, capacity 6748K, committed 7040K, reserved 1056768K
  class space    used 773K, capacity 824K, committed 896K, reserved 1048576K
}
Event: 2.348 GC heap before
{Heap before GC invocations=2 (full 0):
 PSYoungGen      total 18944K, used 18936K [0x00000000feb00000, 0x0000000100000000, 0x0000000100000000)
  eden space 16384K, 100% used [0x00000000feb00000,0x00000000ffb00000,0x00000000ffb00000)
  from space 2560K, 99% used [0x00000000ffb00000,0x00000000ffd7e020,0x00000000ffd80000)
  to   space 2560K, 0% used [0x00000000ffd80000,0x00000000ffd80000,0x0000000100000000)
 ParOldGen       total 44032K, used 1673K [0x00000000fc000000, 0x00000000feb00000, 0x00000000feb00000)
  object space 44032K, 3% used [0x00000000fc000000,0x00000000fc1a26e8,0x00000000feb00000)
 Metaspace       used 7262K, capacity 7438K, committed 7680K, reserved 1056768K
  class space    used 854K, capacity 925K, committed 1024K, reserved 1048576K
Event: 2.361 GC heap after
Heap after GC invocations=2 (full 0):
 PSYoungGen      total 18944K, used 2547K [0x00000000feb00000, 0x0000000100000000, 0x0000000100000000)
  eden space 16384K, 0% used [0x00000000feb00000,0x00000000feb00000,0x00000000ffb00000)
  from space 2560K, 99% used [0x00000000ffd80000,0x00000000ffffcc08,0x0000000100000000)
  to   space 2560K, 0% used [0x00000000ffb00000,0x00000000ffb00000,0x00000000ffd80000)
 ParOldGen       total 44032K, used 5829K [0x00000000fc000000, 0x00000000feb00000, 0x00000000feb00000)
  object space 44032K, 13% used [0x00000000fc000000,0x00000000fc5b1490,0x00000000feb00000)
 Metaspace       used 7262K, capacity 7438K, committed 7680K, reserved 1056768K
  class space    used 854K, capacity 925K, committed 1024K, reserved 1048576K
}
Event: 4.923 GC heap before
{Heap before GC invocations=3 (full 0):
 PSYoungGen      total 18944K, used 18931K [0x00000000feb00000, 0x0000000100000000, 0x0000000100000000)
  eden space 16384K, 100% used [0x00000000feb00000,0x00000000ffb00000,0x00000000ffb00000)
  from space 2560K, 99% used [0x00000000ffd80000,0x00000000ffffcc08,0x0000000100000000)
  to   space 2560K, 0% used [0x00000000ffb00000,0x00000000ffb00000,0x00000000ffd80000)
 ParOldGen       total 44032K, used 5829K [0x00000000fc000000, 0x00000000feb00000, 0x00000000feb00000)
  object space 44032K, 13% used [0x00000000fc000000,0x00000000fc5b1490,0x00000000feb00000)
 Metaspace       used 7953K, capacity 8142K, committed 8192K, reserved 1056768K
  class space    used 910K, capacity 989K, committed 1024K, reserved 1048576K
Event: 5.134 GC heap after
Heap after GC invocations=3 (full 0):
 PSYoungGen      total 18944K, used 2546K [0x00000000feb00000, 0x0000000100000000, 0x0000000100000000)
  eden space 16384K, 0% used [0x00000000feb00000,0x00000000feb00000,0x00000000ffb00000)
  from space 2560K, 99% used [0x00000000ffb00000,0x00000000ffd7cbe8,0x00000000ffd80000)
  to   space 2560K, 0% used [0x00000000ffd80000,0x00000000ffd80000,0x0000000100000000)
 ParOldGen       total 44032K, used 6337K [0x00000000fc000000, 0x00000000feb00000, 0x00000000feb00000)
  object space 44032K, 14% used [0x00000000fc000000,0x00000000fc630550,0x00000000feb00000)
 Metaspace       used 7953K, capacity 8142K, committed 8192K, reserved 1056768K
  class space    used 910K, capacity 989K, committed 1024K, reserved 1048576K
}
Event: 6.447 GC heap before
{Heap before GC invocations=4 (full 0):
 PSYoungGen      total 18944K, used 18930K [0x00000000feb00000, 0x0000000100000000, 0x0000000100000000)
  eden space 16384K, 100% used [0x00000000feb00000,0x00000000ffb00000,0x00000000ffb00000)
  from space 2560K, 99% used [0x00000000ffb00000,0x00000000ffd7cbe8,0x00000000ffd80000)
  to   space 2560K, 0% used [0x00000000ffd80000,0x00000000ffd80000,0x0000000100000000)
 ParOldGen       total 44032K, used 6337K [0x00000000fc000000, 0x00000000feb00000, 0x00000000feb00000)
  object space 44032K, 14% used [0x00000000fc000000,0x00000000fc630550,0x00000000feb00000)
 Metaspace       used 8037K, capacity 8206K, committed 8448K, reserved 1056768K
  class space    used 910K, capacity 989K, committed 1024K, reserved 1048576K
Event: 6.687 GC heap after
Heap after GC invocations=4 (full 0):
 PSYoungGen      total 18944K, used 2547K [0x00000000feb00000, 0x0000000100000000, 0x0000000100000000)
  eden space 16384K, 0% used [0x00000000feb00000,0x00000000feb00000,0x00000000ffb00000)
  from space 2560K, 99% used [0x00000000ffd80000,0x00000000ffffcc08,0x0000000100000000)
  to   space 2560K, 0% used [0x00000000ffb00000,0x00000000ffb00000,0x00000000ffd80000)
 ParOldGen       total 44032K, used 6417K [0x00000000fc000000, 0x00000000feb00000, 0x00000000feb00000)
  object space 44032K, 14% used [0x00000000fc000000,0x00000000fc644550,0x00000000feb00000)
 Metaspace       used 8037K, capacity 8206K, committed 8448K, reserved 1056768K
  class space    used 910K, capacity 989K, committed 1024K, reserved 1048576K
}
Event: 7.350 GC heap before
{Heap before GC invocations=5 (full 0):
 PSYoungGen      total 18944K, used 18931K [0x00000000feb00000, 0x0000000100000000, 0x0000000100000000)
  eden space 16384K, 100% used [0x00000000feb00000,0x00000000ffb00000,0x00000000ffb00000)
  from space 2560K, 99% used [0x00000000ffd80000,0x00000000ffffcc08,0x0000000100000000)
  to   space 2560K, 0% used [0x00000000ffb00000,0x00000000ffb00000,0x00000000ffd80000)
 ParOldGen       total 44032K, used 6417K [0x00000000fc000000, 0x00000000feb00000, 0x00000000feb00000)
  object space 44032K, 14% used [0x00000000fc000000,0x00000000fc644550,0x00000000feb00000)
 Metaspace       used 8081K, capacity 8270K, committed 8448K, reserved 1056768K
  class space    used 910K, capacity 989K, committed 1024K, reserved 1048576K
Event: 7.490 GC heap after
Heap after GC invocations=5 (full 0):
 PSYoungGen      total 18944K, used 2546K [0x00000000feb00000, 0x0000000100000000, 0x0000000100000000)
  eden space 16384K, 0% used [0x00000000feb00000,0x00000000feb00000,0x00000000ffb00000)
  from space 2560K, 99% used [0x00000000ffb00000,0x00000000ffd7cbe8,0x00000000ffd80000)
  to   space 2560K, 0% used [0x00000000ffd80000,0x00000000ffd80000,0x0000000100000000)
 ParOldGen       total 44032K, used 6755K [0x00000000fc000000, 0x00000000feb00000, 0x00000000feb00000)
  object space 44032K, 15% used [0x00000000fc000000,0x00000000fc698c30,0x00000000feb00000)
 Metaspace       used 8081K, capacity 8270K, committed 8448K, reserved 1056768K
  class space    used 910K, capacity 989K, committed 1024K, reserved 1048576K
}

Deoptimization events (10 events):
Event: 7.294 Thread 0x000000000474e000 Uncommon trap: reason=class_check action=maybe_recompile pc=0x0000000005146c78 method=org.objectweb.asm.MethodWriter.a(Ljava/lang/Object;)V @ 35
Event: 7.294 Thread 0x000000000474e000 Uncommon trap: reason=class_check action=maybe_recompile pc=0x0000000005146c78 method=org.objectweb.asm.MethodWriter.a(Ljava/lang/Object;)V @ 35
Event: 7.294 Thread 0x000000000474e000 Uncommon trap: reason=class_check action=maybe_recompile pc=0x0000000005146c78 method=org.objectweb.asm.MethodWriter.a(Ljava/lang/Object;)V @ 35
Event: 7.294 Thread 0x000000000474e000 Uncommon trap: reason=class_check action=maybe_recompile pc=0x0000000005146c78 method=org.objectweb.asm.MethodWriter.a(Ljava/lang/Object;)V @ 35
Event: 7.503 Thread 0x000000000474e000 Uncommon trap: reason=class_check action=maybe_recompile pc=0x000000000516dae0 method=org.objectweb.asm.ClassReader.accept(Lorg/objectweb/asm/ClassVisitor;[Lorg/objectweb/asm/Attribute;I)V @ 702
Event: 7.503 Thread 0x000000000474e000 Uncommon trap: reason=bimorphic action=maybe_recompile pc=0x00000000050fb060 method=org.objectweb.asm.ClassReader.a(Lorg/objectweb/asm/MethodVisitor;Lorg/objectweb/asm/Context;I)V @ 1520
Event: 7.503 Thread 0x000000000474e000 Uncommon trap: reason=unstable_if action=reinterpret pc=0x000000000505c1e8 method=org.objectweb.asm.MethodWriter.visitLabel(Lorg/objectweb/asm/Label;)V @ 37
Event: 7.503 Thread 0x000000000474e000 Uncommon trap: reason=bimorphic action=maybe_recompile pc=0x00000000050fb060 method=org.objectweb.asm.ClassReader.a(Lorg/objectweb/asm/MethodVisitor;Lorg/objectweb/asm/Context;I)V @ 1520
Event: 7.504 Thread 0x000000000474e000 Uncommon trap: reason=bimorphic action=maybe_recompile pc=0x00000000050fb060 method=org.objectweb.asm.ClassReader.a(Lorg/objectweb/asm/MethodVisitor;Lorg/objectweb/asm/Context;I)V @ 1520
Event: 7.504 Thread 0x000000000474e000 Uncommon trap: reason=bimorphic action=maybe_recompile pc=0x00000000050fb060 method=org.objectweb.asm.ClassReader.a(Lorg/objectweb/asm/MethodVisitor;Lorg/objectweb/asm/Context;I)V @ 1520

Classes redefined (0 events):
No events

Internal exceptions (10 events):
Event: 6.890 Thread 0x000000000474e000 Exception <a 'sun/nio/fs/WindowsException'> (0x00000000ff163428) thrown at [D:\src\AOSP-openjdk-cygwin\jdk8u\hotspot\src\share\vm\prims\jni.cpp, line 709]
Event: 6.890 Thread 0x000000000474e000 Exception <a 'sun/nio/fs/WindowsException'> (0x00000000ff163930) thrown at [D:\src\AOSP-openjdk-cygwin\jdk8u\hotspot\src\share\vm\prims\jni.cpp, line 709]
Event: 6.943 Thread 0x000000000474e000 Exception <a 'sun/nio/fs/WindowsException'> (0x00000000ff1e9398) thrown at [D:\src\AOSP-openjdk-cygwin\jdk8u\hotspot\src\share\vm\prims\jni.cpp, line 709]
Event: 6.943 Thread 0x000000000474e000 Exception <a 'sun/nio/fs/WindowsException'> (0x00000000ff1e98a0) thrown at [D:\src\AOSP-openjdk-cygwin\jdk8u\hotspot\src\share\vm\prims\jni.cpp, line 709]
Event: 6.945 Thread 0x000000000474e000 Exception <a 'sun/nio/fs/WindowsException'> (0x00000000ff1f0638) thrown at [D:\src\AOSP-openjdk-cygwin\jdk8u\hotspot\src\share\vm\prims\jni.cpp, line 709]
Event: 6.945 Thread 0x000000000474e000 Exception <a 'sun/nio/fs/WindowsException'> (0x00000000ff1f0b40) thrown at [D:\src\AOSP-openjdk-cygwin\jdk8u\hotspot\src\share\vm\prims\jni.cpp, line 709]
Event: 7.077 Thread 0x000000000474e000 Exception <a 'sun/nio/fs/WindowsException'> (0x00000000ff384a88) thrown at [D:\src\AOSP-openjdk-cygwin\jdk8u\hotspot\src\share\vm\prims\jni.cpp, line 709]
Event: 7.077 Thread 0x000000000474e000 Exception <a 'sun/nio/fs/WindowsException'> (0x00000000ff384f90) thrown at [D:\src\AOSP-openjdk-cygwin\jdk8u\hotspot\src\share\vm\prims\jni.cpp, line 709]
Event: 7.254 Thread 0x000000000474e000 Exception <a 'sun/nio/fs/WindowsException'> (0x00000000ff7eb898) thrown at [D:\src\AOSP-openjdk-cygwin\jdk8u\hotspot\src\share\vm\prims\jni.cpp, line 709]
Event: 7.254 Thread 0x000000000474e000 Exception <a 'sun/nio/fs/WindowsException'> (0x00000000ff7ebda0) thrown at [D:\src\AOSP-openjdk-cygwin\jdk8u\hotspot\src\share\vm\prims\jni.cpp, line 709]

Events (10 events):
Event: 7.503 Thread 0x000000000474e000 DEOPT UNPACKING pc=0x0000000004ce556a sp=0x0000000004b9e278 mode 2
Event: 7.503 Thread 0x000000000474e000 Uncommon trap: trap_request=0xffffffc6 fr.pc=0x00000000050fb060
Event: 7.503 Thread 0x000000000474e000 DEOPT PACKING pc=0x00000000050fb060 sp=0x0000000004b9e3b0
Event: 7.503 Thread 0x000000000474e000 DEOPT UNPACKING pc=0x0000000004ce556a sp=0x0000000004b9e310 mode 2
Event: 7.504 Thread 0x000000000474e000 Uncommon trap: trap_request=0xffffffc6 fr.pc=0x00000000050fb060
Event: 7.504 Thread 0x000000000474e000 DEOPT PACKING pc=0x00000000050fb060 sp=0x0000000004b9e3b0
Event: 7.504 Thread 0x000000000474e000 DEOPT UNPACKING pc=0x0000000004ce556a sp=0x0000000004b9e310 mode 2
Event: 7.504 Thread 0x000000000474e000 Uncommon trap: trap_request=0xffffffc6 fr.pc=0x00000000050fb060
Event: 7.504 Thread 0x000000000474e000 DEOPT PACKING pc=0x00000000050fb060 sp=0x0000000004b9e3b0
Event: 7.504 Thread 0x000000000474e000 DEOPT UNPACKING pc=0x0000000004ce556a sp=0x0000000004b9e310 mode 2


Dynamic libraries:
0x00007ff7b2e80000 - 0x00007ff7b2eb1000 	D:\Android\Android\Android Studio\jre\bin\java.exe
0x00007ffab57a0000 - 0x00007ffab5980000 	C:\Windows\SYSTEM32\ntdll.dll
0x00007ffab4ae0000 - 0x00007ffab4b8e000 	C:\Windows\System32\KERNEL32.DLL
0x00007ffab1ba0000 - 0x00007ffab1e06000 	C:\Windows\System32\KERNELBASE.dll
0x00007ffab5180000 - 0x00007ffab5221000 	C:\Windows\System32\ADVAPI32.dll
0x00007ffab56a0000 - 0x00007ffab573d000 	C:\Windows\System32\msvcrt.dll
0x00007ffab5610000 - 0x00007ffab566b000 	C:\Windows\System32\sechost.dll
0x00007ffab3260000 - 0x00007ffab337f000 	C:\Windows\System32\RPCRT4.dll
0x00007ffab4ce0000 - 0x00007ffab4e6e000 	C:\Windows\System32\USER32.dll
0x00007ffab1fb0000 - 0x00007ffab1fd0000 	C:\Windows\System32\win32u.dll
0x00007ffab5740000 - 0x00007ffab5768000 	C:\Windows\System32\GDI32.dll
0x00007ffab1e10000 - 0x00007ffab1fa1000 	C:\Windows\System32\gdi32full.dll
0x00007ffab2030000 - 0x00007ffab20cb000 	C:\Windows\System32\msvcp_win.dll
0x00007ffab2200000 - 0x00007ffab22f6000 	C:\Windows\System32\ucrtbase.dll
0x00007ffaa9c00000 - 0x00007ffaa9e69000 	C:\Windows\WinSxS\amd64_microsoft.windows.common-controls_6595b64144ccf1df_6.0.16299.15_none_cc92fb402215d91d\COMCTL32.dll
0x00007ffab47d0000 - 0x00007ffab4ad8000 	C:\Windows\System32\combase.dll
0x00007ffab2180000 - 0x00007ffab21f2000 	C:\Windows\System32\bcryptPrimitives.dll
0x00007ffab5670000 - 0x00007ffab569d000 	C:\Windows\System32\IMM32.DLL
0x0000000074230000 - 0x0000000074302000 	D:\Android\Android\Android Studio\jre\jre\bin\msvcr100.dll
0x0000000074310000 - 0x0000000074b4e000 	D:\Android\Android\Android Studio\jre\jre\bin\server\jvm.dll
0x00007ffab3380000 - 0x00007ffab3388000 	C:\Windows\System32\PSAPI.DLL
0x00007ffaae520000 - 0x00007ffaae529000 	C:\Windows\SYSTEM32\WSOCK32.dll
0x00007ffab53a0000 - 0x00007ffab540c000 	C:\Windows\System32\WS2_32.dll
0x00007ffaaf930000 - 0x00007ffaaf953000 	C:\Windows\SYSTEM32\WINMM.dll
0x00007ffab07e0000 - 0x00007ffab07ea000 	C:\Windows\SYSTEM32\VERSION.dll
0x00007ffaaf630000 - 0x00007ffaaf65a000 	C:\Windows\SYSTEM32\WINMMBASE.dll
0x00007ffab2300000 - 0x00007ffab234a000 	C:\Windows\System32\cfgmgr32.dll
0x00007ffaae4f0000 - 0x00007ffaae4ff000 	D:\Android\Android\Android Studio\jre\jre\bin\verify.dll
0x00007ffaaad50000 - 0x00007ffaaad79000 	D:\Android\Android\Android Studio\jre\jre\bin\java.dll
0x00007ffaab680000 - 0x00007ffaab696000 	D:\Android\Android\Android Studio\jre\jre\bin\zip.dll
0x00007ffab3390000 - 0x00007ffab47c7000 	C:\Windows\System32\SHELL32.dll
0x00007ffab2ce0000 - 0x00007ffab2d86000 	C:\Windows\System32\shcore.dll
0x00007ffab2520000 - 0x00007ffab2c67000 	C:\Windows\System32\windows.storage.dll
0x00007ffab4e70000 - 0x00007ffab4ec1000 	C:\Windows\System32\shlwapi.dll
0x00007ffab1b40000 - 0x00007ffab1b51000 	C:\Windows\System32\kernel.appcore.dll
0x00007ffab1af0000 - 0x00007ffab1b3c000 	C:\Windows\System32\powrprof.dll
0x00007ffab1b80000 - 0x00007ffab1b9b000 	C:\Windows\System32\profapi.dll
0x00007ffab14e0000 - 0x00007ffab14f7000 	C:\Windows\SYSTEM32\CRYPTSP.dll
0x00007ffab0f30000 - 0x00007ffab0f63000 	C:\Windows\system32\rsaenh.dll
0x00007ffab15f0000 - 0x00007ffab1615000 	C:\Windows\SYSTEM32\bcrypt.dll
0x00007ffab1a20000 - 0x00007ffab1a49000 	C:\Windows\SYSTEM32\USERENV.dll
0x00007ffab1500000 - 0x00007ffab150b000 	C:\Windows\SYSTEM32\CRYPTBASE.dll
0x00007ffaa8110000 - 0x00007ffaa812a000 	D:\Android\Android\Android Studio\jre\jre\bin\net.dll
0x00007ffab1320000 - 0x00007ffab1386000 	C:\Windows\system32\mswsock.dll
0x00007ffab10b0000 - 0x00007ffab10e9000 	C:\Windows\SYSTEM32\IPHLPAPI.DLL
0x00007ffab5600000 - 0x00007ffab5608000 	C:\Windows\System32\NSI.dll
0x00007ffaac900000 - 0x00007ffaac916000 	C:\Windows\SYSTEM32\dhcpcsvc6.DLL
0x00007ffaac8e0000 - 0x00007ffaac8fa000 	C:\Windows\SYSTEM32\dhcpcsvc.DLL
0x00007ffaa6a20000 - 0x00007ffaa6a31000 	D:\Android\Android\Android Studio\jre\jre\bin\nio.dll

VM Arguments:
jvm_args: -Djava.awt.headless=true -Xmx64M -Dfile.encoding=GBK -Duser.country=CN -Duser.language=zh -Duser.variant 
java_command: com.google.devtools.build.android.desugar.Desugar @D:\Android\TEST\WanAndroidTest\app\build\intermediates\tmp\desugar_args8785324599162211610
java_class_path (initial): C:\Users\Administrator\AppData\Local\Temp\desugar_deploy.jar2872256966551270965
Launcher Type: SUN_STANDARD

Environment Variables:
PATH=C:\Windows\system32;C:\Windows;C:\Windows\System32\Wbem;C:\Windows\System32\WindowsPowerShell\v1.0\;C:\Program Files (x86)\NVIDIA Corporation\PhysX\Common;C:\Users\Administrator\AppData\Local\Microsoft\WindowsApps;
USERNAME=Administrator
OS=Windows_NT
PROCESSOR_IDENTIFIER=Intel64 Family 6 Model 58 Stepping 9, GenuineIntel



---------------  S Y S T E M  ---------------

OS: Windows 10.0 , 64 bit Build 16299 (10.0.16299.15)

CPU:total 4 (initial active 4) (2 cores per cpu, 2 threads per core) family 6 model 58 stepping 9, cmov, cx8, fxsr, mmx, sse, sse2, sse3, ssse3, sse4.1, sse4.2, popcnt, avx, clmul, erms, ht, tsc, tscinvbit, tscinv

Memory: 4k page, physical 8281380k(996440k free), swap 8281380k(6076k free)

vm_info: OpenJDK 64-Bit Server VM (25.152-b01) for windows-amd64 JRE (1.8.0_152-release-915-b01), built by "builder" with MS VC++ 10.0 (VS2010)

time: Sun Apr 29 17:30:50 2018
elapsed time: 8 seconds (0d 0h 0m 8s)

