#
# There is insufficient memory for the Java Runtime Environment to continue.
# Native memory allocation (malloc) failed to allocate 1664000 bytes for Chunk::new
# Possible reasons:
#   The system is out of physical RAM or swap space
#   In 32 bit mode, the process size limit was hit
# Possible solutions:
#   Reduce memory load on the system
#   Increase physical memory or swap space
#   Check if swap backing store is full
#   Use 64 bit Java on a 64 bit OS
#   Decrease Java heap size (-Xmx/-Xms)
#   Decrease number of Java threads
#   Decrease Java thread stack sizes (-Xss)
#   Set larger code cache with -XX:ReservedCodeCacheSize=
# This output file may be truncated or incomplete.
#
#  Out of Memory Error (allocation.cpp:390), pid=5088, tid=0x0000000000000ff4
#
# JRE version: OpenJDK Runtime Environment (8.0_152-b01) (build 1.8.0_152-release-915-b01)
# Java VM: OpenJDK 64-Bit Server VM (25.152-b01 mixed mode windows-amd64 compressed oops)
# Failed to write core dump. Minidumps are not enabled by default on client versions of Windows
#

---------------  T H R E A D  ---------------

Current thread (0x000000001519a800):  JavaThread "C2 CompilerThread0" daemon [_thread_in_native, id=4084, stack(0x0000000016aa0000,0x0000000016ba0000)]

Stack: [0x0000000016aa0000,0x0000000016ba0000]
[error occurred during error reporting (printing stack bounds), id 0xc0000005]

Native frames: (J=compiled Java code, j=interpreted, Vv=VM code, C=native code)


Current CompileTask:
C2:   8362 1273       4       org.objectweb.asm.ClassReader::a (3587 bytes)


---------------  P R O C E S S  ---------------

Java Threads: ( => current thread )
  0x0000000016502800 JavaThread "Service Thread" daemon [_thread_blocked, id=1912, stack(0x0000000016da0000,0x0000000016ea0000)]
  0x00000000164fd000 JavaThread "C1 CompilerThread2" daemon [_thread_blocked, id=6928, stack(0x0000000016ca0000,0x0000000016da0000)]
  0x000000001519d800 JavaThread "C2 CompilerThread1" daemon [_thread_in_native, id=6248, stack(0x0000000016ba0000,0x0000000016ca0000)]
=>0x000000001519a800 JavaThread "C2 CompilerThread0" daemon [_thread_in_native, id=4084, stack(0x0000000016aa0000,0x0000000016ba0000)]
  0x00000000164a8800 JavaThread "Attach Listener" daemon [_thread_blocked, id=5284, stack(0x00000000169a0000,0x0000000016aa0000)]
  0x000000001514e800 JavaThread "Signal Dispatcher" daemon [_thread_blocked, id=5136, stack(0x00000000168a0000,0x00000000169a0000)]
  0x0000000004ddc000 JavaThread "Finalizer" daemon [_thread_blocked, id=5432, stack(0x00000000163a0000,0x00000000164a0000)]
  0x0000000015107000 JavaThread "Reference Handler" daemon [_thread_blocked, id=5904, stack(0x00000000162a0000,0x00000000163a0000)]
  0x0000000004bde000 JavaThread "main" [_thread_in_Java, id=8376, stack(0x0000000004be0000,0x0000000004ce0000)]

Other Threads:
  0x0000000015105800 VMThread [stack: 0x00000000161a0000,0x00000000162a0000] [id=4380]
  0x0000000016503800 WatcherThread [stack: 0x0000000016ea0000,0x0000000016fa0000] [id=5440]

VM state:not at safepoint (normal execution)

VM Mutex/Monitor currently owned by a thread: None

Heap:
 PSYoungGen      total 18944K, used 16272K [0x00000000feb00000, 0x0000000100000000, 0x0000000100000000)
  eden space 16384K, 83% used [0x00000000feb00000,0x00000000ff86b458,0x00000000ffb00000)
  from space 2560K, 98% used [0x00000000ffd80000,0x00000000ffff8bf8,0x0000000100000000)
  to   space 2560K, 0% used [0x00000000ffb00000,0x00000000ffb00000,0x00000000ffd80000)
 ParOldGen       total 44032K, used 6388K [0x00000000fc000000, 0x00000000feb00000, 0x00000000feb00000)
  object space 44032K, 14% used [0x00000000fc000000,0x00000000fc63d208,0x00000000feb00000)
 Metaspace       used 8076K, capacity 8258K, committed 8448K, reserved 1056768K
  class space    used 911K, capacity 989K, committed 1024K, reserved 1048576K

Card table byte_map: [0x0000000004740000,0x0000000004770000] byte_map_base: 0x0000000003f60000

Marking Bits: (ParMarkBitMap*) 0x0000000074ad3950
 Begin Bits: [0x00000000145a0000, 0x00000000146a0000)
 End Bits:   [0x00000000146a0000, 0x00000000147a0000)

Polling page: 0x00000000030f0000

CodeCache: size=245760Kb used=5888Kb max_used=5900Kb free=239871Kb
 bounds [0x0000000004de0000, 0x00000000053b0000, 0x0000000013de0000]
 total_blobs=1636 nmethods=1301 adapters=248
 compilation: enabled

Compilation events (10 events):
Event: 8.292 Thread 0x000000001519d800 1302       4       org.objectweb.asm.tree.FrameNode::<init> (111 bytes)
Event: 8.293 Thread 0x00000000164fd000 nmethod 1300 0x0000000005399a50 code [0x000000000539a060, 0x000000000539f368]
Event: 8.294 Thread 0x00000000164fd000 1301       1       java.util.concurrent.TimeUnit$3::toSeconds (6 bytes)
Event: 8.294 Thread 0x00000000164fd000 nmethod 1301 0x000000000538d010 code [0x000000000538d160, 0x000000000538d290]
Event: 8.313 Thread 0x000000001519d800 nmethod 1302 0x00000000053a5f90 code [0x00000000053a6160, 0x00000000053a6b58]
Event: 8.313 Thread 0x000000001519d800 1303       4       org.objectweb.asm.tree.MethodNode::visitFrame (47 bytes)
Event: 8.331 Thread 0x000000001519d800 nmethod 1303 0x000000000538c110 code [0x000000000538c2a0, 0x000000000538cac8]
Event: 8.332 Thread 0x00000000164fd000 1304       3       java.nio.Buffer::rewind (12 bytes)
Event: 8.333 Thread 0x00000000164fd000 nmethod 1304 0x000000000538bdd0 code [0x000000000538bf20, 0x000000000538c090]
Event: 8.334 Thread 0x000000001519d800 1305       4       org.objectweb.asm.MethodWriter::visitFrame (823 bytes)

GC Heap History (8 events):
Event: 1.707 GC heap before
{Heap before GC invocations=1 (full 0):
 PSYoungGen      total 18944K, used 16384K [0x00000000feb00000, 0x0000000100000000, 0x0000000100000000)
  eden space 16384K, 100% used [0x00000000feb00000,0x00000000ffb00000,0x00000000ffb00000)
  from space 2560K, 0% used [0x00000000ffd80000,0x00000000ffd80000,0x0000000100000000)
  to   space 2560K, 0% used [0x00000000ffb00000,0x00000000ffb00000,0x00000000ffd80000)
 ParOldGen       total 44032K, used 0K [0x00000000fc000000, 0x00000000feb00000, 0x00000000feb00000)
  object space 44032K, 0% used [0x00000000fc000000,0x00000000fc000000,0x00000000feb00000)
 Metaspace       used 6606K, capacity 6736K, committed 7040K, reserved 1056768K
  class space    used 774K, capacity 824K, committed 896K, reserved 1048576K
Event: 1.712 GC heap after
Heap after GC invocations=1 (full 0):
 PSYoungGen      total 18944K, used 2552K [0x00000000feb00000, 0x0000000100000000, 0x0000000100000000)
  eden space 16384K, 0% used [0x00000000feb00000,0x00000000feb00000,0x00000000ffb00000)
  from space 2560K, 99% used [0x00000000ffb00000,0x00000000ffd7e020,0x00000000ffd80000)
  to   space 2560K, 0% used [0x00000000ffd80000,0x00000000ffd80000,0x0000000100000000)
 ParOldGen       total 44032K, used 1681K [0x00000000fc000000, 0x00000000feb00000, 0x00000000feb00000)
  object space 44032K, 3% used [0x00000000fc000000,0x00000000fc1a4580,0x00000000feb00000)
 Metaspace       used 6606K, capacity 6736K, committed 7040K, reserved 1056768K
  class space    used 774K, capacity 824K, committed 896K, reserved 1048576K
}
Event: 2.411 GC heap before
{Heap before GC invocations=2 (full 0):
 PSYoungGen      total 18944K, used 18936K [0x00000000feb00000, 0x0000000100000000, 0x0000000100000000)
  eden space 16384K, 100% used [0x00000000feb00000,0x00000000ffb00000,0x00000000ffb00000)
  from space 2560K, 99% used [0x00000000ffb00000,0x00000000ffd7e020,0x00000000ffd80000)
  to   space 2560K, 0% used [0x00000000ffd80000,0x00000000ffd80000,0x0000000100000000)
 ParOldGen       total 44032K, used 1681K [0x00000000fc000000, 0x00000000feb00000, 0x00000000feb00000)
  object space 44032K, 3% used [0x00000000fc000000,0x00000000fc1a4580,0x00000000feb00000)
 Metaspace       used 7303K, capacity 7490K, committed 7680K, reserved 1056768K
  class space    used 859K, capacity 925K, committed 1024K, reserved 1048576K
Event: 2.434 GC heap after
Heap after GC invocations=2 (full 0):
 PSYoungGen      total 18944K, used 2547K [0x00000000feb00000, 0x0000000100000000, 0x0000000100000000)
  eden space 16384K, 0% used [0x00000000feb00000,0x00000000feb00000,0x00000000ffb00000)
  from space 2560K, 99% used [0x00000000ffd80000,0x00000000ffffcc08,0x0000000100000000)
  to   space 2560K, 0% used [0x00000000ffb00000,0x00000000ffb00000,0x00000000ffd80000)
 ParOldGen       total 44032K, used 5817K [0x00000000fc000000, 0x00000000feb00000, 0x00000000feb00000)
  object space 44032K, 13% used [0x00000000fc000000,0x00000000fc5ae7f0,0x00000000feb00000)
 Metaspace       used 7303K, capacity 7490K, committed 7680K, reserved 1056768K
  class space    used 859K, capacity 925K, committed 1024K, reserved 1048576K
}
Event: 5.821 GC heap before
{Heap before GC invocations=3 (full 0):
 PSYoungGen      total 18944K, used 18931K [0x00000000feb00000, 0x0000000100000000, 0x0000000100000000)
  eden space 16384K, 100% used [0x00000000feb00000,0x00000000ffb00000,0x00000000ffb00000)
  from space 2560K, 99% used [0x00000000ffd80000,0x00000000ffffcc08,0x0000000100000000)
  to   space 2560K, 0% used [0x00000000ffb00000,0x00000000ffb00000,0x00000000ffd80000)
 ParOldGen       total 44032K, used 5817K [0x00000000fc000000, 0x00000000feb00000, 0x00000000feb00000)
  object space 44032K, 13% used [0x00000000fc000000,0x00000000fc5ae7f0,0x00000000feb00000)
 Metaspace       used 7966K, capacity 8130K, committed 8192K, reserved 1056768K
  class space    used 911K, capacity 989K, committed 1024K, reserved 1048576K
Event: 5.910 GC heap after
Heap after GC invocations=3 (full 0):
 PSYoungGen      total 18944K, used 2530K [0x00000000feb00000, 0x0000000100000000, 0x0000000100000000)
  eden space 16384K, 0% used [0x00000000feb00000,0x00000000feb00000,0x00000000ffb00000)
  from space 2560K, 98% used [0x00000000ffb00000,0x00000000ffd78bf8,0x00000000ffd80000)
  to   space 2560K, 0% used [0x00000000ffd80000,0x00000000ffd80000,0x0000000100000000)
 ParOldGen       total 44032K, used 6268K [0x00000000fc000000, 0x00000000feb00000, 0x00000000feb00000)
  object space 44032K, 14% used [0x00000000fc000000,0x00000000fc61f1e8,0x00000000feb00000)
 Metaspace       used 7966K, capacity 8130K, committed 8192K, reserved 1056768K
  class space    used 911K, capacity 989K, committed 1024K, reserved 1048576K
}
Event: 6.954 GC heap before
{Heap before GC invocations=4 (full 0):
 PSYoungGen      total 18944K, used 18914K [0x00000000feb00000, 0x0000000100000000, 0x0000000100000000)
  eden space 16384K, 100% used [0x00000000feb00000,0x00000000ffb00000,0x00000000ffb00000)
  from space 2560K, 98% used [0x00000000ffb00000,0x00000000ffd78bf8,0x00000000ffd80000)
  to   space 2560K, 0% used [0x00000000ffd80000,0x00000000ffd80000,0x0000000100000000)
 ParOldGen       total 44032K, used 6268K [0x00000000fc000000, 0x00000000feb00000, 0x00000000feb00000)
  object space 44032K, 14% used [0x00000000fc000000,0x00000000fc61f1e8,0x00000000feb00000)
 Metaspace       used 8056K, capacity 8258K, committed 8448K, reserved 1056768K
  class space    used 911K, capacity 989K, committed 1024K, reserved 1048576K
Event: 6.975 GC heap after
Heap after GC invocations=4 (full 0):
 PSYoungGen      total 18944K, used 2530K [0x00000000feb00000, 0x0000000100000000, 0x0000000100000000)
  eden space 16384K, 0% used [0x00000000feb00000,0x00000000feb00000,0x00000000ffb00000)
  from space 2560K, 98% used [0x00000000ffd80000,0x00000000ffff8bf8,0x0000000100000000)
  to   space 2560K, 0% used [0x00000000ffb00000,0x00000000ffb00000,0x00000000ffd80000)
 ParOldGen       total 44032K, used 6388K [0x00000000fc000000, 0x00000000feb00000, 0x00000000feb00000)
  object space 44032K, 14% used [0x00000000fc000000,0x00000000fc63d208,0x00000000feb00000)
 Metaspace       used 8056K, capacity 8258K, committed 8448K, reserved 1056768K
  class space    used 911K, capacity 989K, committed 1024K, reserved 1048576K
}

Deoptimization events (10 events):
Event: 5.936 Thread 0x0000000004bde000 Uncommon trap: reason=class_check action=maybe_recompile pc=0x000000000519f990 method=org.objectweb.asm.ClassReader.a(I[CLjava/lang/String;Lorg/objectweb/asm/AnnotationVisitor;)I @ 325
Event: 5.943 Thread 0x0000000004bde000 Uncommon trap: reason=class_check action=maybe_recompile pc=0x000000000519fe6c method=org.objectweb.asm.ClassReader.a(I[CLjava/lang/String;Lorg/objectweb/asm/AnnotationVisitor;)I @ 515
Event: 6.372 Thread 0x0000000004bde000 Uncommon trap: reason=class_check action=maybe_recompile pc=0x00000000051a044c method=org.objectweb.asm.ClassReader.a(I[CLjava/lang/String;Lorg/objectweb/asm/AnnotationVisitor;)I @ 1218
Event: 6.597 Thread 0x0000000004bde000 Uncommon trap: reason=class_check action=maybe_recompile pc=0x000000000519fe6c method=org.objectweb.asm.ClassReader.a(I[CLjava/lang/String;Lorg/objectweb/asm/AnnotationVisitor;)I @ 515
Event: 6.842 Thread 0x0000000004bde000 Uncommon trap: reason=null_check action=make_not_entrant pc=0x00000000052d5668 method=com.google.devtools.build.android.desugar.InterfaceDesugaring$InterfaceInvocationRewriter.visitMethodInsn(ILjava/lang/String;Ljava/lang/String;Ljava/lang/String;Z)V @ 10
Event: 7.427 Thread 0x0000000004bde000 Uncommon trap: reason=class_check action=maybe_recompile pc=0x0000000005319964 method=org.objectweb.asm.ClassReader.a(Lorg/objectweb/asm/MethodVisitor;Lorg/objectweb/asm/Context;I)V @ 2424
Event: 7.427 Thread 0x0000000004bde000 Uncommon trap: reason=class_check action=maybe_recompile pc=0x0000000005319964 method=org.objectweb.asm.ClassReader.a(Lorg/objectweb/asm/MethodVisitor;Lorg/objectweb/asm/Context;I)V @ 2424
Event: 7.427 Thread 0x0000000004bde000 Uncommon trap: reason=class_check action=maybe_recompile pc=0x0000000005319964 method=org.objectweb.asm.ClassReader.a(Lorg/objectweb/asm/MethodVisitor;Lorg/objectweb/asm/Context;I)V @ 2424
Event: 7.428 Thread 0x0000000004bde000 Uncommon trap: reason=class_check action=maybe_recompile pc=0x0000000005319964 method=org.objectweb.asm.ClassReader.a(Lorg/objectweb/asm/MethodVisitor;Lorg/objectweb/asm/Context;I)V @ 2424
Event: 8.258 Thread 0x0000000004bde000 Uncommon trap: reason=unstable_if action=reinterpret pc=0x0000000005388778 method=org.objectweb.asm.ClassReader.b(Lorg/objectweb/asm/ClassVisitor;Lorg/objectweb/asm/Context;I)I @ 303

Classes redefined (0 events):
No events

Internal exceptions (10 events):
Event: 6.147 Thread 0x0000000004bde000 Exception <a 'sun/nio/fs/WindowsException'> (0x00000000feeabd38) thrown at [D:\src\AOSP-openjdk-cygwin\jdk8u\hotspot\src\share\vm\prims\jni.cpp, line 709]
Event: 6.842 Thread 0x0000000004bde000 Implicit null exception at 0x00000000052d4579 to 0x00000000052d5645
Event: 6.874 Thread 0x0000000004bde000 Exception <a 'sun/nio/fs/WindowsException'> (0x00000000ff6f90e0) thrown at [D:\src\AOSP-openjdk-cygwin\jdk8u\hotspot\src\share\vm\prims\jni.cpp, line 709]
Event: 6.874 Thread 0x0000000004bde000 Exception <a 'sun/nio/fs/WindowsException'> (0x00000000ff6f95e8) thrown at [D:\src\AOSP-openjdk-cygwin\jdk8u\hotspot\src\share\vm\prims\jni.cpp, line 709]
Event: 7.573 Thread 0x0000000004bde000 Exception <a 'sun/nio/fs/WindowsException'> (0x00000000ff2f07c8) thrown at [D:\src\AOSP-openjdk-cygwin\jdk8u\hotspot\src\share\vm\prims\jni.cpp, line 709]
Event: 7.573 Thread 0x0000000004bde000 Exception <a 'sun/nio/fs/WindowsException'> (0x00000000ff2f0cd0) thrown at [D:\src\AOSP-openjdk-cygwin\jdk8u\hotspot\src\share\vm\prims\jni.cpp, line 709]
Event: 8.255 Thread 0x0000000004bde000 Exception <a 'sun/nio/fs/WindowsException'> (0x00000000ff62af48) thrown at [D:\src\AOSP-openjdk-cygwin\jdk8u\hotspot\src\share\vm\prims\jni.cpp, line 709]
Event: 8.256 Thread 0x0000000004bde000 Exception <a 'sun/nio/fs/WindowsException'> (0x00000000ff62b450) thrown at [D:\src\AOSP-openjdk-cygwin\jdk8u\hotspot\src\share\vm\prims\jni.cpp, line 709]
Event: 8.277 Thread 0x0000000004bde000 Exception <a 'sun/nio/fs/WindowsException'> (0x00000000ff6b0060) thrown at [D:\src\AOSP-openjdk-cygwin\jdk8u\hotspot\src\share\vm\prims\jni.cpp, line 709]
Event: 8.277 Thread 0x0000000004bde000 Exception <a 'sun/nio/fs/WindowsException'> (0x00000000ff6b0568) thrown at [D:\src\AOSP-openjdk-cygwin\jdk8u\hotspot\src\share\vm\prims\jni.cpp, line 709]

Events (10 events):
Event: 7.427 Thread 0x0000000004bde000 DEOPT UNPACKING pc=0x0000000004e2556a sp=0x0000000004cded88 mode 2
Event: 7.427 Thread 0x0000000004bde000 Uncommon trap: trap_request=0xffffffde fr.pc=0x0000000005319964
Event: 7.427 Thread 0x0000000004bde000 DEOPT PACKING pc=0x0000000005319964 sp=0x0000000004cdee20
Event: 7.427 Thread 0x0000000004bde000 DEOPT UNPACKING pc=0x0000000004e2556a sp=0x0000000004cded88 mode 2
Event: 7.428 Thread 0x0000000004bde000 Uncommon trap: trap_request=0xffffffde fr.pc=0x0000000005319964
Event: 7.428 Thread 0x0000000004bde000 DEOPT PACKING pc=0x0000000005319964 sp=0x0000000004cdee20
Event: 7.428 Thread 0x0000000004bde000 DEOPT UNPACKING pc=0x0000000004e2556a sp=0x0000000004cded88 mode 2
Event: 8.257 Thread 0x0000000004bde000 Uncommon trap: trap_request=0xffffff65 fr.pc=0x0000000005388778
Event: 8.258 Thread 0x0000000004bde000 DEOPT PACKING pc=0x0000000005388778 sp=0x0000000004cdf1d0
Event: 8.258 Thread 0x0000000004bde000 DEOPT UNPACKING pc=0x0000000004e2556a sp=0x0000000004cdf140 mode 2


Dynamic libraries:
0x00007ff7b2e80000 - 0x00007ff7b2eb1000 	D:\Android\Android\Android Studio\jre\bin\java.exe
0x00007ffab57a0000 - 0x00007ffab5980000 	C:\Windows\SYSTEM32\ntdll.dll
0x00007ffab4ae0000 - 0x00007ffab4b8e000 	C:\Windows\System32\KERNEL32.DLL
0x00007ffab1ba0000 - 0x00007ffab1e06000 	C:\Windows\System32\KERNELBASE.dll
0x00007ffab5180000 - 0x00007ffab5221000 	C:\Windows\System32\ADVAPI32.dll
0x00007ffab56a0000 - 0x00007ffab573d000 	C:\Windows\System32\msvcrt.dll
0x00007ffab5610000 - 0x00007ffab566b000 	C:\Windows\System32\sechost.dll
0x00007ffab3260000 - 0x00007ffab337f000 	C:\Windows\System32\RPCRT4.dll
0x00007ffab4ce0000 - 0x00007ffab4e6e000 	C:\Windows\System32\USER32.dll
0x00007ffab1fb0000 - 0x00007ffab1fd0000 	C:\Windows\System32\win32u.dll
0x00007ffab5740000 - 0x00007ffab5768000 	C:\Windows\System32\GDI32.dll
0x00007ffab1e10000 - 0x00007ffab1fa1000 	C:\Windows\System32\gdi32full.dll
0x00007ffab2030000 - 0x00007ffab20cb000 	C:\Windows\System32\msvcp_win.dll
0x00007ffab2200000 - 0x00007ffab22f6000 	C:\Windows\System32\ucrtbase.dll
0x00007ffaa9c00000 - 0x00007ffaa9e69000 	C:\Windows\WinSxS\amd64_microsoft.windows.common-controls_6595b64144ccf1df_6.0.16299.15_none_cc92fb402215d91d\COMCTL32.dll
0x00007ffab47d0000 - 0x00007ffab4ad8000 	C:\Windows\System32\combase.dll
0x00007ffab2180000 - 0x00007ffab21f2000 	C:\Windows\System32\bcryptPrimitives.dll
0x00007ffab5670000 - 0x00007ffab569d000 	C:\Windows\System32\IMM32.DLL
0x0000000074230000 - 0x0000000074302000 	D:\Android\Android\Android Studio\jre\jre\bin\msvcr100.dll
0x0000000074310000 - 0x0000000074b4e000 	D:\Android\Android\Android Studio\jre\jre\bin\server\jvm.dll
0x00007ffab3380000 - 0x00007ffab3388000 	C:\Windows\System32\PSAPI.DLL
0x00007ffaae520000 - 0x00007ffaae529000 	C:\Windows\SYSTEM32\WSOCK32.dll
0x00007ffab53a0000 - 0x00007ffab540c000 	C:\Windows\System32\WS2_32.dll
0x00007ffaaf930000 - 0x00007ffaaf953000 	C:\Windows\SYSTEM32\WINMM.dll
0x00007ffab07e0000 - 0x00007ffab07ea000 	C:\Windows\SYSTEM32\VERSION.dll
0x00007ffaaf630000 - 0x00007ffaaf65a000 	C:\Windows\SYSTEM32\WINMMBASE.dll
0x00007ffab2300000 - 0x00007ffab234a000 	C:\Windows\System32\cfgmgr32.dll
0x00007ffaae4f0000 - 0x00007ffaae4ff000 	D:\Android\Android\Android Studio\jre\jre\bin\verify.dll
0x00007ffaaad50000 - 0x00007ffaaad79000 	D:\Android\Android\Android Studio\jre\jre\bin\java.dll
0x00007ffaab680000 - 0x00007ffaab696000 	D:\Android\Android\Android Studio\jre\jre\bin\zip.dll
0x00007ffab3390000 - 0x00007ffab47c7000 	C:\Windows\System32\SHELL32.dll
0x00007ffab2ce0000 - 0x00007ffab2d86000 	C:\Windows\System32\shcore.dll
0x00007ffab2520000 - 0x00007ffab2c67000 	C:\Windows\System32\windows.storage.dll
0x00007ffab4e70000 - 0x00007ffab4ec1000 	C:\Windows\System32\shlwapi.dll
0x00007ffab1b40000 - 0x00007ffab1b51000 	C:\Windows\System32\kernel.appcore.dll
0x00007ffab1af0000 - 0x00007ffab1b3c000 	C:\Windows\System32\powrprof.dll
0x00007ffab1b80000 - 0x00007ffab1b9b000 	C:\Windows\System32\profapi.dll
0x00007ffab14e0000 - 0x00007ffab14f7000 	C:\Windows\SYSTEM32\CRYPTSP.dll
0x00007ffab0f30000 - 0x00007ffab0f63000 	C:\Windows\system32\rsaenh.dll
0x00007ffab15f0000 - 0x00007ffab1615000 	C:\Windows\SYSTEM32\bcrypt.dll
0x00007ffab1a20000 - 0x00007ffab1a49000 	C:\Windows\SYSTEM32\USERENV.dll
0x00007ffab1500000 - 0x00007ffab150b000 	C:\Windows\SYSTEM32\CRYPTBASE.dll
0x00007ffaa8110000 - 0x00007ffaa812a000 	D:\Android\Android\Android Studio\jre\jre\bin\net.dll
0x00007ffab1320000 - 0x00007ffab1386000 	C:\Windows\system32\mswsock.dll
0x00007ffab10b0000 - 0x00007ffab10e9000 	C:\Windows\SYSTEM32\IPHLPAPI.DLL
0x00007ffab5600000 - 0x00007ffab5608000 	C:\Windows\System32\NSI.dll
0x00007ffaac900000 - 0x00007ffaac916000 	C:\Windows\SYSTEM32\dhcpcsvc6.DLL
0x00007ffaac8e0000 - 0x00007ffaac8fa000 	C:\Windows\SYSTEM32\dhcpcsvc.DLL
0x00007ffaa6a20000 - 0x00007ffaa6a31000 	D:\Android\Android\Android Studio\jre\jre\bin\nio.dll

VM Arguments:
jvm_args: -Djava.awt.headless=true -Xmx64M -Dfile.encoding=GBK -Duser.country=CN -Duser.language=zh -Duser.variant 
java_command: com.google.devtools.build.android.desugar.Desugar @D:\Android\TEST\WanAndroidTest\app\build\intermediates\tmp\desugar_args4692462459874778777
java_class_path (initial): C:\Users\Administrator\AppData\Local\Temp\desugar_deploy.jar2872256966551270965
Launcher Type: SUN_STANDARD

Environment Variables:
PATH=C:\Windows\system32;C:\Windows;C:\Windows\System32\Wbem;C:\Windows\System32\WindowsPowerShell\v1.0\;C:\Program Files (x86)\NVIDIA Corporation\PhysX\Common;C:\Users\Administrator\AppData\Local\Microsoft\WindowsApps;
USERNAME=Administrator
OS=Windows_NT
PROCESSOR_IDENTIFIER=Intel64 Family 6 Model 58 Stepping 9, GenuineIntel



---------------  S Y S T E M  ---------------

OS: Windows 10.0 , 64 bit Build 16299 (10.0.16299.15)

CPU:total 4 (initial active 4) (2 cores per cpu, 2 threads per core) family 6 model 58 stepping 9, cmov, cx8, fxsr, mmx, sse, sse2, sse3, ssse3, sse4.1, sse4.2, popcnt, avx, clmul, erms, ht, tsc, tscinvbit, tscinv

Memory: 4k page, physical 8281380k(996468k free), swap 8281380k(5876k free)

vm_info: OpenJDK 64-Bit Server VM (25.152-b01) for windows-amd64 JRE (1.8.0_152-release-915-b01), built by "builder" with MS VC++ 10.0 (VS2010)

time: Sun Apr 29 17:30:50 2018
elapsed time: 8 seconds (0d 0h 0m 8s)

