#
# There is insufficient memory for the Java Runtime Environment to continue.
# Native memory allocation (malloc) failed to allocate 987616 bytes for Chunk::new
# Possible reasons:
#   The system is out of physical RAM or swap space
#   In 32 bit mode, the process size limit was hit
# Possible solutions:
#   Reduce memory load on the system
#   Increase physical memory or swap space
#   Check if swap backing store is full
#   Use 64 bit Java on a 64 bit OS
#   Decrease Java heap size (-Xmx/-Xms)
#   Decrease number of Java threads
#   Decrease Java thread stack sizes (-Xss)
#   Set larger code cache with -XX:ReservedCodeCacheSize=
# This output file may be truncated or incomplete.
#
#  Out of Memory Error (allocation.cpp:390), pid=2088, tid=0x0000000000002284
#
# JRE version: OpenJDK Runtime Environment (8.0_152-b01) (build 1.8.0_152-release-915-b01)
# Java VM: OpenJDK 64-Bit Server VM (25.152-b01 mixed mode windows-amd64 compressed oops)
# Failed to write core dump. Minidumps are not enabled by default on client versions of Windows
#

---------------  T H R E A D  ---------------

Current thread (0x0000000014cf7000):  JavaThread "C2 CompilerThread0" daemon [_thread_in_native, id=8836, stack(0x0000000016270000,0x0000000016370000)]

Stack: [0x0000000016270000,0x0000000016370000]
[error occurred during error reporting (printing stack bounds), id 0xc0000005]

Native frames: (J=compiled Java code, j=interpreted, Vv=VM code, C=native code)


Current CompileTask:
C2:  13224 1417       4       org.objectweb.asm.ClassReader::a (3587 bytes)


---------------  P R O C E S S  ---------------

Java Threads: ( => current thread )
  0x00000000164b6800 JavaThread "Service Thread" daemon [_thread_blocked, id=816, stack(0x0000000016970000,0x0000000016a70000)]
  0x00000000164b0000 JavaThread "C1 CompilerThread2" daemon [_thread_blocked, id=824, stack(0x0000000016870000,0x0000000016970000)]
  0x0000000014cfa000 JavaThread "C2 CompilerThread1" daemon [_thread_blocked, id=4860, stack(0x0000000016370000,0x0000000016470000)]
=>0x0000000014cf7000 JavaThread "C2 CompilerThread0" daemon [_thread_in_native, id=8836, stack(0x0000000016270000,0x0000000016370000)]
  0x0000000014ce4000 JavaThread "Attach Listener" daemon [_thread_blocked, id=6464, stack(0x0000000016170000,0x0000000016270000)]
  0x0000000014cf6000 JavaThread "Signal Dispatcher" daemon [_thread_blocked, id=6316, stack(0x0000000016070000,0x0000000016170000)]
  0x000000000492b800 JavaThread "Finalizer" daemon [_thread_blocked, id=7716, stack(0x0000000015f10000,0x0000000016010000)]
  0x0000000004926000 JavaThread "Reference Handler" daemon [_thread_blocked, id=10224, stack(0x0000000015e10000,0x0000000015f10000)]
  0x0000000002a8e000 JavaThread "main" [_thread_in_native, id=7020, stack(0x0000000004730000,0x0000000004830000)]

Other Threads:
  0x0000000014c75800 VMThread [stack: 0x0000000015d10000,0x0000000015e10000] [id=8352]
  0x00000000164b8000 WatcherThread [stack: 0x0000000016a70000,0x0000000016b70000] [id=5172]

VM state:not at safepoint (normal execution)

VM Mutex/Monitor currently owned by a thread: None

Heap:
 PSYoungGen      total 18944K, used 15948K [0x00000000feb00000, 0x0000000100000000, 0x0000000100000000)
  eden space 16384K, 81% used [0x00000000feb00000,0x00000000ff816640,0x00000000ffb00000)
  from space 2560K, 99% used [0x00000000ffb00000,0x00000000ffd7cbf0,0x00000000ffd80000)
  to   space 2560K, 0% used [0x00000000ffd80000,0x00000000ffd80000,0x0000000100000000)
 ParOldGen       total 44032K, used 6364K [0x00000000fc000000, 0x00000000feb00000, 0x00000000feb00000)
  object space 44032K, 14% used [0x00000000fc000000,0x00000000fc637180,0x00000000feb00000)
 Metaspace       used 8241K, capacity 8456K, committed 8832K, reserved 1056768K
  class space    used 929K, capacity 1027K, committed 1152K, reserved 1048576K

Card table byte_map: [0x0000000004270000,0x00000000042a0000] byte_map_base: 0x0000000003a90000

Marking Bits: (ParMarkBitMap*) 0x0000000074ad3950
 Begin Bits: [0x00000000140f0000, 0x00000000141f0000)
 End Bits:   [0x00000000141f0000, 0x00000000142f0000)

Polling page: 0x0000000002690000

CodeCache: size=245760Kb used=5820Kb max_used=5820Kb free=239939Kb
 bounds [0x0000000004930000, 0x0000000004ef0000, 0x0000000013930000]
 total_blobs=1767 nmethods=1432 adapters=248
 compilation: enabled

Compilation events (10 events):
Event: 13.118 Thread 0x00000000164b0000 1429       3       com.google.devtools.build.android.desugar.HeaderClassLoader$BodyStubber::visitCode (10 bytes)
Event: 13.118 Thread 0x00000000164b0000 nmethod 1429 0x0000000004ea2e10 code [0x0000000004ea2f80, 0x0000000004ea3228]
Event: 13.118 Thread 0x00000000164b0000 1430       3       com.google.devtools.build.android.desugar.HeaderClassLoader$BodyStubber::visitEnd (54 bytes)
Event: 13.119 Thread 0x00000000164b0000 nmethod 1430 0x0000000004ebe110 code [0x0000000004ebe300, 0x0000000004ebec18]
Event: 13.122 Thread 0x0000000014cfa000 1431       4       org.objectweb.asm.AnnotationWriter::visitEnd (43 bytes)
Event: 13.124 Thread 0x0000000014cfa000 nmethod 1431 0x0000000004e9f5d0 code [0x0000000004e9f700, 0x0000000004e9f7d8]
Event: 13.127 Thread 0x00000000164b0000 1432       3       org.objectweb.asm.AnnotationWriter::visit (855 bytes)
Event: 13.132 Thread 0x00000000164b0000 nmethod 1432 0x0000000004ee1250 code [0x0000000004ee18e0, 0x0000000004ee5828]
Event: 13.133 Thread 0x00000000164b0000 1433       3       org.objectweb.asm.FieldWriter::a (475 bytes)
Event: 13.135 Thread 0x00000000164b0000 nmethod 1433 0x0000000004ee7210 code [0x0000000004ee75a0, 0x0000000004ee88b8]

GC Heap History (10 events):
Event: 3.615 GC heap before
{Heap before GC invocations=1 (full 0):
 PSYoungGen      total 18944K, used 16384K [0x00000000feb00000, 0x0000000100000000, 0x0000000100000000)
  eden space 16384K, 100% used [0x00000000feb00000,0x00000000ffb00000,0x00000000ffb00000)
  from space 2560K, 0% used [0x00000000ffd80000,0x00000000ffd80000,0x0000000100000000)
  to   space 2560K, 0% used [0x00000000ffb00000,0x00000000ffb00000,0x00000000ffd80000)
 ParOldGen       total 44032K, used 0K [0x00000000fc000000, 0x00000000feb00000, 0x00000000feb00000)
  object space 44032K, 0% used [0x00000000fc000000,0x00000000fc000000,0x00000000feb00000)
 Metaspace       used 6592K, capacity 6684K, committed 6784K, reserved 1056768K
  class space    used 773K, capacity 824K, committed 896K, reserved 1048576K
Event: 3.903 GC heap after
Heap after GC invocations=1 (full 0):
 PSYoungGen      total 18944K, used 2552K [0x00000000feb00000, 0x0000000100000000, 0x0000000100000000)
  eden space 16384K, 0% used [0x00000000feb00000,0x00000000feb00000,0x00000000ffb00000)
  from space 2560K, 99% used [0x00000000ffb00000,0x00000000ffd7e020,0x00000000ffd80000)
  to   space 2560K, 0% used [0x00000000ffd80000,0x00000000ffd80000,0x0000000100000000)
 ParOldGen       total 44032K, used 1690K [0x00000000fc000000, 0x00000000feb00000, 0x00000000feb00000)
  object space 44032K, 3% used [0x00000000fc000000,0x00000000fc1a6840,0x00000000feb00000)
 Metaspace       used 6592K, capacity 6684K, committed 6784K, reserved 1056768K
  class space    used 773K, capacity 824K, committed 896K, reserved 1048576K
}
Event: 5.149 GC heap before
{Heap before GC invocations=2 (full 0):
 PSYoungGen      total 18944K, used 18936K [0x00000000feb00000, 0x0000000100000000, 0x0000000100000000)
  eden space 16384K, 100% used [0x00000000feb00000,0x00000000ffb00000,0x00000000ffb00000)
  from space 2560K, 99% used [0x00000000ffb00000,0x00000000ffd7e020,0x00000000ffd80000)
  to   space 2560K, 0% used [0x00000000ffd80000,0x00000000ffd80000,0x0000000100000000)
 ParOldGen       total 44032K, used 1690K [0x00000000fc000000, 0x00000000feb00000, 0x00000000feb00000)
  object space 44032K, 3% used [0x00000000fc000000,0x00000000fc1a6840,0x00000000feb00000)
 Metaspace       used 7268K, capacity 7438K, committed 7680K, reserved 1056768K
  class space    used 855K, capacity 925K, committed 1024K, reserved 1048576K
Event: 5.180 GC heap after
Heap after GC invocations=2 (full 0):
 PSYoungGen      total 18944K, used 2531K [0x00000000feb00000, 0x0000000100000000, 0x0000000100000000)
  eden space 16384K, 0% used [0x00000000feb00000,0x00000000feb00000,0x00000000ffb00000)
  from space 2560K, 98% used [0x00000000ffd80000,0x00000000ffff8c00,0x0000000100000000)
  to   space 2560K, 0% used [0x00000000ffb00000,0x00000000ffb00000,0x00000000ffd80000)
 ParOldGen       total 44032K, used 5872K [0x00000000fc000000, 0x00000000feb00000, 0x00000000feb00000)
  object space 44032K, 13% used [0x00000000fc000000,0x00000000fc5bc0c0,0x00000000feb00000)
 Metaspace       used 7268K, capacity 7438K, committed 7680K, reserved 1056768K
  class space    used 855K, capacity 925K, committed 1024K, reserved 1048576K
}
Event: 6.435 GC heap before
{Heap before GC invocations=3 (full 0):
 PSYoungGen      total 18944K, used 18915K [0x00000000feb00000, 0x0000000100000000, 0x0000000100000000)
  eden space 16384K, 100% used [0x00000000feb00000,0x00000000ffb00000,0x00000000ffb00000)
  from space 2560K, 98% used [0x00000000ffd80000,0x00000000ffff8c00,0x0000000100000000)
  to   space 2560K, 0% used [0x00000000ffb00000,0x00000000ffb00000,0x00000000ffd80000)
 ParOldGen       total 44032K, used 5872K [0x00000000fc000000, 0x00000000feb00000, 0x00000000feb00000)
  object space 44032K, 13% used [0x00000000fc000000,0x00000000fc5bc0c0,0x00000000feb00000)
 Metaspace       used 7951K, capacity 8142K, committed 8192K, reserved 1056768K
  class space    used 911K, capacity 989K, committed 1024K, reserved 1048576K
Event: 6.452 GC heap after
Heap after GC invocations=3 (full 0):
 PSYoungGen      total 18944K, used 2531K [0x00000000feb00000, 0x0000000100000000, 0x0000000100000000)
  eden space 16384K, 0% used [0x00000000feb00000,0x00000000feb00000,0x00000000ffb00000)
  from space 2560K, 98% used [0x00000000ffb00000,0x00000000ffd78c00,0x00000000ffd80000)
  to   space 2560K, 0% used [0x00000000ffd80000,0x00000000ffd80000,0x0000000100000000)
 ParOldGen       total 44032K, used 6356K [0x00000000fc000000, 0x00000000feb00000, 0x00000000feb00000)
  object space 44032K, 14% used [0x00000000fc000000,0x00000000fc635180,0x00000000feb00000)
 Metaspace       used 7951K, capacity 8142K, committed 8192K, reserved 1056768K
  class space    used 911K, capacity 989K, committed 1024K, reserved 1048576K
}
Event: 8.256 GC heap before
{Heap before GC invocations=4 (full 0):
 PSYoungGen      total 18944K, used 18915K [0x00000000feb00000, 0x0000000100000000, 0x0000000100000000)
  eden space 16384K, 100% used [0x00000000feb00000,0x00000000ffb00000,0x00000000ffb00000)
  from space 2560K, 98% used [0x00000000ffb00000,0x00000000ffd78c00,0x00000000ffd80000)
  to   space 2560K, 0% used [0x00000000ffd80000,0x00000000ffd80000,0x0000000100000000)
 ParOldGen       total 44032K, used 6356K [0x00000000fc000000, 0x00000000feb00000, 0x00000000feb00000)
  object space 44032K, 14% used [0x00000000fc000000,0x00000000fc635180,0x00000000feb00000)
 Metaspace       used 8044K, capacity 8206K, committed 8448K, reserved 1056768K
  class space    used 911K, capacity 989K, committed 1024K, reserved 1048576K
Event: 8.295 GC heap after
Heap after GC invocations=4 (full 0):
 PSYoungGen      total 18944K, used 2546K [0x00000000feb00000, 0x0000000100000000, 0x0000000100000000)
  eden space 16384K, 0% used [0x00000000feb00000,0x00000000feb00000,0x00000000ffb00000)
  from space 2560K, 99% used [0x00000000ffd80000,0x00000000ffffcbf0,0x0000000100000000)
  to   space 2560K, 0% used [0x00000000ffb00000,0x00000000ffb00000,0x00000000ffd80000)
 ParOldGen       total 44032K, used 6364K [0x00000000fc000000, 0x00000000feb00000, 0x00000000feb00000)
  object space 44032K, 14% used [0x00000000fc000000,0x00000000fc637180,0x00000000feb00000)
 Metaspace       used 8044K, capacity 8206K, committed 8448K, reserved 1056768K
  class space    used 911K, capacity 989K, committed 1024K, reserved 1048576K
}
Event: 9.510 GC heap before
{Heap before GC invocations=5 (full 0):
 PSYoungGen      total 18944K, used 18930K [0x00000000feb00000, 0x0000000100000000, 0x0000000100000000)
  eden space 16384K, 100% used [0x00000000feb00000,0x00000000ffb00000,0x00000000ffb00000)
  from space 2560K, 99% used [0x00000000ffd80000,0x00000000ffffcbf0,0x0000000100000000)
  to   space 2560K, 0% used [0x00000000ffb00000,0x00000000ffb00000,0x00000000ffd80000)
 ParOldGen       total 44032K, used 6364K [0x00000000fc000000, 0x00000000feb00000, 0x00000000feb00000)
  object space 44032K, 14% used [0x00000000fc000000,0x00000000fc637180,0x00000000feb00000)
 Metaspace       used 8080K, capacity 8270K, committed 8448K, reserved 1056768K
  class space    used 912K, capacity 989K, committed 1024K, reserved 1048576K
Event: 9.684 GC heap after
Heap after GC invocations=5 (full 0):
 PSYoungGen      total 18944K, used 2546K [0x00000000feb00000, 0x0000000100000000, 0x0000000100000000)
  eden space 16384K, 0% used [0x00000000feb00000,0x00000000feb00000,0x00000000ffb00000)
  from space 2560K, 99% used [0x00000000ffb00000,0x00000000ffd7cbf0,0x00000000ffd80000)
  to   space 2560K, 0% used [0x00000000ffd80000,0x00000000ffd80000,0x0000000100000000)
 ParOldGen       total 44032K, used 6364K [0x00000000fc000000, 0x00000000feb00000, 0x00000000feb00000)
  object space 44032K, 14% used [0x00000000fc000000,0x00000000fc637180,0x00000000feb00000)
 Metaspace       used 8080K, capacity 8270K, committed 8448K, reserved 1056768K
  class space    used 912K, capacity 989K, committed 1024K, reserved 1048576K
}

Deoptimization events (10 events):
Event: 13.002 Thread 0x0000000002a8e000 Uncommon trap: reason=unloaded action=reinterpret pc=0x0000000004e0738c method=org.objectweb.asm.ClassReader.readConst(I[C)Ljava/lang/Object; @ 265
Event: 13.003 Thread 0x0000000002a8e000 Uncommon trap: reason=null_assert action=make_not_entrant pc=0x0000000004e82c94 method=org.objectweb.asm.ClassReader.a(Lorg/objectweb/asm/MethodVisitor;Lorg/objectweb/asm/Context;I)V @ 2658
Event: 13.010 Thread 0x0000000002a8e000 Uncommon trap: reason=unstable_if action=reinterpret pc=0x0000000004cf97d4 method=org.objectweb.asm.MethodWriter.visitLabel(Lorg/objectweb/asm/Label;)V @ 37
Event: 13.013 Thread 0x0000000002a8e000 Uncommon trap: reason=class_check action=maybe_recompile pc=0x0000000004e5bfe4 method=org.objectweb.asm.ClassWriter.a(Ljava/lang/Object;)Lorg/objectweb/asm/Item; @ 193
Event: 13.076 Thread 0x0000000002a8e000 Uncommon trap: reason=bimorphic action=maybe_recompile pc=0x0000000004e3dcd0 method=org.objectweb.asm.ClassReader.a(Lorg/objectweb/asm/MethodVisitor;Lorg/objectweb/asm/Context;I)V @ 1520
Event: 13.078 Thread 0x0000000002a8e000 Uncommon trap: reason=bimorphic action=maybe_recompile pc=0x0000000004e3dcd0 method=org.objectweb.asm.ClassReader.a(Lorg/objectweb/asm/MethodVisitor;Lorg/objectweb/asm/Context;I)V @ 1520
Event: 13.099 Thread 0x0000000002a8e000 Uncommon trap: reason=bimorphic action=maybe_recompile pc=0x0000000004d61e34 method=org.objectweb.asm.ClassReader.a(Lorg/objectweb/asm/MethodVisitor;Lorg/objectweb/asm/Context;I)V @ 1520
Event: 13.100 Thread 0x0000000002a8e000 Uncommon trap: reason=bimorphic action=maybe_recompile pc=0x0000000004d61e34 method=org.objectweb.asm.ClassReader.a(Lorg/objectweb/asm/MethodVisitor;Lorg/objectweb/asm/Context;I)V @ 1520
Event: 13.106 Thread 0x0000000002a8e000 Uncommon trap: reason=bimorphic action=maybe_recompile pc=0x0000000004dcc3ac method=org.objectweb.asm.ClassReader.a(Lorg/objectweb/asm/MethodVisitor;Lorg/objectweb/asm/Context;I)V @ 1520
Event: 13.123 Thread 0x0000000002a8e000 Uncommon trap: reason=unstable_if action=reinterpret pc=0x0000000004e36fc0 method=org.objectweb.asm.AnnotationWriter.visit(Ljava/lang/String;Ljava/lang/Object;)V @ 105

Classes redefined (0 events):
No events

Internal exceptions (10 events):
Event: 12.965 Thread 0x0000000002a8e000 Exception <a 'sun/nio/fs/WindowsException'> (0x00000000ff5b00b0) thrown at [D:\src\AOSP-openjdk-cygwin\jdk8u\hotspot\src\share\vm\prims\jni.cpp, line 709]
Event: 12.975 Thread 0x0000000002a8e000 Exception <a 'sun/nio/fs/WindowsException'> (0x00000000ff5c0d40) thrown at [D:\src\AOSP-openjdk-cygwin\jdk8u\hotspot\src\share\vm\prims\jni.cpp, line 709]
Event: 12.975 Thread 0x0000000002a8e000 Exception <a 'sun/nio/fs/WindowsException'> (0x00000000ff5c1528) thrown at [D:\src\AOSP-openjdk-cygwin\jdk8u\hotspot\src\share\vm\prims\jni.cpp, line 709]
Event: 12.982 Thread 0x0000000002a8e000 Exception <a 'sun/nio/fs/WindowsException'> (0x00000000ff5c1db8) thrown at [D:\src\AOSP-openjdk-cygwin\jdk8u\hotspot\src\share\vm\prims\jni.cpp, line 709]
Event: 12.982 Thread 0x0000000002a8e000 Exception <a 'sun/nio/fs/WindowsException'> (0x00000000ff5c2438) thrown at [D:\src\AOSP-openjdk-cygwin\jdk8u\hotspot\src\share\vm\prims\jni.cpp, line 709]
Event: 12.982 Thread 0x0000000002a8e000 Exception <a 'sun/nio/fs/WindowsException'> (0x00000000ff5c2bc8) thrown at [D:\src\AOSP-openjdk-cygwin\jdk8u\hotspot\src\share\vm\prims\jni.cpp, line 709]
Event: 12.982 Thread 0x0000000002a8e000 Exception <a 'sun/nio/fs/WindowsException'> (0x00000000ff5c3438) thrown at [D:\src\AOSP-openjdk-cygwin\jdk8u\hotspot\src\share\vm\prims\jni.cpp, line 709]
Event: 12.985 Thread 0x0000000002a8e000 Exception <a 'sun/nio/fs/WindowsException'> (0x00000000ff5d00f0) thrown at [D:\src\AOSP-openjdk-cygwin\jdk8u\hotspot\src\share\vm\prims\jni.cpp, line 709]
Event: 12.987 Thread 0x0000000002a8e000 Exception <a 'sun/nio/fs/WindowsException'> (0x00000000ff5dc798) thrown at [D:\src\AOSP-openjdk-cygwin\jdk8u\hotspot\src\share\vm\prims\jni.cpp, line 709]
Event: 13.001 Thread 0x0000000002a8e000 Exception <a 'sun/nio/fs/WindowsException'> (0x00000000ff5e89e8) thrown at [D:\src\AOSP-openjdk-cygwin\jdk8u\hotspot\src\share\vm\prims\jni.cpp, line 709]

Events (10 events):
Event: 13.099 Thread 0x0000000002a8e000 DEOPT UNPACKING pc=0x000000000497556a sp=0x00000000048281a0 mode 2
Event: 13.100 Thread 0x0000000002a8e000 Uncommon trap: trap_request=0xffffffc6 fr.pc=0x0000000004d61e34
Event: 13.100 Thread 0x0000000002a8e000 DEOPT PACKING pc=0x0000000004d61e34 sp=0x0000000004828230
Event: 13.100 Thread 0x0000000002a8e000 DEOPT UNPACKING pc=0x000000000497556a sp=0x00000000048281a0 mode 2
Event: 13.106 Thread 0x0000000002a8e000 Uncommon trap: trap_request=0xffffffc6 fr.pc=0x0000000004dcc3ac
Event: 13.106 Thread 0x0000000002a8e000 DEOPT PACKING pc=0x0000000004dcc3ac sp=0x00000000048281e0
Event: 13.106 Thread 0x0000000002a8e000 DEOPT UNPACKING pc=0x000000000497556a sp=0x00000000048281a0 mode 2
Event: 13.123 Thread 0x0000000002a8e000 Uncommon trap: trap_request=0xffffff65 fr.pc=0x0000000004e36fc0
Event: 13.123 Thread 0x0000000002a8e000 DEOPT PACKING pc=0x0000000004e36fc0 sp=0x000000000482dd70
Event: 13.123 Thread 0x0000000002a8e000 DEOPT UNPACKING pc=0x000000000497556a sp=0x000000000482dd40 mode 2


Dynamic libraries:
0x00007ff7b5310000 - 0x00007ff7b5341000 	D:\Android\Android\Android Studio\jre\bin\java.exe
0x00007ffab57a0000 - 0x00007ffab5980000 	C:\Windows\SYSTEM32\ntdll.dll
0x00007ffab4ae0000 - 0x00007ffab4b8e000 	C:\Windows\System32\KERNEL32.DLL
0x00007ffab1ba0000 - 0x00007ffab1e06000 	C:\Windows\System32\KERNELBASE.dll
0x00007ffab5180000 - 0x00007ffab5221000 	C:\Windows\System32\ADVAPI32.dll
0x00007ffab56a0000 - 0x00007ffab573d000 	C:\Windows\System32\msvcrt.dll
0x00007ffab5610000 - 0x00007ffab566b000 	C:\Windows\System32\sechost.dll
0x00007ffab3260000 - 0x00007ffab337f000 	C:\Windows\System32\RPCRT4.dll
0x00007ffab4ce0000 - 0x00007ffab4e6e000 	C:\Windows\System32\USER32.dll
0x00007ffab1fb0000 - 0x00007ffab1fd0000 	C:\Windows\System32\win32u.dll
0x00007ffab5740000 - 0x00007ffab5768000 	C:\Windows\System32\GDI32.dll
0x00007ffab1e10000 - 0x00007ffab1fa1000 	C:\Windows\System32\gdi32full.dll
0x00007ffab2030000 - 0x00007ffab20cb000 	C:\Windows\System32\msvcp_win.dll
0x00007ffab2200000 - 0x00007ffab22f6000 	C:\Windows\System32\ucrtbase.dll
0x00007ffaa8630000 - 0x00007ffaa8899000 	C:\Windows\WinSxS\amd64_microsoft.windows.common-controls_6595b64144ccf1df_6.0.16299.15_none_cc92fb402215d91d\COMCTL32.dll
0x00007ffab47d0000 - 0x00007ffab4ad8000 	C:\Windows\System32\combase.dll
0x00007ffab2180000 - 0x00007ffab21f2000 	C:\Windows\System32\bcryptPrimitives.dll
0x00007ffab5670000 - 0x00007ffab569d000 	C:\Windows\System32\IMM32.DLL
0x0000000074230000 - 0x0000000074302000 	D:\Android\Android\Android Studio\jre\jre\bin\msvcr100.dll
0x0000000074310000 - 0x0000000074b4e000 	D:\Android\Android\Android Studio\jre\jre\bin\server\jvm.dll
0x00007ffab3380000 - 0x00007ffab3388000 	C:\Windows\System32\PSAPI.DLL
0x00007ffaae6c0000 - 0x00007ffaae6c9000 	C:\Windows\SYSTEM32\WSOCK32.dll
0x00007ffab53a0000 - 0x00007ffab540c000 	C:\Windows\System32\WS2_32.dll
0x00007ffaaf930000 - 0x00007ffaaf953000 	C:\Windows\SYSTEM32\WINMM.dll
0x00007ffab07e0000 - 0x00007ffab07ea000 	C:\Windows\SYSTEM32\VERSION.dll
0x00007ffaaf630000 - 0x00007ffaaf65a000 	C:\Windows\SYSTEM32\WINMMBASE.dll
0x00007ffab2300000 - 0x00007ffab234a000 	C:\Windows\System32\cfgmgr32.dll
0x00007ffaac750000 - 0x00007ffaac75f000 	D:\Android\Android\Android Studio\jre\jre\bin\verify.dll
0x00007ffaa80b0000 - 0x00007ffaa80d9000 	D:\Android\Android\Android Studio\jre\jre\bin\java.dll
0x00007ffaac730000 - 0x00007ffaac746000 	D:\Android\Android\Android Studio\jre\jre\bin\zip.dll
0x00007ffab3390000 - 0x00007ffab47c7000 	C:\Windows\System32\SHELL32.dll
0x00007ffab2ce0000 - 0x00007ffab2d86000 	C:\Windows\System32\shcore.dll
0x00007ffab2520000 - 0x00007ffab2c67000 	C:\Windows\System32\windows.storage.dll
0x00007ffab4e70000 - 0x00007ffab4ec1000 	C:\Windows\System32\shlwapi.dll
0x00007ffab1b40000 - 0x00007ffab1b51000 	C:\Windows\System32\kernel.appcore.dll
0x00007ffab1af0000 - 0x00007ffab1b3c000 	C:\Windows\System32\powrprof.dll
0x00007ffab1b80000 - 0x00007ffab1b9b000 	C:\Windows\System32\profapi.dll
0x00007ffab14e0000 - 0x00007ffab14f7000 	C:\Windows\SYSTEM32\CRYPTSP.dll
0x00007ffab0f30000 - 0x00007ffab0f63000 	C:\Windows\system32\rsaenh.dll
0x00007ffab15f0000 - 0x00007ffab1615000 	C:\Windows\SYSTEM32\bcrypt.dll
0x00007ffab1a20000 - 0x00007ffab1a49000 	C:\Windows\SYSTEM32\USERENV.dll
0x00007ffab1500000 - 0x00007ffab150b000 	C:\Windows\SYSTEM32\CRYPTBASE.dll
0x00007ffaabfc0000 - 0x00007ffaabfda000 	D:\Android\Android\Android Studio\jre\jre\bin\net.dll
0x00007ffab1320000 - 0x00007ffab1386000 	C:\Windows\system32\mswsock.dll
0x00007ffab10b0000 - 0x00007ffab10e9000 	C:\Windows\SYSTEM32\IPHLPAPI.DLL
0x00007ffab5600000 - 0x00007ffab5608000 	C:\Windows\System32\NSI.dll
0x00007ffaac900000 - 0x00007ffaac916000 	C:\Windows\SYSTEM32\dhcpcsvc6.DLL
0x00007ffaac8e0000 - 0x00007ffaac8fa000 	C:\Windows\SYSTEM32\dhcpcsvc.DLL
0x00007ffaa4a90000 - 0x00007ffaa4aa1000 	D:\Android\Android\Android Studio\jre\jre\bin\nio.dll

VM Arguments:
jvm_args: -Djava.awt.headless=true -Xmx64M -Dfile.encoding=GBK -Duser.country=CN -Duser.language=zh -Duser.variant 
java_command: com.google.devtools.build.android.desugar.Desugar @D:\Android\TEST\WanAndroidTest\app\build\intermediates\tmp\desugar_args8736586666203040959
java_class_path (initial): C:\Users\Administrator\AppData\Local\Temp\desugar_deploy.jar7175976295031975279
Launcher Type: SUN_STANDARD

Environment Variables:
PATH=C:\Windows\system32;C:\Windows;C:\Windows\System32\Wbem;C:\Windows\System32\WindowsPowerShell\v1.0\;C:\Program Files (x86)\NVIDIA Corporation\PhysX\Common;C:\Users\Administrator\AppData\Local\Microsoft\WindowsApps;
USERNAME=Administrator
OS=Windows_NT
PROCESSOR_IDENTIFIER=Intel64 Family 6 Model 58 Stepping 9, GenuineIntel



---------------  S Y S T E M  ---------------

OS: Windows 10.0 , 64 bit Build 16299 (10.0.16299.15)

CPU:total 4 (initial active 4) (2 cores per cpu, 2 threads per core) family 6 model 58 stepping 9, cmov, cx8, fxsr, mmx, sse, sse2, sse3, ssse3, sse4.1, sse4.2, popcnt, avx, clmul, erms, ht, tsc, tscinvbit, tscinv

Memory: 4k page, physical 8281380k(1335396k free), swap 8281380k(4136k free)

vm_info: OpenJDK 64-Bit Server VM (25.152-b01) for windows-amd64 JRE (1.8.0_152-release-915-b01), built by "builder" with MS VC++ 10.0 (VS2010)

time: Mon Apr 30 12:01:24 2018
elapsed time: 13 seconds (0d 0h 0m 13s)

