#
# There is insufficient memory for the Java Runtime Environment to continue.
# Native memory allocation (malloc) failed to allocate 270944 bytes for Chunk::new
# Possible reasons:
#   The system is out of physical RAM or swap space
#   In 32 bit mode, the process size limit was hit
# Possible solutions:
#   Reduce memory load on the system
#   Increase physical memory or swap space
#   Check if swap backing store is full
#   Use 64 bit Java on a 64 bit OS
#   Decrease Java heap size (-Xmx/-Xms)
#   Decrease number of Java threads
#   Decrease Java thread stack sizes (-Xss)
#   Set larger code cache with -XX:ReservedCodeCacheSize=
# This output file may be truncated or incomplete.
#
#  Out of Memory Error (allocation.cpp:390), pid=1776, tid=0x0000000000000280
#
# JRE version: OpenJDK Runtime Environment (8.0_152-b01) (build 1.8.0_152-release-915-b01)
# Java VM: OpenJDK 64-Bit Server VM (25.152-b01 mixed mode windows-amd64 compressed oops)
# Failed to write core dump. Minidumps are not enabled by default on client versions of Windows
#

---------------  T H R E A D  ---------------

Current thread (0x0000000015059800):  JavaThread "C2 CompilerThread0" daemon [_thread_in_native, id=640, stack(0x00000000169b0000,0x0000000016ab0000)]

Stack: [0x00000000169b0000,0x0000000016ab0000]
[error occurred during error reporting (printing stack bounds), id 0xc0000005]

Native frames: (J=compiled Java code, j=interpreted, Vv=VM code, C=native code)


Current CompileTask:
C2:   3640 1134       4       org.objectweb.asm.ClassReader::a (500 bytes)


---------------  P R O C E S S  ---------------

Java Threads: ( => current thread )
  0x000000001641a000 JavaThread "Service Thread" daemon [_thread_blocked, id=6788, stack(0x0000000016cb0000,0x0000000016db0000)]
  0x000000001640b000 JavaThread "C1 CompilerThread2" daemon [_thread_blocked, id=1320, stack(0x0000000016bb0000,0x0000000016cb0000)]
  0x000000001505c800 JavaThread "C2 CompilerThread1" daemon [_thread_in_native, id=8852, stack(0x0000000016ab0000,0x0000000016bb0000)]
=>0x0000000015059800 JavaThread "C2 CompilerThread0" daemon [_thread_in_native, id=640, stack(0x00000000169b0000,0x0000000016ab0000)]
  0x00000000163b8800 JavaThread "Attach Listener" daemon [_thread_blocked, id=2196, stack(0x00000000168b0000,0x00000000169b0000)]
  0x000000001500d800 JavaThread "Signal Dispatcher" daemon [_thread_blocked, id=9440, stack(0x00000000167b0000,0x00000000168b0000)]
  0x0000000004c9b000 JavaThread "Finalizer" daemon [_thread_blocked, id=9604, stack(0x0000000016250000,0x0000000016350000)]
  0x0000000014fc7000 JavaThread "Reference Handler" daemon [_thread_blocked, id=8068, stack(0x0000000016150000,0x0000000016250000)]
  0x0000000002eee000 JavaThread "main" [_thread_in_Java, id=1268, stack(0x0000000004720000,0x0000000004820000)]

Other Threads:
  0x0000000014fc5800 VMThread [stack: 0x0000000016050000,0x0000000016150000] [id=7664]
  0x000000001641b800 WatcherThread [stack: 0x0000000016db0000,0x0000000016eb0000] [id=452]

VM state:not at safepoint (normal execution)

VM Mutex/Monitor currently owned by a thread: None

Heap:
 PSYoungGen      total 18944K, used 6107K [0x00000000feb00000, 0x0000000100000000, 0x0000000100000000)
  eden space 16384K, 21% used [0x00000000feb00000,0x00000000fee7e020,0x00000000ffb00000)
  from space 2560K, 98% used [0x00000000ffb00000,0x00000000ffd78c10,0x00000000ffd80000)
  to   space 2560K, 0% used [0x00000000ffd80000,0x00000000ffd80000,0x0000000100000000)
 ParOldGen       total 44032K, used 6403K [0x00000000fc000000, 0x00000000feb00000, 0x00000000feb00000)
  object space 44032K, 14% used [0x00000000fc000000,0x00000000fc640c18,0x00000000feb00000)
 Metaspace       used 7906K, capacity 8074K, committed 8192K, reserved 1056768K
  class space    used 905K, capacity 989K, committed 1024K, reserved 1048576K

Card table byte_map: [0x0000000002ea0000,0x0000000002ed0000] byte_map_base: 0x00000000026c0000

Marking Bits: (ParMarkBitMap*) 0x0000000074ad3950
 Begin Bits: [0x0000000014460000, 0x0000000014560000)
 End Bits:   [0x0000000014560000, 0x0000000014660000)

Polling page: 0x0000000002e70000

CodeCache: size=245760Kb used=4132Kb max_used=4141Kb free=241628Kb
 bounds [0x0000000004ca0000, 0x00000000050c0000, 0x0000000013ca0000]
 total_blobs=1470 nmethods=1136 adapters=248
 compilation: enabled

Compilation events (10 events):
Event: 3.583 Thread 0x0000000015059800 nmethod 1132 0x00000000050aa850 code [0x00000000050aa9a0, 0x00000000050aad68]
Event: 3.583 Thread 0x0000000015059800 1134       4       org.objectweb.asm.ClassReader::a (500 bytes)
Event: 3.584 Thread 0x000000001640b000 1137       1       org.objectweb.asm.MethodWriter::visitEnd (1 bytes)
Event: 3.584 Thread 0x000000001640b000 nmethod 1137 0x00000000050aa590 code [0x00000000050aa6e0, 0x00000000050aa7f0]
Event: 3.587 Thread 0x000000001640b000 1138       1       org.objectweb.asm.tree.MethodNode::visitCode (1 bytes)
Event: 3.587 Thread 0x000000001640b000 nmethod 1138 0x00000000050acb10 code [0x00000000050acc60, 0x00000000050acd70]
Event: 3.587 Thread 0x000000001640b000 1139       1       org.objectweb.asm.tree.MethodNode::visitMaxs (11 bytes)
Event: 3.587 Thread 0x000000001640b000 nmethod 1139 0x00000000050ac850 code [0x00000000050ac9a0, 0x00000000050acab0]
Event: 3.590 Thread 0x000000001640b000 1140       1       com.google.devtools.build.android.desugar.TryWithResourcesRewriter::access$000 (5 bytes)
Event: 3.590 Thread 0x000000001640b000 nmethod 1140 0x00000000050ac590 code [0x00000000050ac6e0, 0x00000000050ac7d0]

GC Heap History (6 events):
Event: 1.265 GC heap before
{Heap before GC invocations=1 (full 0):
 PSYoungGen      total 18944K, used 16384K [0x00000000feb00000, 0x0000000100000000, 0x0000000100000000)
  eden space 16384K, 100% used [0x00000000feb00000,0x00000000ffb00000,0x00000000ffb00000)
  from space 2560K, 0% used [0x00000000ffd80000,0x00000000ffd80000,0x0000000100000000)
  to   space 2560K, 0% used [0x00000000ffb00000,0x00000000ffb00000,0x00000000ffd80000)
 ParOldGen       total 44032K, used 0K [0x00000000fc000000, 0x00000000feb00000, 0x00000000feb00000)
  object space 44032K, 0% used [0x00000000fc000000,0x00000000fc000000,0x00000000feb00000)
 Metaspace       used 6602K, capacity 6744K, committed 7040K, reserved 1056768K
  class space    used 773K, capacity 824K, committed 896K, reserved 1048576K
Event: 1.339 GC heap after
Heap after GC invocations=1 (full 0):
 PSYoungGen      total 18944K, used 2552K [0x00000000feb00000, 0x0000000100000000, 0x0000000100000000)
  eden space 16384K, 0% used [0x00000000feb00000,0x00000000feb00000,0x00000000ffb00000)
  from space 2560K, 99% used [0x00000000ffb00000,0x00000000ffd7e020,0x00000000ffd80000)
  to   space 2560K, 0% used [0x00000000ffd80000,0x00000000ffd80000,0x0000000100000000)
 ParOldGen       total 44032K, used 1697K [0x00000000fc000000, 0x00000000feb00000, 0x00000000feb00000)
  object space 44032K, 3% used [0x00000000fc000000,0x00000000fc1a86d8,0x00000000feb00000)
 Metaspace       used 6602K, capacity 6744K, committed 7040K, reserved 1056768K
  class space    used 773K, capacity 824K, committed 896K, reserved 1048576K
}
Event: 1.855 GC heap before
{Heap before GC invocations=2 (full 0):
 PSYoungGen      total 18944K, used 18936K [0x00000000feb00000, 0x0000000100000000, 0x0000000100000000)
  eden space 16384K, 100% used [0x00000000feb00000,0x00000000ffb00000,0x00000000ffb00000)
  from space 2560K, 99% used [0x00000000ffb00000,0x00000000ffd7e020,0x00000000ffd80000)
  to   space 2560K, 0% used [0x00000000ffd80000,0x00000000ffd80000,0x0000000100000000)
 ParOldGen       total 44032K, used 1697K [0x00000000fc000000, 0x00000000feb00000, 0x00000000feb00000)
  object space 44032K, 3% used [0x00000000fc000000,0x00000000fc1a86d8,0x00000000feb00000)
 Metaspace       used 7296K, capacity 7498K, committed 7680K, reserved 1056768K
  class space    used 857K, capacity 925K, committed 1024K, reserved 1048576K
Event: 1.863 GC heap after
Heap after GC invocations=2 (full 0):
 PSYoungGen      total 18944K, used 2547K [0x00000000feb00000, 0x0000000100000000, 0x0000000100000000)
  eden space 16384K, 0% used [0x00000000feb00000,0x00000000feb00000,0x00000000ffb00000)
  from space 2560K, 99% used [0x00000000ffd80000,0x00000000ffffcc20,0x0000000100000000)
  to   space 2560K, 0% used [0x00000000ffb00000,0x00000000ffb00000,0x00000000ffd80000)
 ParOldGen       total 44032K, used 5853K [0x00000000fc000000, 0x00000000feb00000, 0x00000000feb00000)
  object space 44032K, 13% used [0x00000000fc000000,0x00000000fc5b76b8,0x00000000feb00000)
 Metaspace       used 7296K, capacity 7498K, committed 7680K, reserved 1056768K
  class space    used 857K, capacity 925K, committed 1024K, reserved 1048576K
}
Event: 3.478 GC heap before
{Heap before GC invocations=3 (full 0):
 PSYoungGen      total 18944K, used 18931K [0x00000000feb00000, 0x0000000100000000, 0x0000000100000000)
  eden space 16384K, 100% used [0x00000000feb00000,0x00000000ffb00000,0x00000000ffb00000)
  from space 2560K, 99% used [0x00000000ffd80000,0x00000000ffffcc20,0x0000000100000000)
  to   space 2560K, 0% used [0x00000000ffb00000,0x00000000ffb00000,0x00000000ffd80000)
 ParOldGen       total 44032K, used 5853K [0x00000000fc000000, 0x00000000feb00000, 0x00000000feb00000)
  object space 44032K, 13% used [0x00000000fc000000,0x00000000fc5b76b8,0x00000000feb00000)
 Metaspace       used 7905K, capacity 8074K, committed 8192K, reserved 1056768K
  class space    used 905K, capacity 989K, committed 1024K, reserved 1048576K
Event: 3.557 GC heap after
Heap after GC invocations=3 (full 0):
 PSYoungGen      total 18944K, used 2531K [0x00000000feb00000, 0x0000000100000000, 0x0000000100000000)
  eden space 16384K, 0% used [0x00000000feb00000,0x00000000feb00000,0x00000000ffb00000)
  from space 2560K, 98% used [0x00000000ffb00000,0x00000000ffd78c10,0x00000000ffd80000)
  to   space 2560K, 0% used [0x00000000ffd80000,0x00000000ffd80000,0x0000000100000000)
 ParOldGen       total 44032K, used 6403K [0x00000000fc000000, 0x00000000feb00000, 0x00000000feb00000)
  object space 44032K, 14% used [0x00000000fc000000,0x00000000fc640c18,0x00000000feb00000)
 Metaspace       used 7905K, capacity 8074K, committed 8192K, reserved 1056768K
  class space    used 905K, capacity 989K, committed 1024K, reserved 1048576K
}

Deoptimization events (10 events):
Event: 3.393 Thread 0x0000000002eee000 Uncommon trap: reason=unstable_if action=reinterpret pc=0x0000000004f82880 method=org.objectweb.asm.Item.a(Lorg/objectweb/asm/Item;)Z @ 345
Event: 3.413 Thread 0x0000000002eee000 Uncommon trap: reason=class_check action=maybe_recompile pc=0x000000000502b908 method=org.objectweb.asm.tree.VarInsnNode.accept(Lorg/objectweb/asm/MethodVisitor;)V @ 9
Event: 3.413 Thread 0x0000000002eee000 Uncommon trap: reason=class_check action=maybe_recompile pc=0x000000000502b908 method=org.objectweb.asm.tree.VarInsnNode.accept(Lorg/objectweb/asm/MethodVisitor;)V @ 9
Event: 3.413 Thread 0x0000000002eee000 Uncommon trap: reason=class_check action=maybe_recompile pc=0x000000000502b908 method=org.objectweb.asm.tree.VarInsnNode.accept(Lorg/objectweb/asm/MethodVisitor;)V @ 9
Event: 3.413 Thread 0x0000000002eee000 Uncommon trap: reason=class_check action=maybe_recompile pc=0x000000000502b908 method=org.objectweb.asm.tree.VarInsnNode.accept(Lorg/objectweb/asm/MethodVisitor;)V @ 9
Event: 3.419 Thread 0x0000000002eee000 Uncommon trap: reason=unstable_if action=reinterpret pc=0x0000000004f8433c method=org.objectweb.asm.ClassReader.a(II[C)Ljava/lang/String; @ 77
Event: 3.419 Thread 0x0000000002eee000 Uncommon trap: reason=unstable_if action=reinterpret pc=0x0000000004fbddfc method=org.objectweb.asm.ClassReader.a(II[C)Ljava/lang/String; @ 77
Event: 3.421 Thread 0x0000000002eee000 Uncommon trap: reason=unstable_if action=reinterpret pc=0x0000000004ffa60c method=org.objectweb.asm.ByteVector.putUTF8(Ljava/lang/String;)Lorg/objectweb/asm/ByteVector; @ 98
Event: 3.421 Thread 0x0000000002eee000 Uncommon trap: reason=unstable_if action=reinterpret pc=0x0000000004fbc338 method=org.objectweb.asm.ByteVector.putUTF8(Ljava/lang/String;)Lorg/objectweb/asm/ByteVector; @ 98
Event: 3.429 Thread 0x0000000002eee000 Uncommon trap: reason=unstable_if action=reinterpret pc=0x000000000505a7b4 method=org.objectweb.asm.tree.MethodNode.getLabelNodes([Ljava/lang/Object;)[Ljava/lang/Object; @ 24

Classes redefined (0 events):
No events

Internal exceptions (10 events):
Event: 1.495 Thread 0x0000000002eee000 Exception <a 'sun/nio/fs/WindowsException'> (0x00000000ff1a5078) thrown at [D:\src\AOSP-openjdk-cygwin\jdk8u\hotspot\src\share\vm\prims\jni.cpp, line 709]
Event: 1.495 Thread 0x0000000002eee000 Exception <a 'sun/nio/fs/WindowsException'> (0x00000000ff1a5670) thrown at [D:\src\AOSP-openjdk-cygwin\jdk8u\hotspot\src\share\vm\prims\jni.cpp, line 709]
Event: 1.495 Thread 0x0000000002eee000 Exception <a 'sun/nio/fs/WindowsException'> (0x00000000ff1a5e40) thrown at [D:\src\AOSP-openjdk-cygwin\jdk8u\hotspot\src\share\vm\prims\jni.cpp, line 709]
Event: 1.495 Thread 0x0000000002eee000 Exception <a 'sun/nio/fs/WindowsException'> (0x00000000ff1a6410) thrown at [D:\src\AOSP-openjdk-cygwin\jdk8u\hotspot\src\share\vm\prims\jni.cpp, line 709]
Event: 1.495 Thread 0x0000000002eee000 Exception <a 'sun/nio/fs/WindowsException'> (0x00000000ff1a6bd0) thrown at [D:\src\AOSP-openjdk-cygwin\jdk8u\hotspot\src\share\vm\prims\jni.cpp, line 709]
Event: 1.507 Thread 0x0000000002eee000 Exception <a 'sun/nio/fs/WindowsException'> (0x00000000ff1ac038) thrown at [D:\src\AOSP-openjdk-cygwin\jdk8u\hotspot\src\share\vm\prims\jni.cpp, line 709]
Event: 1.760 Thread 0x0000000002eee000 Exception <a 'sun/nio/fs/WindowsException'> (0x00000000ff9df8e8) thrown at [D:\src\AOSP-openjdk-cygwin\jdk8u\hotspot\src\share\vm\prims\jni.cpp, line 709]
Event: 1.760 Thread 0x0000000002eee000 Exception <a 'sun/nio/fs/WindowsException'> (0x00000000ff9dfe70) thrown at [D:\src\AOSP-openjdk-cygwin\jdk8u\hotspot\src\share\vm\prims\jni.cpp, line 709]
Event: 2.634 Thread 0x0000000002eee000 Exception <a 'sun/nio/fs/WindowsException'> (0x00000000ff7c07f8) thrown at [D:\src\AOSP-openjdk-cygwin\jdk8u\hotspot\src\share\vm\prims\jni.cpp, line 709]
Event: 2.634 Thread 0x0000000002eee000 Exception <a 'sun/nio/fs/WindowsException'> (0x00000000ff7c0d00) thrown at [D:\src\AOSP-openjdk-cygwin\jdk8u\hotspot\src\share\vm\prims\jni.cpp, line 709]

Events (10 events):
Event: 3.450 Thread 0x0000000002eee000 DEOPT PACKING pc=0x0000000005005286 sp=0x000000000481eb90
Event: 3.450 Thread 0x0000000002eee000 DEOPT UNPACKING pc=0x0000000004ce75bf sp=0x000000000481e970 mode 0
Event: 3.478 Executing VM operation: ParallelGCFailedAllocation
Event: 3.557 Executing VM operation: ParallelGCFailedAllocation done
Event: 3.569 Thread 0x0000000002eee000 DEOPT PACKING pc=0x0000000004f984d8 sp=0x000000000481e9b0
Event: 3.569 Thread 0x0000000002eee000 DEOPT UNPACKING pc=0x0000000004ce75bf sp=0x000000000481e960 mode 0
Event: 3.576 Thread 0x0000000002eee000 DEOPT PACKING pc=0x0000000004fe93f0 sp=0x000000000481eb40
Event: 3.576 Thread 0x0000000002eee000 DEOPT UNPACKING pc=0x0000000004ce75bf sp=0x000000000481e868 mode 0
Event: 3.593 Thread 0x0000000002eee000 DEOPT PACKING pc=0x0000000004f984d8 sp=0x000000000481e9e0
Event: 3.593 Thread 0x0000000002eee000 DEOPT UNPACKING pc=0x0000000004ce75bf sp=0x000000000481e990 mode 0


Dynamic libraries:
0x00007ff7b2e80000 - 0x00007ff7b2eb1000 	D:\Android\Android\Android Studio\jre\bin\java.exe
0x00007ffab57a0000 - 0x00007ffab5980000 	C:\Windows\SYSTEM32\ntdll.dll
0x00007ffab4ae0000 - 0x00007ffab4b8e000 	C:\Windows\System32\KERNEL32.DLL
0x00007ffab1ba0000 - 0x00007ffab1e06000 	C:\Windows\System32\KERNELBASE.dll
0x00007ffab5180000 - 0x00007ffab5221000 	C:\Windows\System32\ADVAPI32.dll
0x00007ffab56a0000 - 0x00007ffab573d000 	C:\Windows\System32\msvcrt.dll
0x00007ffab5610000 - 0x00007ffab566b000 	C:\Windows\System32\sechost.dll
0x00007ffab3260000 - 0x00007ffab337f000 	C:\Windows\System32\RPCRT4.dll
0x00007ffab4ce0000 - 0x00007ffab4e6e000 	C:\Windows\System32\USER32.dll
0x00007ffab1fb0000 - 0x00007ffab1fd0000 	C:\Windows\System32\win32u.dll
0x00007ffab5740000 - 0x00007ffab5768000 	C:\Windows\System32\GDI32.dll
0x00007ffab1e10000 - 0x00007ffab1fa1000 	C:\Windows\System32\gdi32full.dll
0x00007ffab2030000 - 0x00007ffab20cb000 	C:\Windows\System32\msvcp_win.dll
0x00007ffab2200000 - 0x00007ffab22f6000 	C:\Windows\System32\ucrtbase.dll
0x00007ffaa9c00000 - 0x00007ffaa9e69000 	C:\Windows\WinSxS\amd64_microsoft.windows.common-controls_6595b64144ccf1df_6.0.16299.15_none_cc92fb402215d91d\COMCTL32.dll
0x00007ffab47d0000 - 0x00007ffab4ad8000 	C:\Windows\System32\combase.dll
0x00007ffab2180000 - 0x00007ffab21f2000 	C:\Windows\System32\bcryptPrimitives.dll
0x00007ffab5670000 - 0x00007ffab569d000 	C:\Windows\System32\IMM32.DLL
0x0000000074230000 - 0x0000000074302000 	D:\Android\Android\Android Studio\jre\jre\bin\msvcr100.dll
0x0000000074310000 - 0x0000000074b4e000 	D:\Android\Android\Android Studio\jre\jre\bin\server\jvm.dll
0x00007ffab3380000 - 0x00007ffab3388000 	C:\Windows\System32\PSAPI.DLL
0x00007ffaae520000 - 0x00007ffaae529000 	C:\Windows\SYSTEM32\WSOCK32.dll
0x00007ffab53a0000 - 0x00007ffab540c000 	C:\Windows\System32\WS2_32.dll
0x00007ffaaf930000 - 0x00007ffaaf953000 	C:\Windows\SYSTEM32\WINMM.dll
0x00007ffab07e0000 - 0x00007ffab07ea000 	C:\Windows\SYSTEM32\VERSION.dll
0x00007ffaaf630000 - 0x00007ffaaf65a000 	C:\Windows\SYSTEM32\WINMMBASE.dll
0x00007ffab2300000 - 0x00007ffab234a000 	C:\Windows\System32\cfgmgr32.dll
0x00007ffaae4f0000 - 0x00007ffaae4ff000 	D:\Android\Android\Android Studio\jre\jre\bin\verify.dll
0x00007ffaaad50000 - 0x00007ffaaad79000 	D:\Android\Android\Android Studio\jre\jre\bin\java.dll
0x00007ffaab680000 - 0x00007ffaab696000 	D:\Android\Android\Android Studio\jre\jre\bin\zip.dll
0x00007ffab3390000 - 0x00007ffab47c7000 	C:\Windows\System32\SHELL32.dll
0x00007ffab2ce0000 - 0x00007ffab2d86000 	C:\Windows\System32\shcore.dll
0x00007ffab2520000 - 0x00007ffab2c67000 	C:\Windows\System32\windows.storage.dll
0x00007ffab4e70000 - 0x00007ffab4ec1000 	C:\Windows\System32\shlwapi.dll
0x00007ffab1b40000 - 0x00007ffab1b51000 	C:\Windows\System32\kernel.appcore.dll
0x00007ffab1af0000 - 0x00007ffab1b3c000 	C:\Windows\System32\powrprof.dll
0x00007ffab1b80000 - 0x00007ffab1b9b000 	C:\Windows\System32\profapi.dll
0x00007ffab14e0000 - 0x00007ffab14f7000 	C:\Windows\SYSTEM32\CRYPTSP.dll
0x00007ffab0f30000 - 0x00007ffab0f63000 	C:\Windows\system32\rsaenh.dll
0x00007ffab15f0000 - 0x00007ffab1615000 	C:\Windows\SYSTEM32\bcrypt.dll
0x00007ffab1a20000 - 0x00007ffab1a49000 	C:\Windows\SYSTEM32\USERENV.dll
0x00007ffab1500000 - 0x00007ffab150b000 	C:\Windows\SYSTEM32\CRYPTBASE.dll
0x00007ffaa8110000 - 0x00007ffaa812a000 	D:\Android\Android\Android Studio\jre\jre\bin\net.dll
0x00007ffab1320000 - 0x00007ffab1386000 	C:\Windows\system32\mswsock.dll
0x00007ffab10b0000 - 0x00007ffab10e9000 	C:\Windows\SYSTEM32\IPHLPAPI.DLL
0x00007ffab5600000 - 0x00007ffab5608000 	C:\Windows\System32\NSI.dll
0x00007ffaac900000 - 0x00007ffaac916000 	C:\Windows\SYSTEM32\dhcpcsvc6.DLL
0x00007ffaac8e0000 - 0x00007ffaac8fa000 	C:\Windows\SYSTEM32\dhcpcsvc.DLL
0x00007ffaa6a20000 - 0x00007ffaa6a31000 	D:\Android\Android\Android Studio\jre\jre\bin\nio.dll

VM Arguments:
jvm_args: -Djava.awt.headless=true -Xmx64M -Dfile.encoding=GBK -Duser.country=CN -Duser.language=zh -Duser.variant 
java_command: com.google.devtools.build.android.desugar.Desugar @D:\Android\TEST\WanAndroidTest\app\build\intermediates\tmp\desugar_args3188669806733559251
java_class_path (initial): C:\Users\Administrator\AppData\Local\Temp\desugar_deploy.jar2872256966551270965
Launcher Type: SUN_STANDARD

Environment Variables:
PATH=C:\Windows\system32;C:\Windows;C:\Windows\System32\Wbem;C:\Windows\System32\WindowsPowerShell\v1.0\;C:\Program Files (x86)\NVIDIA Corporation\PhysX\Common;C:\Users\Administrator\AppData\Local\Microsoft\WindowsApps;
USERNAME=Administrator
OS=Windows_NT
PROCESSOR_IDENTIFIER=Intel64 Family 6 Model 58 Stepping 9, GenuineIntel



---------------  S Y S T E M  ---------------

OS: Windows 10.0 , 64 bit Build 16299 (10.0.16299.15)

CPU:total 4 (initial active 4) (2 cores per cpu, 2 threads per core) family 6 model 58 stepping 9, cmov, cx8, fxsr, mmx, sse, sse2, sse3, ssse3, sse4.1, sse4.2, popcnt, avx, clmul, erms, ht, tsc, tscinvbit, tscinv

Memory: 4k page, physical 8281380k(1056220k free), swap 8281380k(4196k free)

vm_info: OpenJDK 64-Bit Server VM (25.152-b01) for windows-amd64 JRE (1.8.0_152-release-915-b01), built by "builder" with MS VC++ 10.0 (VS2010)

time: Sun Apr 29 11:04:25 2018
elapsed time: 3 seconds (0d 0h 0m 3s)

