#
# There is insufficient memory for the Java Runtime Environment to continue.
# Native memory allocation (malloc) failed to allocate 38416 bytes for Chunk::new
# Possible reasons:
#   The system is out of physical RAM or swap space
#   In 32 bit mode, the process size limit was hit
# Possible solutions:
#   Reduce memory load on the system
#   Increase physical memory or swap space
#   Check if swap backing store is full
#   Use 64 bit Java on a 64 bit OS
#   Decrease Java heap size (-Xmx/-Xms)
#   Decrease number of Java threads
#   Decrease Java thread stack sizes (-Xss)
#   Set larger code cache with -XX:ReservedCodeCacheSize=
# This output file may be truncated or incomplete.
#
#  Out of Memory Error (allocation.cpp:390), pid=9116, tid=0x0000000000001134
#
# JRE version: OpenJDK Runtime Environment (8.0_152-b01) (build 1.8.0_152-release-915-b01)
# Java VM: OpenJDK 64-Bit Server VM (25.152-b01 mixed mode windows-amd64 compressed oops)
# Failed to write core dump. Minidumps are not enabled by default on client versions of Windows
#

---------------  T H R E A D  ---------------

Current thread (0x00000000151cc800):  JavaThread "C2 CompilerThread1" daemon [_thread_in_native, id=4404, stack(0x0000000016bd0000,0x0000000016cd0000)]

Stack: [0x0000000016bd0000,0x0000000016cd0000]
[error occurred during error reporting (printing stack bounds), id 0xc0000005]

Native frames: (J=compiled Java code, j=interpreted, Vv=VM code, C=native code)


Current CompileTask:
C2:   4604 1078       4       org.objectweb.asm.Label::a (214 bytes)


---------------  P R O C E S S  ---------------

Java Threads: ( => current thread )
  0x0000000016532800 JavaThread "Service Thread" daemon [_thread_blocked, id=10152, stack(0x0000000016dd0000,0x0000000016ed0000)]
  0x000000001652c000 JavaThread "C1 CompilerThread2" daemon [_thread_in_native, id=1392, stack(0x0000000016cd0000,0x0000000016dd0000)]
=>0x00000000151cc800 JavaThread "C2 CompilerThread1" daemon [_thread_in_native, id=4404, stack(0x0000000016bd0000,0x0000000016cd0000)]
  0x00000000151c9800 JavaThread "C2 CompilerThread0" daemon [_thread_in_native, id=8928, stack(0x0000000016ad0000,0x0000000016bd0000)]
  0x00000000164d8800 JavaThread "Attach Listener" daemon [_thread_blocked, id=6632, stack(0x00000000169d0000,0x0000000016ad0000)]
  0x000000001517d800 JavaThread "Signal Dispatcher" daemon [_thread_blocked, id=408, stack(0x00000000168d0000,0x00000000169d0000)]
  0x0000000004e0b000 JavaThread "Finalizer" daemon [_thread_blocked, id=9684, stack(0x00000000163d0000,0x00000000164d0000)]
  0x0000000015137000 JavaThread "Reference Handler" daemon [_thread_blocked, id=6276, stack(0x00000000162d0000,0x00000000163d0000)]
  0x000000000477e000 JavaThread "main" [_thread_in_Java, id=7904, stack(0x0000000004c10000,0x0000000004d10000)]

Other Threads:
  0x0000000015135800 VMThread [stack: 0x00000000161d0000,0x00000000162d0000] [id=7720]
  0x0000000016533800 WatcherThread [stack: 0x0000000016ed0000,0x0000000016fd0000] [id=8416]

VM state:not at safepoint (normal execution)

VM Mutex/Monitor currently owned by a thread: None

Heap:
 PSYoungGen      total 18944K, used 15624K [0x00000000feb00000, 0x0000000100000000, 0x0000000100000000)
  eden space 16384K, 79% used [0x00000000feb00000,0x00000000ff7c9478,0x00000000ffb00000)
  from space 2560K, 98% used [0x00000000ffd80000,0x00000000ffff8c00,0x0000000100000000)
  to   space 2560K, 0% used [0x00000000ffb00000,0x00000000ffb00000,0x00000000ffd80000)
 ParOldGen       total 44032K, used 5782K [0x00000000fc000000, 0x00000000feb00000, 0x00000000feb00000)
  object space 44032K, 13% used [0x00000000fc000000,0x00000000fc5a5988,0x00000000feb00000)
 Metaspace       used 7999K, capacity 8206K, committed 8448K, reserved 1056768K
  class space    used 910K, capacity 989K, committed 1024K, reserved 1048576K

Card table byte_map: [0x0000000002be0000,0x0000000002c10000] byte_map_base: 0x0000000002400000

Marking Bits: (ParMarkBitMap*) 0x0000000074ad3950
 Begin Bits: [0x00000000145d0000, 0x00000000146d0000)
 End Bits:   [0x00000000146d0000, 0x00000000147d0000)

Polling page: 0x00000000007c0000

CodeCache: size=245760Kb used=4012Kb max_used=4023Kb free=241747Kb
 bounds [0x0000000004e10000, 0x0000000005210000, 0x0000000013e10000]
 total_blobs=1407 nmethods=1073 adapters=248
 compilation: enabled

Compilation events (10 events):
Event: 4.588 Thread 0x000000001652c000 1071       3       com.google.devtools.build.android.desugar.InvokeDynamicLambdaMethodCollector::getLambdaMethodsUsedInInvokeDyanmic (8 bytes)
Event: 4.589 Thread 0x000000001652c000 nmethod 1071 0x00000000051f9d50 code [0x00000000051f9ee0, 0x00000000051fa218]
Event: 4.590 Thread 0x000000001652c000 1072       3       com.google.devtools.build.android.desugar.Desugar::createClassVisitorsForClassesInInputs (172 bytes)
Event: 4.592 Thread 0x000000001652c000 nmethod 1072 0x00000000051fbf50 code [0x00000000051fc1c0, 0x00000000051fd1d8]
Event: 4.592 Thread 0x000000001652c000 1073       3       com.google.devtools.build.android.desugar.LambdaDesugaring::visit (48 bytes)
Event: 4.593 Thread 0x00000000151cc800 1077       4       org.objectweb.asm.MethodVisitor::visitEnd (15 bytes)
Event: 4.593 Thread 0x000000001652c000 nmethod 1073 0x00000000051fdc90 code [0x00000000051fde60, 0x00000000051fe608]
Event: 4.593 Thread 0x000000001652c000 1076       3       org.objectweb.asm.ClassWriter::toByteArray (1282 bytes)
Event: 4.594 Thread 0x00000000151cc800 nmethod 1077 0x00000000051e0f10 code [0x00000000051e1040, 0x00000000051e10d8]
Event: 4.595 Thread 0x00000000151cc800 1078       4       org.objectweb.asm.Label::a (214 bytes)

GC Heap History (4 events):
Event: 1.826 GC heap before
{Heap before GC invocations=1 (full 0):
 PSYoungGen      total 18944K, used 16384K [0x00000000feb00000, 0x0000000100000000, 0x0000000100000000)
  eden space 16384K, 100% used [0x00000000feb00000,0x00000000ffb00000,0x00000000ffb00000)
  from space 2560K, 0% used [0x00000000ffd80000,0x00000000ffd80000,0x0000000100000000)
  to   space 2560K, 0% used [0x00000000ffb00000,0x00000000ffb00000,0x00000000ffd80000)
 ParOldGen       total 44032K, used 0K [0x00000000fc000000, 0x00000000feb00000, 0x00000000feb00000)
  object space 44032K, 0% used [0x00000000fc000000,0x00000000fc000000,0x00000000feb00000)
 Metaspace       used 6621K, capacity 6812K, committed 7040K, reserved 1056768K
  class space    used 774K, capacity 824K, committed 896K, reserved 1048576K
Event: 1.838 GC heap after
Heap after GC invocations=1 (full 0):
 PSYoungGen      total 18944K, used 2552K [0x00000000feb00000, 0x0000000100000000, 0x0000000100000000)
  eden space 16384K, 0% used [0x00000000feb00000,0x00000000feb00000,0x00000000ffb00000)
  from space 2560K, 99% used [0x00000000ffb00000,0x00000000ffd7e020,0x00000000ffd80000)
  to   space 2560K, 0% used [0x00000000ffd80000,0x00000000ffd80000,0x0000000100000000)
 ParOldGen       total 44032K, used 1683K [0x00000000fc000000, 0x00000000feb00000, 0x00000000feb00000)
  object space 44032K, 3% used [0x00000000fc000000,0x00000000fc1a4ea0,0x00000000feb00000)
 Metaspace       used 6621K, capacity 6812K, committed 7040K, reserved 1056768K
  class space    used 774K, capacity 824K, committed 896K, reserved 1048576K
}
Event: 3.152 GC heap before
{Heap before GC invocations=2 (full 0):
 PSYoungGen      total 18944K, used 18936K [0x00000000feb00000, 0x0000000100000000, 0x0000000100000000)
  eden space 16384K, 100% used [0x00000000feb00000,0x00000000ffb00000,0x00000000ffb00000)
  from space 2560K, 99% used [0x00000000ffb00000,0x00000000ffd7e020,0x00000000ffd80000)
  to   space 2560K, 0% used [0x00000000ffd80000,0x00000000ffd80000,0x0000000100000000)
 ParOldGen       total 44032K, used 1683K [0x00000000fc000000, 0x00000000feb00000, 0x00000000feb00000)
  object space 44032K, 3% used [0x00000000fc000000,0x00000000fc1a4ea0,0x00000000feb00000)
 Metaspace       used 7293K, capacity 7438K, committed 7680K, reserved 1056768K
  class space    used 857K, capacity 925K, committed 1024K, reserved 1048576K
Event: 3.215 GC heap after
Heap after GC invocations=2 (full 0):
 PSYoungGen      total 18944K, used 2531K [0x00000000feb00000, 0x0000000100000000, 0x0000000100000000)
  eden space 16384K, 0% used [0x00000000feb00000,0x00000000feb00000,0x00000000ffb00000)
  from space 2560K, 98% used [0x00000000ffd80000,0x00000000ffff8c00,0x0000000100000000)
  to   space 2560K, 0% used [0x00000000ffb00000,0x00000000ffb00000,0x00000000ffd80000)
 ParOldGen       total 44032K, used 5782K [0x00000000fc000000, 0x00000000feb00000, 0x00000000feb00000)
  object space 44032K, 13% used [0x00000000fc000000,0x00000000fc5a5988,0x00000000feb00000)
 Metaspace       used 7293K, capacity 7438K, committed 7680K, reserved 1056768K
  class space    used 857K, capacity 925K, committed 1024K, reserved 1048576K
}

Deoptimization events (10 events):
Event: 3.138 Thread 0x000000000477e000 Uncommon trap: reason=class_check action=maybe_recompile pc=0x0000000005037f50 method=com.google.common.collect.Iterators$7.transform(Ljava/lang/Object;)Ljava/lang/Object; @ 5
Event: 3.138 Thread 0x000000000477e000 Uncommon trap: reason=class_check action=maybe_recompile pc=0x000000000503e4ec method=com.google.common.collect.TransformedIterator.hasNext()Z @ 4
Event: 3.138 Thread 0x000000000477e000 Uncommon trap: reason=class_check action=maybe_recompile pc=0x000000000504a270 method=com.google.common.collect.TransformedIterator.next()Ljava/lang/Object; @ 5
Event: 3.138 Thread 0x000000000477e000 Uncommon trap: reason=class_check action=maybe_recompile pc=0x0000000005037f50 method=com.google.common.collect.Iterators$7.transform(Ljava/lang/Object;)Ljava/lang/Object; @ 5
Event: 3.138 Thread 0x000000000477e000 Uncommon trap: reason=class_check action=maybe_recompile pc=0x000000000504a270 method=com.google.common.collect.TransformedIterator.next()Ljava/lang/Object; @ 5
Event: 3.138 Thread 0x000000000477e000 Uncommon trap: reason=class_check action=maybe_recompile pc=0x0000000005037f50 method=com.google.common.collect.Iterators$7.transform(Ljava/lang/Object;)Ljava/lang/Object; @ 5
Event: 3.444 Thread 0x000000000477e000 Uncommon trap: reason=unstable_if action=reinterpret pc=0x00000000050eb13c method=org.objectweb.asm.ClassReader.a(II[C)Ljava/lang/String; @ 77
Event: 3.476 Thread 0x000000000477e000 Uncommon trap: reason=unstable_if action=reinterpret pc=0x00000000050ef130 method=org.objectweb.asm.ByteVector.putUTF8(Ljava/lang/String;)Lorg/objectweb/asm/ByteVector; @ 91
Event: 3.610 Thread 0x000000000477e000 Uncommon trap: reason=unstable_if action=reinterpret pc=0x0000000005138130 method=org.objectweb.asm.ClassReader.a(II[C)Ljava/lang/String; @ 98
Event: 3.611 Thread 0x000000000477e000 Uncommon trap: reason=unstable_if action=reinterpret pc=0x0000000005138fac method=org.objectweb.asm.ByteVector.putUTF8(Ljava/lang/String;)Lorg/objectweb/asm/ByteVector; @ 98

Classes redefined (0 events):
No events

Internal exceptions (10 events):
Event: 2.165 Thread 0x000000000477e000 Exception <a 'sun/nio/fs/WindowsException'> (0x00000000ff1ae6b8) thrown at [D:\src\AOSP-openjdk-cygwin\jdk8u\hotspot\src\share\vm\prims\jni.cpp, line 709]
Event: 2.165 Thread 0x000000000477e000 Exception <a 'sun/nio/fs/WindowsException'> (0x00000000ff1aec88) thrown at [D:\src\AOSP-openjdk-cygwin\jdk8u\hotspot\src\share\vm\prims\jni.cpp, line 709]
Event: 2.165 Thread 0x000000000477e000 Exception <a 'sun/nio/fs/WindowsException'> (0x00000000ff1af448) thrown at [D:\src\AOSP-openjdk-cygwin\jdk8u\hotspot\src\share\vm\prims\jni.cpp, line 709]
Event: 2.191 Thread 0x000000000477e000 Exception <a 'sun/nio/fs/WindowsException'> (0x00000000ff1b48b0) thrown at [D:\src\AOSP-openjdk-cygwin\jdk8u\hotspot\src\share\vm\prims\jni.cpp, line 709]
Event: 2.657 Thread 0x000000000477e000 Exception <a 'sun/nio/fs/WindowsException'> (0x00000000ff9f7280) thrown at [D:\src\AOSP-openjdk-cygwin\jdk8u\hotspot\src\share\vm\prims\jni.cpp, line 709]
Event: 2.658 Thread 0x000000000477e000 Exception <a 'sun/nio/fs/WindowsException'> (0x00000000ff9f7808) thrown at [D:\src\AOSP-openjdk-cygwin\jdk8u\hotspot\src\share\vm\prims\jni.cpp, line 709]
Event: 3.405 Thread 0x000000000477e000 Exception <a 'sun/nio/fs/WindowsException'> (0x00000000feca3358) thrown at [D:\src\AOSP-openjdk-cygwin\jdk8u\hotspot\src\share\vm\prims\jni.cpp, line 709]
Event: 3.405 Thread 0x000000000477e000 Exception <a 'sun/nio/fs/WindowsException'> (0x00000000feca3860) thrown at [D:\src\AOSP-openjdk-cygwin\jdk8u\hotspot\src\share\vm\prims\jni.cpp, line 709]
Event: 4.052 Thread 0x000000000477e000 Exception <a 'sun/nio/fs/WindowsException'> (0x00000000ff078508) thrown at [D:\src\AOSP-openjdk-cygwin\jdk8u\hotspot\src\share\vm\prims\jni.cpp, line 709]
Event: 4.052 Thread 0x000000000477e000 Exception <a 'sun/nio/fs/WindowsException'> (0x00000000ff078a10) thrown at [D:\src\AOSP-openjdk-cygwin\jdk8u\hotspot\src\share\vm\prims\jni.cpp, line 709]

Events (10 events):
Event: 3.588 loading class com/google/devtools/build/android/desugar/Java7Compatibility$InlineOneMethod
Event: 3.588 loading class com/google/devtools/build/android/desugar/Java7Compatibility$InlineOneMethod done
Event: 3.610 Thread 0x000000000477e000 Uncommon trap: trap_request=0xffffff65 fr.pc=0x0000000005138130
Event: 3.610 Thread 0x000000000477e000 DEOPT PACKING pc=0x0000000005138130 sp=0x0000000004d0e9c0
Event: 3.610 Thread 0x000000000477e000 DEOPT UNPACKING pc=0x0000000004e5556a sp=0x0000000004d0e8d8 mode 2
Event: 3.611 Thread 0x000000000477e000 Uncommon trap: trap_request=0xffffff65 fr.pc=0x0000000005138fac
Event: 3.611 Thread 0x000000000477e000 DEOPT PACKING pc=0x0000000005138fac sp=0x0000000004d0ea70
Event: 3.611 Thread 0x000000000477e000 DEOPT UNPACKING pc=0x0000000004e5556a sp=0x0000000004d0e9f8 mode 2
Event: 4.317 Executing VM operation: EnableBiasedLocking
Event: 4.318 Executing VM operation: EnableBiasedLocking done


Dynamic libraries:
0x00007ff7b5310000 - 0x00007ff7b5341000 	D:\Android\Android\Android Studio\jre\bin\java.exe
0x00007ffab57a0000 - 0x00007ffab5980000 	C:\Windows\SYSTEM32\ntdll.dll
0x00007ffab4ae0000 - 0x00007ffab4b8e000 	C:\Windows\System32\KERNEL32.DLL
0x00007ffab1ba0000 - 0x00007ffab1e06000 	C:\Windows\System32\KERNELBASE.dll
0x00007ffab5180000 - 0x00007ffab5221000 	C:\Windows\System32\ADVAPI32.dll
0x00007ffab56a0000 - 0x00007ffab573d000 	C:\Windows\System32\msvcrt.dll
0x00007ffab5610000 - 0x00007ffab566b000 	C:\Windows\System32\sechost.dll
0x00007ffab3260000 - 0x00007ffab337f000 	C:\Windows\System32\RPCRT4.dll
0x00007ffab4ce0000 - 0x00007ffab4e6e000 	C:\Windows\System32\USER32.dll
0x00007ffab1fb0000 - 0x00007ffab1fd0000 	C:\Windows\System32\win32u.dll
0x00007ffab5740000 - 0x00007ffab5768000 	C:\Windows\System32\GDI32.dll
0x00007ffab1e10000 - 0x00007ffab1fa1000 	C:\Windows\System32\gdi32full.dll
0x00007ffab2030000 - 0x00007ffab20cb000 	C:\Windows\System32\msvcp_win.dll
0x00007ffab2200000 - 0x00007ffab22f6000 	C:\Windows\System32\ucrtbase.dll
0x00007ffaa8630000 - 0x00007ffaa8899000 	C:\Windows\WinSxS\amd64_microsoft.windows.common-controls_6595b64144ccf1df_6.0.16299.15_none_cc92fb402215d91d\COMCTL32.dll
0x00007ffab47d0000 - 0x00007ffab4ad8000 	C:\Windows\System32\combase.dll
0x00007ffab2180000 - 0x00007ffab21f2000 	C:\Windows\System32\bcryptPrimitives.dll
0x00007ffab5670000 - 0x00007ffab569d000 	C:\Windows\System32\IMM32.DLL
0x0000000074230000 - 0x0000000074302000 	D:\Android\Android\Android Studio\jre\jre\bin\msvcr100.dll
0x0000000074310000 - 0x0000000074b4e000 	D:\Android\Android\Android Studio\jre\jre\bin\server\jvm.dll
0x00007ffab3380000 - 0x00007ffab3388000 	C:\Windows\System32\PSAPI.DLL
0x00007ffaae6c0000 - 0x00007ffaae6c9000 	C:\Windows\SYSTEM32\WSOCK32.dll
0x00007ffab53a0000 - 0x00007ffab540c000 	C:\Windows\System32\WS2_32.dll
0x00007ffaaf930000 - 0x00007ffaaf953000 	C:\Windows\SYSTEM32\WINMM.dll
0x00007ffab07e0000 - 0x00007ffab07ea000 	C:\Windows\SYSTEM32\VERSION.dll
0x00007ffaaf630000 - 0x00007ffaaf65a000 	C:\Windows\SYSTEM32\winmmbase.dll
0x00007ffab2300000 - 0x00007ffab234a000 	C:\Windows\System32\cfgmgr32.dll
0x00007ffaac750000 - 0x00007ffaac75f000 	D:\Android\Android\Android Studio\jre\jre\bin\verify.dll
0x00007ffaa80b0000 - 0x00007ffaa80d9000 	D:\Android\Android\Android Studio\jre\jre\bin\java.dll
0x00007ffaac730000 - 0x00007ffaac746000 	D:\Android\Android\Android Studio\jre\jre\bin\zip.dll
0x00007ffab3390000 - 0x00007ffab47c7000 	C:\Windows\System32\SHELL32.dll
0x00007ffab2ce0000 - 0x00007ffab2d86000 	C:\Windows\System32\shcore.dll
0x00007ffab2520000 - 0x00007ffab2c67000 	C:\Windows\System32\windows.storage.dll
0x00007ffab4e70000 - 0x00007ffab4ec1000 	C:\Windows\System32\shlwapi.dll
0x00007ffab1b40000 - 0x00007ffab1b51000 	C:\Windows\System32\kernel.appcore.dll
0x00007ffab1af0000 - 0x00007ffab1b3c000 	C:\Windows\System32\powrprof.dll
0x00007ffab1b80000 - 0x00007ffab1b9b000 	C:\Windows\System32\profapi.dll
0x00007ffab14e0000 - 0x00007ffab14f7000 	C:\Windows\SYSTEM32\CRYPTSP.dll
0x00007ffab0f30000 - 0x00007ffab0f63000 	C:\Windows\system32\rsaenh.dll
0x00007ffab15f0000 - 0x00007ffab1615000 	C:\Windows\SYSTEM32\bcrypt.dll
0x00007ffab1a20000 - 0x00007ffab1a49000 	C:\Windows\SYSTEM32\USERENV.dll
0x00007ffab1500000 - 0x00007ffab150b000 	C:\Windows\SYSTEM32\CRYPTBASE.dll
0x00007ffaabfc0000 - 0x00007ffaabfda000 	D:\Android\Android\Android Studio\jre\jre\bin\net.dll
0x00007ffab1320000 - 0x00007ffab1386000 	C:\Windows\system32\mswsock.dll
0x00007ffab10b0000 - 0x00007ffab10e9000 	C:\Windows\SYSTEM32\IPHLPAPI.DLL
0x00007ffab5600000 - 0x00007ffab5608000 	C:\Windows\System32\NSI.dll
0x00007ffaac900000 - 0x00007ffaac916000 	C:\Windows\SYSTEM32\dhcpcsvc6.DLL
0x00007ffaac8e0000 - 0x00007ffaac8fa000 	C:\Windows\SYSTEM32\dhcpcsvc.DLL
0x00007ffaa4a90000 - 0x00007ffaa4aa1000 	D:\Android\Android\Android Studio\jre\jre\bin\nio.dll

VM Arguments:
jvm_args: -Djava.awt.headless=true -Xmx64M -Dfile.encoding=GBK -Duser.country=CN -Duser.language=zh -Duser.variant 
java_command: com.google.devtools.build.android.desugar.Desugar @D:\Android\TEST\WanAndroidTest\app\build\intermediates\tmp\desugar_args6808883234047774688
java_class_path (initial): C:\Users\Administrator\AppData\Local\Temp\desugar_deploy.jar7175976295031975279
Launcher Type: SUN_STANDARD

Environment Variables:
PATH=C:\Windows\system32;C:\Windows;C:\Windows\System32\Wbem;C:\Windows\System32\WindowsPowerShell\v1.0\;C:\Program Files (x86)\NVIDIA Corporation\PhysX\Common;C:\Users\Administrator\AppData\Local\Microsoft\WindowsApps;
USERNAME=Administrator
OS=Windows_NT
PROCESSOR_IDENTIFIER=Intel64 Family 6 Model 58 Stepping 9, GenuineIntel



---------------  S Y S T E M  ---------------

OS: Windows 10.0 , 64 bit Build 16299 (10.0.16299.15)

CPU:total 4 (initial active 4) (2 cores per cpu, 2 threads per core) family 6 model 58 stepping 9, cmov, cx8, fxsr, mmx, sse, sse2, sse3, ssse3, sse4.1, sse4.2, popcnt, avx, clmul, erms, ht, tsc, tscinvbit, tscinv

Memory: 4k page, physical 8281380k(1181368k free), swap 8281380k(3080k free)

vm_info: OpenJDK 64-Bit Server VM (25.152-b01) for windows-amd64 JRE (1.8.0_152-release-915-b01), built by "builder" with MS VC++ 10.0 (VS2010)

time: Mon Apr 30 12:35:19 2018
elapsed time: 4 seconds (0d 0h 0m 4s)

