#
# There is insufficient memory for the Java Runtime Environment to continue.
# Native memory allocation (malloc) failed to allocate 32744 bytes for ChunkPool::allocate
# Possible reasons:
#   The system is out of physical RAM or swap space
#   In 32 bit mode, the process size limit was hit
# Possible solutions:
#   Reduce memory load on the system
#   Increase physical memory or swap space
#   Check if swap backing store is full
#   Use 64 bit Java on a 64 bit OS
#   Decrease Java heap size (-Xmx/-Xms)
#   Decrease number of Java threads
#   Decrease Java thread stack sizes (-Xss)
#   Set larger code cache with -XX:ReservedCodeCacheSize=
# This output file may be truncated or incomplete.
#
#  Out of Memory Error (allocation.cpp:273), pid=9452, tid=0x000000000000240c
#
# JRE version: OpenJDK Runtime Environment (8.0_152-b01) (build 1.8.0_152-release-915-b01)
# Java VM: OpenJDK 64-Bit Server VM (25.152-b01 mixed mode windows-amd64 compressed oops)
# Failed to write core dump. Minidumps are not enabled by default on client versions of Windows
#

---------------  T H R E A D  ---------------

Current thread (0x000000001603e800):  JavaThread "C1 CompilerThread2" daemon [_thread_in_native, id=9228, stack(0x00000000167f0000,0x00000000168f0000)]

Stack: [0x00000000167f0000,0x00000000168f0000]
[error occurred during error reporting (printing stack bounds), id 0xc0000005]

Native frames: (J=compiled Java code, j=interpreted, Vv=VM code, C=native code)


Current CompileTask:
C1:   3201 1081  s    3       java.util.Vector::add (39 bytes)


---------------  P R O C E S S  ---------------

Java Threads: ( => current thread )
  0x000000001604e800 JavaThread "Service Thread" daemon [_thread_blocked, id=8832, stack(0x00000000168f0000,0x00000000169f0000)]
=>0x000000001603e800 JavaThread "C1 CompilerThread2" daemon [_thread_in_native, id=9228, stack(0x00000000167f0000,0x00000000168f0000)]
  0x0000000014cbb000 JavaThread "C2 CompilerThread1" daemon [_thread_in_native, id=10272, stack(0x00000000166f0000,0x00000000167f0000)]
  0x0000000014cb8800 JavaThread "C2 CompilerThread0" daemon [_thread_in_native, id=7280, stack(0x00000000165f0000,0x00000000166f0000)]
  0x0000000014c6c800 JavaThread "Attach Listener" daemon [_thread_blocked, id=10768, stack(0x00000000164f0000,0x00000000165f0000)]
  0x0000000015ff8800 JavaThread "Signal Dispatcher" daemon [_thread_blocked, id=1960, stack(0x00000000163f0000,0x00000000164f0000)]
  0x0000000014c48800 JavaThread "Finalizer" daemon [_thread_blocked, id=9932, stack(0x0000000015ee0000,0x0000000015fe0000)]
  0x0000000014c27000 JavaThread "Reference Handler" daemon [_thread_blocked, id=3300, stack(0x0000000015de0000,0x0000000015ee0000)]
  0x00000000046fe000 JavaThread "main" [_thread_in_Java, id=5548, stack(0x0000000004700000,0x0000000004800000)]

Other Threads:
  0x0000000014c25800 VMThread [stack: 0x0000000015ce0000,0x0000000015de0000] [id=6760]
  0x0000000016050000 WatcherThread [stack: 0x00000000169f0000,0x0000000016af0000] [id=10456]

VM state:not at safepoint (normal execution)

VM Mutex/Monitor currently owned by a thread: None

Heap:
 PSYoungGen      total 18944K, used 3844K [0x00000000feb00000, 0x0000000100000000, 0x0000000100000000)
  eden space 16384K, 7% used [0x00000000feb00000,0x00000000fec44828,0x00000000ffb00000)
  from space 2560K, 99% used [0x00000000ffb00000,0x00000000ffd7cad0,0x00000000ffd80000)
  to   space 2560K, 0% used [0x00000000ffd80000,0x00000000ffd80000,0x0000000100000000)
 ParOldGen       total 44032K, used 6395K [0x00000000fc000000, 0x00000000feb00000, 0x00000000feb00000)
  object space 44032K, 14% used [0x00000000fc000000,0x00000000fc63efe8,0x00000000feb00000)
 Metaspace       used 7912K, capacity 8134K, committed 8192K, reserved 1056768K
  class space    used 905K, capacity 989K, committed 1024K, reserved 1048576K

Card table byte_map: [0x0000000004610000,0x0000000004640000] byte_map_base: 0x0000000003e30000

Marking Bits: (ParMarkBitMap*) 0x0000000070383950
 Begin Bits: [0x00000000140c0000, 0x00000000141c0000)
 End Bits:   [0x00000000141c0000, 0x00000000142c0000)

Polling page: 0x00000000027e0000

CodeCache: size=245760Kb used=3943Kb max_used=3955Kb free=241816Kb
 bounds [0x0000000004900000, 0x0000000004ce0000, 0x0000000013900000]
 total_blobs=1415 nmethods=1081 adapters=248
 compilation: enabled

Compilation events (10 events):
Event: 3.155 Thread 0x000000001603e800 nmethod 1076 0x0000000004cd9510 code [0x0000000004cd9680, 0x0000000004cd9978]
Event: 3.159 Thread 0x000000001603e800 1077       3       com.google.common.collect.CollectPreconditions::checkNonnegative (37 bytes)
Event: 3.160 Thread 0x000000001603e800 nmethod 1077 0x0000000004cd85d0 code [0x0000000004cd87c0, 0x0000000004cd90e8]
Event: 3.160 Thread 0x000000001603e800 1078       3       java.util.HashSet::<init> (16 bytes)
Event: 3.161 Thread 0x000000001603e800 nmethod 1078 0x0000000004cdbad0 code [0x0000000004cdbc60, 0x0000000004cdc070]
Event: 3.161 Thread 0x0000000014cbb000 1079       4       org.objectweb.asm.MethodWriter::visitInsn (114 bytes)
Event: 3.165 Thread 0x0000000014cbb000 nmethod 1079 0x0000000004cdf090 code [0x0000000004cdf1e0, 0x0000000004cdf428]
Event: 3.167 Thread 0x0000000014cbb000 1080       4       org.objectweb.asm.ByteVector::putByteArray (49 bytes)
Event: 3.169 Thread 0x0000000014cbb000 nmethod 1080 0x0000000004cd8190 code [0x0000000004cd82e0, 0x0000000004cd8438]
Event: 3.193 Thread 0x000000001603e800 1081  s    3       java.util.Vector::add (39 bytes)

GC Heap History (6 events):
Event: 1.364 GC heap before
{Heap before GC invocations=1 (full 0):
 PSYoungGen      total 18944K, used 16384K [0x00000000feb00000, 0x0000000100000000, 0x0000000100000000)
  eden space 16384K, 100% used [0x00000000feb00000,0x00000000ffb00000,0x00000000ffb00000)
  from space 2560K, 0% used [0x00000000ffd80000,0x00000000ffd80000,0x0000000100000000)
  to   space 2560K, 0% used [0x00000000ffb00000,0x00000000ffb00000,0x00000000ffd80000)
 ParOldGen       total 44032K, used 0K [0x00000000fc000000, 0x00000000feb00000, 0x00000000feb00000)
  object space 44032K, 0% used [0x00000000fc000000,0x00000000fc000000,0x00000000feb00000)
 Metaspace       used 6596K, capacity 6740K, committed 7040K, reserved 1056768K
  class space    used 774K, capacity 824K, committed 896K, reserved 1048576K
Event: 1.372 GC heap after
Heap after GC invocations=1 (full 0):
 PSYoungGen      total 18944K, used 2552K [0x00000000feb00000, 0x0000000100000000, 0x0000000100000000)
  eden space 16384K, 0% used [0x00000000feb00000,0x00000000feb00000,0x00000000ffb00000)
  from space 2560K, 99% used [0x00000000ffb00000,0x00000000ffd7e020,0x00000000ffd80000)
  to   space 2560K, 0% used [0x00000000ffd80000,0x00000000ffd80000,0x0000000100000000)
 ParOldGen       total 44032K, used 1765K [0x00000000fc000000, 0x00000000feb00000, 0x00000000feb00000)
  object space 44032K, 4% used [0x00000000fc000000,0x00000000fc1b94d8,0x00000000feb00000)
 Metaspace       used 6596K, capacity 6740K, committed 7040K, reserved 1056768K
  class space    used 774K, capacity 824K, committed 896K, reserved 1048576K
}
Event: 2.264 GC heap before
{Heap before GC invocations=2 (full 0):
 PSYoungGen      total 18944K, used 18936K [0x00000000feb00000, 0x0000000100000000, 0x0000000100000000)
  eden space 16384K, 100% used [0x00000000feb00000,0x00000000ffb00000,0x00000000ffb00000)
  from space 2560K, 99% used [0x00000000ffb00000,0x00000000ffd7e020,0x00000000ffd80000)
  to   space 2560K, 0% used [0x00000000ffd80000,0x00000000ffd80000,0x0000000100000000)
 ParOldGen       total 44032K, used 1765K [0x00000000fc000000, 0x00000000feb00000, 0x00000000feb00000)
  object space 44032K, 4% used [0x00000000fc000000,0x00000000fc1b94d8,0x00000000feb00000)
 Metaspace       used 7597K, capacity 7782K, committed 7936K, reserved 1056768K
  class space    used 893K, capacity 957K, committed 1024K, reserved 1048576K
Event: 2.279 GC heap after
Heap after GC invocations=2 (full 0):
 PSYoungGen      total 18944K, used 2538K [0x00000000feb00000, 0x0000000100000000, 0x0000000100000000)
  eden space 16384K, 0% used [0x00000000feb00000,0x00000000feb00000,0x00000000ffb00000)
  from space 2560K, 99% used [0x00000000ffd80000,0x00000000ffffaae0,0x0000000100000000)
  to   space 2560K, 0% used [0x00000000ffb00000,0x00000000ffb00000,0x00000000ffd80000)
 ParOldGen       total 44032K, used 6121K [0x00000000fc000000, 0x00000000feb00000, 0x00000000feb00000)
  object space 44032K, 13% used [0x00000000fc000000,0x00000000fc5fa558,0x00000000feb00000)
 Metaspace       used 7597K, capacity 7782K, committed 7936K, reserved 1056768K
  class space    used 893K, capacity 957K, committed 1024K, reserved 1048576K
}
Event: 3.172 GC heap before
{Heap before GC invocations=3 (full 0):
 PSYoungGen      total 18944K, used 18922K [0x00000000feb00000, 0x0000000100000000, 0x0000000100000000)
  eden space 16384K, 100% used [0x00000000feb00000,0x00000000ffb00000,0x00000000ffb00000)
  from space 2560K, 99% used [0x00000000ffd80000,0x00000000ffffaae0,0x0000000100000000)
  to   space 2560K, 0% used [0x00000000ffb00000,0x00000000ffb00000,0x00000000ffd80000)
 ParOldGen       total 44032K, used 6121K [0x00000000fc000000, 0x00000000feb00000, 0x00000000feb00000)
  object space 44032K, 13% used [0x00000000fc000000,0x00000000fc5fa558,0x00000000feb00000)
 Metaspace       used 7911K, capacity 8134K, committed 8192K, reserved 1056768K
  class space    used 905K, capacity 989K, committed 1024K, reserved 1048576K
Event: 3.192 GC heap after
Heap after GC invocations=3 (full 0):
 PSYoungGen      total 18944K, used 2546K [0x00000000feb00000, 0x0000000100000000, 0x0000000100000000)
  eden space 16384K, 0% used [0x00000000feb00000,0x00000000feb00000,0x00000000ffb00000)
  from space 2560K, 99% used [0x00000000ffb00000,0x00000000ffd7cad0,0x00000000ffd80000)
  to   space 2560K, 0% used [0x00000000ffd80000,0x00000000ffd80000,0x0000000100000000)
 ParOldGen       total 44032K, used 6395K [0x00000000fc000000, 0x00000000feb00000, 0x00000000feb00000)
  object space 44032K, 14% used [0x00000000fc000000,0x00000000fc63efe8,0x00000000feb00000)
 Metaspace       used 7911K, capacity 8134K, committed 8192K, reserved 1056768K
  class space    used 905K, capacity 989K, committed 1024K, reserved 1048576K
}

Deoptimization events (10 events):
Event: 2.088 Thread 0x00000000046fe000 Uncommon trap: reason=class_check action=maybe_recompile pc=0x0000000004b1f990 method=com.google.common.collect.Iterators$7.transform(Ljava/lang/Object;)Ljava/lang/Object; @ 5
Event: 2.088 Thread 0x00000000046fe000 Uncommon trap: reason=class_check action=maybe_recompile pc=0x0000000004b2f2ac method=com.google.common.collect.TransformedIterator.hasNext()Z @ 4
Event: 2.088 Thread 0x00000000046fe000 Uncommon trap: reason=class_check action=maybe_recompile pc=0x0000000004b2e018 method=com.google.common.collect.TransformedIterator.next()Ljava/lang/Object; @ 5
Event: 2.088 Thread 0x00000000046fe000 Uncommon trap: reason=class_check action=maybe_recompile pc=0x0000000004b1f990 method=com.google.common.collect.Iterators$7.transform(Ljava/lang/Object;)Ljava/lang/Object; @ 5
Event: 2.088 Thread 0x00000000046fe000 Uncommon trap: reason=class_check action=maybe_recompile pc=0x0000000004b2e018 method=com.google.common.collect.TransformedIterator.next()Ljava/lang/Object; @ 5
Event: 2.088 Thread 0x00000000046fe000 Uncommon trap: reason=class_check action=maybe_recompile pc=0x0000000004b1f990 method=com.google.common.collect.Iterators$7.transform(Ljava/lang/Object;)Ljava/lang/Object; @ 5
Event: 2.544 Thread 0x00000000046fe000 Uncommon trap: reason=unstable_if action=reinterpret pc=0x0000000004c675d8 method=org.objectweb.asm.Type.getArgumentsAndReturnSizes(Ljava/lang/String;)I @ 47
Event: 2.546 Thread 0x00000000046fe000 Uncommon trap: reason=unstable_if action=reinterpret pc=0x0000000004be8398 method=java.lang.String.<init>([CII)V @ 18
Event: 2.664 Thread 0x00000000046fe000 Uncommon trap: reason=unstable_if action=reinterpret pc=0x0000000004be50f0 method=java.lang.String.<init>([CII)V @ 18
Event: 2.815 Thread 0x00000000046fe000 Uncommon trap: reason=unstable_if action=reinterpret pc=0x0000000004cbebe8 method=java.io.BufferedOutputStream.write(I)V @ 9

Classes redefined (0 events):
No events

Internal exceptions (10 events):
Event: 1.623 Thread 0x00000000046fe000 Exception <a 'sun/nio/fs/WindowsException'> (0x00000000ff17fcf0) thrown at [D:\src\AOSP-openjdk-cygwin\jdk8u\hotspot\src\share\vm\prims\jni.cpp, line 709]
Event: 1.623 Thread 0x00000000046fe000 Exception <a 'sun/nio/fs/WindowsException'> (0x00000000ff1802e8) thrown at [D:\src\AOSP-openjdk-cygwin\jdk8u\hotspot\src\share\vm\prims\jni.cpp, line 709]
Event: 1.624 Thread 0x00000000046fe000 Exception <a 'sun/nio/fs/WindowsException'> (0x00000000ff180ab8) thrown at [D:\src\AOSP-openjdk-cygwin\jdk8u\hotspot\src\share\vm\prims\jni.cpp, line 709]
Event: 1.624 Thread 0x00000000046fe000 Exception <a 'sun/nio/fs/WindowsException'> (0x00000000ff181088) thrown at [D:\src\AOSP-openjdk-cygwin\jdk8u\hotspot\src\share\vm\prims\jni.cpp, line 709]
Event: 1.624 Thread 0x00000000046fe000 Exception <a 'sun/nio/fs/WindowsException'> (0x00000000ff181848) thrown at [D:\src\AOSP-openjdk-cygwin\jdk8u\hotspot\src\share\vm\prims\jni.cpp, line 709]
Event: 1.705 Thread 0x00000000046fe000 Exception <a 'sun/nio/fs/WindowsException'> (0x00000000ff186cb0) thrown at [D:\src\AOSP-openjdk-cygwin\jdk8u\hotspot\src\share\vm\prims\jni.cpp, line 709]
Event: 2.006 Thread 0x00000000046fe000 Exception <a 'sun/nio/fs/WindowsException'> (0x00000000ff940088) thrown at [D:\src\AOSP-openjdk-cygwin\jdk8u\hotspot\src\share\vm\prims\jni.cpp, line 709]
Event: 2.006 Thread 0x00000000046fe000 Exception <a 'sun/nio/fs/WindowsException'> (0x00000000ff940610) thrown at [D:\src\AOSP-openjdk-cygwin\jdk8u\hotspot\src\share\vm\prims\jni.cpp, line 709]
Event: 2.817 Thread 0x00000000046fe000 Exception <a 'sun/nio/fs/WindowsException'> (0x00000000ff2c0d00) thrown at [D:\src\AOSP-openjdk-cygwin\jdk8u\hotspot\src\share\vm\prims\jni.cpp, line 709]
Event: 2.817 Thread 0x00000000046fe000 Exception <a 'sun/nio/fs/WindowsException'> (0x00000000ff2c1208) thrown at [D:\src\AOSP-openjdk-cygwin\jdk8u\hotspot\src\share\vm\prims\jni.cpp, line 709]

Events (10 events):
Event: 2.664 Thread 0x00000000046fe000 DEOPT UNPACKING pc=0x000000000494556a sp=0x00000000047fe4d0 mode 2
Event: 2.811 loading class java/util/Vector$Itr
Event: 2.811 loading class java/util/Vector$Itr done
Event: 2.815 Thread 0x00000000046fe000 Uncommon trap: trap_request=0xffffff65 fr.pc=0x0000000004cbebe8
Event: 2.815 Thread 0x00000000046fe000 DEOPT PACKING pc=0x0000000004cbebe8 sp=0x00000000047fee30
Event: 2.815 Thread 0x00000000046fe000 DEOPT UNPACKING pc=0x000000000494556a sp=0x00000000047fede0 mode 2
Event: 2.815 Executing VM operation: ForceSafepoint
Event: 2.815 Executing VM operation: ForceSafepoint done
Event: 3.172 Executing VM operation: ParallelGCFailedAllocation
Event: 3.192 Executing VM operation: ParallelGCFailedAllocation done


Dynamic libraries:
0x00007ff795ba0000 - 0x00007ff795bd1000 	D:\Android\Android\Android Studio\jre\bin\java.exe
0x00007ff832e80000 - 0x00007ff833060000 	C:\Windows\SYSTEM32\ntdll.dll
0x00007ff832d40000 - 0x00007ff832dee000 	C:\Windows\System32\KERNEL32.DLL
0x00007ff82f5c0000 - 0x00007ff82f826000 	C:\Windows\System32\KERNELBASE.dll
0x00007ff8328c0000 - 0x00007ff832961000 	C:\Windows\System32\ADVAPI32.dll
0x00007ff832550000 - 0x00007ff8325ed000 	C:\Windows\System32\msvcrt.dll
0x00007ff832df0000 - 0x00007ff832e4b000 	C:\Windows\System32\sechost.dll
0x00007ff832120000 - 0x00007ff83223f000 	C:\Windows\System32\RPCRT4.dll
0x00007ff830360000 - 0x00007ff8304ee000 	C:\Windows\System32\USER32.dll
0x00007ff82f3f0000 - 0x00007ff82f410000 	C:\Windows\System32\win32u.dll
0x00007ff830510000 - 0x00007ff830538000 	C:\Windows\System32\GDI32.dll
0x00007ff82fa60000 - 0x00007ff82fbf1000 	C:\Windows\System32\gdi32full.dll
0x00007ff82f350000 - 0x00007ff82f3eb000 	C:\Windows\System32\msvcp_win.dll
0x00007ff82f4c0000 - 0x00007ff82f5b6000 	C:\Windows\System32\ucrtbase.dll
0x00007ff8268e0000 - 0x00007ff826b49000 	C:\Windows\WinSxS\amd64_microsoft.windows.common-controls_6595b64144ccf1df_6.0.16299.15_none_cc92fb402215d91d\COMCTL32.dll
0x00007ff832240000 - 0x00007ff832548000 	C:\Windows\System32\combase.dll
0x00007ff82f280000 - 0x00007ff82f2f2000 	C:\Windows\System32\bcryptPrimitives.dll
0x00007ff831fc0000 - 0x00007ff831fed000 	C:\Windows\System32\IMM32.DLL
0x000000006fae0000 - 0x000000006fbb2000 	D:\Android\Android\Android Studio\jre\jre\bin\msvcr100.dll
0x000000006fbc0000 - 0x00000000703fe000 	D:\Android\Android\Android Studio\jre\jre\bin\server\jvm.dll
0x00007ff830350000 - 0x00007ff830358000 	C:\Windows\System32\PSAPI.DLL
0x00007ff82bc00000 - 0x00007ff82bc09000 	C:\Windows\SYSTEM32\WSOCK32.dll
0x00007ff831f50000 - 0x00007ff831fbc000 	C:\Windows\System32\WS2_32.dll
0x00007ff82d010000 - 0x00007ff82d033000 	C:\Windows\SYSTEM32\WINMM.dll
0x00007ff82dec0000 - 0x00007ff82deca000 	C:\Windows\SYSTEM32\VERSION.dll
0x00007ff82cd10000 - 0x00007ff82cd3a000 	C:\Windows\SYSTEM32\WINMMBASE.dll
0x00007ff82f300000 - 0x00007ff82f34a000 	C:\Windows\System32\cfgmgr32.dll
0x00007ff82bbf0000 - 0x00007ff82bbff000 	D:\Android\Android\Android Studio\jre\jre\bin\verify.dll
0x00007ff828270000 - 0x00007ff828299000 	D:\Android\Android\Android Studio\jre\jre\bin\java.dll
0x00007ff82bbd0000 - 0x00007ff82bbe6000 	D:\Android\Android\Android Studio\jre\jre\bin\zip.dll
0x00007ff830a90000 - 0x00007ff831ec7000 	C:\Windows\System32\SHELL32.dll
0x00007ff832b40000 - 0x00007ff832be6000 	C:\Windows\System32\shcore.dll
0x00007ff82fc00000 - 0x00007ff830347000 	C:\Windows\System32\windows.storage.dll
0x00007ff832ae0000 - 0x00007ff832b31000 	C:\Windows\System32\shlwapi.dll
0x00007ff82f260000 - 0x00007ff82f271000 	C:\Windows\System32\kernel.appcore.dll
0x00007ff82f1d0000 - 0x00007ff82f21c000 	C:\Windows\System32\powrprof.dll
0x00007ff82f220000 - 0x00007ff82f23b000 	C:\Windows\System32\profapi.dll
0x00007ff82ebc0000 - 0x00007ff82ebd7000 	C:\Windows\SYSTEM32\CRYPTSP.dll
0x00007ff82e610000 - 0x00007ff82e643000 	C:\Windows\system32\rsaenh.dll
0x00007ff82ecd0000 - 0x00007ff82ecf5000 	C:\Windows\SYSTEM32\bcrypt.dll
0x00007ff82f100000 - 0x00007ff82f129000 	C:\Windows\SYSTEM32\USERENV.dll
0x00007ff82ebe0000 - 0x00007ff82ebeb000 	C:\Windows\SYSTEM32\CRYPTBASE.dll
0x00007ff828250000 - 0x00007ff82826a000 	D:\Android\Android\Android Studio\jre\jre\bin\net.dll
0x00007ff82ea00000 - 0x00007ff82ea66000 	C:\Windows\system32\mswsock.dll
0x00007ff82e790000 - 0x00007ff82e7c9000 	C:\Windows\SYSTEM32\IPHLPAPI.DLL
0x00007ff832000000 - 0x00007ff832008000 	C:\Windows\System32\NSI.dll
0x00007ff82a680000 - 0x00007ff82a696000 	C:\Windows\SYSTEM32\dhcpcsvc6.DLL
0x00007ff82a660000 - 0x00007ff82a67a000 	C:\Windows\SYSTEM32\dhcpcsvc.DLL
0x00007ff828230000 - 0x00007ff828241000 	D:\Android\Android\Android Studio\jre\jre\bin\nio.dll

VM Arguments:
jvm_args: -Djava.awt.headless=true -Xmx64M -Dfile.encoding=GBK -Duser.country=CN -Duser.language=zh -Duser.variant 
java_command: com.google.devtools.build.android.desugar.Desugar @D:\Android\TEST\WanAndroidTest\app\build\intermediates\tmp\desugar_args6252047448414166719
java_class_path (initial): C:\Users\Administrator\AppData\Local\Temp\desugar_deploy.jar9142964696440801824
Launcher Type: SUN_STANDARD

Environment Variables:
JAVA_HOME=D:\Program Files\Java\jdk1.8.0_77
PATH=C:\Windows\system32;C:\Windows;C:\Windows\System32\Wbem;C:\Windows\System32\WindowsPowerShell\v1.0\;C:\Program Files (x86)\NVIDIA Corporation\PhysX\Common;D:\Program Files\Java\jdk1.8.0_77\bin;D:\Program Files\Java\jdk1.8.0_77\jre\bin; ;C:\Users\Administrator\AppData\Local\Microsoft\WindowsApps;
USERNAME=Administrator
OS=Windows_NT
PROCESSOR_IDENTIFIER=Intel64 Family 6 Model 58 Stepping 9, GenuineIntel



---------------  S Y S T E M  ---------------

OS: Windows 10.0 , 64 bit Build 16299 (10.0.16299.15)

CPU:total 4 (initial active 4) (2 cores per cpu, 2 threads per core) family 6 model 58 stepping 9, cmov, cx8, fxsr, mmx, sse, sse2, sse3, ssse3, sse4.1, sse4.2, popcnt, avx, clmul, erms, ht, tsc, tscinvbit, tscinv

Memory: 4k page, physical 8281380k(1018888k free), swap 8281380k(524k free)

vm_info: OpenJDK 64-Bit Server VM (25.152-b01) for windows-amd64 JRE (1.8.0_152-release-915-b01), built by "builder" with MS VC++ 10.0 (VS2010)

time: Fri Apr 27 11:45:42 2018
elapsed time: 3 seconds (0d 0h 0m 3s)

