#
# There is insufficient memory for the Java Runtime Environment to continue.
# Native memory allocation (malloc) failed to allocate 1478528 bytes for Chunk::new
# Possible reasons:
#   The system is out of physical RAM or swap space
#   In 32 bit mode, the process size limit was hit
# Possible solutions:
#   Reduce memory load on the system
#   Increase physical memory or swap space
#   Check if swap backing store is full
#   Use 64 bit Java on a 64 bit OS
#   Decrease Java heap size (-Xmx/-Xms)
#   Decrease number of Java threads
#   Decrease Java thread stack sizes (-Xss)
#   Set larger code cache with -XX:ReservedCodeCacheSize=
# This output file may be truncated or incomplete.
#
#  Out of Memory Error (allocation.cpp:390), pid=7832, tid=0x0000000000002a6c
#
# JRE version: OpenJDK Runtime Environment (8.0_152-b01) (build 1.8.0_152-release-915-b01)
# Java VM: OpenJDK 64-Bit Server VM (25.152-b01 mixed mode windows-amd64 compressed oops)
# Failed to write core dump. Minidumps are not enabled by default on client versions of Windows
#

---------------  T H R E A D  ---------------

Current thread (0x000000001572b000):  JavaThread "C2 CompilerThread1" daemon [_thread_in_native, id=10860, stack(0x0000000017130000,0x0000000017230000)]

Stack: [0x0000000017130000,0x0000000017230000]
[error occurred during error reporting (printing stack bounds), id 0xc0000005]

Native frames: (J=compiled Java code, j=interpreted, Vv=VM code, C=native code)


Current CompileTask:
C2:   8559 1237 %     4       org.objectweb.asm.ClassReader::a @ 645 (3587 bytes)


---------------  P R O C E S S  ---------------

Java Threads: ( => current thread )
  0x0000000016a99800 JavaThread "Service Thread" daemon [_thread_blocked, id=6428, stack(0x0000000017330000,0x0000000017430000)]
  0x0000000016a94000 JavaThread "C1 CompilerThread2" daemon [_thread_blocked, id=11080, stack(0x0000000017230000,0x0000000017330000)]
=>0x000000001572b000 JavaThread "C2 CompilerThread1" daemon [_thread_in_native, id=10860, stack(0x0000000017130000,0x0000000017230000)]
  0x0000000015728800 JavaThread "C2 CompilerThread0" daemon [_thread_blocked, id=6216, stack(0x0000000017030000,0x0000000017130000)]
  0x00000000156dc800 JavaThread "Attach Listener" daemon [_thread_blocked, id=11052, stack(0x0000000016f30000,0x0000000017030000)]
  0x0000000016a38800 JavaThread "Signal Dispatcher" daemon [_thread_blocked, id=10740, stack(0x0000000016e30000,0x0000000016f30000)]
  0x00000000156b8800 JavaThread "Finalizer" daemon [_thread_blocked, id=7668, stack(0x0000000016930000,0x0000000016a30000)]
  0x0000000015697000 JavaThread "Reference Handler" daemon [_thread_blocked, id=5676, stack(0x0000000016830000,0x0000000016930000)]
  0x000000000324e000 JavaThread "main" [_thread_blocked, id=288, stack(0x0000000005170000,0x0000000005270000)]

Other Threads:
  0x0000000015695800 VMThread [stack: 0x0000000016730000,0x0000000016830000] [id=10600]
  0x0000000016a9a800 WatcherThread [stack: 0x0000000017430000,0x0000000017530000] [id=488]

VM state:at safepoint (normal execution)

VM Mutex/Monitor currently owned by a thread:  ([mutex/lock_event])
[0x000000000324cea0] Threads_lock - owner thread: 0x0000000015695800
[0x000000000324c6a0] Heap_lock - owner thread: 0x000000000324e000

Heap:
 PSYoungGen      total 18944K, used 18929K [0x00000000feb00000, 0x0000000100000000, 0x0000000100000000)
  eden space 16384K, 100% used [0x00000000feb00000,0x00000000ffb00000,0x00000000ffb00000)
  from space 2560K, 99% used [0x00000000ffb00000,0x00000000ffd7c7f0,0x00000000ffd80000)
  to   space 2560K, 99% used [0x00000000ffd80000,0x00000000ffffc7f0,0x0000000100000000)
 ParOldGen       total 44032K, used 6402K [0x00000000fc000000, 0x00000000feb00000, 0x00000000feb00000)
  object space 44032K, 14% used [0x00000000fc000000,0x00000000fc6408b0,0x00000000feb00000)
 Metaspace       used 8047K, capacity 8262K, committed 8448K, reserved 1056768K
  class space    used 909K, capacity 989K, committed 1024K, reserved 1048576K

Card table byte_map: [0x0000000003550000,0x0000000003580000] byte_map_base: 0x0000000002d70000

Marking Bits: (ParMarkBitMap*) 0x0000000070383950
 Begin Bits: [0x0000000014b30000, 0x0000000014c30000)
 End Bits:   [0x0000000014c30000, 0x0000000014d30000)

Polling page: 0x0000000003200000

CodeCache: size=245760Kb used=5367Kb max_used=5381Kb free=240392Kb
 bounds [0x0000000005370000, 0x00000000058c0000, 0x0000000014370000]
 total_blobs=1585 nmethods=1250 adapters=248
 compilation: enabled

Compilation events (10 events):
Event: 8.377 Thread 0x0000000015728800 nmethod 1244 0x00000000058af310 code [0x00000000058af580, 0x00000000058b0968]
Event: 8.377 Thread 0x0000000015728800 1245       4       org.objectweb.asm.ClassReader::a (500 bytes)
Event: 8.485 Thread 0x0000000015728800 nmethod 1245 0x00000000058b5bd0 code [0x00000000058b5fc0, 0x00000000058b8608]
Event: 8.485 Thread 0x0000000015728800 1246       4       org.objectweb.asm.ClassReader::a (162 bytes)
Event: 8.495 Thread 0x0000000015728800 nmethod 1246 0x00000000058acd10 code [0x00000000058acee0, 0x00000000058ad5e8]
Event: 8.523 Thread 0x0000000015728800 1252       4       java.util.ArrayList::ensureExplicitCapacity (26 bytes)
Event: 8.527 Thread 0x0000000015728800 nmethod 1252 0x000000000586d6d0 code [0x000000000586d820, 0x000000000586da88]
Event: 8.530 Thread 0x0000000015728800 1253       4       org.objectweb.asm.tree.MethodNode::visitFieldInsn (20 bytes)
Event: 8.533 Thread 0x0000000015728800 nmethod 1253 0x00000000058ac950 code [0x00000000058acaa0, 0x00000000058acc18]
Event: 8.533 Thread 0x0000000015728800 1254       4       org.objectweb.asm.tree.FieldInsnNode::accept (26 bytes)

GC Heap History (7 events):
Event: 1.556 GC heap before
{Heap before GC invocations=1 (full 0):
 PSYoungGen      total 18944K, used 16384K [0x00000000feb00000, 0x0000000100000000, 0x0000000100000000)
  eden space 16384K, 100% used [0x00000000feb00000,0x00000000ffb00000,0x00000000ffb00000)
  from space 2560K, 0% used [0x00000000ffd80000,0x00000000ffd80000,0x0000000100000000)
  to   space 2560K, 0% used [0x00000000ffb00000,0x00000000ffb00000,0x00000000ffd80000)
 ParOldGen       total 44032K, used 0K [0x00000000fc000000, 0x00000000feb00000, 0x00000000feb00000)
  object space 44032K, 0% used [0x00000000fc000000,0x00000000fc000000,0x00000000feb00000)
 Metaspace       used 6596K, capacity 6740K, committed 7040K, reserved 1056768K
  class space    used 773K, capacity 824K, committed 896K, reserved 1048576K
Event: 1.563 GC heap after
Heap after GC invocations=1 (full 0):
 PSYoungGen      total 18944K, used 2552K [0x00000000feb00000, 0x0000000100000000, 0x0000000100000000)
  eden space 16384K, 0% used [0x00000000feb00000,0x00000000feb00000,0x00000000ffb00000)
  from space 2560K, 99% used [0x00000000ffb00000,0x00000000ffd7e040,0x00000000ffd80000)
  to   space 2560K, 0% used [0x00000000ffd80000,0x00000000ffd80000,0x0000000100000000)
 ParOldGen       total 44032K, used 1738K [0x00000000fc000000, 0x00000000feb00000, 0x00000000feb00000)
  object space 44032K, 3% used [0x00000000fc000000,0x00000000fc1b2920,0x00000000feb00000)
 Metaspace       used 6596K, capacity 6740K, committed 7040K, reserved 1056768K
  class space    used 773K, capacity 824K, committed 896K, reserved 1048576K
}
Event: 2.906 GC heap before
{Heap before GC invocations=2 (full 0):
 PSYoungGen      total 18944K, used 18936K [0x00000000feb00000, 0x0000000100000000, 0x0000000100000000)
  eden space 16384K, 100% used [0x00000000feb00000,0x00000000ffb00000,0x00000000ffb00000)
  from space 2560K, 99% used [0x00000000ffb00000,0x00000000ffd7e040,0x00000000ffd80000)
  to   space 2560K, 0% used [0x00000000ffd80000,0x00000000ffd80000,0x0000000100000000)
 ParOldGen       total 44032K, used 1738K [0x00000000fc000000, 0x00000000feb00000, 0x00000000feb00000)
  object space 44032K, 3% used [0x00000000fc000000,0x00000000fc1b2920,0x00000000feb00000)
 Metaspace       used 7603K, capacity 7782K, committed 7936K, reserved 1056768K
  class space    used 893K, capacity 957K, committed 1024K, reserved 1048576K
Event: 2.956 GC heap after
Heap after GC invocations=2 (full 0):
 PSYoungGen      total 18944K, used 2545K [0x00000000feb00000, 0x0000000100000000, 0x0000000100000000)
  eden space 16384K, 0% used [0x00000000feb00000,0x00000000feb00000,0x00000000ffb00000)
  from space 2560K, 99% used [0x00000000ffd80000,0x00000000ffffc7f0,0x0000000100000000)
  to   space 2560K, 0% used [0x00000000ffb00000,0x00000000ffb00000,0x00000000ffd80000)
 ParOldGen       total 44032K, used 6027K [0x00000000fc000000, 0x00000000feb00000, 0x00000000feb00000)
  object space 44032K, 13% used [0x00000000fc000000,0x00000000fc5e2cd8,0x00000000feb00000)
 Metaspace       used 7603K, capacity 7782K, committed 7936K, reserved 1056768K
  class space    used 893K, capacity 957K, committed 1024K, reserved 1048576K
}
Event: 6.670 GC heap before
{Heap before GC invocations=3 (full 0):
 PSYoungGen      total 18944K, used 18929K [0x00000000feb00000, 0x0000000100000000, 0x0000000100000000)
  eden space 16384K, 100% used [0x00000000feb00000,0x00000000ffb00000,0x00000000ffb00000)
  from space 2560K, 99% used [0x00000000ffd80000,0x00000000ffffc7f0,0x0000000100000000)
  to   space 2560K, 0% used [0x00000000ffb00000,0x00000000ffb00000,0x00000000ffd80000)
 ParOldGen       total 44032K, used 6027K [0x00000000fc000000, 0x00000000feb00000, 0x00000000feb00000)
  object space 44032K, 13% used [0x00000000fc000000,0x00000000fc5e2cd8,0x00000000feb00000)
 Metaspace       used 7969K, capacity 8134K, committed 8192K, reserved 1056768K
  class space    used 909K, capacity 989K, committed 1024K, reserved 1048576K
Event: 6.749 GC heap after
Heap after GC invocations=3 (full 0):
 PSYoungGen      total 18944K, used 2545K [0x00000000feb00000, 0x0000000100000000, 0x0000000100000000)
  eden space 16384K, 0% used [0x00000000feb00000,0x00000000feb00000,0x00000000ffb00000)
  from space 2560K, 99% used [0x00000000ffb00000,0x00000000ffd7c7f0,0x00000000ffd80000)
  to   space 2560K, 0% used [0x00000000ffd80000,0x00000000ffd80000,0x0000000100000000)
 ParOldGen       total 44032K, used 6362K [0x00000000fc000000, 0x00000000feb00000, 0x00000000feb00000)
  object space 44032K, 14% used [0x00000000fc000000,0x00000000fc6368b0,0x00000000feb00000)
 Metaspace       used 7969K, capacity 8134K, committed 8192K, reserved 1056768K
  class space    used 909K, capacity 989K, committed 1024K, reserved 1048576K
}
Event: 8.534 GC heap before
{Heap before GC invocations=4 (full 0):
 PSYoungGen      total 18944K, used 18929K [0x00000000feb00000, 0x0000000100000000, 0x0000000100000000)
  eden space 16384K, 100% used [0x00000000feb00000,0x00000000ffb00000,0x00000000ffb00000)
  from space 2560K, 99% used [0x00000000ffb00000,0x00000000ffd7c7f0,0x00000000ffd80000)
  to   space 2560K, 0% used [0x00000000ffd80000,0x00000000ffd80000,0x0000000100000000)
 ParOldGen       total 44032K, used 6362K [0x00000000fc000000, 0x00000000feb00000, 0x00000000feb00000)
  object space 44032K, 14% used [0x00000000fc000000,0x00000000fc6368b0,0x00000000feb00000)
 Metaspace       used 8047K, capacity 8262K, committed 8448K, reserved 1056768K
  class space    used 909K, capacity 989K, committed 1024K, reserved 1048576K

Deoptimization events (10 events):
Event: 6.498 Thread 0x000000000324e000 Uncommon trap: reason=unstable_if action=reinterpret pc=0x00000000057466fc method=org.objectweb.asm.Type.getArgumentTypes(Ljava/lang/String;)[Lorg/objectweb/asm/Type; @ 58
Event: 6.550 Thread 0x000000000324e000 Uncommon trap: reason=unstable_if action=reinterpret pc=0x00000000056db848 method=org.objectweb.asm.Item.a(Lorg/objectweb/asm/Item;)Z @ 345
Event: 6.637 Thread 0x000000000324e000 Uncommon trap: reason=unstable_if action=reinterpret pc=0x00000000057d9c88 method=org.objectweb.asm.MethodWriter.visitVarInsn(II)V @ 136
Event: 6.829 Thread 0x000000000324e000 Uncommon trap: reason=class_check action=maybe_recompile pc=0x000000000580cd14 method=org.objectweb.asm.ClassReader.a(I[CLjava/lang/String;Lorg/objectweb/asm/AnnotationVisitor;)I @ 325
Event: 6.830 Thread 0x000000000324e000 Uncommon trap: reason=class_check action=maybe_recompile pc=0x000000000580cd14 method=org.objectweb.asm.ClassReader.a(I[CLjava/lang/String;Lorg/objectweb/asm/AnnotationVisitor;)I @ 325
Event: 6.861 Thread 0x000000000324e000 Uncommon trap: reason=class_check action=maybe_recompile pc=0x000000000576a448 method=org.objectweb.asm.tree.VarInsnNode.accept(Lorg/objectweb/asm/MethodVisitor;)V @ 9
Event: 6.861 Thread 0x000000000324e000 Uncommon trap: reason=class_check action=maybe_recompile pc=0x000000000576a448 method=org.objectweb.asm.tree.VarInsnNode.accept(Lorg/objectweb/asm/MethodVisitor;)V @ 9
Event: 6.861 Thread 0x000000000324e000 Uncommon trap: reason=class_check action=maybe_recompile pc=0x000000000576a448 method=org.objectweb.asm.tree.VarInsnNode.accept(Lorg/objectweb/asm/MethodVisitor;)V @ 9
Event: 6.999 Thread 0x000000000324e000 Uncommon trap: reason=unstable_if action=reinterpret pc=0x000000000581d8c0 method=org.objectweb.asm.Type.getArgumentsAndReturnSizes(Ljava/lang/String;)I @ 100
Event: 7.500 Thread 0x000000000324e000 Uncommon trap: reason=null_check action=make_not_entrant pc=0x000000000585b440 method=com.google.devtools.build.android.desugar.InterfaceDesugaring$InterfaceInvocationRewriter.visitMethodInsn(ILjava/lang/String;Ljava/lang/String;Ljava/lang/String;Z)V @ 10

Classes redefined (0 events):
No events

Internal exceptions (10 events):
Event: 5.892 Thread 0x000000000324e000 Exception <a 'sun/nio/fs/WindowsException'> (0x00000000ff5b35c0) thrown at [D:\src\AOSP-openjdk-cygwin\jdk8u\hotspot\src\share\vm\prims\jni.cpp, line 709]
Event: 6.629 Thread 0x000000000324e000 Exception <a 'sun/nio/fs/WindowsException'> (0x00000000ff960db8) thrown at [D:\src\AOSP-openjdk-cygwin\jdk8u\hotspot\src\share\vm\prims\jni.cpp, line 709]
Event: 6.629 Thread 0x000000000324e000 Exception <a 'sun/nio/fs/WindowsException'> (0x00000000ff9612c0) thrown at [D:\src\AOSP-openjdk-cygwin\jdk8u\hotspot\src\share\vm\prims\jni.cpp, line 709]
Event: 6.658 Thread 0x000000000324e000 Exception <a 'sun/nio/fs/WindowsException'> (0x00000000ffa614b0) thrown at [D:\src\AOSP-openjdk-cygwin\jdk8u\hotspot\src\share\vm\prims\jni.cpp, line 709]
Event: 6.658 Thread 0x000000000324e000 Exception <a 'sun/nio/fs/WindowsException'> (0x00000000ffa619b8) thrown at [D:\src\AOSP-openjdk-cygwin\jdk8u\hotspot\src\share\vm\prims\jni.cpp, line 709]
Event: 7.499 Thread 0x000000000324e000 Implicit null exception at 0x000000000585a3ad to 0x000000000585b421
Event: 8.353 Thread 0x000000000324e000 Exception <a 'sun/nio/fs/WindowsException'> (0x00000000ff9c0cd8) thrown at [D:\src\AOSP-openjdk-cygwin\jdk8u\hotspot\src\share\vm\prims\jni.cpp, line 709]
Event: 8.354 Thread 0x000000000324e000 Exception <a 'sun/nio/fs/WindowsException'> (0x00000000ff9c11e0) thrown at [D:\src\AOSP-openjdk-cygwin\jdk8u\hotspot\src\share\vm\prims\jni.cpp, line 709]
Event: 8.357 Thread 0x000000000324e000 Exception <a 'sun/nio/fs/WindowsException'> (0x00000000ffa04758) thrown at [D:\src\AOSP-openjdk-cygwin\jdk8u\hotspot\src\share\vm\prims\jni.cpp, line 709]
Event: 8.357 Thread 0x000000000324e000 Exception <a 'sun/nio/fs/WindowsException'> (0x00000000ffa04c60) thrown at [D:\src\AOSP-openjdk-cygwin\jdk8u\hotspot\src\share\vm\prims\jni.cpp, line 709]

Events (10 events):
Event: 7.499 Thread 0x000000000324e000 DEOPT PACKING pc=0x00000000056affb0 sp=0x000000000526e7f0
Event: 7.499 Thread 0x000000000324e000 DEOPT UNPACKING pc=0x00000000053b75bf sp=0x000000000526e518 mode 0
Event: 7.500 Thread 0x000000000324e000 Uncommon trap: trap_request=0xfffffff4 fr.pc=0x000000000585b440
Event: 7.500 Thread 0x000000000324e000 DEOPT PACKING pc=0x000000000585b440 sp=0x000000000526e740
Event: 7.500 Thread 0x000000000324e000 DEOPT UNPACKING pc=0x00000000053b556a sp=0x000000000526e6a0 mode 2
Event: 8.189 Thread 0x000000000324e000 DEOPT PACKING pc=0x000000000576b2dc sp=0x000000000526e910
Event: 8.189 Thread 0x000000000324e000 DEOPT UNPACKING pc=0x00000000053b75bf sp=0x000000000526e668 mode 0
Event: 8.533 Thread 0x000000000324e000 DEOPT PACKING pc=0x00000000057ebb58 sp=0x000000000526e7b0
Event: 8.533 Thread 0x000000000324e000 DEOPT UNPACKING pc=0x00000000053b75bf sp=0x000000000526e760 mode 0
Event: 8.533 Executing VM operation: ParallelGCFailedAllocation


Dynamic libraries:
0x00007ff795ba0000 - 0x00007ff795bd1000 	D:\Android\Android\Android Studio\jre\bin\java.exe
0x00007ff832e80000 - 0x00007ff833060000 	C:\Windows\SYSTEM32\ntdll.dll
0x00007ff832d40000 - 0x00007ff832dee000 	C:\Windows\System32\KERNEL32.DLL
0x00007ff82f5c0000 - 0x00007ff82f826000 	C:\Windows\System32\KERNELBASE.dll
0x00007ff8328c0000 - 0x00007ff832961000 	C:\Windows\System32\ADVAPI32.dll
0x00007ff832550000 - 0x00007ff8325ed000 	C:\Windows\System32\msvcrt.dll
0x00007ff832df0000 - 0x00007ff832e4b000 	C:\Windows\System32\sechost.dll
0x00007ff832120000 - 0x00007ff83223f000 	C:\Windows\System32\RPCRT4.dll
0x00007ff830360000 - 0x00007ff8304ee000 	C:\Windows\System32\USER32.dll
0x00007ff82f3f0000 - 0x00007ff82f410000 	C:\Windows\System32\win32u.dll
0x00007ff830510000 - 0x00007ff830538000 	C:\Windows\System32\GDI32.dll
0x00007ff82fa60000 - 0x00007ff82fbf1000 	C:\Windows\System32\gdi32full.dll
0x00007ff82f350000 - 0x00007ff82f3eb000 	C:\Windows\System32\msvcp_win.dll
0x00007ff82f4c0000 - 0x00007ff82f5b6000 	C:\Windows\System32\ucrtbase.dll
0x00007ff8268e0000 - 0x00007ff826b49000 	C:\Windows\WinSxS\amd64_microsoft.windows.common-controls_6595b64144ccf1df_6.0.16299.15_none_cc92fb402215d91d\COMCTL32.dll
0x00007ff832240000 - 0x00007ff832548000 	C:\Windows\System32\combase.dll
0x00007ff82f280000 - 0x00007ff82f2f2000 	C:\Windows\System32\bcryptPrimitives.dll
0x00007ff831fc0000 - 0x00007ff831fed000 	C:\Windows\System32\IMM32.DLL
0x000000006fae0000 - 0x000000006fbb2000 	D:\Android\Android\Android Studio\jre\jre\bin\msvcr100.dll
0x000000006fbc0000 - 0x00000000703fe000 	D:\Android\Android\Android Studio\jre\jre\bin\server\jvm.dll
0x00007ff830350000 - 0x00007ff830358000 	C:\Windows\System32\PSAPI.DLL
0x00007ff82bc00000 - 0x00007ff82bc09000 	C:\Windows\SYSTEM32\WSOCK32.dll
0x00007ff831f50000 - 0x00007ff831fbc000 	C:\Windows\System32\WS2_32.dll
0x00007ff82d010000 - 0x00007ff82d033000 	C:\Windows\SYSTEM32\WINMM.dll
0x00007ff82dec0000 - 0x00007ff82deca000 	C:\Windows\SYSTEM32\VERSION.dll
0x00007ff82cd10000 - 0x00007ff82cd3a000 	C:\Windows\SYSTEM32\winmmbase.dll
0x00007ff82f300000 - 0x00007ff82f34a000 	C:\Windows\System32\cfgmgr32.dll
0x00007ff82bbf0000 - 0x00007ff82bbff000 	D:\Android\Android\Android Studio\jre\jre\bin\verify.dll
0x00007ff828270000 - 0x00007ff828299000 	D:\Android\Android\Android Studio\jre\jre\bin\java.dll
0x00007ff82bbd0000 - 0x00007ff82bbe6000 	D:\Android\Android\Android Studio\jre\jre\bin\zip.dll
0x00007ff830a90000 - 0x00007ff831ec7000 	C:\Windows\System32\SHELL32.dll
0x00007ff832b40000 - 0x00007ff832be6000 	C:\Windows\System32\shcore.dll
0x00007ff82fc00000 - 0x00007ff830347000 	C:\Windows\System32\windows.storage.dll
0x00007ff832ae0000 - 0x00007ff832b31000 	C:\Windows\System32\shlwapi.dll
0x00007ff82f260000 - 0x00007ff82f271000 	C:\Windows\System32\kernel.appcore.dll
0x00007ff82f1d0000 - 0x00007ff82f21c000 	C:\Windows\System32\powrprof.dll
0x00007ff82f220000 - 0x00007ff82f23b000 	C:\Windows\System32\profapi.dll
0x00007ff82ebc0000 - 0x00007ff82ebd7000 	C:\Windows\SYSTEM32\CRYPTSP.dll
0x00007ff82e610000 - 0x00007ff82e643000 	C:\Windows\system32\rsaenh.dll
0x00007ff82ecd0000 - 0x00007ff82ecf5000 	C:\Windows\SYSTEM32\bcrypt.dll
0x00007ff82f100000 - 0x00007ff82f129000 	C:\Windows\SYSTEM32\USERENV.dll
0x00007ff82ebe0000 - 0x00007ff82ebeb000 	C:\Windows\SYSTEM32\CRYPTBASE.dll
0x00007ff828250000 - 0x00007ff82826a000 	D:\Android\Android\Android Studio\jre\jre\bin\net.dll
0x00007ff82ea00000 - 0x00007ff82ea66000 	C:\Windows\system32\mswsock.dll
0x00007ff82e790000 - 0x00007ff82e7c9000 	C:\Windows\SYSTEM32\IPHLPAPI.DLL
0x00007ff832000000 - 0x00007ff832008000 	C:\Windows\System32\NSI.dll
0x00007ff82a680000 - 0x00007ff82a696000 	C:\Windows\SYSTEM32\dhcpcsvc6.DLL
0x00007ff82a660000 - 0x00007ff82a67a000 	C:\Windows\SYSTEM32\dhcpcsvc.DLL
0x00007ff828230000 - 0x00007ff828241000 	D:\Android\Android\Android Studio\jre\jre\bin\nio.dll

VM Arguments:
jvm_args: -Djava.awt.headless=true -Xmx64M -Dfile.encoding=GBK -Duser.country=CN -Duser.language=zh -Duser.variant 
java_command: com.google.devtools.build.android.desugar.Desugar @D:\Android\TEST\WanAndroidTest\app\build\intermediates\tmp\desugar_args278719547413889668
java_class_path (initial): C:\Users\Administrator\AppData\Local\Temp\desugar_deploy.jar5675111122699367911
Launcher Type: SUN_STANDARD

Environment Variables:
JAVA_HOME=D:\Program Files\Java\jdk1.8.0_77
PATH=C:\Windows\system32;C:\Windows;C:\Windows\System32\Wbem;C:\Windows\System32\WindowsPowerShell\v1.0\;C:\Program Files (x86)\NVIDIA Corporation\PhysX\Common;D:\Program Files\Java\jdk1.8.0_77\bin;D:\Program Files\Java\jdk1.8.0_77\jre\bin; ;C:\Users\Administrator\AppData\Local\Microsoft\WindowsApps;
USERNAME=Administrator
OS=Windows_NT
PROCESSOR_IDENTIFIER=Intel64 Family 6 Model 58 Stepping 9, GenuineIntel



---------------  S Y S T E M  ---------------

OS: Windows 10.0 , 64 bit Build 16299 (10.0.16299.15)

CPU:total 4 (initial active 4) (2 cores per cpu, 2 threads per core) family 6 model 58 stepping 9, cmov, cx8, fxsr, mmx, sse, sse2, sse3, ssse3, sse4.1, sse4.2, popcnt, avx, clmul, erms, ht, tsc, tscinvbit, tscinv

Memory: 4k page, physical 8281380k(1029656k free), swap 8281380k(5828k free)

vm_info: OpenJDK 64-Bit Server VM (25.152-b01) for windows-amd64 JRE (1.8.0_152-release-915-b01), built by "builder" with MS VC++ 10.0 (VS2010)

time: Fri Apr 27 13:21:03 2018
elapsed time: 8 seconds (0d 0h 0m 8s)

