#
# There is insufficient memory for the Java Runtime Environment to continue.
# Native memory allocation (malloc) failed to allocate 257056 bytes for Chunk::new
# Possible reasons:
#   The system is out of physical RAM or swap space
#   In 32 bit mode, the process size limit was hit
# Possible solutions:
#   Reduce memory load on the system
#   Increase physical memory or swap space
#   Check if swap backing store is full
#   Use 64 bit Java on a 64 bit OS
#   Decrease Java heap size (-Xmx/-Xms)
#   Decrease number of Java threads
#   Decrease Java thread stack sizes (-Xss)
#   Set larger code cache with -XX:ReservedCodeCacheSize=
# This output file may be truncated or incomplete.
#
#  Out of Memory Error (allocation.cpp:390), pid=1372, tid=0x0000000000000dc0
#
# JRE version: OpenJDK Runtime Environment (8.0_152-b01) (build 1.8.0_152-release-915-b01)
# Java VM: OpenJDK 64-Bit Server VM (25.152-b01 mixed mode windows-amd64 compressed oops)
# Failed to write core dump. Minidumps are not enabled by default on client versions of Windows
#

---------------  T H R E A D  ---------------

Current thread (0x00000000157b8800):  JavaThread "C2 CompilerThread0" daemon [_thread_in_native, id=3520, stack(0x0000000017110000,0x0000000017210000)]

Stack: [0x0000000017110000,0x0000000017210000]
[error occurred during error reporting (printing stack bounds), id 0xc0000005]

Native frames: (J=compiled Java code, j=interpreted, Vv=VM code, C=native code)


Current CompileTask:
C2:   3095 1112       4       org.objectweb.asm.MethodWriter::visitFieldInsn (256 bytes)


---------------  P R O C E S S  ---------------

Java Threads: ( => current thread )
  0x0000000016b8f800 JavaThread "Service Thread" daemon [_thread_blocked, id=8228, stack(0x0000000017410000,0x0000000017510000)]
  0x0000000016b5e800 JavaThread "C1 CompilerThread2" daemon [_thread_blocked, id=3972, stack(0x0000000017310000,0x0000000017410000)]
  0x00000000157bb000 JavaThread "C2 CompilerThread1" daemon [_thread_in_native, id=2416, stack(0x0000000017210000,0x0000000017310000)]
=>0x00000000157b8800 JavaThread "C2 CompilerThread0" daemon [_thread_in_native, id=3520, stack(0x0000000017110000,0x0000000017210000)]
  0x000000001576c800 JavaThread "Attach Listener" daemon [_thread_blocked, id=4620, stack(0x0000000017010000,0x0000000017110000)]
  0x0000000016b18800 JavaThread "Signal Dispatcher" daemon [_thread_blocked, id=7704, stack(0x0000000016f10000,0x0000000017010000)]
  0x0000000015748800 JavaThread "Finalizer" daemon [_thread_blocked, id=9236, stack(0x00000000169b0000,0x0000000016ab0000)]
  0x0000000015727000 JavaThread "Reference Handler" daemon [_thread_blocked, id=5696, stack(0x00000000168b0000,0x00000000169b0000)]
  0x00000000051fe000 JavaThread "main" [_thread_in_native, id=6168, stack(0x0000000005200000,0x0000000005300000)]

Other Threads:
  0x0000000015725800 VMThread [stack: 0x00000000167b0000,0x00000000168b0000] [id=8532]
  0x0000000016b91000 WatcherThread [stack: 0x0000000017510000,0x0000000017610000] [id=6652]

VM state:not at safepoint (normal execution)

VM Mutex/Monitor currently owned by a thread: None

Heap:
 PSYoungGen      total 18944K, used 5156K [0x00000000feb00000, 0x0000000100000000, 0x0000000100000000)
  eden space 16384K, 15% used [0x00000000feb00000,0x00000000fed8c758,0x00000000ffb00000)
  from space 2560K, 99% used [0x00000000ffb00000,0x00000000ffd7cad0,0x00000000ffd80000)
  to   space 2560K, 0% used [0x00000000ffd80000,0x00000000ffd80000,0x0000000100000000)
 ParOldGen       total 44032K, used 6291K [0x00000000fc000000, 0x00000000feb00000, 0x00000000feb00000)
  object space 44032K, 14% used [0x00000000fc000000,0x00000000fc624e88,0x00000000feb00000)
 Metaspace       used 7951K, capacity 8134K, committed 8192K, reserved 1056768K
  class space    used 908K, capacity 989K, committed 1024K, reserved 1048576K

Card table byte_map: [0x0000000005150000,0x0000000005180000] byte_map_base: 0x0000000004970000

Marking Bits: (ParMarkBitMap*) 0x0000000070383950
 Begin Bits: [0x0000000014bc0000, 0x0000000014cc0000)
 End Bits:   [0x0000000014cc0000, 0x0000000014dc0000)

Polling page: 0x00000000032f0000

CodeCache: size=245760Kb used=4128Kb max_used=4128Kb free=241631Kb
 bounds [0x0000000005400000, 0x0000000005810000, 0x0000000014400000]
 total_blobs=1454 nmethods=1119 adapters=248
 compilation: enabled

Compilation events (10 events):
Event: 3.070 Thread 0x0000000016b5e800 nmethod 1118 0x0000000005808c90 code [0x0000000005808de0, 0x0000000005808ef0]
Event: 3.071 Thread 0x0000000016b5e800 1119       3       sun.util.calendar.CalendarDate::setLeapYear (6 bytes)
Event: 3.071 Thread 0x0000000016b5e800 nmethod 1119 0x0000000005808990 code [0x0000000005808ae0, 0x0000000005808c30]
Event: 3.076 Thread 0x0000000016b5e800 1120       3       org.objectweb.asm.Item::a (354 bytes)
Event: 3.077 Thread 0x0000000016b5e800 nmethod 1120 0x00000000058076d0 code [0x0000000005807900, 0x00000000058085c8]
Event: 3.081 Thread 0x0000000016b5e800 1121       3       org.objectweb.asm.MethodVisitor::visitTryCatchBlock (20 bytes)
Event: 3.081 Thread 0x0000000016b5e800 nmethod 1121 0x0000000005807210 code [0x0000000005807380, 0x00000000058075e8]
Event: 3.083 Thread 0x0000000016b5e800 1122       1       sun.nio.ch.NativeThread::current (2 bytes)
Event: 3.083 Thread 0x0000000016b5e800 nmethod 1122 0x0000000005806f90 code [0x00000000058070e0, 0x00000000058071d0]
Event: 3.089 Thread 0x0000000016b5e800 1123       3       java.nio.channels.spi.AbstractInterruptibleChannel::blockedOn (13 bytes)

GC Heap History (6 events):
Event: 1.468 GC heap before
{Heap before GC invocations=1 (full 0):
 PSYoungGen      total 18944K, used 16384K [0x00000000feb00000, 0x0000000100000000, 0x0000000100000000)
  eden space 16384K, 100% used [0x00000000feb00000,0x00000000ffb00000,0x00000000ffb00000)
  from space 2560K, 0% used [0x00000000ffd80000,0x00000000ffd80000,0x0000000100000000)
  to   space 2560K, 0% used [0x00000000ffb00000,0x00000000ffb00000,0x00000000ffd80000)
 ParOldGen       total 44032K, used 0K [0x00000000fc000000, 0x00000000feb00000, 0x00000000feb00000)
  object space 44032K, 0% used [0x00000000fc000000,0x00000000fc000000,0x00000000feb00000)
 Metaspace       used 6596K, capacity 6740K, committed 7040K, reserved 1056768K
  class space    used 773K, capacity 824K, committed 896K, reserved 1048576K
Event: 1.474 GC heap after
Heap after GC invocations=1 (full 0):
 PSYoungGen      total 18944K, used 2552K [0x00000000feb00000, 0x0000000100000000, 0x0000000100000000)
  eden space 16384K, 0% used [0x00000000feb00000,0x00000000feb00000,0x00000000ffb00000)
  from space 2560K, 99% used [0x00000000ffb00000,0x00000000ffd7e020,0x00000000ffd80000)
  to   space 2560K, 0% used [0x00000000ffd80000,0x00000000ffd80000,0x0000000100000000)
 ParOldGen       total 44032K, used 1753K [0x00000000fc000000, 0x00000000feb00000, 0x00000000feb00000)
  object space 44032K, 3% used [0x00000000fc000000,0x00000000fc1b6558,0x00000000feb00000)
 Metaspace       used 6596K, capacity 6740K, committed 7040K, reserved 1056768K
  class space    used 773K, capacity 824K, committed 896K, reserved 1048576K
}
Event: 2.189 GC heap before
{Heap before GC invocations=2 (full 0):
 PSYoungGen      total 18944K, used 18936K [0x00000000feb00000, 0x0000000100000000, 0x0000000100000000)
  eden space 16384K, 100% used [0x00000000feb00000,0x00000000ffb00000,0x00000000ffb00000)
  from space 2560K, 99% used [0x00000000ffb00000,0x00000000ffd7e020,0x00000000ffd80000)
  to   space 2560K, 0% used [0x00000000ffd80000,0x00000000ffd80000,0x0000000100000000)
 ParOldGen       total 44032K, used 1753K [0x00000000fc000000, 0x00000000feb00000, 0x00000000feb00000)
  object space 44032K, 3% used [0x00000000fc000000,0x00000000fc1b6558,0x00000000feb00000)
 Metaspace       used 7472K, capacity 7622K, committed 7936K, reserved 1056768K
  class space    used 882K, capacity 925K, committed 1024K, reserved 1048576K
Event: 2.202 GC heap after
Heap after GC invocations=2 (full 0):
 PSYoungGen      total 18944K, used 2546K [0x00000000feb00000, 0x0000000100000000, 0x0000000100000000)
  eden space 16384K, 0% used [0x00000000feb00000,0x00000000feb00000,0x00000000ffb00000)
  from space 2560K, 99% used [0x00000000ffd80000,0x00000000ffffcad0,0x0000000100000000)
  to   space 2560K, 0% used [0x00000000ffb00000,0x00000000ffb00000,0x00000000ffd80000)
 ParOldGen       total 44032K, used 6029K [0x00000000fc000000, 0x00000000feb00000, 0x00000000feb00000)
  object space 44032K, 13% used [0x00000000fc000000,0x00000000fc5e3408,0x00000000feb00000)
 Metaspace       used 7472K, capacity 7622K, committed 7936K, reserved 1056768K
  class space    used 882K, capacity 925K, committed 1024K, reserved 1048576K
}
Event: 2.981 GC heap before
{Heap before GC invocations=3 (full 0):
 PSYoungGen      total 18944K, used 18930K [0x00000000feb00000, 0x0000000100000000, 0x0000000100000000)
  eden space 16384K, 100% used [0x00000000feb00000,0x00000000ffb00000,0x00000000ffb00000)
  from space 2560K, 99% used [0x00000000ffd80000,0x00000000ffffcad0,0x0000000100000000)
  to   space 2560K, 0% used [0x00000000ffb00000,0x00000000ffb00000,0x00000000ffd80000)
 ParOldGen       total 44032K, used 6029K [0x00000000fc000000, 0x00000000feb00000, 0x00000000feb00000)
  object space 44032K, 13% used [0x00000000fc000000,0x00000000fc5e3408,0x00000000feb00000)
 Metaspace       used 7948K, capacity 8134K, committed 8192K, reserved 1056768K
  class space    used 908K, capacity 989K, committed 1024K, reserved 1048576K
Event: 2.994 GC heap after
Heap after GC invocations=3 (full 0):
 PSYoungGen      total 18944K, used 2546K [0x00000000feb00000, 0x0000000100000000, 0x0000000100000000)
  eden space 16384K, 0% used [0x00000000feb00000,0x00000000feb00000,0x00000000ffb00000)
  from space 2560K, 99% used [0x00000000ffb00000,0x00000000ffd7cad0,0x00000000ffd80000)
  to   space 2560K, 0% used [0x00000000ffd80000,0x00000000ffd80000,0x0000000100000000)
 ParOldGen       total 44032K, used 6291K [0x00000000fc000000, 0x00000000feb00000, 0x00000000feb00000)
  object space 44032K, 14% used [0x00000000fc000000,0x00000000fc624e88,0x00000000feb00000)
 Metaspace       used 7948K, capacity 8134K, committed 8192K, reserved 1056768K
  class space    used 908K, capacity 989K, committed 1024K, reserved 1048576K
}

Deoptimization events (10 events):
Event: 2.800 Thread 0x00000000051fe000 Uncommon trap: reason=unstable_if action=reinterpret pc=0x0000000005779efc method=org.objectweb.asm.Type.getArgumentsAndReturnSizes(Ljava/lang/String;)I @ 41
Event: 2.827 Thread 0x00000000051fe000 Uncommon trap: reason=class_check action=maybe_recompile pc=0x00000000057db6cc method=org.objectweb.asm.ClassReader.a(I[CLjava/lang/String;Lorg/objectweb/asm/AnnotationVisitor;)I @ 325
Event: 2.831 Thread 0x00000000051fe000 Uncommon trap: reason=class_check action=maybe_recompile pc=0x00000000057db6cc method=org.objectweb.asm.ClassReader.a(I[CLjava/lang/String;Lorg/objectweb/asm/AnnotationVisitor;)I @ 325
Event: 2.831 Thread 0x00000000051fe000 Uncommon trap: reason=class_check action=maybe_recompile pc=0x00000000057db6cc method=org.objectweb.asm.ClassReader.a(I[CLjava/lang/String;Lorg/objectweb/asm/AnnotationVisitor;)I @ 325
Event: 2.908 Thread 0x00000000051fe000 Uncommon trap: reason=class_check action=maybe_recompile pc=0x00000000057f49c8 method=org.objectweb.asm.tree.VarInsnNode.accept(Lorg/objectweb/asm/MethodVisitor;)V @ 9
Event: 2.908 Thread 0x00000000051fe000 Uncommon trap: reason=class_check action=maybe_recompile pc=0x00000000057f49c8 method=org.objectweb.asm.tree.VarInsnNode.accept(Lorg/objectweb/asm/MethodVisitor;)V @ 9
Event: 2.908 Thread 0x00000000051fe000 Uncommon trap: reason=class_check action=maybe_recompile pc=0x00000000057f49c8 method=org.objectweb.asm.tree.VarInsnNode.accept(Lorg/objectweb/asm/MethodVisitor;)V @ 9
Event: 2.909 Thread 0x00000000051fe000 Uncommon trap: reason=class_check action=maybe_recompile pc=0x00000000057f49c8 method=org.objectweb.asm.tree.VarInsnNode.accept(Lorg/objectweb/asm/MethodVisitor;)V @ 9
Event: 2.958 Thread 0x00000000051fe000 Uncommon trap: reason=unstable_if action=reinterpret pc=0x0000000005766d50 method=org.objectweb.asm.Item.a(Lorg/objectweb/asm/Item;)Z @ 186
Event: 3.075 Thread 0x00000000051fe000 Uncommon trap: reason=unstable_if action=reinterpret pc=0x0000000005803084 method=org.objectweb.asm.Item.a(Lorg/objectweb/asm/Item;)Z @ 345

Classes redefined (0 events):
No events

Internal exceptions (10 events):
Event: 2.021 Thread 0x00000000051fe000 Exception <a 'sun/nio/fs/WindowsException'> (0x00000000ff941c48) thrown at [D:\src\AOSP-openjdk-cygwin\jdk8u\hotspot\src\share\vm\prims\jni.cpp, line 709]
Event: 2.022 Thread 0x00000000051fe000 Exception <a 'sun/nio/fs/WindowsException'> (0x00000000ff9421d0) thrown at [D:\src\AOSP-openjdk-cygwin\jdk8u\hotspot\src\share\vm\prims\jni.cpp, line 709]
Event: 2.245 Thread 0x00000000051fe000 Exception <a 'sun/nio/fs/WindowsException'> (0x00000000feba54e8) thrown at [D:\src\AOSP-openjdk-cygwin\jdk8u\hotspot\src\share\vm\prims\jni.cpp, line 709]
Event: 2.246 Thread 0x00000000051fe000 Exception <a 'sun/nio/fs/WindowsException'> (0x00000000feba59f0) thrown at [D:\src\AOSP-openjdk-cygwin\jdk8u\hotspot\src\share\vm\prims\jni.cpp, line 709]
Event: 2.306 Thread 0x00000000051fe000 Exception <a 'sun/nio/fs/WindowsException'> (0x00000000fec8cc50) thrown at [D:\src\AOSP-openjdk-cygwin\jdk8u\hotspot\src\share\vm\prims\jni.cpp, line 709]
Event: 2.306 Thread 0x00000000051fe000 Exception <a 'sun/nio/fs/WindowsException'> (0x00000000fec8d158) thrown at [D:\src\AOSP-openjdk-cygwin\jdk8u\hotspot\src\share\vm\prims\jni.cpp, line 709]
Event: 2.708 Thread 0x00000000051fe000 Exception <a 'sun/nio/fs/WindowsException'> (0x00000000ff607dc0) thrown at [D:\src\AOSP-openjdk-cygwin\jdk8u\hotspot\src\share\vm\prims\jni.cpp, line 709]
Event: 2.708 Thread 0x00000000051fe000 Exception <a 'sun/nio/fs/WindowsException'> (0x00000000ff6082c8) thrown at [D:\src\AOSP-openjdk-cygwin\jdk8u\hotspot\src\share\vm\prims\jni.cpp, line 709]
Event: 2.834 Thread 0x00000000051fe000 Exception <a 'sun/nio/fs/WindowsException'> (0x00000000ff7ad0c8) thrown at [D:\src\AOSP-openjdk-cygwin\jdk8u\hotspot\src\share\vm\prims\jni.cpp, line 709]
Event: 2.834 Thread 0x00000000051fe000 Exception <a 'sun/nio/fs/WindowsException'> (0x00000000ff7ad5d0) thrown at [D:\src\AOSP-openjdk-cygwin\jdk8u\hotspot\src\share\vm\prims\jni.cpp, line 709]

Events (10 events):
Event: 2.909 Thread 0x00000000051fe000 DEOPT PACKING pc=0x00000000057f49c8 sp=0x00000000052fe7b0
Event: 2.909 Thread 0x00000000051fe000 DEOPT UNPACKING pc=0x000000000544556a sp=0x00000000052fe748 mode 2
Event: 2.958 Thread 0x00000000051fe000 Uncommon trap: trap_request=0xffffff65 fr.pc=0x0000000005766d50
Event: 2.958 Thread 0x00000000051fe000 DEOPT PACKING pc=0x0000000005766d50 sp=0x00000000052fe580
Event: 2.958 Thread 0x00000000051fe000 DEOPT UNPACKING pc=0x000000000544556a sp=0x00000000052fe510 mode 2
Event: 2.979 Executing VM operation: ParallelGCFailedAllocation
Event: 2.994 Executing VM operation: ParallelGCFailedAllocation done
Event: 3.075 Thread 0x00000000051fe000 Uncommon trap: trap_request=0xffffff65 fr.pc=0x0000000005803084
Event: 3.075 Thread 0x00000000051fe000 DEOPT PACKING pc=0x0000000005803084 sp=0x00000000052fe420
Event: 3.075 Thread 0x00000000051fe000 DEOPT UNPACKING pc=0x000000000544556a sp=0x00000000052fe3b8 mode 2


Dynamic libraries:
0x00007ff795ba0000 - 0x00007ff795bd1000 	D:\Android\Android\Android Studio\jre\bin\java.exe
0x00007ff832e80000 - 0x00007ff833060000 	C:\Windows\SYSTEM32\ntdll.dll
0x00007ff832d40000 - 0x00007ff832dee000 	C:\Windows\System32\KERNEL32.DLL
0x00007ff82f5c0000 - 0x00007ff82f826000 	C:\Windows\System32\KERNELBASE.dll
0x00007ff8328c0000 - 0x00007ff832961000 	C:\Windows\System32\ADVAPI32.dll
0x00007ff832550000 - 0x00007ff8325ed000 	C:\Windows\System32\msvcrt.dll
0x00007ff832df0000 - 0x00007ff832e4b000 	C:\Windows\System32\sechost.dll
0x00007ff832120000 - 0x00007ff83223f000 	C:\Windows\System32\RPCRT4.dll
0x00007ff830360000 - 0x00007ff8304ee000 	C:\Windows\System32\USER32.dll
0x00007ff82f3f0000 - 0x00007ff82f410000 	C:\Windows\System32\win32u.dll
0x00007ff830510000 - 0x00007ff830538000 	C:\Windows\System32\GDI32.dll
0x00007ff82fa60000 - 0x00007ff82fbf1000 	C:\Windows\System32\gdi32full.dll
0x00007ff82f350000 - 0x00007ff82f3eb000 	C:\Windows\System32\msvcp_win.dll
0x00007ff82f4c0000 - 0x00007ff82f5b6000 	C:\Windows\System32\ucrtbase.dll
0x00007ff8268e0000 - 0x00007ff826b49000 	C:\Windows\WinSxS\amd64_microsoft.windows.common-controls_6595b64144ccf1df_6.0.16299.15_none_cc92fb402215d91d\COMCTL32.dll
0x00007ff832240000 - 0x00007ff832548000 	C:\Windows\System32\combase.dll
0x00007ff82f280000 - 0x00007ff82f2f2000 	C:\Windows\System32\bcryptPrimitives.dll
0x00007ff831fc0000 - 0x00007ff831fed000 	C:\Windows\System32\IMM32.DLL
0x000000006fae0000 - 0x000000006fbb2000 	D:\Android\Android\Android Studio\jre\jre\bin\msvcr100.dll
0x000000006fbc0000 - 0x00000000703fe000 	D:\Android\Android\Android Studio\jre\jre\bin\server\jvm.dll
0x00007ff830350000 - 0x00007ff830358000 	C:\Windows\System32\PSAPI.DLL
0x00007ff82bc00000 - 0x00007ff82bc09000 	C:\Windows\SYSTEM32\WSOCK32.dll
0x00007ff831f50000 - 0x00007ff831fbc000 	C:\Windows\System32\WS2_32.dll
0x00007ff82d010000 - 0x00007ff82d033000 	C:\Windows\SYSTEM32\WINMM.dll
0x00007ff82dec0000 - 0x00007ff82deca000 	C:\Windows\SYSTEM32\VERSION.dll
0x00007ff82cd10000 - 0x00007ff82cd3a000 	C:\Windows\SYSTEM32\WINMMBASE.dll
0x00007ff82f300000 - 0x00007ff82f34a000 	C:\Windows\System32\cfgmgr32.dll
0x00007ff82bbf0000 - 0x00007ff82bbff000 	D:\Android\Android\Android Studio\jre\jre\bin\verify.dll
0x00007ff828270000 - 0x00007ff828299000 	D:\Android\Android\Android Studio\jre\jre\bin\java.dll
0x00007ff82bbd0000 - 0x00007ff82bbe6000 	D:\Android\Android\Android Studio\jre\jre\bin\zip.dll
0x00007ff830a90000 - 0x00007ff831ec7000 	C:\Windows\System32\SHELL32.dll
0x00007ff832b40000 - 0x00007ff832be6000 	C:\Windows\System32\shcore.dll
0x00007ff82fc00000 - 0x00007ff830347000 	C:\Windows\System32\windows.storage.dll
0x00007ff832ae0000 - 0x00007ff832b31000 	C:\Windows\System32\shlwapi.dll
0x00007ff82f260000 - 0x00007ff82f271000 	C:\Windows\System32\kernel.appcore.dll
0x00007ff82f1d0000 - 0x00007ff82f21c000 	C:\Windows\System32\powrprof.dll
0x00007ff82f220000 - 0x00007ff82f23b000 	C:\Windows\System32\profapi.dll
0x00007ff82ebc0000 - 0x00007ff82ebd7000 	C:\Windows\SYSTEM32\CRYPTSP.dll
0x00007ff82e610000 - 0x00007ff82e643000 	C:\Windows\system32\rsaenh.dll
0x00007ff82ecd0000 - 0x00007ff82ecf5000 	C:\Windows\SYSTEM32\bcrypt.dll
0x00007ff82f100000 - 0x00007ff82f129000 	C:\Windows\SYSTEM32\USERENV.dll
0x00007ff82ebe0000 - 0x00007ff82ebeb000 	C:\Windows\SYSTEM32\CRYPTBASE.dll
0x00007ff828250000 - 0x00007ff82826a000 	D:\Android\Android\Android Studio\jre\jre\bin\net.dll
0x00007ff82ea00000 - 0x00007ff82ea66000 	C:\Windows\system32\mswsock.dll
0x00007ff82e790000 - 0x00007ff82e7c9000 	C:\Windows\SYSTEM32\IPHLPAPI.DLL
0x00007ff832000000 - 0x00007ff832008000 	C:\Windows\System32\NSI.dll
0x00007ff82a680000 - 0x00007ff82a696000 	C:\Windows\SYSTEM32\dhcpcsvc6.DLL
0x00007ff82a660000 - 0x00007ff82a67a000 	C:\Windows\SYSTEM32\dhcpcsvc.DLL
0x00007ff828230000 - 0x00007ff828241000 	D:\Android\Android\Android Studio\jre\jre\bin\nio.dll

VM Arguments:
jvm_args: -Djava.awt.headless=true -Xmx64M -Dfile.encoding=GBK -Duser.country=CN -Duser.language=zh -Duser.variant 
java_command: com.google.devtools.build.android.desugar.Desugar @D:\Android\TEST\WanAndroidTest\app\build\intermediates\tmp\desugar_args1896095462253946198
java_class_path (initial): C:\Users\Administrator\AppData\Local\Temp\desugar_deploy.jar9142964696440801824
Launcher Type: SUN_STANDARD

Environment Variables:
JAVA_HOME=D:\Program Files\Java\jdk1.8.0_77
PATH=C:\Windows\system32;C:\Windows;C:\Windows\System32\Wbem;C:\Windows\System32\WindowsPowerShell\v1.0\;C:\Program Files (x86)\NVIDIA Corporation\PhysX\Common;D:\Program Files\Java\jdk1.8.0_77\bin;D:\Program Files\Java\jdk1.8.0_77\jre\bin; ;C:\Users\Administrator\AppData\Local\Microsoft\WindowsApps;
USERNAME=Administrator
OS=Windows_NT
PROCESSOR_IDENTIFIER=Intel64 Family 6 Model 58 Stepping 9, GenuineIntel



---------------  S Y S T E M  ---------------

OS: Windows 10.0 , 64 bit Build 16299 (10.0.16299.15)

CPU:total 4 (initial active 4) (2 cores per cpu, 2 threads per core) family 6 model 58 stepping 9, cmov, cx8, fxsr, mmx, sse, sse2, sse3, ssse3, sse4.1, sse4.2, popcnt, avx, clmul, erms, ht, tsc, tscinvbit, tscinv

Memory: 4k page, physical 8281380k(1018036k free), swap 8281380k(3164k free)

vm_info: OpenJDK 64-Bit Server VM (25.152-b01) for windows-amd64 JRE (1.8.0_152-release-915-b01), built by "builder" with MS VC++ 10.0 (VS2010)

time: Fri Apr 27 11:45:42 2018
elapsed time: 3 seconds (0d 0h 0m 3s)

