#
# There is insufficient memory for the Java Runtime Environment to continue.
# Native memory allocation (malloc) failed to allocate 36496 bytes for Chunk::new
# Possible reasons:
#   The system is out of physical RAM or swap space
#   In 32 bit mode, the process size limit was hit
# Possible solutions:
#   Reduce memory load on the system
#   Increase physical memory or swap space
#   Check if swap backing store is full
#   Use 64 bit Java on a 64 bit OS
#   Decrease Java heap size (-Xmx/-Xms)
#   Decrease number of Java threads
#   Decrease Java thread stack sizes (-Xss)
#   Set larger code cache with -XX:ReservedCodeCacheSize=
# This output file may be truncated or incomplete.
#
#  Out of Memory Error (allocation.cpp:390), pid=3952, tid=0x0000000000002484
#
# JRE version: OpenJDK Runtime Environment (8.0_152-b01) (build 1.8.0_152-release-915-b01)
# Java VM: OpenJDK 64-Bit Server VM (25.152-b01 mixed mode windows-amd64 compressed oops)
# Failed to write core dump. Minidumps are not enabled by default on client versions of Windows
#

---------------  T H R E A D  ---------------

Current thread (0x000000001531b000):  JavaThread "C2 CompilerThread1" daemon [_thread_in_native, id=9348, stack(0x0000000016d30000,0x0000000016e30000)]

Stack: [0x0000000016d30000,0x0000000016e30000]
[error occurred during error reporting (printing stack bounds), id 0xc0000005]

Native frames: (J=compiled Java code, j=interpreted, Vv=VM code, C=native code)


Current CompileTask:
C2:   1347  519       4       sun.nio.cs.UTF_8$Decoder::decode (779 bytes)


---------------  P R O C E S S  ---------------

Java Threads: ( => current thread )
  0x0000000016690000 JavaThread "Service Thread" daemon [_thread_blocked, id=5664, stack(0x0000000016f30000,0x0000000017030000)]
  0x000000001668a000 JavaThread "C1 CompilerThread2" daemon [_thread_blocked, id=5800, stack(0x0000000016e30000,0x0000000016f30000)]
=>0x000000001531b000 JavaThread "C2 CompilerThread1" daemon [_thread_in_native, id=9348, stack(0x0000000016d30000,0x0000000016e30000)]
  0x0000000015318800 JavaThread "C2 CompilerThread0" daemon [_thread_blocked, id=5840, stack(0x0000000016c30000,0x0000000016d30000)]
  0x00000000152cc800 JavaThread "Attach Listener" daemon [_thread_blocked, id=10692, stack(0x0000000016b30000,0x0000000016c30000)]
  0x0000000016638800 JavaThread "Signal Dispatcher" daemon [_thread_blocked, id=3472, stack(0x0000000016a30000,0x0000000016b30000)]
  0x00000000152a8800 JavaThread "Finalizer" daemon [_thread_blocked, id=10484, stack(0x0000000016530000,0x0000000016630000)]
  0x0000000015287000 JavaThread "Reference Handler" daemon [_thread_blocked, id=864, stack(0x0000000016430000,0x0000000016530000)]
  0x0000000004e5e000 JavaThread "main" [_thread_in_Java, id=9940, stack(0x0000000004c90000,0x0000000004d90000)]

Other Threads:
  0x0000000015285800 VMThread [stack: 0x0000000016330000,0x0000000016430000] [id=8284]
  0x0000000016691000 WatcherThread [stack: 0x0000000017030000,0x0000000017130000] [id=10356]

VM state:not at safepoint (normal execution)

VM Mutex/Monitor currently owned by a thread: None

Heap:
 PSYoungGen      total 18944K, used 9191K [0x00000000feb00000, 0x0000000100000000, 0x0000000100000000)
  eden space 16384K, 56% used [0x00000000feb00000,0x00000000ff3f9e08,0x00000000ffb00000)
  from space 2560K, 0% used [0x00000000ffd80000,0x00000000ffd80000,0x0000000100000000)
  to   space 2560K, 0% used [0x00000000ffb00000,0x00000000ffb00000,0x00000000ffd80000)
 ParOldGen       total 44032K, used 0K [0x00000000fc000000, 0x00000000feb00000, 0x00000000feb00000)
  object space 44032K, 0% used [0x00000000fc000000,0x00000000fc000000,0x00000000feb00000)
 Metaspace       used 6604K, capacity 6736K, committed 7040K, reserved 1056768K
  class space    used 773K, capacity 824K, committed 896K, reserved 1048576K

Card table byte_map: [0x0000000004910000,0x0000000004940000] byte_map_base: 0x0000000004130000

Marking Bits: (ParMarkBitMap*) 0x0000000070383950
 Begin Bits: [0x0000000014720000, 0x0000000014820000)
 End Bits:   [0x0000000014820000, 0x0000000014920000)

Polling page: 0x0000000003030000

CodeCache: size=245760Kb used=2176Kb max_used=2176Kb free=243583Kb
 bounds [0x0000000004f60000, 0x00000000051d0000, 0x0000000013f60000]
 total_blobs=843 nmethods=520 adapters=237
 compilation: enabled

Compilation events (10 events):
Event: 1.333 Thread 0x000000001668a000  514       3       java.util.zip.ZipFile::access$500 (6 bytes)
Event: 1.334 Thread 0x000000001668a000 nmethod 514 0x000000000517de10 code [0x000000000517df80, 0x000000000517e0e8]
Event: 1.338 Thread 0x000000001668a000  516       3       java.util.zip.ZipFile::access$900 (7 bytes)
Event: 1.338 Thread 0x000000001668a000 nmethod 516 0x000000000517e550 code [0x000000000517e6c0, 0x000000000517e828]
Event: 1.338 Thread 0x000000001668a000  517       3       java.util.zip.ZipEntry::toString (5 bytes)
Event: 1.339 Thread 0x000000001668a000 nmethod 517 0x000000000517e910 code [0x000000000517ea60, 0x000000000517ec50]
Event: 1.339 Thread 0x000000001668a000  518       1       java.util.HashMap::afterNodeInsertion (1 bytes)
Event: 1.339 Thread 0x000000001668a000 nmethod 518 0x000000000517ecd0 code [0x000000000517ee20, 0x000000000517ef30]
Event: 1.341 Thread 0x000000001531b000  519       4       sun.nio.cs.UTF_8$Decoder::decode (779 bytes)
Event: 1.342 Thread 0x000000001668a000  520       3       java.util.HashMap::resize (359 bytes)

GC Heap History (0 events):
No events

Deoptimization events (2 events):
Event: 0.803 Thread 0x0000000004e5e000 Uncommon trap: reason=range_check action=make_not_entrant pc=0x00000000050d2d60 method=sun.reflect.generics.parser.SignatureParser.current()C @ 34
Event: 1.293 Thread 0x0000000004e5e000 Uncommon trap: reason=unstable_if action=reinterpret pc=0x00000000050f08b8 method=java.lang.String.startsWith(Ljava/lang/String;I)Z @ 25

Classes redefined (0 events):
No events

Internal exceptions (10 events):
Event: 1.098 Thread 0x0000000004e5e000 Exception <a 'sun/nio/fs/WindowsException'> (0x00000000ff249528) thrown at [D:\src\AOSP-openjdk-cygwin\jdk8u\hotspot\src\share\vm\prims\jni.cpp, line 709]
Event: 1.098 Thread 0x0000000004e5e000 Exception <a 'sun/nio/fs/WindowsException'> (0x00000000ff249b90) thrown at [D:\src\AOSP-openjdk-cygwin\jdk8u\hotspot\src\share\vm\prims\jni.cpp, line 709]
Event: 1.098 Thread 0x0000000004e5e000 Exception <a 'sun/nio/fs/WindowsException'> (0x00000000ff24a380) thrown at [D:\src\AOSP-openjdk-cygwin\jdk8u\hotspot\src\share\vm\prims\jni.cpp, line 709]
Event: 1.098 Thread 0x0000000004e5e000 Exception <a 'sun/nio/fs/WindowsException'> (0x00000000ff24a988) thrown at [D:\src\AOSP-openjdk-cygwin\jdk8u\hotspot\src\share\vm\prims\jni.cpp, line 709]
Event: 1.098 Thread 0x0000000004e5e000 Exception <a 'sun/nio/fs/WindowsException'> (0x00000000ff24b158) thrown at [D:\src\AOSP-openjdk-cygwin\jdk8u\hotspot\src\share\vm\prims\jni.cpp, line 709]
Event: 1.098 Thread 0x0000000004e5e000 Exception <a 'sun/nio/fs/WindowsException'> (0x00000000ff24b720) thrown at [D:\src\AOSP-openjdk-cygwin\jdk8u\hotspot\src\share\vm\prims\jni.cpp, line 709]
Event: 1.098 Thread 0x0000000004e5e000 Exception <a 'sun/nio/fs/WindowsException'> (0x00000000ff24bee0) thrown at [D:\src\AOSP-openjdk-cygwin\jdk8u\hotspot\src\share\vm\prims\jni.cpp, line 709]
Event: 1.175 Thread 0x0000000004e5e000 Exception <a 'sun/nio/fs/WindowsException'> (0x00000000ff287150) thrown at [D:\src\AOSP-openjdk-cygwin\jdk8u\hotspot\src\share\vm\prims\jni.cpp, line 709]
Event: 1.176 Thread 0x0000000004e5e000 Exception <a 'sun/nio/fs/WindowsException'> (0x00000000ff287d58) thrown at [D:\src\AOSP-openjdk-cygwin\jdk8u\hotspot\src\share\vm\prims\jni.cpp, line 709]
Event: 1.176 Thread 0x0000000004e5e000 Exception <a 'sun/nio/fs/WindowsException'> (0x00000000ff2887e0) thrown at [D:\src\AOSP-openjdk-cygwin\jdk8u\hotspot\src\share\vm\prims\jni.cpp, line 709]

Events (10 events):
Event: 1.289 loading class com/google/common/base/Functions done
Event: 1.290 loading class com/google/common/base/Functions$ToStringFunction
Event: 1.290 loading class com/google/common/base/Functions$ToStringFunction done
Event: 1.291 loading class com/google/common/collect/Iterators$7
Event: 1.291 loading class com/google/common/collect/Iterators$7 done
Event: 1.292 loading class com/google/common/collect/TransformedIterator
Event: 1.292 loading class com/google/common/collect/TransformedIterator done
Event: 1.293 Thread 0x0000000004e5e000 Uncommon trap: trap_request=0xffffff65 fr.pc=0x00000000050f08b8
Event: 1.293 Thread 0x0000000004e5e000 DEOPT PACKING pc=0x00000000050f08b8 sp=0x0000000004d8eef0
Event: 1.293 Thread 0x0000000004e5e000 DEOPT UNPACKING pc=0x0000000004fa556a sp=0x0000000004d8ee68 mode 2


Dynamic libraries:
0x00007ff795ba0000 - 0x00007ff795bd1000 	D:\Android\Android\Android Studio\jre\bin\java.exe
0x00007ff832e80000 - 0x00007ff833060000 	C:\Windows\SYSTEM32\ntdll.dll
0x00007ff832d40000 - 0x00007ff832dee000 	C:\Windows\System32\KERNEL32.DLL
0x00007ff82f5c0000 - 0x00007ff82f826000 	C:\Windows\System32\KERNELBASE.dll
0x00007ff8328c0000 - 0x00007ff832961000 	C:\Windows\System32\ADVAPI32.dll
0x00007ff832550000 - 0x00007ff8325ed000 	C:\Windows\System32\msvcrt.dll
0x00007ff832df0000 - 0x00007ff832e4b000 	C:\Windows\System32\sechost.dll
0x00007ff832120000 - 0x00007ff83223f000 	C:\Windows\System32\RPCRT4.dll
0x00007ff830360000 - 0x00007ff8304ee000 	C:\Windows\System32\USER32.dll
0x00007ff82f3f0000 - 0x00007ff82f410000 	C:\Windows\System32\win32u.dll
0x00007ff830510000 - 0x00007ff830538000 	C:\Windows\System32\GDI32.dll
0x00007ff82fa60000 - 0x00007ff82fbf1000 	C:\Windows\System32\gdi32full.dll
0x00007ff82f350000 - 0x00007ff82f3eb000 	C:\Windows\System32\msvcp_win.dll
0x00007ff82f4c0000 - 0x00007ff82f5b6000 	C:\Windows\System32\ucrtbase.dll
0x00007ff8268e0000 - 0x00007ff826b49000 	C:\Windows\WinSxS\amd64_microsoft.windows.common-controls_6595b64144ccf1df_6.0.16299.15_none_cc92fb402215d91d\COMCTL32.dll
0x00007ff832240000 - 0x00007ff832548000 	C:\Windows\System32\combase.dll
0x00007ff82f280000 - 0x00007ff82f2f2000 	C:\Windows\System32\bcryptPrimitives.dll
0x00007ff831fc0000 - 0x00007ff831fed000 	C:\Windows\System32\IMM32.DLL
0x000000006fae0000 - 0x000000006fbb2000 	D:\Android\Android\Android Studio\jre\jre\bin\msvcr100.dll
0x000000006fbc0000 - 0x00000000703fe000 	D:\Android\Android\Android Studio\jre\jre\bin\server\jvm.dll
0x00007ff830350000 - 0x00007ff830358000 	C:\Windows\System32\PSAPI.DLL
0x00007ff82bc00000 - 0x00007ff82bc09000 	C:\Windows\SYSTEM32\WSOCK32.dll
0x00007ff831f50000 - 0x00007ff831fbc000 	C:\Windows\System32\WS2_32.dll
0x00007ff82d010000 - 0x00007ff82d033000 	C:\Windows\SYSTEM32\WINMM.dll
0x00007ff82dec0000 - 0x00007ff82deca000 	C:\Windows\SYSTEM32\VERSION.dll
0x00007ff82cd10000 - 0x00007ff82cd3a000 	C:\Windows\SYSTEM32\WINMMBASE.dll
0x00007ff82f300000 - 0x00007ff82f34a000 	C:\Windows\System32\cfgmgr32.dll
0x00007ff82bbf0000 - 0x00007ff82bbff000 	D:\Android\Android\Android Studio\jre\jre\bin\verify.dll
0x00007ff828270000 - 0x00007ff828299000 	D:\Android\Android\Android Studio\jre\jre\bin\java.dll
0x00007ff82bbd0000 - 0x00007ff82bbe6000 	D:\Android\Android\Android Studio\jre\jre\bin\zip.dll
0x00007ff830a90000 - 0x00007ff831ec7000 	C:\Windows\System32\SHELL32.dll
0x00007ff832b40000 - 0x00007ff832be6000 	C:\Windows\System32\shcore.dll
0x00007ff82fc00000 - 0x00007ff830347000 	C:\Windows\System32\windows.storage.dll
0x00007ff832ae0000 - 0x00007ff832b31000 	C:\Windows\System32\shlwapi.dll
0x00007ff82f260000 - 0x00007ff82f271000 	C:\Windows\System32\kernel.appcore.dll
0x00007ff82f1d0000 - 0x00007ff82f21c000 	C:\Windows\System32\powrprof.dll
0x00007ff82f220000 - 0x00007ff82f23b000 	C:\Windows\System32\profapi.dll
0x00007ff82ebc0000 - 0x00007ff82ebd7000 	C:\Windows\SYSTEM32\CRYPTSP.dll
0x00007ff82e610000 - 0x00007ff82e643000 	C:\Windows\system32\rsaenh.dll
0x00007ff82ecd0000 - 0x00007ff82ecf5000 	C:\Windows\SYSTEM32\bcrypt.dll
0x00007ff82f100000 - 0x00007ff82f129000 	C:\Windows\SYSTEM32\USERENV.dll
0x00007ff82ebe0000 - 0x00007ff82ebeb000 	C:\Windows\SYSTEM32\CRYPTBASE.dll
0x00007ff828250000 - 0x00007ff82826a000 	D:\Android\Android\Android Studio\jre\jre\bin\net.dll
0x00007ff82ea00000 - 0x00007ff82ea66000 	C:\Windows\system32\mswsock.dll
0x00007ff82e790000 - 0x00007ff82e7c9000 	C:\Windows\SYSTEM32\IPHLPAPI.DLL
0x00007ff832000000 - 0x00007ff832008000 	C:\Windows\System32\NSI.dll
0x00007ff82a680000 - 0x00007ff82a696000 	C:\Windows\SYSTEM32\dhcpcsvc6.DLL
0x00007ff82a660000 - 0x00007ff82a67a000 	C:\Windows\SYSTEM32\dhcpcsvc.DLL
0x00007ff828230000 - 0x00007ff828241000 	D:\Android\Android\Android Studio\jre\jre\bin\nio.dll

VM Arguments:
jvm_args: -Djava.awt.headless=true -Xmx64M -Dfile.encoding=GBK -Duser.country=CN -Duser.language=zh -Duser.variant 
java_command: com.google.devtools.build.android.desugar.Desugar @D:\Android\TEST\WanAndroidTest\app\build\intermediates\tmp\desugar_args6634779467650519540
java_class_path (initial): C:\Users\Administrator\AppData\Local\Temp\desugar_deploy.jar5675111122699367911
Launcher Type: SUN_STANDARD

Environment Variables:
JAVA_HOME=D:\Program Files\Java\jdk1.8.0_77
PATH=C:\Windows\system32;C:\Windows;C:\Windows\System32\Wbem;C:\Windows\System32\WindowsPowerShell\v1.0\;C:\Program Files (x86)\NVIDIA Corporation\PhysX\Common;D:\Program Files\Java\jdk1.8.0_77\bin;D:\Program Files\Java\jdk1.8.0_77\jre\bin; ;C:\Users\Administrator\AppData\Local\Microsoft\WindowsApps;
USERNAME=Administrator
OS=Windows_NT
PROCESSOR_IDENTIFIER=Intel64 Family 6 Model 58 Stepping 9, GenuineIntel



---------------  S Y S T E M  ---------------

OS: Windows 10.0 , 64 bit Build 16299 (10.0.16299.15)

CPU:total 4 (initial active 4) (2 cores per cpu, 2 threads per core) family 6 model 58 stepping 9, cmov, cx8, fxsr, mmx, sse, sse2, sse3, ssse3, sse4.1, sse4.2, popcnt, avx, clmul, erms, ht, tsc, tscinvbit, tscinv

Memory: 4k page, physical 8281380k(1160840k free), swap 8281380k(5880k free)

vm_info: OpenJDK 64-Bit Server VM (25.152-b01) for windows-amd64 JRE (1.8.0_152-release-915-b01), built by "builder" with MS VC++ 10.0 (VS2010)

time: Fri Apr 27 13:14:49 2018
elapsed time: 1 seconds (0d 0h 0m 1s)

