#
# There is insufficient memory for the Java Runtime Environment to continue.
# Native memory allocation (malloc) failed to allocate 32744 bytes for ChunkPool::allocate
# Possible reasons:
#   The system is out of physical RAM or swap space
#   In 32 bit mode, the process size limit was hit
# Possible solutions:
#   Reduce memory load on the system
#   Increase physical memory or swap space
#   Check if swap backing store is full
#   Use 64 bit Java on a 64 bit OS
#   Decrease Java heap size (-Xmx/-Xms)
#   Decrease number of Java threads
#   Decrease Java thread stack sizes (-Xss)
#   Set larger code cache with -XX:ReservedCodeCacheSize=
# This output file may be truncated or incomplete.
#
#  Out of Memory Error (allocation.cpp:273), pid=7912, tid=0x00000000000023ac
#
# JRE version: OpenJDK Runtime Environment (8.0_152-b01) (build 1.8.0_152-release-915-b01)
# Java VM: OpenJDK 64-Bit Server VM (25.152-b01 mixed mode windows-amd64 compressed oops)
# Failed to write core dump. Minidumps are not enabled by default on client versions of Windows
#

---------------  T H R E A D  ---------------

Current thread (0x0000000015f2a800):  JavaThread "C1 CompilerThread2" daemon [_thread_in_native, id=9132, stack(0x00000000166d0000,0x00000000167d0000)]

Stack: [0x00000000166d0000,0x00000000167d0000]
[error occurred during error reporting (printing stack bounds), id 0xc0000005]

Native frames: (J=compiled Java code, j=interpreted, Vv=VM code, C=native code)


Current CompileTask:
C1:   3332  843       3       org.objectweb.asm.ClassReader::a (3587 bytes)


---------------  P R O C E S S  ---------------

Java Threads: ( => current thread )
  0x0000000015f30000 JavaThread "Service Thread" daemon [_thread_blocked, id=2908, stack(0x00000000167d0000,0x00000000168d0000)]
=>0x0000000015f2a800 JavaThread "C1 CompilerThread2" daemon [_thread_in_native, id=9132, stack(0x00000000166d0000,0x00000000167d0000)]
  0x0000000015f1f000 JavaThread "C2 CompilerThread1" daemon [_thread_blocked, id=4180, stack(0x00000000165d0000,0x00000000166d0000)]
  0x0000000014bc8800 JavaThread "C2 CompilerThread0" daemon [_thread_in_native, id=4760, stack(0x00000000164d0000,0x00000000165d0000)]
  0x0000000014b7c800 JavaThread "Attach Listener" daemon [_thread_blocked, id=8632, stack(0x00000000163d0000,0x00000000164d0000)]
  0x0000000015ed8800 JavaThread "Signal Dispatcher" daemon [_thread_blocked, id=3172, stack(0x00000000162d0000,0x00000000163d0000)]
  0x000000000437b000 JavaThread "Finalizer" daemon [_thread_blocked, id=8316, stack(0x0000000015dd0000,0x0000000015ed0000)]
  0x0000000014b37000 JavaThread "Reference Handler" daemon [_thread_blocked, id=5176, stack(0x0000000015cd0000,0x0000000015dd0000)]
  0x000000000490e000 JavaThread "main" [_thread_in_Java, id=1032, stack(0x00000000029b0000,0x0000000002ab0000)]

Other Threads:
  0x0000000014b35800 VMThread [stack: 0x0000000015bd0000,0x0000000015cd0000] [id=5816]
  0x0000000015f31000 WatcherThread [stack: 0x00000000168d0000,0x00000000169d0000] [id=6344]

VM state:not at safepoint (normal execution)

VM Mutex/Monitor currently owned by a thread: None

Heap:
 PSYoungGen      total 18944K, used 4268K [0x00000000feb00000, 0x0000000100000000, 0x0000000100000000)
  eden space 16384K, 10% used [0x00000000feb00000,0x00000000fecaee98,0x00000000ffb00000)
  from space 2560K, 99% used [0x00000000ffd80000,0x00000000ffffc420,0x0000000100000000)
  to   space 2560K, 0% used [0x00000000ffb00000,0x00000000ffb00000,0x00000000ffd80000)
 ParOldGen       total 44032K, used 5804K [0x00000000fc000000, 0x00000000feb00000, 0x00000000feb00000)
  object space 44032K, 13% used [0x00000000fc000000,0x00000000fc5ab050,0x00000000feb00000)
 Metaspace       used 7760K, capacity 8002K, committed 8192K, reserved 1056768K
  class space    used 904K, capacity 989K, committed 1024K, reserved 1048576K

Card table byte_map: [0x0000000004390000,0x00000000043c0000] byte_map_base: 0x0000000003bb0000

Marking Bits: (ParMarkBitMap*) 0x0000000074ad3950
 Begin Bits: [0x0000000013fd0000, 0x00000000140d0000)
 End Bits:   [0x00000000140d0000, 0x00000000141d0000)

Polling page: 0x0000000002ab0000

CodeCache: size=245760Kb used=3039Kb max_used=3050Kb free=242720Kb
 bounds [0x0000000004910000, 0x0000000004c10000, 0x0000000013910000]
 total_blobs=1177 nmethods=843 adapters=248
 compilation: enabled

Compilation events (10 events):
Event: 3.313 Thread 0x0000000015f2a800 nmethod 840 0x0000000004c07c50 code [0x0000000004c07da0, 0x0000000004c07eb0]
Event: 3.313 Thread 0x0000000014bc8800 nmethod 836 0x0000000004c0ae50 code [0x0000000004c0afa0, 0x0000000004c0b2c8]
Event: 3.314 Thread 0x0000000015f2a800  841       1       java.nio.Buffer::position (5 bytes)
Event: 3.314 Thread 0x0000000015f2a800 nmethod 841 0x0000000004c0ab90 code [0x0000000004c0ace0, 0x0000000004c0adf0]
Event: 3.314 Thread 0x0000000015f2a800  842       3       org.objectweb.asm.MethodVisitor::visitEnd (15 bytes)
Event: 3.315 Thread 0x0000000015f2a800 nmethod 842 0x0000000004c0a710 code [0x0000000004c0a880, 0x0000000004c0aae8]
Event: 3.315 Thread 0x0000000015f2a800  843       3       org.objectweb.asm.ClassReader::a (3587 bytes)
Event: 3.316 Thread 0x0000000015f1f000  847       4       sun.nio.cs.UTF_8$Encoder::encode (359 bytes)
Event: 3.317 Thread 0x0000000014bc8800  848       4       org.objectweb.asm.ClassReader::readUTF8 (60 bytes)
Event: 3.321 Thread 0x0000000015f1f000 nmethod 847 0x0000000004c08d10 code [0x0000000004c08e60, 0x0000000004c090b8]

GC Heap History (4 events):
Event: 2.454 GC heap before
{Heap before GC invocations=1 (full 0):
 PSYoungGen      total 18944K, used 16384K [0x00000000feb00000, 0x0000000100000000, 0x0000000100000000)
  eden space 16384K, 100% used [0x00000000feb00000,0x00000000ffb00000,0x00000000ffb00000)
  from space 2560K, 0% used [0x00000000ffd80000,0x00000000ffd80000,0x0000000100000000)
  to   space 2560K, 0% used [0x00000000ffb00000,0x00000000ffb00000,0x00000000ffd80000)
 ParOldGen       total 44032K, used 0K [0x00000000fc000000, 0x00000000feb00000, 0x00000000feb00000)
  object space 44032K, 0% used [0x00000000fc000000,0x00000000fc000000,0x00000000feb00000)
 Metaspace       used 6629K, capacity 6800K, committed 7040K, reserved 1056768K
  class space    used 773K, capacity 824K, committed 896K, reserved 1048576K
Event: 2.464 GC heap after
Heap after GC invocations=1 (full 0):
 PSYoungGen      total 18944K, used 2552K [0x00000000feb00000, 0x0000000100000000, 0x0000000100000000)
  eden space 16384K, 0% used [0x00000000feb00000,0x00000000feb00000,0x00000000ffb00000)
  from space 2560K, 99% used [0x00000000ffb00000,0x00000000ffd7e020,0x00000000ffd80000)
  to   space 2560K, 0% used [0x00000000ffd80000,0x00000000ffd80000,0x0000000100000000)
 ParOldGen       total 44032K, used 1674K [0x00000000fc000000, 0x00000000feb00000, 0x00000000feb00000)
  object space 44032K, 3% used [0x00000000fc000000,0x00000000fc1a2840,0x00000000feb00000)
 Metaspace       used 6629K, capacity 6800K, committed 7040K, reserved 1056768K
  class space    used 773K, capacity 824K, committed 896K, reserved 1048576K
}
Event: 3.192 GC heap before
{Heap before GC invocations=2 (full 0):
 PSYoungGen      total 18944K, used 18936K [0x00000000feb00000, 0x0000000100000000, 0x0000000100000000)
  eden space 16384K, 100% used [0x00000000feb00000,0x00000000ffb00000,0x00000000ffb00000)
  from space 2560K, 99% used [0x00000000ffb00000,0x00000000ffd7e020,0x00000000ffd80000)
  to   space 2560K, 0% used [0x00000000ffd80000,0x00000000ffd80000,0x0000000100000000)
 ParOldGen       total 44032K, used 1674K [0x00000000fc000000, 0x00000000feb00000, 0x00000000feb00000)
  object space 44032K, 3% used [0x00000000fc000000,0x00000000fc1a2840,0x00000000feb00000)
 Metaspace       used 7365K, capacity 7490K, committed 7680K, reserved 1056768K
  class space    used 863K, capacity 925K, committed 1024K, reserved 1048576K
Event: 3.207 GC heap after
Heap after GC invocations=2 (full 0):
 PSYoungGen      total 18944K, used 2545K [0x00000000feb00000, 0x0000000100000000, 0x0000000100000000)
  eden space 16384K, 0% used [0x00000000feb00000,0x00000000feb00000,0x00000000ffb00000)
  from space 2560K, 99% used [0x00000000ffd80000,0x00000000ffffc420,0x0000000100000000)
  to   space 2560K, 0% used [0x00000000ffb00000,0x00000000ffb00000,0x00000000ffd80000)
 ParOldGen       total 44032K, used 5804K [0x00000000fc000000, 0x00000000feb00000, 0x00000000feb00000)
  object space 44032K, 13% used [0x00000000fc000000,0x00000000fc5ab050,0x00000000feb00000)
 Metaspace       used 7365K, capacity 7490K, committed 7680K, reserved 1056768K
  class space    used 863K, capacity 925K, committed 1024K, reserved 1048576K
}

Deoptimization events (10 events):
Event: 3.175 Thread 0x000000000490e000 Uncommon trap: reason=class_check action=maybe_recompile pc=0x0000000004b412d0 method=com.google.common.collect.Iterators$7.transform(Ljava/lang/Object;)Ljava/lang/Object; @ 5
Event: 3.175 Thread 0x000000000490e000 Uncommon trap: reason=class_check action=maybe_recompile pc=0x0000000004b58bec method=com.google.common.collect.TransformedIterator.hasNext()Z @ 4
Event: 3.175 Thread 0x000000000490e000 Uncommon trap: reason=class_check action=maybe_recompile pc=0x0000000004b58bec method=com.google.common.collect.TransformedIterator.hasNext()Z @ 4
Event: 3.175 Thread 0x000000000490e000 Uncommon trap: reason=class_check action=maybe_recompile pc=0x0000000004b53958 method=com.google.common.collect.TransformedIterator.next()Ljava/lang/Object; @ 5
Event: 3.175 Thread 0x000000000490e000 Uncommon trap: reason=class_check action=maybe_recompile pc=0x0000000004b412d0 method=com.google.common.collect.Iterators$7.transform(Ljava/lang/Object;)Ljava/lang/Object; @ 5
Event: 3.175 Thread 0x000000000490e000 Uncommon trap: reason=class_check action=maybe_recompile pc=0x0000000004b58bec method=com.google.common.collect.TransformedIterator.hasNext()Z @ 4
Event: 3.175 Thread 0x000000000490e000 Uncommon trap: reason=class_check action=maybe_recompile pc=0x0000000004b53958 method=com.google.common.collect.TransformedIterator.next()Ljava/lang/Object; @ 5
Event: 3.175 Thread 0x000000000490e000 Uncommon trap: reason=class_check action=maybe_recompile pc=0x0000000004b412d0 method=com.google.common.collect.Iterators$7.transform(Ljava/lang/Object;)Ljava/lang/Object; @ 5
Event: 3.175 Thread 0x000000000490e000 Uncommon trap: reason=class_check action=maybe_recompile pc=0x0000000004b53958 method=com.google.common.collect.TransformedIterator.next()Ljava/lang/Object; @ 5
Event: 3.175 Thread 0x000000000490e000 Uncommon trap: reason=class_check action=maybe_recompile pc=0x0000000004b412d0 method=com.google.common.collect.Iterators$7.transform(Ljava/lang/Object;)Ljava/lang/Object; @ 5

Classes redefined (0 events):
No events

Internal exceptions (10 events):
Event: 2.574 Thread 0x000000000490e000 Implicit null exception at 0x0000000004b41e7d to 0x0000000004b422b1
Event: 2.790 Thread 0x000000000490e000 Exception <a 'sun/nio/fs/WindowsException'> (0x00000000ff1b3930) thrown at [D:\src\AOSP-openjdk-cygwin\jdk8u\hotspot\src\share\vm\prims\jni.cpp, line 709]
Event: 2.791 Thread 0x000000000490e000 Exception <a 'sun/nio/fs/WindowsException'> (0x00000000ff1b3f00) thrown at [D:\src\AOSP-openjdk-cygwin\jdk8u\hotspot\src\share\vm\prims\jni.cpp, line 709]
Event: 2.791 Thread 0x000000000490e000 Exception <a 'sun/nio/fs/WindowsException'> (0x00000000ff1b44f8) thrown at [D:\src\AOSP-openjdk-cygwin\jdk8u\hotspot\src\share\vm\prims\jni.cpp, line 709]
Event: 2.791 Thread 0x000000000490e000 Exception <a 'sun/nio/fs/WindowsException'> (0x00000000ff1b4cc8) thrown at [D:\src\AOSP-openjdk-cygwin\jdk8u\hotspot\src\share\vm\prims\jni.cpp, line 709]
Event: 2.791 Thread 0x000000000490e000 Exception <a 'sun/nio/fs/WindowsException'> (0x00000000ff1b5298) thrown at [D:\src\AOSP-openjdk-cygwin\jdk8u\hotspot\src\share\vm\prims\jni.cpp, line 709]
Event: 2.791 Thread 0x000000000490e000 Exception <a 'sun/nio/fs/WindowsException'> (0x00000000ff1b5a58) thrown at [D:\src\AOSP-openjdk-cygwin\jdk8u\hotspot\src\share\vm\prims\jni.cpp, line 709]
Event: 2.801 Thread 0x000000000490e000 Exception <a 'sun/nio/fs/WindowsException'> (0x00000000ff1baec0) thrown at [D:\src\AOSP-openjdk-cygwin\jdk8u\hotspot\src\share\vm\prims\jni.cpp, line 709]
Event: 3.093 Thread 0x000000000490e000 Exception <a 'sun/nio/fs/WindowsException'> (0x00000000ff9b1ae8) thrown at [D:\src\AOSP-openjdk-cygwin\jdk8u\hotspot\src\share\vm\prims\jni.cpp, line 709]
Event: 3.093 Thread 0x000000000490e000 Exception <a 'sun/nio/fs/WindowsException'> (0x00000000ff9b2070) thrown at [D:\src\AOSP-openjdk-cygwin\jdk8u\hotspot\src\share\vm\prims\jni.cpp, line 709]

Events (10 events):
Event: 3.290 loading class sun/util/calendar/CalendarDate
Event: 3.291 loading class sun/util/calendar/CalendarDate done
Event: 3.291 loading class sun/util/calendar/BaseCalendar$Date done
Event: 3.291 loading class sun/util/calendar/Gregorian$Date done
Event: 3.291 loading class sun/util/calendar/CalendarUtils
Event: 3.291 loading class sun/util/calendar/CalendarUtils done
Event: 3.293 loading class org/objectweb/asm/tree/TryCatchBlockNode
Event: 3.293 loading class org/objectweb/asm/tree/TryCatchBlockNode done
Event: 3.294 loading class org/objectweb/asm/Handler
Event: 3.294 loading class org/objectweb/asm/Handler done


Dynamic libraries:
0x00007ff7b5310000 - 0x00007ff7b5341000 	D:\Android\Android\Android Studio\jre\bin\java.exe
0x00007ffab57a0000 - 0x00007ffab5980000 	C:\Windows\SYSTEM32\ntdll.dll
0x00007ffab4ae0000 - 0x00007ffab4b8e000 	C:\Windows\System32\KERNEL32.DLL
0x00007ffab1ba0000 - 0x00007ffab1e06000 	C:\Windows\System32\KERNELBASE.dll
0x00007ffab5180000 - 0x00007ffab5221000 	C:\Windows\System32\ADVAPI32.dll
0x00007ffab56a0000 - 0x00007ffab573d000 	C:\Windows\System32\msvcrt.dll
0x00007ffab5610000 - 0x00007ffab566b000 	C:\Windows\System32\sechost.dll
0x00007ffab3260000 - 0x00007ffab337f000 	C:\Windows\System32\RPCRT4.dll
0x00007ffab4ce0000 - 0x00007ffab4e6e000 	C:\Windows\System32\USER32.dll
0x00007ffab1fb0000 - 0x00007ffab1fd0000 	C:\Windows\System32\win32u.dll
0x00007ffab5740000 - 0x00007ffab5768000 	C:\Windows\System32\GDI32.dll
0x00007ffab1e10000 - 0x00007ffab1fa1000 	C:\Windows\System32\gdi32full.dll
0x00007ffab2030000 - 0x00007ffab20cb000 	C:\Windows\System32\msvcp_win.dll
0x00007ffab2200000 - 0x00007ffab22f6000 	C:\Windows\System32\ucrtbase.dll
0x00007ffaa8630000 - 0x00007ffaa8899000 	C:\Windows\WinSxS\amd64_microsoft.windows.common-controls_6595b64144ccf1df_6.0.16299.15_none_cc92fb402215d91d\COMCTL32.dll
0x00007ffab47d0000 - 0x00007ffab4ad8000 	C:\Windows\System32\combase.dll
0x00007ffab2180000 - 0x00007ffab21f2000 	C:\Windows\System32\bcryptPrimitives.dll
0x00007ffab5670000 - 0x00007ffab569d000 	C:\Windows\System32\IMM32.DLL
0x0000000074230000 - 0x0000000074302000 	D:\Android\Android\Android Studio\jre\jre\bin\msvcr100.dll
0x0000000074310000 - 0x0000000074b4e000 	D:\Android\Android\Android Studio\jre\jre\bin\server\jvm.dll
0x00007ffab3380000 - 0x00007ffab3388000 	C:\Windows\System32\PSAPI.DLL
0x00007ffaae6c0000 - 0x00007ffaae6c9000 	C:\Windows\SYSTEM32\WSOCK32.dll
0x00007ffab53a0000 - 0x00007ffab540c000 	C:\Windows\System32\WS2_32.dll
0x00007ffaaf930000 - 0x00007ffaaf953000 	C:\Windows\SYSTEM32\WINMM.dll
0x00007ffab07e0000 - 0x00007ffab07ea000 	C:\Windows\SYSTEM32\VERSION.dll
0x00007ffaaf630000 - 0x00007ffaaf65a000 	C:\Windows\SYSTEM32\WINMMBASE.dll
0x00007ffab2300000 - 0x00007ffab234a000 	C:\Windows\System32\cfgmgr32.dll
0x00007ffaac730000 - 0x00007ffaac73f000 	D:\Android\Android\Android Studio\jre\jre\bin\verify.dll
0x00007ffaa80b0000 - 0x00007ffaa80d9000 	D:\Android\Android\Android Studio\jre\jre\bin\java.dll
0x00007ffaabfc0000 - 0x00007ffaabfd6000 	D:\Android\Android\Android Studio\jre\jre\bin\zip.dll
0x00007ffab3390000 - 0x00007ffab47c7000 	C:\Windows\System32\SHELL32.dll
0x00007ffab2ce0000 - 0x00007ffab2d86000 	C:\Windows\System32\shcore.dll
0x00007ffab2520000 - 0x00007ffab2c67000 	C:\Windows\System32\windows.storage.dll
0x00007ffab4e70000 - 0x00007ffab4ec1000 	C:\Windows\System32\shlwapi.dll
0x00007ffab1b40000 - 0x00007ffab1b51000 	C:\Windows\System32\kernel.appcore.dll
0x00007ffab1af0000 - 0x00007ffab1b3c000 	C:\Windows\System32\powrprof.dll
0x00007ffab1b80000 - 0x00007ffab1b9b000 	C:\Windows\System32\profapi.dll
0x00007ffab14e0000 - 0x00007ffab14f7000 	C:\Windows\SYSTEM32\CRYPTSP.dll
0x00007ffab0f30000 - 0x00007ffab0f63000 	C:\Windows\system32\rsaenh.dll
0x00007ffab15f0000 - 0x00007ffab1615000 	C:\Windows\SYSTEM32\bcrypt.dll
0x00007ffab1a20000 - 0x00007ffab1a49000 	C:\Windows\SYSTEM32\USERENV.dll
0x00007ffab1500000 - 0x00007ffab150b000 	C:\Windows\SYSTEM32\CRYPTBASE.dll
0x00007ffaaaf00000 - 0x00007ffaaaf1a000 	D:\Android\Android\Android Studio\jre\jre\bin\net.dll
0x00007ffab1320000 - 0x00007ffab1386000 	C:\Windows\system32\mswsock.dll
0x00007ffab10b0000 - 0x00007ffab10e9000 	C:\Windows\SYSTEM32\IPHLPAPI.DLL
0x00007ffab5600000 - 0x00007ffab5608000 	C:\Windows\System32\NSI.dll
0x00007ffaac900000 - 0x00007ffaac916000 	C:\Windows\SYSTEM32\dhcpcsvc6.DLL
0x00007ffaac8e0000 - 0x00007ffaac8fa000 	C:\Windows\SYSTEM32\dhcpcsvc.DLL
0x00007ffaa6c10000 - 0x00007ffaa6c21000 	D:\Android\Android\Android Studio\jre\jre\bin\nio.dll

VM Arguments:
jvm_args: -Djava.awt.headless=true -Xmx64M -Dfile.encoding=GBK -Duser.country=CN -Duser.language=zh -Duser.variant 
java_command: com.google.devtools.build.android.desugar.Desugar @D:\Android\TEST\WanAndroidTest\app\build\intermediates\tmp\desugar_args8309387029258740179
java_class_path (initial): C:\Users\Administrator\AppData\Local\Temp\desugar_deploy.jar8719441168662629408
Launcher Type: SUN_STANDARD

Environment Variables:
PATH=C:\Windows\system32;C:\Windows;C:\Windows\System32\Wbem;C:\Windows\System32\WindowsPowerShell\v1.0\;C:\Program Files (x86)\NVIDIA Corporation\PhysX\Common;C:\Users\Administrator\AppData\Local\Microsoft\WindowsApps;
USERNAME=Administrator
OS=Windows_NT
PROCESSOR_IDENTIFIER=Intel64 Family 6 Model 58 Stepping 9, GenuineIntel



---------------  S Y S T E M  ---------------

OS: Windows 10.0 , 64 bit Build 16299 (10.0.16299.15)

CPU:total 4 (initial active 4) (2 cores per cpu, 2 threads per core) family 6 model 58 stepping 9, cmov, cx8, fxsr, mmx, sse, sse2, sse3, ssse3, sse4.1, sse4.2, popcnt, avx, clmul, erms, ht, tsc, tscinvbit, tscinv

Memory: 4k page, physical 8281380k(1138444k free), swap 8281380k(3808k free)

vm_info: OpenJDK 64-Bit Server VM (25.152-b01) for windows-amd64 JRE (1.8.0_152-release-915-b01), built by "builder" with MS VC++ 10.0 (VS2010)

time: Mon Apr 30 16:02:39 2018
elapsed time: 3 seconds (0d 0h 0m 3s)

