#
# There is insufficient memory for the Java Runtime Environment to continue.
# Native memory allocation (malloc) failed to allocate 32744 bytes for ChunkPool::allocate
# Possible reasons:
#   The system is out of physical RAM or swap space
#   In 32 bit mode, the process size limit was hit
# Possible solutions:
#   Reduce memory load on the system
#   Increase physical memory or swap space
#   Check if swap backing store is full
#   Use 64 bit Java on a 64 bit OS
#   Decrease Java heap size (-Xmx/-Xms)
#   Decrease number of Java threads
#   Decrease Java thread stack sizes (-Xss)
#   Set larger code cache with -XX:ReservedCodeCacheSize=
# This output file may be truncated or incomplete.
#
#  Out of Memory Error (allocation.cpp:273), pid=10164, tid=0x0000000000002594
#
# JRE version: OpenJDK Runtime Environment (8.0_152-b01) (build 1.8.0_152-release-915-b01)
# Java VM: OpenJDK 64-Bit Server VM (25.152-b01 mixed mode windows-amd64 compressed oops)
# Failed to write core dump. Minidumps are not enabled by default on client versions of Windows
#

---------------  T H R E A D  ---------------

Current thread (0x0000000015268800):  JavaThread "C2 CompilerThread0" daemon [_thread_in_native, id=9620, stack(0x0000000016b70000,0x0000000016c70000)]

Stack: [0x0000000016b70000,0x0000000016c70000]
[error occurred during error reporting (printing stack bounds), id 0xc0000005]

Native frames: (J=compiled Java code, j=interpreted, Vv=VM code, C=native code)


Current CompileTask:
C2:   5026  942 %     4       org.objectweb.asm.ClassReader::a @ 1577 (3587 bytes)


---------------  P R O C E S S  ---------------

Java Threads: ( => current thread )
  0x00000000165d9800 JavaThread "Service Thread" daemon [_thread_blocked, id=9600, stack(0x0000000016e70000,0x0000000016f70000)]
  0x00000000165d3000 JavaThread "C1 CompilerThread2" daemon [_thread_blocked, id=9740, stack(0x0000000016d70000,0x0000000016e70000)]
  0x000000001526c000 JavaThread "C2 CompilerThread1" daemon [_thread_blocked, id=860, stack(0x0000000016c70000,0x0000000016d70000)]
=>0x0000000015268800 JavaThread "C2 CompilerThread0" daemon [_thread_in_native, id=9620, stack(0x0000000016b70000,0x0000000016c70000)]
  0x0000000016578800 JavaThread "Attach Listener" daemon [_thread_blocked, id=9920, stack(0x0000000016a70000,0x0000000016b70000)]
  0x000000001521d000 JavaThread "Signal Dispatcher" daemon [_thread_blocked, id=7704, stack(0x0000000016970000,0x0000000016a70000)]
  0x00000000151f8800 JavaThread "Finalizer" daemon [_thread_blocked, id=2568, stack(0x0000000016470000,0x0000000016570000)]
  0x00000000151d7000 JavaThread "Reference Handler" daemon [_thread_blocked, id=3380, stack(0x0000000016370000,0x0000000016470000)]
  0x0000000004eae000 JavaThread "main" [_thread_in_Java, id=9900, stack(0x0000000004810000,0x0000000004910000)]

Other Threads:
  0x00000000151d5800 VMThread [stack: 0x0000000016270000,0x0000000016370000] [id=6540]
  0x00000000165db000 WatcherThread [stack: 0x0000000016f70000,0x0000000017070000] [id=5716]

VM state:not at safepoint (normal execution)

VM Mutex/Monitor currently owned by a thread: None

Heap:
 PSYoungGen      total 18944K, used 18595K [0x00000000feb00000, 0x0000000100000000, 0x0000000100000000)
  eden space 16384K, 98% used [0x00000000feb00000,0x00000000ffab01c0,0x00000000ffb00000)
  from space 2560K, 98% used [0x00000000ffd80000,0x00000000ffff8c10,0x0000000100000000)
  to   space 2560K, 0% used [0x00000000ffb00000,0x00000000ffb00000,0x00000000ffd80000)
 ParOldGen       total 44032K, used 5936K [0x00000000fc000000, 0x00000000feb00000, 0x00000000feb00000)
  object space 44032K, 13% used [0x00000000fc000000,0x00000000fc5cc398,0x00000000feb00000)
 Metaspace       used 7942K, capacity 8140K, committed 8192K, reserved 1056768K
  class space    used 910K, capacity 991K, committed 1024K, reserved 1048576K

Card table byte_map: [0x0000000002c00000,0x0000000002c30000] byte_map_base: 0x0000000002420000

Marking Bits: (ParMarkBitMap*) 0x0000000074ad3950
 Begin Bits: [0x0000000014670000, 0x0000000014770000)
 End Bits:   [0x0000000014770000, 0x0000000014870000)

Polling page: 0x00000000007f0000

CodeCache: size=245760Kb used=3969Kb max_used=3978Kb free=241790Kb
 bounds [0x0000000004eb0000, 0x00000000052a0000, 0x0000000013eb0000]
 total_blobs=1396 nmethods=1062 adapters=248
 compilation: enabled

Compilation events (10 events):
Event: 4.739 Thread 0x000000001526c000 1059       4       org.objectweb.asm.MethodVisitor::visitJumpInsn (17 bytes)
Event: 4.740 Thread 0x000000001526c000 nmethod 1059 0x0000000005293dd0 code [0x0000000005293f00, 0x0000000005293f98]
Event: 4.740 Thread 0x00000000165d3000 1060       3       org.objectweb.asm.ByteVector::putInt (74 bytes)
Event: 4.741 Thread 0x00000000165d3000 nmethod 1060 0x0000000005293810 code [0x0000000005293980, 0x0000000005293c08]
Event: 4.743 Thread 0x000000001526c000 1061       4       com.google.devtools.build.android.desugar.BitFlags::isSet (13 bytes)
Event: 4.744 Thread 0x000000001526c000 nmethod 1061 0x00000000052872d0 code [0x0000000005287400, 0x0000000005287458]
Event: 4.744 Thread 0x00000000165d3000 1062       3       org.objectweb.asm.ClassReader::accept (11 bytes)
Event: 4.745 Thread 0x00000000165d3000 nmethod 1062 0x0000000005295290 code [0x0000000005295400, 0x00000000052956a8]
Event: 4.746 Thread 0x00000000165d3000 1063       3       java.util.AbstractSet::<init> (5 bytes)
Event: 4.746 Thread 0x00000000165d3000 nmethod 1063 0x0000000005294e50 code [0x0000000005294fc0, 0x00000000052951d0]

GC Heap History (4 events):
Event: 2.056 GC heap before
{Heap before GC invocations=1 (full 0):
 PSYoungGen      total 18944K, used 16384K [0x00000000feb00000, 0x0000000100000000, 0x0000000100000000)
  eden space 16384K, 100% used [0x00000000feb00000,0x00000000ffb00000,0x00000000ffb00000)
  from space 2560K, 0% used [0x00000000ffd80000,0x00000000ffd80000,0x0000000100000000)
  to   space 2560K, 0% used [0x00000000ffb00000,0x00000000ffb00000,0x00000000ffd80000)
 ParOldGen       total 44032K, used 0K [0x00000000fc000000, 0x00000000feb00000, 0x00000000feb00000)
  object space 44032K, 0% used [0x00000000fc000000,0x00000000fc000000,0x00000000feb00000)
 Metaspace       used 6615K, capacity 6800K, committed 7040K, reserved 1056768K
  class space    used 773K, capacity 824K, committed 896K, reserved 1048576K
Event: 2.063 GC heap after
Heap after GC invocations=1 (full 0):
 PSYoungGen      total 18944K, used 2536K [0x00000000feb00000, 0x0000000100000000, 0x0000000100000000)
  eden space 16384K, 0% used [0x00000000feb00000,0x00000000feb00000,0x00000000ffb00000)
  from space 2560K, 99% used [0x00000000ffb00000,0x00000000ffd7a030,0x00000000ffd80000)
  to   space 2560K, 0% used [0x00000000ffd80000,0x00000000ffd80000,0x0000000100000000)
 ParOldGen       total 44032K, used 1717K [0x00000000fc000000, 0x00000000feb00000, 0x00000000feb00000)
  object space 44032K, 3% used [0x00000000fc000000,0x00000000fc1ad4d8,0x00000000feb00000)
 Metaspace       used 6615K, capacity 6800K, committed 7040K, reserved 1056768K
  class space    used 773K, capacity 824K, committed 896K, reserved 1048576K
}
Event: 3.029 GC heap before
{Heap before GC invocations=2 (full 0):
 PSYoungGen      total 18944K, used 18920K [0x00000000feb00000, 0x0000000100000000, 0x0000000100000000)
  eden space 16384K, 100% used [0x00000000feb00000,0x00000000ffb00000,0x00000000ffb00000)
  from space 2560K, 99% used [0x00000000ffb00000,0x00000000ffd7a030,0x00000000ffd80000)
  to   space 2560K, 0% used [0x00000000ffd80000,0x00000000ffd80000,0x0000000100000000)
 ParOldGen       total 44032K, used 1717K [0x00000000fc000000, 0x00000000feb00000, 0x00000000feb00000)
  object space 44032K, 3% used [0x00000000fc000000,0x00000000fc1ad4d8,0x00000000feb00000)
 Metaspace       used 7045K, capacity 7202K, committed 7296K, reserved 1056768K
  class space    used 825K, capacity 893K, committed 896K, reserved 1048576K
Event: 3.043 GC heap after
Heap after GC invocations=2 (full 0):
 PSYoungGen      total 18944K, used 2531K [0x00000000feb00000, 0x0000000100000000, 0x0000000100000000)
  eden space 16384K, 0% used [0x00000000feb00000,0x00000000feb00000,0x00000000ffb00000)
  from space 2560K, 98% used [0x00000000ffd80000,0x00000000ffff8c10,0x0000000100000000)
  to   space 2560K, 0% used [0x00000000ffb00000,0x00000000ffb00000,0x00000000ffd80000)
 ParOldGen       total 44032K, used 5936K [0x00000000fc000000, 0x00000000feb00000, 0x00000000feb00000)
  object space 44032K, 13% used [0x00000000fc000000,0x00000000fc5cc398,0x00000000feb00000)
 Metaspace       used 7045K, capacity 7202K, committed 7296K, reserved 1056768K
  class space    used 825K, capacity 893K, committed 896K, reserved 1048576K
}

Deoptimization events (10 events):
Event: 3.189 Thread 0x0000000004eae000 Uncommon trap: reason=class_check action=maybe_recompile pc=0x00000000050dfc10 method=com.google.common.collect.Iterators$7.transform(Ljava/lang/Object;)Ljava/lang/Object; @ 5
Event: 3.512 Thread 0x0000000004eae000 Uncommon trap: reason=unstable_if action=reinterpret pc=0x00000000051bd2c8 method=org.objectweb.asm.ClassReader.readUTF8(I[C)Ljava/lang/String; @ 7
Event: 3.633 Thread 0x0000000004eae000 Uncommon trap: reason=unstable_if action=reinterpret pc=0x0000000005208fa0 method=java.lang.String.<init>([CII)V @ 18
Event: 3.639 Thread 0x0000000004eae000 Uncommon trap: reason=unstable_if action=reinterpret pc=0x00000000051c1b98 method=java.lang.String.<init>([CII)V @ 18
Event: 3.751 Thread 0x0000000004eae000 Uncommon trap: reason=unstable_if action=reinterpret pc=0x00000000051f1180 method=org.objectweb.asm.Item.a(Lorg/objectweb/asm/Item;)Z @ 345
Event: 4.634 Thread 0x0000000004eae000 Uncommon trap: reason=class_check action=maybe_recompile pc=0x000000000527c188 method=org.objectweb.asm.tree.VarInsnNode.accept(Lorg/objectweb/asm/MethodVisitor;)V @ 9
Event: 4.635 Thread 0x0000000004eae000 Uncommon trap: reason=class_check action=maybe_recompile pc=0x000000000527c188 method=org.objectweb.asm.tree.VarInsnNode.accept(Lorg/objectweb/asm/MethodVisitor;)V @ 9
Event: 4.635 Thread 0x0000000004eae000 Uncommon trap: reason=class_check action=maybe_recompile pc=0x000000000527c188 method=org.objectweb.asm.tree.VarInsnNode.accept(Lorg/objectweb/asm/MethodVisitor;)V @ 9
Event: 4.635 Thread 0x0000000004eae000 Uncommon trap: reason=class_check action=maybe_recompile pc=0x000000000527c188 method=org.objectweb.asm.tree.VarInsnNode.accept(Lorg/objectweb/asm/MethodVisitor;)V @ 9
Event: 4.714 Thread 0x0000000004eae000 Uncommon trap: reason=unstable_if action=reinterpret pc=0x000000000525d02c method=org.objectweb.asm.ByteVector.putInt(I)Lorg/objectweb/asm/ByteVector; @ 13

Classes redefined (0 events):
No events

Internal exceptions (10 events):
Event: 1.948 Thread 0x0000000004eae000 Implicit null exception at 0x00000000050d7779 to 0x00000000050d7d35
Event: 2.314 Thread 0x0000000004eae000 Exception <a 'sun/nio/fs/WindowsException'> (0x00000000ff1a8598) thrown at [D:\src\AOSP-openjdk-cygwin\jdk8u\hotspot\src\share\vm\prims\jni.cpp, line 709]
Event: 2.314 Thread 0x0000000004eae000 Exception <a 'sun/nio/fs/WindowsException'> (0x00000000ff1a8b68) thrown at [D:\src\AOSP-openjdk-cygwin\jdk8u\hotspot\src\share\vm\prims\jni.cpp, line 709]
Event: 2.314 Thread 0x0000000004eae000 Exception <a 'sun/nio/fs/WindowsException'> (0x00000000ff1a9160) thrown at [D:\src\AOSP-openjdk-cygwin\jdk8u\hotspot\src\share\vm\prims\jni.cpp, line 709]
Event: 2.314 Thread 0x0000000004eae000 Exception <a 'sun/nio/fs/WindowsException'> (0x00000000ff1a9930) thrown at [D:\src\AOSP-openjdk-cygwin\jdk8u\hotspot\src\share\vm\prims\jni.cpp, line 709]
Event: 2.314 Thread 0x0000000004eae000 Exception <a 'sun/nio/fs/WindowsException'> (0x00000000ff1a9f00) thrown at [D:\src\AOSP-openjdk-cygwin\jdk8u\hotspot\src\share\vm\prims\jni.cpp, line 709]
Event: 2.314 Thread 0x0000000004eae000 Exception <a 'sun/nio/fs/WindowsException'> (0x00000000ff1aa6c0) thrown at [D:\src\AOSP-openjdk-cygwin\jdk8u\hotspot\src\share\vm\prims\jni.cpp, line 709]
Event: 2.450 Thread 0x0000000004eae000 Exception <a 'sun/nio/fs/WindowsException'> (0x00000000ff1afb28) thrown at [D:\src\AOSP-openjdk-cygwin\jdk8u\hotspot\src\share\vm\prims\jni.cpp, line 709]
Event: 2.981 Thread 0x0000000004eae000 Exception <a 'sun/nio/fs/WindowsException'> (0x00000000ff9e1fb0) thrown at [D:\src\AOSP-openjdk-cygwin\jdk8u\hotspot\src\share\vm\prims\jni.cpp, line 709]
Event: 2.982 Thread 0x0000000004eae000 Exception <a 'sun/nio/fs/WindowsException'> (0x00000000ff9e2538) thrown at [D:\src\AOSP-openjdk-cygwin\jdk8u\hotspot\src\share\vm\prims\jni.cpp, line 709]

Events (10 events):
Event: 4.635 Thread 0x0000000004eae000 DEOPT UNPACKING pc=0x0000000004ef556a sp=0x000000000490e878 mode 2
Event: 4.635 Thread 0x0000000004eae000 Uncommon trap: trap_request=0xffffffde fr.pc=0x000000000527c188
Event: 4.635 Thread 0x0000000004eae000 DEOPT PACKING pc=0x000000000527c188 sp=0x000000000490e8e0
Event: 4.635 Thread 0x0000000004eae000 DEOPT UNPACKING pc=0x0000000004ef556a sp=0x000000000490e878 mode 2
Event: 4.635 Thread 0x0000000004eae000 Uncommon trap: trap_request=0xffffffde fr.pc=0x000000000527c188
Event: 4.635 Thread 0x0000000004eae000 DEOPT PACKING pc=0x000000000527c188 sp=0x000000000490e8e0
Event: 4.635 Thread 0x0000000004eae000 DEOPT UNPACKING pc=0x0000000004ef556a sp=0x000000000490e878 mode 2
Event: 4.714 Thread 0x0000000004eae000 Uncommon trap: trap_request=0xffffff65 fr.pc=0x000000000525d02c
Event: 4.714 Thread 0x0000000004eae000 DEOPT PACKING pc=0x000000000525d02c sp=0x000000000490e700
Event: 4.714 Thread 0x0000000004eae000 DEOPT UNPACKING pc=0x0000000004ef556a sp=0x000000000490e6a0 mode 2


Dynamic libraries:
0x00007ff7b2e80000 - 0x00007ff7b2eb1000 	D:\Android\Android\Android Studio\jre\bin\java.exe
0x00007ffab57a0000 - 0x00007ffab5980000 	C:\Windows\SYSTEM32\ntdll.dll
0x00007ffab4ae0000 - 0x00007ffab4b8e000 	C:\Windows\System32\KERNEL32.DLL
0x00007ffab1ba0000 - 0x00007ffab1e06000 	C:\Windows\System32\KERNELBASE.dll
0x00007ffab5180000 - 0x00007ffab5221000 	C:\Windows\System32\ADVAPI32.dll
0x00007ffab56a0000 - 0x00007ffab573d000 	C:\Windows\System32\msvcrt.dll
0x00007ffab5610000 - 0x00007ffab566b000 	C:\Windows\System32\sechost.dll
0x00007ffab3260000 - 0x00007ffab337f000 	C:\Windows\System32\RPCRT4.dll
0x00007ffab4ce0000 - 0x00007ffab4e6e000 	C:\Windows\System32\USER32.dll
0x00007ffab1fb0000 - 0x00007ffab1fd0000 	C:\Windows\System32\win32u.dll
0x00007ffab5740000 - 0x00007ffab5768000 	C:\Windows\System32\GDI32.dll
0x00007ffab1e10000 - 0x00007ffab1fa1000 	C:\Windows\System32\gdi32full.dll
0x00007ffab2030000 - 0x00007ffab20cb000 	C:\Windows\System32\msvcp_win.dll
0x00007ffab2200000 - 0x00007ffab22f6000 	C:\Windows\System32\ucrtbase.dll
0x00007ffaa9c00000 - 0x00007ffaa9e69000 	C:\Windows\WinSxS\amd64_microsoft.windows.common-controls_6595b64144ccf1df_6.0.16299.15_none_cc92fb402215d91d\COMCTL32.dll
0x00007ffab47d0000 - 0x00007ffab4ad8000 	C:\Windows\System32\combase.dll
0x00007ffab2180000 - 0x00007ffab21f2000 	C:\Windows\System32\bcryptPrimitives.dll
0x00007ffab5670000 - 0x00007ffab569d000 	C:\Windows\System32\IMM32.DLL
0x0000000074230000 - 0x0000000074302000 	D:\Android\Android\Android Studio\jre\jre\bin\msvcr100.dll
0x0000000074310000 - 0x0000000074b4e000 	D:\Android\Android\Android Studio\jre\jre\bin\server\jvm.dll
0x00007ffab3380000 - 0x00007ffab3388000 	C:\Windows\System32\PSAPI.DLL
0x00007ffaae520000 - 0x00007ffaae529000 	C:\Windows\SYSTEM32\WSOCK32.dll
0x00007ffab53a0000 - 0x00007ffab540c000 	C:\Windows\System32\WS2_32.dll
0x00007ffaaf930000 - 0x00007ffaaf953000 	C:\Windows\SYSTEM32\WINMM.dll
0x00007ffab07e0000 - 0x00007ffab07ea000 	C:\Windows\SYSTEM32\VERSION.dll
0x00007ffaaf630000 - 0x00007ffaaf65a000 	C:\Windows\SYSTEM32\WINMMBASE.dll
0x00007ffab2300000 - 0x00007ffab234a000 	C:\Windows\System32\cfgmgr32.dll
0x00007ffaae4f0000 - 0x00007ffaae4ff000 	D:\Android\Android\Android Studio\jre\jre\bin\verify.dll
0x00007ffaaad50000 - 0x00007ffaaad79000 	D:\Android\Android\Android Studio\jre\jre\bin\java.dll
0x00007ffaab680000 - 0x00007ffaab696000 	D:\Android\Android\Android Studio\jre\jre\bin\zip.dll
0x00007ffab3390000 - 0x00007ffab47c7000 	C:\Windows\System32\SHELL32.dll
0x00007ffab2ce0000 - 0x00007ffab2d86000 	C:\Windows\System32\shcore.dll
0x00007ffab2520000 - 0x00007ffab2c67000 	C:\Windows\System32\windows.storage.dll
0x00007ffab4e70000 - 0x00007ffab4ec1000 	C:\Windows\System32\shlwapi.dll
0x00007ffab1b40000 - 0x00007ffab1b51000 	C:\Windows\System32\kernel.appcore.dll
0x00007ffab1af0000 - 0x00007ffab1b3c000 	C:\Windows\System32\powrprof.dll
0x00007ffab1b80000 - 0x00007ffab1b9b000 	C:\Windows\System32\profapi.dll
0x00007ffab14e0000 - 0x00007ffab14f7000 	C:\Windows\SYSTEM32\CRYPTSP.dll
0x00007ffab0f30000 - 0x00007ffab0f63000 	C:\Windows\system32\rsaenh.dll
0x00007ffab15f0000 - 0x00007ffab1615000 	C:\Windows\SYSTEM32\bcrypt.dll
0x00007ffab1a20000 - 0x00007ffab1a49000 	C:\Windows\SYSTEM32\USERENV.dll
0x00007ffab1500000 - 0x00007ffab150b000 	C:\Windows\SYSTEM32\CRYPTBASE.dll
0x00007ffaa8110000 - 0x00007ffaa812a000 	D:\Android\Android\Android Studio\jre\jre\bin\net.dll
0x00007ffab1320000 - 0x00007ffab1386000 	C:\Windows\system32\mswsock.dll
0x00007ffab10b0000 - 0x00007ffab10e9000 	C:\Windows\SYSTEM32\IPHLPAPI.DLL
0x00007ffab5600000 - 0x00007ffab5608000 	C:\Windows\System32\NSI.dll
0x00007ffaac900000 - 0x00007ffaac916000 	C:\Windows\SYSTEM32\dhcpcsvc6.DLL
0x00007ffaac8e0000 - 0x00007ffaac8fa000 	C:\Windows\SYSTEM32\dhcpcsvc.DLL
0x00007ffaa6a20000 - 0x00007ffaa6a31000 	D:\Android\Android\Android Studio\jre\jre\bin\nio.dll

VM Arguments:
jvm_args: -Djava.awt.headless=true -Xmx64M -Dfile.encoding=GBK -Duser.country=CN -Duser.language=zh -Duser.variant 
java_command: com.google.devtools.build.android.desugar.Desugar @D:\Android\TEST\WanAndroidTest\app\build\intermediates\tmp\desugar_args3670826241179977059
java_class_path (initial): C:\Users\Administrator\AppData\Local\Temp\desugar_deploy.jar2872256966551270965
Launcher Type: SUN_STANDARD

Environment Variables:
PATH=C:\Windows\system32;C:\Windows;C:\Windows\System32\Wbem;C:\Windows\System32\WindowsPowerShell\v1.0\;C:\Program Files (x86)\NVIDIA Corporation\PhysX\Common;C:\Users\Administrator\AppData\Local\Microsoft\WindowsApps;
USERNAME=Administrator
OS=Windows_NT
PROCESSOR_IDENTIFIER=Intel64 Family 6 Model 58 Stepping 9, GenuineIntel



---------------  S Y S T E M  ---------------

OS: Windows 10.0 , 64 bit Build 16299 (10.0.16299.15)

CPU:total 4 (initial active 4) (2 cores per cpu, 2 threads per core) family 6 model 58 stepping 9, cmov, cx8, fxsr, mmx, sse, sse2, sse3, ssse3, sse4.1, sse4.2, popcnt, avx, clmul, erms, ht, tsc, tscinvbit, tscinv

Memory: 4k page, physical 8281380k(1109224k free), swap 8281380k(5144k free)

vm_info: OpenJDK 64-Bit Server VM (25.152-b01) for windows-amd64 JRE (1.8.0_152-release-915-b01), built by "builder" with MS VC++ 10.0 (VS2010)

time: Sun Apr 29 11:12:24 2018
elapsed time: 5 seconds (0d 0h 0m 5s)

