#
# There is insufficient memory for the Java Runtime Environment to continue.
# Native memory allocation (malloc) failed to allocate 2666576 bytes for Chunk::new
# Possible reasons:
#   The system is out of physical RAM or swap space
#   In 32 bit mode, the process size limit was hit
# Possible solutions:
#   Reduce memory load on the system
#   Increase physical memory or swap space
#   Check if swap backing store is full
#   Use 64 bit Java on a 64 bit OS
#   Decrease Java heap size (-Xmx/-Xms)
#   Decrease number of Java threads
#   Decrease Java thread stack sizes (-Xss)
#   Set larger code cache with -XX:ReservedCodeCacheSize=
# This output file may be truncated or incomplete.
#
#  Out of Memory Error (allocation.cpp:390), pid=9724, tid=0x00000000000007bc
#
# JRE version: OpenJDK Runtime Environment (8.0_152-b01) (build 1.8.0_152-release-915-b01)
# Java VM: OpenJDK 64-Bit Server VM (25.152-b01 mixed mode windows-amd64 compressed oops)
# Failed to write core dump. Minidumps are not enabled by default on client versions of Windows
#

---------------  T H R E A D  ---------------

Current thread (0x0000000014aab000):  JavaThread "C2 CompilerThread1" daemon [_thread_in_native, id=1980, stack(0x0000000016500000,0x0000000016600000)]

Stack: [0x0000000016500000,0x0000000016600000]
[error occurred during error reporting (printing stack bounds), id 0xc0000005]

Native frames: (J=compiled Java code, j=interpreted, Vv=VM code, C=native code)


Current CompileTask:
C2:   4023  957       4       org.objectweb.asm.ClassReader::a (3587 bytes)


---------------  P R O C E S S  ---------------

Java Threads: ( => current thread )
  0x0000000015e71800 JavaThread "Service Thread" daemon [_thread_blocked, id=5564, stack(0x0000000016700000,0x0000000016800000)]
  0x0000000015e52000 JavaThread "C1 CompilerThread2" daemon [_thread_blocked, id=4992, stack(0x0000000016600000,0x0000000016700000)]
=>0x0000000014aab000 JavaThread "C2 CompilerThread1" daemon [_thread_in_native, id=1980, stack(0x0000000016500000,0x0000000016600000)]
  0x0000000014aa8800 JavaThread "C2 CompilerThread0" daemon [_thread_blocked, id=10880, stack(0x0000000016400000,0x0000000016500000)]
  0x0000000014a5c800 JavaThread "Attach Listener" daemon [_thread_blocked, id=4800, stack(0x0000000016300000,0x0000000016400000)]
  0x0000000015e08800 JavaThread "Signal Dispatcher" daemon [_thread_blocked, id=10364, stack(0x0000000016200000,0x0000000016300000)]
  0x0000000014a38800 JavaThread "Finalizer" daemon [_thread_blocked, id=4716, stack(0x0000000015ca0000,0x0000000015da0000)]
  0x0000000014a17000 JavaThread "Reference Handler" daemon [_thread_blocked, id=988, stack(0x0000000015ba0000,0x0000000015ca0000)]
  0x000000000427e000 JavaThread "main" [_thread_in_native, id=2788, stack(0x0000000002810000,0x0000000002910000)]

Other Threads:
  0x0000000014a15800 VMThread [stack: 0x0000000015aa0000,0x0000000015ba0000] [id=8652]
  0x0000000015e72800 WatcherThread [stack: 0x0000000016800000,0x0000000016900000] [id=5548]

VM state:not at safepoint (normal execution)

VM Mutex/Monitor currently owned by a thread: None

Heap:
 PSYoungGen      total 18944K, used 10751K [0x00000000feb00000, 0x0000000100000000, 0x0000000100000000)
  eden space 16384K, 50% used [0x00000000feb00000,0x00000000ff303428,0x00000000ffb00000)
  from space 2560K, 99% used [0x00000000ffd80000,0x00000000ffffcae0,0x0000000100000000)
  to   space 2560K, 0% used [0x00000000ffb00000,0x00000000ffb00000,0x00000000ffd80000)
 ParOldGen       total 44032K, used 6055K [0x00000000fc000000, 0x00000000feb00000, 0x00000000feb00000)
  object space 44032K, 13% used [0x00000000fc000000,0x00000000fc5e9d60,0x00000000feb00000)
 Metaspace       used 7883K, capacity 8070K, committed 8192K, reserved 1056768K
  class space    used 905K, capacity 989K, committed 1024K, reserved 1048576K

Card table byte_map: [0x00000000041e0000,0x0000000004210000] byte_map_base: 0x0000000003a00000

Marking Bits: (ParMarkBitMap*) 0x0000000070383950
 Begin Bits: [0x0000000013eb0000, 0x0000000013fb0000)
 End Bits:   [0x0000000013fb0000, 0x00000000140b0000)

Polling page: 0x00000000001f0000

CodeCache: size=245760Kb used=3833Kb max_used=3838Kb free=241926Kb
 bounds [0x00000000046f0000, 0x0000000004ac0000, 0x00000000136f0000]
 total_blobs=1340 nmethods=1006 adapters=248
 compilation: enabled

Compilation events (10 events):
Event: 3.945 Thread 0x0000000015e52000 nmethod 1003 0x0000000004aaf690 code [0x0000000004aaf880, 0x0000000004aaffe8]
Event: 3.945 Thread 0x0000000014aa8800 nmethod 1001 0x0000000004aadc10 code [0x0000000004aadd80, 0x0000000004aadee8]
Event: 3.991 Thread 0x0000000014aa8800 1004  s    4       java.io.BufferedOutputStream::write (35 bytes)
Event: 3.994 Thread 0x0000000014aa8800 nmethod 1004 0x0000000004ab1790 code [0x0000000004ab18e0, 0x0000000004ab1b58]
Event: 3.994 Thread 0x0000000015e52000 1005  s    3       java.io.BufferedOutputStream::write (67 bytes)
Event: 3.995 Thread 0x0000000015e52000 nmethod 1005 0x0000000004ab0a90 code [0x0000000004ab0c60, 0x0000000004ab14b8]
Event: 3.995 Thread 0x0000000015e52000 1006  s    3       java.io.BufferedOutputStream::write (35 bytes)
Event: 3.995 Thread 0x0000000015e52000 nmethod 1006 0x0000000004aaee50 code [0x0000000004aaefe0, 0x0000000004aaf4a8]
Event: 3.996 Thread 0x0000000015e52000 1007       3       java.util.Vector::elementData (7 bytes)
Event: 3.996 Thread 0x0000000015e52000 nmethod 1007 0x0000000004aad850 code [0x0000000004aad9a0, 0x0000000004aadb10]

GC Heap History (4 events):
Event: 1.657 GC heap before
{Heap before GC invocations=1 (full 0):
 PSYoungGen      total 18944K, used 16384K [0x00000000feb00000, 0x0000000100000000, 0x0000000100000000)
  eden space 16384K, 100% used [0x00000000feb00000,0x00000000ffb00000,0x00000000ffb00000)
  from space 2560K, 0% used [0x00000000ffd80000,0x00000000ffd80000,0x0000000100000000)
  to   space 2560K, 0% used [0x00000000ffb00000,0x00000000ffb00000,0x00000000ffd80000)
 ParOldGen       total 44032K, used 0K [0x00000000fc000000, 0x00000000feb00000, 0x00000000feb00000)
  object space 44032K, 0% used [0x00000000fc000000,0x00000000fc000000,0x00000000feb00000)
 Metaspace       used 6580K, capacity 6676K, committed 6784K, reserved 1056768K
  class space    used 773K, capacity 824K, committed 896K, reserved 1048576K
Event: 1.672 GC heap after
Heap after GC invocations=1 (full 0):
 PSYoungGen      total 18944K, used 2544K [0x00000000feb00000, 0x0000000100000000, 0x0000000100000000)
  eden space 16384K, 0% used [0x00000000feb00000,0x00000000feb00000,0x00000000ffb00000)
  from space 2560K, 99% used [0x00000000ffb00000,0x00000000ffd7c030,0x00000000ffd80000)
  to   space 2560K, 0% used [0x00000000ffd80000,0x00000000ffd80000,0x0000000100000000)
 ParOldGen       total 44032K, used 1876K [0x00000000fc000000, 0x00000000feb00000, 0x00000000feb00000)
  object space 44032K, 4% used [0x00000000fc000000,0x00000000fc1d5358,0x00000000feb00000)
 Metaspace       used 6580K, capacity 6676K, committed 6784K, reserved 1056768K
  class space    used 773K, capacity 824K, committed 896K, reserved 1048576K
}
Event: 2.759 GC heap before
{Heap before GC invocations=2 (full 0):
 PSYoungGen      total 18944K, used 18928K [0x00000000feb00000, 0x0000000100000000, 0x0000000100000000)
  eden space 16384K, 100% used [0x00000000feb00000,0x00000000ffb00000,0x00000000ffb00000)
  from space 2560K, 99% used [0x00000000ffb00000,0x00000000ffd7c030,0x00000000ffd80000)
  to   space 2560K, 0% used [0x00000000ffd80000,0x00000000ffd80000,0x0000000100000000)
 ParOldGen       total 44032K, used 1876K [0x00000000fc000000, 0x00000000feb00000, 0x00000000feb00000)
  object space 44032K, 4% used [0x00000000fc000000,0x00000000fc1d5358,0x00000000feb00000)
 Metaspace       used 7587K, capacity 7782K, committed 7936K, reserved 1056768K
  class space    used 893K, capacity 957K, committed 1024K, reserved 1048576K
Event: 2.855 GC heap after
Heap after GC invocations=2 (full 0):
 PSYoungGen      total 18944K, used 2546K [0x00000000feb00000, 0x0000000100000000, 0x0000000100000000)
  eden space 16384K, 0% used [0x00000000feb00000,0x00000000feb00000,0x00000000ffb00000)
  from space 2560K, 99% used [0x00000000ffd80000,0x00000000ffffcae0,0x0000000100000000)
  to   space 2560K, 0% used [0x00000000ffb00000,0x00000000ffb00000,0x00000000ffd80000)
 ParOldGen       total 44032K, used 6055K [0x00000000fc000000, 0x00000000feb00000, 0x00000000feb00000)
  object space 44032K, 13% used [0x00000000fc000000,0x00000000fc5e9d60,0x00000000feb00000)
 Metaspace       used 7587K, capacity 7782K, committed 7936K, reserved 1056768K
  class space    used 893K, capacity 957K, committed 1024K, reserved 1048576K
}

Deoptimization events (10 events):
Event: 2.484 Thread 0x000000000427e000 Uncommon trap: reason=class_check action=maybe_recompile pc=0x000000000491c690 method=com.google.common.collect.Iterators$7.transform(Ljava/lang/Object;)Ljava/lang/Object; @ 5
Event: 2.484 Thread 0x000000000427e000 Uncommon trap: reason=class_check action=maybe_recompile pc=0x000000000491d3ec method=com.google.common.collect.TransformedIterator.hasNext()Z @ 4
Event: 2.485 Thread 0x000000000427e000 Uncommon trap: reason=class_check action=maybe_recompile pc=0x00000000049242b0 method=com.google.common.collect.TransformedIterator.next()Ljava/lang/Object; @ 5
Event: 2.485 Thread 0x000000000427e000 Uncommon trap: reason=class_check action=maybe_recompile pc=0x000000000491c690 method=com.google.common.collect.Iterators$7.transform(Ljava/lang/Object;)Ljava/lang/Object; @ 5
Event: 2.485 Thread 0x000000000427e000 Uncommon trap: reason=class_check action=maybe_recompile pc=0x00000000049242b0 method=com.google.common.collect.TransformedIterator.next()Ljava/lang/Object; @ 5
Event: 2.485 Thread 0x000000000427e000 Uncommon trap: reason=class_check action=maybe_recompile pc=0x000000000491c690 method=com.google.common.collect.Iterators$7.transform(Ljava/lang/Object;)Ljava/lang/Object; @ 5
Event: 3.320 Thread 0x000000000427e000 Uncommon trap: reason=unstable_if action=reinterpret pc=0x0000000004a5aed8 method=org.objectweb.asm.Type.getArgumentsAndReturnSizes(Ljava/lang/String;)I @ 47
Event: 3.329 Thread 0x000000000427e000 Uncommon trap: reason=unstable_if action=reinterpret pc=0x0000000004a05e18 method=java.lang.String.<init>([CII)V @ 18
Event: 3.615 Thread 0x000000000427e000 Uncommon trap: reason=unstable_if action=reinterpret pc=0x0000000004a00fb0 method=java.lang.String.<init>([CII)V @ 18
Event: 3.995 Thread 0x000000000427e000 Uncommon trap: reason=unstable_if action=reinterpret pc=0x0000000004ab1b28 method=java.io.BufferedOutputStream.write(I)V @ 9

Classes redefined (0 events):
No events

Internal exceptions (10 events):
Event: 1.558 Thread 0x000000000427e000 Implicit null exception at 0x0000000004919ed3 to 0x000000000491a871
Event: 1.912 Thread 0x000000000427e000 Exception <a 'sun/nio/fs/WindowsException'> (0x00000000ff181140) thrown at [D:\src\AOSP-openjdk-cygwin\jdk8u\hotspot\src\share\vm\prims\jni.cpp, line 709]
Event: 1.913 Thread 0x000000000427e000 Exception <a 'sun/nio/fs/WindowsException'> (0x00000000ff181710) thrown at [D:\src\AOSP-openjdk-cygwin\jdk8u\hotspot\src\share\vm\prims\jni.cpp, line 709]
Event: 1.923 Thread 0x000000000427e000 Exception <a 'sun/nio/fs/WindowsException'> (0x00000000ff181d08) thrown at [D:\src\AOSP-openjdk-cygwin\jdk8u\hotspot\src\share\vm\prims\jni.cpp, line 709]
Event: 1.923 Thread 0x000000000427e000 Exception <a 'sun/nio/fs/WindowsException'> (0x00000000ff1824d8) thrown at [D:\src\AOSP-openjdk-cygwin\jdk8u\hotspot\src\share\vm\prims\jni.cpp, line 709]
Event: 1.923 Thread 0x000000000427e000 Exception <a 'sun/nio/fs/WindowsException'> (0x00000000ff182aa8) thrown at [D:\src\AOSP-openjdk-cygwin\jdk8u\hotspot\src\share\vm\prims\jni.cpp, line 709]
Event: 1.923 Thread 0x000000000427e000 Exception <a 'sun/nio/fs/WindowsException'> (0x00000000ff183268) thrown at [D:\src\AOSP-openjdk-cygwin\jdk8u\hotspot\src\share\vm\prims\jni.cpp, line 709]
Event: 1.963 Thread 0x000000000427e000 Exception <a 'sun/nio/fs/WindowsException'> (0x00000000ff1886d0) thrown at [D:\src\AOSP-openjdk-cygwin\jdk8u\hotspot\src\share\vm\prims\jni.cpp, line 709]
Event: 2.301 Thread 0x000000000427e000 Exception <a 'sun/nio/fs/WindowsException'> (0x00000000ff942ad8) thrown at [D:\src\AOSP-openjdk-cygwin\jdk8u\hotspot\src\share\vm\prims\jni.cpp, line 709]
Event: 2.302 Thread 0x000000000427e000 Exception <a 'sun/nio/fs/WindowsException'> (0x00000000ff943060) thrown at [D:\src\AOSP-openjdk-cygwin\jdk8u\hotspot\src\share\vm\prims\jni.cpp, line 709]

Events (10 events):
Event: 3.329 Thread 0x000000000427e000 DEOPT PACKING pc=0x0000000004a05e18 sp=0x000000000290edf0
Event: 3.329 Thread 0x000000000427e000 DEOPT UNPACKING pc=0x000000000473556a sp=0x000000000290eca8 mode 2
Event: 3.615 Thread 0x000000000427e000 Uncommon trap: trap_request=0xffffff65 fr.pc=0x0000000004a00fb0
Event: 3.615 Thread 0x000000000427e000 DEOPT PACKING pc=0x0000000004a00fb0 sp=0x000000000290e810
Event: 3.615 Thread 0x000000000427e000 DEOPT UNPACKING pc=0x000000000473556a sp=0x000000000290e730 mode 2
Event: 3.948 loading class java/util/Vector$Itr
Event: 3.991 loading class java/util/Vector$Itr done
Event: 3.995 Thread 0x000000000427e000 Uncommon trap: trap_request=0xffffff65 fr.pc=0x0000000004ab1b28
Event: 3.995 Thread 0x000000000427e000 DEOPT PACKING pc=0x0000000004ab1b28 sp=0x000000000290f090
Event: 3.995 Thread 0x000000000427e000 DEOPT UNPACKING pc=0x000000000473556a sp=0x000000000290f040 mode 2


Dynamic libraries:
0x00007ff795ba0000 - 0x00007ff795bd1000 	D:\Android\Android\Android Studio\jre\bin\java.exe
0x00007ff832e80000 - 0x00007ff833060000 	C:\Windows\SYSTEM32\ntdll.dll
0x00007ff832d40000 - 0x00007ff832dee000 	C:\Windows\System32\KERNEL32.DLL
0x00007ff82f5c0000 - 0x00007ff82f826000 	C:\Windows\System32\KERNELBASE.dll
0x00007ff8328c0000 - 0x00007ff832961000 	C:\Windows\System32\ADVAPI32.dll
0x00007ff832550000 - 0x00007ff8325ed000 	C:\Windows\System32\msvcrt.dll
0x00007ff832df0000 - 0x00007ff832e4b000 	C:\Windows\System32\sechost.dll
0x00007ff832120000 - 0x00007ff83223f000 	C:\Windows\System32\RPCRT4.dll
0x00007ff830360000 - 0x00007ff8304ee000 	C:\Windows\System32\USER32.dll
0x00007ff82f3f0000 - 0x00007ff82f410000 	C:\Windows\System32\win32u.dll
0x00007ff830510000 - 0x00007ff830538000 	C:\Windows\System32\GDI32.dll
0x00007ff82fa60000 - 0x00007ff82fbf1000 	C:\Windows\System32\gdi32full.dll
0x00007ff82f350000 - 0x00007ff82f3eb000 	C:\Windows\System32\msvcp_win.dll
0x00007ff82f4c0000 - 0x00007ff82f5b6000 	C:\Windows\System32\ucrtbase.dll
0x00007ff8268e0000 - 0x00007ff826b49000 	C:\Windows\WinSxS\amd64_microsoft.windows.common-controls_6595b64144ccf1df_6.0.16299.15_none_cc92fb402215d91d\COMCTL32.dll
0x00007ff832240000 - 0x00007ff832548000 	C:\Windows\System32\combase.dll
0x00007ff82f280000 - 0x00007ff82f2f2000 	C:\Windows\System32\bcryptPrimitives.dll
0x00007ff831fc0000 - 0x00007ff831fed000 	C:\Windows\System32\IMM32.DLL
0x000000006fae0000 - 0x000000006fbb2000 	D:\Android\Android\Android Studio\jre\jre\bin\msvcr100.dll
0x000000006fbc0000 - 0x00000000703fe000 	D:\Android\Android\Android Studio\jre\jre\bin\server\jvm.dll
0x00007ff830350000 - 0x00007ff830358000 	C:\Windows\System32\PSAPI.DLL
0x00007ff82bc00000 - 0x00007ff82bc09000 	C:\Windows\SYSTEM32\WSOCK32.dll
0x00007ff831f50000 - 0x00007ff831fbc000 	C:\Windows\System32\WS2_32.dll
0x00007ff82d010000 - 0x00007ff82d033000 	C:\Windows\SYSTEM32\WINMM.dll
0x00007ff82dec0000 - 0x00007ff82deca000 	C:\Windows\SYSTEM32\VERSION.dll
0x00007ff82cd10000 - 0x00007ff82cd3a000 	C:\Windows\SYSTEM32\WINMMBASE.dll
0x00007ff82f300000 - 0x00007ff82f34a000 	C:\Windows\System32\cfgmgr32.dll
0x00007ff82bbf0000 - 0x00007ff82bbff000 	D:\Android\Android\Android Studio\jre\jre\bin\verify.dll
0x00007ff828270000 - 0x00007ff828299000 	D:\Android\Android\Android Studio\jre\jre\bin\java.dll
0x00007ff82bbd0000 - 0x00007ff82bbe6000 	D:\Android\Android\Android Studio\jre\jre\bin\zip.dll
0x00007ff830a90000 - 0x00007ff831ec7000 	C:\Windows\System32\SHELL32.dll
0x00007ff832b40000 - 0x00007ff832be6000 	C:\Windows\System32\shcore.dll
0x00007ff82fc00000 - 0x00007ff830347000 	C:\Windows\System32\windows.storage.dll
0x00007ff832ae0000 - 0x00007ff832b31000 	C:\Windows\System32\shlwapi.dll
0x00007ff82f260000 - 0x00007ff82f271000 	C:\Windows\System32\kernel.appcore.dll
0x00007ff82f1d0000 - 0x00007ff82f21c000 	C:\Windows\System32\powrprof.dll
0x00007ff82f220000 - 0x00007ff82f23b000 	C:\Windows\System32\profapi.dll
0x00007ff82ebc0000 - 0x00007ff82ebd7000 	C:\Windows\SYSTEM32\CRYPTSP.dll
0x00007ff82e610000 - 0x00007ff82e643000 	C:\Windows\system32\rsaenh.dll
0x00007ff82ecd0000 - 0x00007ff82ecf5000 	C:\Windows\SYSTEM32\bcrypt.dll
0x00007ff82f100000 - 0x00007ff82f129000 	C:\Windows\SYSTEM32\USERENV.dll
0x00007ff82ebe0000 - 0x00007ff82ebeb000 	C:\Windows\SYSTEM32\CRYPTBASE.dll
0x00007ff828250000 - 0x00007ff82826a000 	D:\Android\Android\Android Studio\jre\jre\bin\net.dll
0x00007ff82ea00000 - 0x00007ff82ea66000 	C:\Windows\system32\mswsock.dll
0x00007ff82e790000 - 0x00007ff82e7c9000 	C:\Windows\SYSTEM32\IPHLPAPI.DLL
0x00007ff832000000 - 0x00007ff832008000 	C:\Windows\System32\NSI.dll
0x00007ff82a680000 - 0x00007ff82a696000 	C:\Windows\SYSTEM32\dhcpcsvc6.DLL
0x00007ff82a660000 - 0x00007ff82a67a000 	C:\Windows\SYSTEM32\dhcpcsvc.DLL
0x00007ff828230000 - 0x00007ff828241000 	D:\Android\Android\Android Studio\jre\jre\bin\nio.dll

VM Arguments:
jvm_args: -Djava.awt.headless=true -Xmx64M -Dfile.encoding=GBK -Duser.country=CN -Duser.language=zh -Duser.variant 
java_command: com.google.devtools.build.android.desugar.Desugar @D:\Android\TEST\WanAndroidTest\app\build\intermediates\tmp\desugar_args7407532278505036225
java_class_path (initial): C:\Users\Administrator\AppData\Local\Temp\desugar_deploy.jar9142964696440801824
Launcher Type: SUN_STANDARD

Environment Variables:
JAVA_HOME=D:\Program Files\Java\jdk1.8.0_77
PATH=C:\Windows\system32;C:\Windows;C:\Windows\System32\Wbem;C:\Windows\System32\WindowsPowerShell\v1.0\;C:\Program Files (x86)\NVIDIA Corporation\PhysX\Common;D:\Program Files\Java\jdk1.8.0_77\bin;D:\Program Files\Java\jdk1.8.0_77\jre\bin; ;C:\Users\Administrator\AppData\Local\Microsoft\WindowsApps;
USERNAME=Administrator
OS=Windows_NT
PROCESSOR_IDENTIFIER=Intel64 Family 6 Model 58 Stepping 9, GenuineIntel



---------------  S Y S T E M  ---------------

OS: Windows 10.0 , 64 bit Build 16299 (10.0.16299.15)

CPU:total 4 (initial active 4) (2 cores per cpu, 2 threads per core) family 6 model 58 stepping 9, cmov, cx8, fxsr, mmx, sse, sse2, sse3, ssse3, sse4.1, sse4.2, popcnt, avx, clmul, erms, ht, tsc, tscinvbit, tscinv

Memory: 4k page, physical 8281380k(1038584k free), swap 8281380k(5800k free)

vm_info: OpenJDK 64-Bit Server VM (25.152-b01) for windows-amd64 JRE (1.8.0_152-release-915-b01), built by "builder" with MS VC++ 10.0 (VS2010)

time: Fri Apr 27 11:42:18 2018
elapsed time: 4 seconds (0d 0h 0m 4s)

