#
# There is insufficient memory for the Java Runtime Environment to continue.
# Native memory allocation (malloc) failed to allocate 1638352 bytes for Chunk::new
# Possible reasons:
#   The system is out of physical RAM or swap space
#   In 32 bit mode, the process size limit was hit
# Possible solutions:
#   Reduce memory load on the system
#   Increase physical memory or swap space
#   Check if swap backing store is full
#   Use 64 bit Java on a 64 bit OS
#   Decrease Java heap size (-Xmx/-Xms)
#   Decrease number of Java threads
#   Decrease Java thread stack sizes (-Xss)
#   Set larger code cache with -XX:ReservedCodeCacheSize=
# This output file may be truncated or incomplete.
#
#  Out of Memory Error (allocation.cpp:390), pid=1676, tid=0x00000000000004ac
#
# JRE version: OpenJDK Runtime Environment (8.0_152-b01) (build 1.8.0_152-release-915-b01)
# Java VM: OpenJDK 64-Bit Server VM (25.152-b01 mixed mode windows-amd64 compressed oops)
# Failed to write core dump. Minidumps are not enabled by default on client versions of Windows
#

---------------  T H R E A D  ---------------

Current thread (0x00000000158bc800):  JavaThread "C2 CompilerThread1" daemon [_thread_in_native, id=1196, stack(0x00000000172c0000,0x00000000173c0000)]

Stack: [0x00000000172c0000,0x00000000173c0000]
[error occurred during error reporting (printing stack bounds), id 0xc0000005]

Native frames: (J=compiled Java code, j=interpreted, Vv=VM code, C=native code)


Current CompileTask:
C2:   8315 1274       4       org.objectweb.asm.ClassReader::a (3587 bytes)


---------------  P R O C E S S  ---------------

Java Threads: ( => current thread )
  0x0000000016c20800 JavaThread "Service Thread" daemon [_thread_blocked, id=9236, stack(0x00000000174c0000,0x00000000175c0000)]
  0x0000000016c18800 JavaThread "C1 CompilerThread2" daemon [_thread_blocked, id=9124, stack(0x00000000173c0000,0x00000000174c0000)]
=>0x00000000158bc800 JavaThread "C2 CompilerThread1" daemon [_thread_in_native, id=1196, stack(0x00000000172c0000,0x00000000173c0000)]
  0x00000000158b9800 JavaThread "C2 CompilerThread0" daemon [_thread_blocked, id=9408, stack(0x00000000171c0000,0x00000000172c0000)]
  0x0000000016bc8800 JavaThread "Attach Listener" daemon [_thread_blocked, id=276, stack(0x00000000170c0000,0x00000000171c0000)]
  0x000000001586d800 JavaThread "Signal Dispatcher" daemon [_thread_blocked, id=10024, stack(0x0000000016fc0000,0x00000000170c0000)]
  0x00000000054fb000 JavaThread "Finalizer" daemon [_thread_blocked, id=8984, stack(0x0000000016ac0000,0x0000000016bc0000)]
  0x0000000015827000 JavaThread "Reference Handler" daemon [_thread_blocked, id=1320, stack(0x00000000169c0000,0x0000000016ac0000)]
  0x000000000344e000 JavaThread "main" [_thread_in_Java, id=732, stack(0x0000000004ef0000,0x0000000004ff0000)]

Other Threads:
  0x0000000015825800 VMThread [stack: 0x00000000168c0000,0x00000000169c0000] [id=6464]
  0x0000000016c21800 WatcherThread [stack: 0x00000000175c0000,0x00000000176c0000] [id=7480]

VM state:not at safepoint (normal execution)

VM Mutex/Monitor currently owned by a thread: None

Heap:
 PSYoungGen      total 18944K, used 14142K [0x00000000feb00000, 0x0000000100000000, 0x0000000100000000)
  eden space 16384K, 71% used [0x00000000feb00000,0x00000000ff67efe0,0x00000000ffb00000)
  from space 2560K, 92% used [0x00000000ffd80000,0x00000000fffd0c08,0x0000000100000000)
  to   space 2560K, 0% used [0x00000000ffb00000,0x00000000ffb00000,0x00000000ffd80000)
 ParOldGen       total 44032K, used 6374K [0x00000000fc000000, 0x00000000feb00000, 0x00000000feb00000)
  object space 44032K, 14% used [0x00000000fc000000,0x00000000fc639968,0x00000000feb00000)
 Metaspace       used 8078K, capacity 8270K, committed 8448K, reserved 1056768K
  class space    used 905K, capacity 989K, committed 1024K, reserved 1048576K

Card table byte_map: [0x00000000033e0000,0x0000000003410000] byte_map_base: 0x0000000002c00000

Marking Bits: (ParMarkBitMap*) 0x0000000074ad3950
 Begin Bits: [0x0000000014cc0000, 0x0000000014dc0000)
 End Bits:   [0x0000000014dc0000, 0x0000000014ec0000)

Polling page: 0x0000000000fa0000

CodeCache: size=245760Kb used=5060Kb max_used=5060Kb free=240699Kb
 bounds [0x0000000005500000, 0x0000000005a00000, 0x0000000014500000]
 total_blobs=1618 nmethods=1283 adapters=248
 compilation: enabled

Compilation events (10 events):
Event: 8.162 Thread 0x0000000016c18800 1278   !   3       sun.nio.fs.WindowsNativeDispatcher::CreateFile (41 bytes)
Event: 8.163 Thread 0x0000000016c18800 nmethod 1278 0x00000000059ec550 code [0x00000000059ec700, 0x00000000059ecad8]
Event: 8.178 Thread 0x0000000016c18800 1280   !   3       sun.nio.fs.WindowsChannelFactory::open (423 bytes)
Event: 8.181 Thread 0x0000000016c18800 nmethod 1280 0x00000000059ea850 code [0x00000000059eaae0, 0x00000000059ebd98]
Event: 8.209 Thread 0x0000000016c18800 1281       3       java.util.Collections::emptySet (4 bytes)
Event: 8.210 Thread 0x0000000016c18800 nmethod 1281 0x00000000059e6090 code [0x00000000059e61e0, 0x00000000059e6310]
Event: 8.210 Thread 0x0000000016c18800 1282       3       java.util.Collections$EmptySet::iterator (4 bytes)
Event: 8.210 Thread 0x0000000016c18800 nmethod 1282 0x00000000059ea490 code [0x00000000059ea600, 0x00000000059ea7b0]
Event: 8.212 Thread 0x0000000016c18800 1283   !   3       sun.nio.fs.WindowsFileSystemProvider::checkAccess (294 bytes)
Event: 8.215 Thread 0x0000000016c18800 nmethod 1283 0x00000000059f3710 code [0x00000000059f3a80, 0x00000000059f5618]

GC Heap History (8 events):
Event: 1.674 GC heap before
{Heap before GC invocations=1 (full 0):
 PSYoungGen      total 18944K, used 16384K [0x00000000feb00000, 0x0000000100000000, 0x0000000100000000)
  eden space 16384K, 100% used [0x00000000feb00000,0x00000000ffb00000,0x00000000ffb00000)
  from space 2560K, 0% used [0x00000000ffd80000,0x00000000ffd80000,0x0000000100000000)
  to   space 2560K, 0% used [0x00000000ffb00000,0x00000000ffb00000,0x00000000ffd80000)
 ParOldGen       total 44032K, used 0K [0x00000000fc000000, 0x00000000feb00000, 0x00000000feb00000)
  object space 44032K, 0% used [0x00000000fc000000,0x00000000fc000000,0x00000000feb00000)
 Metaspace       used 6629K, capacity 6748K, committed 7040K, reserved 1056768K
  class space    used 773K, capacity 824K, committed 896K, reserved 1048576K
Event: 1.691 GC heap after
Heap after GC invocations=1 (full 0):
 PSYoungGen      total 18944K, used 2552K [0x00000000feb00000, 0x0000000100000000, 0x0000000100000000)
  eden space 16384K, 0% used [0x00000000feb00000,0x00000000feb00000,0x00000000ffb00000)
  from space 2560K, 99% used [0x00000000ffb00000,0x00000000ffd7e020,0x00000000ffd80000)
  to   space 2560K, 0% used [0x00000000ffd80000,0x00000000ffd80000,0x0000000100000000)
 ParOldGen       total 44032K, used 1671K [0x00000000fc000000, 0x00000000feb00000, 0x00000000feb00000)
  object space 44032K, 3% used [0x00000000fc000000,0x00000000fc1a1e30,0x00000000feb00000)
 Metaspace       used 6629K, capacity 6748K, committed 7040K, reserved 1056768K
  class space    used 773K, capacity 824K, committed 896K, reserved 1048576K
}
Event: 2.298 GC heap before
{Heap before GC invocations=2 (full 0):
 PSYoungGen      total 18944K, used 18936K [0x00000000feb00000, 0x0000000100000000, 0x0000000100000000)
  eden space 16384K, 100% used [0x00000000feb00000,0x00000000ffb00000,0x00000000ffb00000)
  from space 2560K, 99% used [0x00000000ffb00000,0x00000000ffd7e020,0x00000000ffd80000)
  to   space 2560K, 0% used [0x00000000ffd80000,0x00000000ffd80000,0x0000000100000000)
 ParOldGen       total 44032K, used 1671K [0x00000000fc000000, 0x00000000feb00000, 0x00000000feb00000)
  object space 44032K, 3% used [0x00000000fc000000,0x00000000fc1a1e30,0x00000000feb00000)
 Metaspace       used 7263K, capacity 7406K, committed 7552K, reserved 1056768K
  class space    used 847K, capacity 893K, committed 896K, reserved 1048576K
Event: 2.307 GC heap after
Heap after GC invocations=2 (full 0):
 PSYoungGen      total 18944K, used 2547K [0x00000000feb00000, 0x0000000100000000, 0x0000000100000000)
  eden space 16384K, 0% used [0x00000000feb00000,0x00000000feb00000,0x00000000ffb00000)
  from space 2560K, 99% used [0x00000000ffd80000,0x00000000ffffcc18,0x0000000100000000)
  to   space 2560K, 0% used [0x00000000ffb00000,0x00000000ffb00000,0x00000000ffd80000)
 ParOldGen       total 44032K, used 5778K [0x00000000fc000000, 0x00000000feb00000, 0x00000000feb00000)
  object space 44032K, 13% used [0x00000000fc000000,0x00000000fc5a4a40,0x00000000feb00000)
 Metaspace       used 7263K, capacity 7406K, committed 7552K, reserved 1056768K
  class space    used 847K, capacity 893K, committed 896K, reserved 1048576K
}
Event: 4.077 GC heap before
{Heap before GC invocations=3 (full 0):
 PSYoungGen      total 18944K, used 18931K [0x00000000feb00000, 0x0000000100000000, 0x0000000100000000)
  eden space 16384K, 100% used [0x00000000feb00000,0x00000000ffb00000,0x00000000ffb00000)
  from space 2560K, 99% used [0x00000000ffd80000,0x00000000ffffcc18,0x0000000100000000)
  to   space 2560K, 0% used [0x00000000ffb00000,0x00000000ffb00000,0x00000000ffd80000)
 ParOldGen       total 44032K, used 5778K [0x00000000fc000000, 0x00000000feb00000, 0x00000000feb00000)
  object space 44032K, 13% used [0x00000000fc000000,0x00000000fc5a4a40,0x00000000feb00000)
 Metaspace       used 7923K, capacity 8142K, committed 8192K, reserved 1056768K
  class space    used 904K, capacity 989K, committed 1024K, reserved 1048576K
Event: 4.362 GC heap after
Heap after GC invocations=3 (full 0):
 PSYoungGen      total 18944K, used 2547K [0x00000000feb00000, 0x0000000100000000, 0x0000000100000000)
  eden space 16384K, 0% used [0x00000000feb00000,0x00000000feb00000,0x00000000ffb00000)
  from space 2560K, 99% used [0x00000000ffb00000,0x00000000ffd7cc18,0x00000000ffd80000)
  to   space 2560K, 0% used [0x00000000ffd80000,0x00000000ffd80000,0x0000000100000000)
 ParOldGen       total 44032K, used 6374K [0x00000000fc000000, 0x00000000feb00000, 0x00000000feb00000)
  object space 44032K, 14% used [0x00000000fc000000,0x00000000fc639968,0x00000000feb00000)
 Metaspace       used 7923K, capacity 8142K, committed 8192K, reserved 1056768K
  class space    used 904K, capacity 989K, committed 1024K, reserved 1048576K
}
Event: 5.638 GC heap before
{Heap before GC invocations=4 (full 0):
 PSYoungGen      total 18944K, used 18931K [0x00000000feb00000, 0x0000000100000000, 0x0000000100000000)
  eden space 16384K, 100% used [0x00000000feb00000,0x00000000ffb00000,0x00000000ffb00000)
  from space 2560K, 99% used [0x00000000ffb00000,0x00000000ffd7cc18,0x00000000ffd80000)
  to   space 2560K, 0% used [0x00000000ffd80000,0x00000000ffd80000,0x0000000100000000)
 ParOldGen       total 44032K, used 6374K [0x00000000fc000000, 0x00000000feb00000, 0x00000000feb00000)
  object space 44032K, 14% used [0x00000000fc000000,0x00000000fc639968,0x00000000feb00000)
 Metaspace       used 7977K, capacity 8142K, committed 8192K, reserved 1056768K
  class space    used 905K, capacity 989K, committed 1024K, reserved 1048576K
Event: 5.723 GC heap after
Heap after GC invocations=4 (full 0):
 PSYoungGen      total 18944K, used 2371K [0x00000000feb00000, 0x0000000100000000, 0x0000000100000000)
  eden space 16384K, 0% used [0x00000000feb00000,0x00000000feb00000,0x00000000ffb00000)
  from space 2560K, 92% used [0x00000000ffd80000,0x00000000fffd0c08,0x0000000100000000)
  to   space 2560K, 0% used [0x00000000ffb00000,0x00000000ffb00000,0x00000000ffd80000)
 ParOldGen       total 44032K, used 6374K [0x00000000fc000000, 0x00000000feb00000, 0x00000000feb00000)
  object space 44032K, 14% used [0x00000000fc000000,0x00000000fc639968,0x00000000feb00000)
 Metaspace       used 7977K, capacity 8142K, committed 8192K, reserved 1056768K
  class space    used 905K, capacity 989K, committed 1024K, reserved 1048576K
}

Deoptimization events (10 events):
Event: 5.509 Thread 0x000000000344e000 Uncommon trap: reason=unstable_if action=reinterpret pc=0x0000000005857d08 method=org.objectweb.asm.ByteVector.putUTF8(Ljava/lang/String;)Lorg/objectweb/asm/ByteVector; @ 98
Event: 5.772 Thread 0x000000000344e000 Uncommon trap: reason=class_check action=maybe_recompile pc=0x000000000593fba0 method=com.google.common.collect.AbstractMultimap.containsEntry(Ljava/lang/Object;Ljava/lang/Object;)Z @ 10
Event: 5.772 Thread 0x000000000344e000 Uncommon trap: reason=unstable_if action=reinterpret pc=0x000000000594bd80 method=org.objectweb.asm.Type.getArgumentsAndReturnSizes(Ljava/lang/String;)I @ 112
Event: 5.961 Thread 0x000000000344e000 Uncommon trap: reason=unstable_if action=reinterpret pc=0x000000000596ae28 method=org.objectweb.asm.ByteVector.putUTF8(Ljava/lang/String;)Lorg/objectweb/asm/ByteVector; @ 91
Event: 5.962 Thread 0x000000000344e000 Uncommon trap: reason=unstable_if action=reinterpret pc=0x000000000597552c method=org.objectweb.asm.ByteVector.c(Ljava/lang/String;II)Lorg/objectweb/asm/ByteVector; @ 30
Event: 5.962 Thread 0x000000000344e000 Uncommon trap: reason=unstable_if action=reinterpret pc=0x00000000058e428c method=org.objectweb.asm.ClassReader.a(Lorg/objectweb/asm/MethodVisitor;Lorg/objectweb/asm/Context;I)V @ 898
Event: 5.968 Thread 0x000000000344e000 Uncommon trap: reason=unstable_if action=reinterpret pc=0x0000000005943e94 method=org.objectweb.asm.ByteVector.putUTF8(Ljava/lang/String;)Lorg/objectweb/asm/ByteVector; @ 91
Event: 6.152 Thread 0x000000000344e000 Uncommon trap: reason=unstable_if action=reinterpret pc=0x00000000059592bc method=org.objectweb.asm.ByteVector.c(Ljava/lang/String;II)Lorg/objectweb/asm/ByteVector; @ 175
Event: 7.011 Thread 0x000000000344e000 Uncommon trap: reason=unstable_if action=reinterpret pc=0x0000000005935a58 method=org.objectweb.asm.ClassReader.b(Lorg/objectweb/asm/ClassVisitor;Lorg/objectweb/asm/Context;I)I @ 388
Event: 7.013 Thread 0x000000000344e000 Uncommon trap: reason=unstable_if action=reinterpret pc=0x0000000005914570 method=org.objectweb.asm.MethodWriter.visitLocalVariable(Ljava/lang/String;Ljava/lang/String;Ljava/lang/String;Lorg/objectweb/asm/Label;Lorg/objectweb/asm/Label;I)V @ 213

Classes redefined (0 events):
No events

Internal exceptions (10 events):
Event: 8.202 Thread 0x000000000344e000 Exception <a 'sun/nio/fs/WindowsException'> (0x00000000ff59b508) thrown at [D:\src\AOSP-openjdk-cygwin\jdk8u\hotspot\src\share\vm\prims\jni.cpp, line 709]
Event: 8.204 Thread 0x000000000344e000 Exception <a 'sun/nio/fs/WindowsException'> (0x00000000ff5a68b0) thrown at [D:\src\AOSP-openjdk-cygwin\jdk8u\hotspot\src\share\vm\prims\jni.cpp, line 709]
Event: 8.207 Thread 0x000000000344e000 Exception <a 'sun/nio/fs/WindowsException'> (0x00000000ff5b1950) thrown at [D:\src\AOSP-openjdk-cygwin\jdk8u\hotspot\src\share\vm\prims\jni.cpp, line 709]
Event: 8.210 Thread 0x000000000344e000 Exception <a 'sun/nio/fs/WindowsException'> (0x00000000ff5dfbb0) thrown at [D:\src\AOSP-openjdk-cygwin\jdk8u\hotspot\src\share\vm\prims\jni.cpp, line 709]
Event: 8.216 Thread 0x000000000344e000 Exception <a 'sun/nio/fs/WindowsException'> (0x00000000ff5eb9f8) thrown at [D:\src\AOSP-openjdk-cygwin\jdk8u\hotspot\src\share\vm\prims\jni.cpp, line 709]
Event: 8.218 Thread 0x000000000344e000 Exception <a 'sun/nio/fs/WindowsException'> (0x00000000ff5f5c70) thrown at [D:\src\AOSP-openjdk-cygwin\jdk8u\hotspot\src\share\vm\prims\jni.cpp, line 709]
Event: 8.220 Thread 0x000000000344e000 Exception <a 'sun/nio/fs/WindowsException'> (0x00000000ff608868) thrown at [D:\src\AOSP-openjdk-cygwin\jdk8u\hotspot\src\share\vm\prims\jni.cpp, line 709]
Event: 8.222 Thread 0x000000000344e000 Exception <a 'sun/nio/fs/WindowsException'> (0x00000000ff617220) thrown at [D:\src\AOSP-openjdk-cygwin\jdk8u\hotspot\src\share\vm\prims\jni.cpp, line 709]
Event: 8.223 Thread 0x000000000344e000 Exception <a 'sun/nio/fs/WindowsException'> (0x00000000ff617a30) thrown at [D:\src\AOSP-openjdk-cygwin\jdk8u\hotspot\src\share\vm\prims\jni.cpp, line 709]
Event: 8.225 Thread 0x000000000344e000 Exception <a 'sun/nio/fs/WindowsException'> (0x00000000ff622230) thrown at [D:\src\AOSP-openjdk-cygwin\jdk8u\hotspot\src\share\vm\prims\jni.cpp, line 709]

Events (10 events):
Event: 6.152 Thread 0x000000000344e000 DEOPT PACKING pc=0x00000000059592bc sp=0x0000000004fee680
Event: 6.152 Thread 0x000000000344e000 DEOPT UNPACKING pc=0x000000000554556a sp=0x0000000004fee610 mode 2
Event: 7.011 Thread 0x000000000344e000 Uncommon trap: trap_request=0xffffff65 fr.pc=0x0000000005935a58
Event: 7.011 Thread 0x000000000344e000 DEOPT PACKING pc=0x0000000005935a58 sp=0x0000000004feeee0
Event: 7.011 Thread 0x000000000344e000 DEOPT UNPACKING pc=0x000000000554556a sp=0x0000000004feee50 mode 2
Event: 7.013 Thread 0x000000000344e000 Uncommon trap: trap_request=0xffffff65 fr.pc=0x0000000005914570
Event: 7.013 Thread 0x000000000344e000 DEOPT PACKING pc=0x0000000005914570 sp=0x0000000004feeb30
Event: 7.013 Thread 0x000000000344e000 DEOPT UNPACKING pc=0x000000000554556a sp=0x0000000004feeae8 mode 2
Event: 7.229 Thread 0x000000000344e000 DEOPT PACKING pc=0x00000000058af2b7 sp=0x0000000004feefc0
Event: 7.229 Thread 0x000000000344e000 DEOPT UNPACKING pc=0x00000000055475bf sp=0x0000000004feecd8 mode 0


Dynamic libraries:
0x00007ff7b2e80000 - 0x00007ff7b2eb1000 	D:\Android\Android\Android Studio\jre\bin\java.exe
0x00007ffab57a0000 - 0x00007ffab5980000 	C:\Windows\SYSTEM32\ntdll.dll
0x00007ffab4ae0000 - 0x00007ffab4b8e000 	C:\Windows\System32\KERNEL32.DLL
0x00007ffab1ba0000 - 0x00007ffab1e06000 	C:\Windows\System32\KERNELBASE.dll
0x00007ffab5180000 - 0x00007ffab5221000 	C:\Windows\System32\ADVAPI32.dll
0x00007ffab56a0000 - 0x00007ffab573d000 	C:\Windows\System32\msvcrt.dll
0x00007ffab5610000 - 0x00007ffab566b000 	C:\Windows\System32\sechost.dll
0x00007ffab3260000 - 0x00007ffab337f000 	C:\Windows\System32\RPCRT4.dll
0x00007ffab4ce0000 - 0x00007ffab4e6e000 	C:\Windows\System32\USER32.dll
0x00007ffab1fb0000 - 0x00007ffab1fd0000 	C:\Windows\System32\win32u.dll
0x00007ffab5740000 - 0x00007ffab5768000 	C:\Windows\System32\GDI32.dll
0x00007ffab1e10000 - 0x00007ffab1fa1000 	C:\Windows\System32\gdi32full.dll
0x00007ffab2030000 - 0x00007ffab20cb000 	C:\Windows\System32\msvcp_win.dll
0x00007ffab2200000 - 0x00007ffab22f6000 	C:\Windows\System32\ucrtbase.dll
0x00007ffaa9c00000 - 0x00007ffaa9e69000 	C:\Windows\WinSxS\amd64_microsoft.windows.common-controls_6595b64144ccf1df_6.0.16299.15_none_cc92fb402215d91d\COMCTL32.dll
0x00007ffab47d0000 - 0x00007ffab4ad8000 	C:\Windows\System32\combase.dll
0x00007ffab2180000 - 0x00007ffab21f2000 	C:\Windows\System32\bcryptPrimitives.dll
0x00007ffab5670000 - 0x00007ffab569d000 	C:\Windows\System32\IMM32.DLL
0x0000000074230000 - 0x0000000074302000 	D:\Android\Android\Android Studio\jre\jre\bin\msvcr100.dll
0x0000000074310000 - 0x0000000074b4e000 	D:\Android\Android\Android Studio\jre\jre\bin\server\jvm.dll
0x00007ffab3380000 - 0x00007ffab3388000 	C:\Windows\System32\PSAPI.DLL
0x00007ffaae520000 - 0x00007ffaae529000 	C:\Windows\SYSTEM32\WSOCK32.dll
0x00007ffab53a0000 - 0x00007ffab540c000 	C:\Windows\System32\WS2_32.dll
0x00007ffaaf930000 - 0x00007ffaaf953000 	C:\Windows\SYSTEM32\WINMM.dll
0x00007ffab07e0000 - 0x00007ffab07ea000 	C:\Windows\SYSTEM32\VERSION.dll
0x00007ffaaf630000 - 0x00007ffaaf65a000 	C:\Windows\SYSTEM32\WINMMBASE.dll
0x00007ffab2300000 - 0x00007ffab234a000 	C:\Windows\System32\cfgmgr32.dll
0x00007ffaae4f0000 - 0x00007ffaae4ff000 	D:\Android\Android\Android Studio\jre\jre\bin\verify.dll
0x00007ffaaad50000 - 0x00007ffaaad79000 	D:\Android\Android\Android Studio\jre\jre\bin\java.dll
0x00007ffaab680000 - 0x00007ffaab696000 	D:\Android\Android\Android Studio\jre\jre\bin\zip.dll
0x00007ffab3390000 - 0x00007ffab47c7000 	C:\Windows\System32\SHELL32.dll
0x00007ffab2ce0000 - 0x00007ffab2d86000 	C:\Windows\System32\shcore.dll
0x00007ffab2520000 - 0x00007ffab2c67000 	C:\Windows\System32\windows.storage.dll
0x00007ffab4e70000 - 0x00007ffab4ec1000 	C:\Windows\System32\shlwapi.dll
0x00007ffab1b40000 - 0x00007ffab1b51000 	C:\Windows\System32\kernel.appcore.dll
0x00007ffab1af0000 - 0x00007ffab1b3c000 	C:\Windows\System32\powrprof.dll
0x00007ffab1b80000 - 0x00007ffab1b9b000 	C:\Windows\System32\profapi.dll
0x00007ffab14e0000 - 0x00007ffab14f7000 	C:\Windows\SYSTEM32\CRYPTSP.dll
0x00007ffab0f30000 - 0x00007ffab0f63000 	C:\Windows\system32\rsaenh.dll
0x00007ffab15f0000 - 0x00007ffab1615000 	C:\Windows\SYSTEM32\bcrypt.dll
0x00007ffab1a20000 - 0x00007ffab1a49000 	C:\Windows\SYSTEM32\USERENV.dll
0x00007ffab1500000 - 0x00007ffab150b000 	C:\Windows\SYSTEM32\CRYPTBASE.dll
0x00007ffaa8110000 - 0x00007ffaa812a000 	D:\Android\Android\Android Studio\jre\jre\bin\net.dll
0x00007ffab1320000 - 0x00007ffab1386000 	C:\Windows\system32\mswsock.dll
0x00007ffab10b0000 - 0x00007ffab10e9000 	C:\Windows\SYSTEM32\IPHLPAPI.DLL
0x00007ffab5600000 - 0x00007ffab5608000 	C:\Windows\System32\NSI.dll
0x00007ffaac900000 - 0x00007ffaac916000 	C:\Windows\SYSTEM32\dhcpcsvc6.DLL
0x00007ffaac8e0000 - 0x00007ffaac8fa000 	C:\Windows\SYSTEM32\dhcpcsvc.DLL
0x00007ffaa6a20000 - 0x00007ffaa6a31000 	D:\Android\Android\Android Studio\jre\jre\bin\nio.dll

VM Arguments:
jvm_args: -Djava.awt.headless=true -Xmx64M -Dfile.encoding=GBK -Duser.country=CN -Duser.language=zh -Duser.variant 
java_command: com.google.devtools.build.android.desugar.Desugar @D:\Android\TEST\WanAndroidTest\app\build\intermediates\tmp\desugar_args3521623486930367100
java_class_path (initial): C:\Users\Administrator\AppData\Local\Temp\desugar_deploy.jar2872256966551270965
Launcher Type: SUN_STANDARD

Environment Variables:
PATH=C:\Windows\system32;C:\Windows;C:\Windows\System32\Wbem;C:\Windows\System32\WindowsPowerShell\v1.0\;C:\Program Files (x86)\NVIDIA Corporation\PhysX\Common;C:\Users\Administrator\AppData\Local\Microsoft\WindowsApps;
USERNAME=Administrator
OS=Windows_NT
PROCESSOR_IDENTIFIER=Intel64 Family 6 Model 58 Stepping 9, GenuineIntel



---------------  S Y S T E M  ---------------

OS: Windows 10.0 , 64 bit Build 16299 (10.0.16299.15)

CPU:total 4 (initial active 4) (2 cores per cpu, 2 threads per core) family 6 model 58 stepping 9, cmov, cx8, fxsr, mmx, sse, sse2, sse3, ssse3, sse4.1, sse4.2, popcnt, avx, clmul, erms, ht, tsc, tscinvbit, tscinv

Memory: 4k page, physical 8281380k(996076k free), swap 8281380k(5800k free)

vm_info: OpenJDK 64-Bit Server VM (25.152-b01) for windows-amd64 JRE (1.8.0_152-release-915-b01), built by "builder" with MS VC++ 10.0 (VS2010)

time: Sun Apr 29 17:30:50 2018
elapsed time: 8 seconds (0d 0h 0m 8s)

