#
# There is insufficient memory for the Java Runtime Environment to continue.
# Native memory allocation (malloc) failed to allocate 390448 bytes for Chunk::new
# Possible reasons:
#   The system is out of physical RAM or swap space
#   In 32 bit mode, the process size limit was hit
# Possible solutions:
#   Reduce memory load on the system
#   Increase physical memory or swap space
#   Check if swap backing store is full
#   Use 64 bit Java on a 64 bit OS
#   Decrease Java heap size (-Xmx/-Xms)
#   Decrease number of Java threads
#   Decrease Java thread stack sizes (-Xss)
#   Set larger code cache with -XX:ReservedCodeCacheSize=
# This output file may be truncated or incomplete.
#
#  Out of Memory Error (allocation.cpp:390), pid=8088, tid=0x00000000000015e4
#
# JRE version: OpenJDK Runtime Environment (8.0_152-b01) (build 1.8.0_152-release-915-b01)
# Java VM: OpenJDK 64-Bit Server VM (25.152-b01 mixed mode windows-amd64 compressed oops)
# Failed to write core dump. Minidumps are not enabled by default on client versions of Windows
#

---------------  T H R E A D  ---------------

Current thread (0x00000000153db000):  JavaThread "C2 CompilerThread1" daemon [_thread_in_native, id=5604, stack(0x0000000016de0000,0x0000000016ee0000)]

Stack: [0x0000000016de0000,0x0000000016ee0000]
[error occurred during error reporting (printing stack bounds), id 0xc0000005]

Native frames: (J=compiled Java code, j=interpreted, Vv=VM code, C=native code)


Current CompileTask:
C2:   5926 1095 %     4       org.objectweb.asm.ClassReader::a @ 74 (3587 bytes)


---------------  P R O C E S S  ---------------

Java Threads: ( => current thread )
  0x0000000016740000 JavaThread "Service Thread" daemon [_thread_blocked, id=9556, stack(0x0000000016fe0000,0x00000000170e0000)]
  0x0000000016737000 JavaThread "C1 CompilerThread2" daemon [_thread_blocked, id=2544, stack(0x0000000016ee0000,0x0000000016fe0000)]
=>0x00000000153db000 JavaThread "C2 CompilerThread1" daemon [_thread_in_native, id=5604, stack(0x0000000016de0000,0x0000000016ee0000)]
  0x00000000153d8800 JavaThread "C2 CompilerThread0" daemon [_thread_in_native, id=7864, stack(0x0000000016ce0000,0x0000000016de0000)]
  0x000000001538c800 JavaThread "Attach Listener" daemon [_thread_blocked, id=1508, stack(0x0000000016be0000,0x0000000016ce0000)]
  0x00000000166e8800 JavaThread "Signal Dispatcher" daemon [_thread_blocked, id=8008, stack(0x0000000016ae0000,0x0000000016be0000)]
  0x0000000005016800 JavaThread "Finalizer" daemon [_thread_blocked, id=2840, stack(0x00000000165e0000,0x00000000166e0000)]
  0x0000000005011000 JavaThread "Reference Handler" daemon [_thread_blocked, id=2388, stack(0x00000000164e0000,0x00000000165e0000)]
  0x0000000004f1e000 JavaThread "main" [_thread_in_Java, id=2020, stack(0x0000000004d90000,0x0000000004e90000)]

Other Threads:
  0x0000000015345800 VMThread [stack: 0x00000000163e0000,0x00000000164e0000] [id=932]
  0x0000000016741000 WatcherThread [stack: 0x00000000170e0000,0x00000000171e0000] [id=9312]

VM state:not at safepoint (normal execution)

VM Mutex/Monitor currently owned by a thread: None

Heap:
 PSYoungGen      total 18944K, used 4820K [0x00000000feb00000, 0x0000000100000000, 0x0000000100000000)
  eden space 16384K, 13% used [0x00000000feb00000,0x00000000fed38708,0x00000000ffb00000)
  from space 2560K, 99% used [0x00000000ffb00000,0x00000000ffd7cbf0,0x00000000ffd80000)
  to   space 2560K, 0% used [0x00000000ffd80000,0x00000000ffd80000,0x0000000100000000)
 ParOldGen       total 44032K, used 6289K [0x00000000fc000000, 0x00000000feb00000, 0x00000000feb00000)
  object space 44032K, 14% used [0x00000000fc000000,0x00000000fc624698,0x00000000feb00000)
 Metaspace       used 7959K, capacity 8142K, committed 8192K, reserved 1056768K
  class space    used 910K, capacity 989K, committed 1024K, reserved 1048576K

Card table byte_map: [0x0000000004950000,0x0000000004980000] byte_map_base: 0x0000000004170000

Marking Bits: (ParMarkBitMap*) 0x0000000074ad3950
 Begin Bits: [0x00000000147e0000, 0x00000000148e0000)
 End Bits:   [0x00000000148e0000, 0x00000000149e0000)

Polling page: 0x0000000003150000

CodeCache: size=245760Kb used=4188Kb max_used=4188Kb free=241571Kb
 bounds [0x0000000005020000, 0x0000000005440000, 0x0000000014020000]
 total_blobs=1454 nmethods=1120 adapters=248
 compilation: enabled

Compilation events (10 events):
Event: 5.917 Thread 0x0000000016737000 nmethod 1117 0x0000000005409c10 code [0x0000000005409d60, 0x0000000005409ed0]
Event: 5.918 Thread 0x0000000016737000 1118       1       com.google.common.collect.Iterators$1::hasNext (2 bytes)
Event: 5.918 Thread 0x0000000016737000 nmethod 1118 0x000000000542e650 code [0x000000000542e7a0, 0x000000000542e8b0]
Event: 5.918 Thread 0x0000000016737000 1119       3       sun.util.calendar.BaseCalendar::isLeapYear (5 bytes)
Event: 5.918 Thread 0x0000000016737000 nmethod 1119 0x0000000005433410 code [0x0000000005433580, 0x0000000005433870]
Event: 5.918 Thread 0x0000000016737000 1120       3       sun.util.calendar.CalendarDate::setLeapYear (6 bytes)
Event: 5.919 Thread 0x0000000016737000 nmethod 1120 0x0000000005431f50 code [0x00000000054320a0, 0x00000000054321f0]
Event: 5.921 Thread 0x0000000016737000 1121       3       com.google.devtools.build.android.desugar.InterfaceDesugaring::normalizeInterfaceMethodName (41 bytes)
Event: 5.922 Thread 0x0000000016737000 nmethod 1121 0x0000000005439b10 code [0x0000000005439ce0, 0x000000000543a4a8]
Event: 5.923 Thread 0x0000000016737000 1122       3       com.google.devtools.build.android.desugar.ZipInputFileProvider::getInputStream (16 bytes)

GC Heap History (6 events):
Event: 2.031 GC heap before
{Heap before GC invocations=1 (full 0):
 PSYoungGen      total 18944K, used 16384K [0x00000000feb00000, 0x0000000100000000, 0x0000000100000000)
  eden space 16384K, 100% used [0x00000000feb00000,0x00000000ffb00000,0x00000000ffb00000)
  from space 2560K, 0% used [0x00000000ffd80000,0x00000000ffd80000,0x0000000100000000)
  to   space 2560K, 0% used [0x00000000ffb00000,0x00000000ffb00000,0x00000000ffd80000)
 ParOldGen       total 44032K, used 0K [0x00000000fc000000, 0x00000000feb00000, 0x00000000feb00000)
  object space 44032K, 0% used [0x00000000fc000000,0x00000000fc000000,0x00000000feb00000)
 Metaspace       used 6607K, capacity 6812K, committed 7040K, reserved 1056768K
  class space    used 773K, capacity 824K, committed 896K, reserved 1048576K
Event: 2.040 GC heap after
Heap after GC invocations=1 (full 0):
 PSYoungGen      total 18944K, used 2536K [0x00000000feb00000, 0x0000000100000000, 0x0000000100000000)
  eden space 16384K, 0% used [0x00000000feb00000,0x00000000feb00000,0x00000000ffb00000)
  from space 2560K, 99% used [0x00000000ffb00000,0x00000000ffd7a030,0x00000000ffd80000)
  to   space 2560K, 0% used [0x00000000ffd80000,0x00000000ffd80000,0x0000000100000000)
 ParOldGen       total 44032K, used 1728K [0x00000000fc000000, 0x00000000feb00000, 0x00000000feb00000)
  object space 44032K, 3% used [0x00000000fc000000,0x00000000fc1b02a8,0x00000000feb00000)
 Metaspace       used 6607K, capacity 6812K, committed 7040K, reserved 1056768K
  class space    used 773K, capacity 824K, committed 896K, reserved 1048576K
}
Event: 3.799 GC heap before
{Heap before GC invocations=2 (full 0):
 PSYoungGen      total 18944K, used 18920K [0x00000000feb00000, 0x0000000100000000, 0x0000000100000000)
  eden space 16384K, 100% used [0x00000000feb00000,0x00000000ffb00000,0x00000000ffb00000)
  from space 2560K, 99% used [0x00000000ffb00000,0x00000000ffd7a030,0x00000000ffd80000)
  to   space 2560K, 0% used [0x00000000ffd80000,0x00000000ffd80000,0x0000000100000000)
 ParOldGen       total 44032K, used 1728K [0x00000000fc000000, 0x00000000feb00000, 0x00000000feb00000)
  object space 44032K, 3% used [0x00000000fc000000,0x00000000fc1b02a8,0x00000000feb00000)
 Metaspace       used 7327K, capacity 7502K, committed 7680K, reserved 1056768K
  class space    used 862K, capacity 925K, committed 1024K, reserved 1048576K
Event: 3.857 GC heap after
Heap after GC invocations=2 (full 0):
 PSYoungGen      total 18944K, used 2546K [0x00000000feb00000, 0x0000000100000000, 0x0000000100000000)
  eden space 16384K, 0% used [0x00000000feb00000,0x00000000feb00000,0x00000000ffb00000)
  from space 2560K, 99% used [0x00000000ffd80000,0x00000000ffffcbf0,0x0000000100000000)
  to   space 2560K, 0% used [0x00000000ffb00000,0x00000000ffb00000,0x00000000ffd80000)
 ParOldGen       total 44032K, used 5860K [0x00000000fc000000, 0x00000000feb00000, 0x00000000feb00000)
  object space 44032K, 13% used [0x00000000fc000000,0x00000000fc5b9298,0x00000000feb00000)
 Metaspace       used 7327K, capacity 7502K, committed 7680K, reserved 1056768K
  class space    used 862K, capacity 925K, committed 1024K, reserved 1048576K
}
Event: 5.535 GC heap before
{Heap before GC invocations=3 (full 0):
 PSYoungGen      total 18944K, used 18930K [0x00000000feb00000, 0x0000000100000000, 0x0000000100000000)
  eden space 16384K, 100% used [0x00000000feb00000,0x00000000ffb00000,0x00000000ffb00000)
  from space 2560K, 99% used [0x00000000ffd80000,0x00000000ffffcbf0,0x0000000100000000)
  to   space 2560K, 0% used [0x00000000ffb00000,0x00000000ffb00000,0x00000000ffd80000)
 ParOldGen       total 44032K, used 5860K [0x00000000fc000000, 0x00000000feb00000, 0x00000000feb00000)
  object space 44032K, 13% used [0x00000000fc000000,0x00000000fc5b9298,0x00000000feb00000)
 Metaspace       used 7957K, capacity 8142K, committed 8192K, reserved 1056768K
  class space    used 910K, capacity 989K, committed 1024K, reserved 1048576K
Event: 5.603 GC heap after
Heap after GC invocations=3 (full 0):
 PSYoungGen      total 18944K, used 2546K [0x00000000feb00000, 0x0000000100000000, 0x0000000100000000)
  eden space 16384K, 0% used [0x00000000feb00000,0x00000000feb00000,0x00000000ffb00000)
  from space 2560K, 99% used [0x00000000ffb00000,0x00000000ffd7cbf0,0x00000000ffd80000)
  to   space 2560K, 0% used [0x00000000ffd80000,0x00000000ffd80000,0x0000000100000000)
 ParOldGen       total 44032K, used 6289K [0x00000000fc000000, 0x00000000feb00000, 0x00000000feb00000)
  object space 44032K, 14% used [0x00000000fc000000,0x00000000fc624698,0x00000000feb00000)
 Metaspace       used 7957K, capacity 8142K, committed 8192K, reserved 1056768K
  class space    used 910K, capacity 989K, committed 1024K, reserved 1048576K
}

Deoptimization events (10 events):
Event: 3.719 Thread 0x0000000004f1e000 Uncommon trap: reason=class_check action=maybe_recompile pc=0x00000000052424e8 method=com.google.common.collect.TransformedIterator.next()Ljava/lang/Object; @ 5
Event: 3.719 Thread 0x0000000004f1e000 Uncommon trap: reason=class_check action=maybe_recompile pc=0x00000000052424e8 method=com.google.common.collect.TransformedIterator.next()Ljava/lang/Object; @ 5
Event: 4.084 Thread 0x0000000004f1e000 Uncommon trap: reason=unstable_if action=reinterpret pc=0x0000000005245a1c method=java.util.zip.ZipFile$ZipEntryIterator.hasNext()Z @ 25
Event: 5.273 Thread 0x0000000004f1e000 Uncommon trap: reason=unstable_if action=reinterpret pc=0x00000000053e29e8 method=java.io.BufferedOutputStream.write(I)V @ 9
Event: 5.344 Thread 0x0000000004f1e000 Uncommon trap: reason=unstable_if action=reinterpret pc=0x0000000005303ebc method=org.objectweb.asm.ClassReader.a(II[C)Ljava/lang/String; @ 77
Event: 5.344 Thread 0x0000000004f1e000 Uncommon trap: reason=unstable_if action=reinterpret pc=0x00000000053835f8 method=org.objectweb.asm.ByteVector.putUTF8(Ljava/lang/String;)Lorg/objectweb/asm/ByteVector; @ 91
Event: 5.346 Thread 0x0000000004f1e000 Uncommon trap: reason=unstable_if action=reinterpret pc=0x000000000533eb70 method=org.objectweb.asm.ByteVector.putUTF8(Ljava/lang/String;)Lorg/objectweb/asm/ByteVector; @ 91
Event: 5.353 Thread 0x0000000004f1e000 Uncommon trap: reason=unstable_if action=reinterpret pc=0x000000000536e800 method=org.objectweb.asm.Item.a(Lorg/objectweb/asm/Item;)Z @ 345
Event: 5.528 Thread 0x0000000004f1e000 Uncommon trap: reason=unstable_if action=reinterpret pc=0x00000000053d2fb4 method=org.objectweb.asm.tree.MethodNode.getLabelNodes([Ljava/lang/Object;)[Ljava/lang/Object; @ 24
Event: 5.763 Thread 0x0000000004f1e000 Uncommon trap: reason=null_check action=make_not_entrant pc=0x000000000543579c method=com.google.devtools.build.android.desugar.InterfaceDesugaring$InterfaceInvocationRewriter.visitMethodInsn(ILjava/lang/String;Ljava/lang/String;Ljava/lang/String;Z)V @ 10

Classes redefined (0 events):
No events

Internal exceptions (10 events):
Event: 2.328 Thread 0x0000000004f1e000 Exception <a 'sun/nio/fs/WindowsException'> (0x00000000ff1a6728) thrown at [D:\src\AOSP-openjdk-cygwin\jdk8u\hotspot\src\share\vm\prims\jni.cpp, line 709]
Event: 2.329 Thread 0x0000000004f1e000 Exception <a 'sun/nio/fs/WindowsException'> (0x00000000ff1a6ee8) thrown at [D:\src\AOSP-openjdk-cygwin\jdk8u\hotspot\src\share\vm\prims\jni.cpp, line 709]
Event: 2.358 Thread 0x0000000004f1e000 Exception <a 'sun/nio/fs/WindowsException'> (0x00000000ff1ac350) thrown at [D:\src\AOSP-openjdk-cygwin\jdk8u\hotspot\src\share\vm\prims\jni.cpp, line 709]
Event: 2.826 Thread 0x0000000004f1e000 Exception <a 'sun/nio/fs/WindowsException'> (0x00000000ff9dfb78) thrown at [D:\src\AOSP-openjdk-cygwin\jdk8u\hotspot\src\share\vm\prims\jni.cpp, line 709]
Event: 2.827 Thread 0x0000000004f1e000 Exception <a 'sun/nio/fs/WindowsException'> (0x00000000ff9e0100) thrown at [D:\src\AOSP-openjdk-cygwin\jdk8u\hotspot\src\share\vm\prims\jni.cpp, line 709]
Event: 4.088 Thread 0x0000000004f1e000 Exception <a 'sun/nio/fs/WindowsException'> (0x00000000fecf0bd8) thrown at [D:\src\AOSP-openjdk-cygwin\jdk8u\hotspot\src\share\vm\prims\jni.cpp, line 709]
Event: 4.088 Thread 0x0000000004f1e000 Exception <a 'sun/nio/fs/WindowsException'> (0x00000000fecf10e0) thrown at [D:\src\AOSP-openjdk-cygwin\jdk8u\hotspot\src\share\vm\prims\jni.cpp, line 709]
Event: 5.336 Thread 0x0000000004f1e000 Exception <a 'sun/nio/fs/WindowsException'> (0x00000000ff8e0c10) thrown at [D:\src\AOSP-openjdk-cygwin\jdk8u\hotspot\src\share\vm\prims\jni.cpp, line 709]
Event: 5.336 Thread 0x0000000004f1e000 Exception <a 'sun/nio/fs/WindowsException'> (0x00000000ff8e1118) thrown at [D:\src\AOSP-openjdk-cygwin\jdk8u\hotspot\src\share\vm\prims\jni.cpp, line 709]
Event: 5.763 Thread 0x0000000004f1e000 Implicit null exception at 0x0000000005434615 to 0x0000000005435775

Events (10 events):
Event: 5.528 Thread 0x0000000004f1e000 Uncommon trap: trap_request=0xffffff65 fr.pc=0x00000000053d2fb4
Event: 5.528 Thread 0x0000000004f1e000 DEOPT PACKING pc=0x00000000053d2fb4 sp=0x0000000004e8eb40
Event: 5.528 Thread 0x0000000004f1e000 DEOPT UNPACKING pc=0x000000000506556a sp=0x0000000004e8ead0 mode 2
Event: 5.535 Executing VM operation: ParallelGCFailedAllocation
Event: 5.603 Executing VM operation: ParallelGCFailedAllocation done
Event: 5.763 Thread 0x0000000004f1e000 Uncommon trap: trap_request=0xfffffff4 fr.pc=0x000000000543579c
Event: 5.763 Thread 0x0000000004f1e000 DEOPT PACKING pc=0x000000000543579c sp=0x0000000004e8ed70
Event: 5.763 Thread 0x0000000004f1e000 DEOPT UNPACKING pc=0x000000000506556a sp=0x0000000004e8ecc0 mode 2
Event: 5.851 Thread 0x0000000004f1e000 DEOPT PACKING pc=0x000000000531715d sp=0x0000000004e8ec60
Event: 5.851 Thread 0x0000000004f1e000 DEOPT UNPACKING pc=0x00000000050675bf sp=0x0000000004e8ec10 mode 0


Dynamic libraries:
0x00007ff7b2e80000 - 0x00007ff7b2eb1000 	D:\Android\Android\Android Studio\jre\bin\java.exe
0x00007ffab57a0000 - 0x00007ffab5980000 	C:\Windows\SYSTEM32\ntdll.dll
0x00007ffab4ae0000 - 0x00007ffab4b8e000 	C:\Windows\System32\KERNEL32.DLL
0x00007ffab1ba0000 - 0x00007ffab1e06000 	C:\Windows\System32\KERNELBASE.dll
0x00007ffab5180000 - 0x00007ffab5221000 	C:\Windows\System32\ADVAPI32.dll
0x00007ffab56a0000 - 0x00007ffab573d000 	C:\Windows\System32\msvcrt.dll
0x00007ffab5610000 - 0x00007ffab566b000 	C:\Windows\System32\sechost.dll
0x00007ffab3260000 - 0x00007ffab337f000 	C:\Windows\System32\RPCRT4.dll
0x00007ffab4ce0000 - 0x00007ffab4e6e000 	C:\Windows\System32\USER32.dll
0x00007ffab1fb0000 - 0x00007ffab1fd0000 	C:\Windows\System32\win32u.dll
0x00007ffab5740000 - 0x00007ffab5768000 	C:\Windows\System32\GDI32.dll
0x00007ffab1e10000 - 0x00007ffab1fa1000 	C:\Windows\System32\gdi32full.dll
0x00007ffab2030000 - 0x00007ffab20cb000 	C:\Windows\System32\msvcp_win.dll
0x00007ffab2200000 - 0x00007ffab22f6000 	C:\Windows\System32\ucrtbase.dll
0x00007ffaa9c00000 - 0x00007ffaa9e69000 	C:\Windows\WinSxS\amd64_microsoft.windows.common-controls_6595b64144ccf1df_6.0.16299.15_none_cc92fb402215d91d\COMCTL32.dll
0x00007ffab47d0000 - 0x00007ffab4ad8000 	C:\Windows\System32\combase.dll
0x00007ffab2180000 - 0x00007ffab21f2000 	C:\Windows\System32\bcryptPrimitives.dll
0x00007ffab5670000 - 0x00007ffab569d000 	C:\Windows\System32\IMM32.DLL
0x0000000074230000 - 0x0000000074302000 	D:\Android\Android\Android Studio\jre\jre\bin\msvcr100.dll
0x0000000074310000 - 0x0000000074b4e000 	D:\Android\Android\Android Studio\jre\jre\bin\server\jvm.dll
0x00007ffab3380000 - 0x00007ffab3388000 	C:\Windows\System32\PSAPI.DLL
0x00007ffaae520000 - 0x00007ffaae529000 	C:\Windows\SYSTEM32\WSOCK32.dll
0x00007ffab53a0000 - 0x00007ffab540c000 	C:\Windows\System32\WS2_32.dll
0x00007ffaaf930000 - 0x00007ffaaf953000 	C:\Windows\SYSTEM32\WINMM.dll
0x00007ffab07e0000 - 0x00007ffab07ea000 	C:\Windows\SYSTEM32\VERSION.dll
0x00007ffaaf630000 - 0x00007ffaaf65a000 	C:\Windows\SYSTEM32\WINMMBASE.dll
0x00007ffab2300000 - 0x00007ffab234a000 	C:\Windows\System32\cfgmgr32.dll
0x00007ffaae4f0000 - 0x00007ffaae4ff000 	D:\Android\Android\Android Studio\jre\jre\bin\verify.dll
0x00007ffaaad50000 - 0x00007ffaaad79000 	D:\Android\Android\Android Studio\jre\jre\bin\java.dll
0x00007ffaab680000 - 0x00007ffaab696000 	D:\Android\Android\Android Studio\jre\jre\bin\zip.dll
0x00007ffab3390000 - 0x00007ffab47c7000 	C:\Windows\System32\SHELL32.dll
0x00007ffab2ce0000 - 0x00007ffab2d86000 	C:\Windows\System32\shcore.dll
0x00007ffab2520000 - 0x00007ffab2c67000 	C:\Windows\System32\windows.storage.dll
0x00007ffab4e70000 - 0x00007ffab4ec1000 	C:\Windows\System32\shlwapi.dll
0x00007ffab1b40000 - 0x00007ffab1b51000 	C:\Windows\System32\kernel.appcore.dll
0x00007ffab1af0000 - 0x00007ffab1b3c000 	C:\Windows\System32\powrprof.dll
0x00007ffab1b80000 - 0x00007ffab1b9b000 	C:\Windows\System32\profapi.dll
0x00007ffab14e0000 - 0x00007ffab14f7000 	C:\Windows\SYSTEM32\CRYPTSP.dll
0x00007ffab0f30000 - 0x00007ffab0f63000 	C:\Windows\system32\rsaenh.dll
0x00007ffab15f0000 - 0x00007ffab1615000 	C:\Windows\SYSTEM32\bcrypt.dll
0x00007ffab1a20000 - 0x00007ffab1a49000 	C:\Windows\SYSTEM32\USERENV.dll
0x00007ffab1500000 - 0x00007ffab150b000 	C:\Windows\SYSTEM32\CRYPTBASE.dll
0x00007ffaa8110000 - 0x00007ffaa812a000 	D:\Android\Android\Android Studio\jre\jre\bin\net.dll
0x00007ffab1320000 - 0x00007ffab1386000 	C:\Windows\system32\mswsock.dll
0x00007ffab10b0000 - 0x00007ffab10e9000 	C:\Windows\SYSTEM32\IPHLPAPI.DLL
0x00007ffab5600000 - 0x00007ffab5608000 	C:\Windows\System32\NSI.dll
0x00007ffaac900000 - 0x00007ffaac916000 	C:\Windows\SYSTEM32\dhcpcsvc6.DLL
0x00007ffaac8e0000 - 0x00007ffaac8fa000 	C:\Windows\SYSTEM32\dhcpcsvc.DLL
0x00007ffaa6a20000 - 0x00007ffaa6a31000 	D:\Android\Android\Android Studio\jre\jre\bin\nio.dll

VM Arguments:
jvm_args: -Djava.awt.headless=true -Xmx64M -Dfile.encoding=GBK -Duser.country=CN -Duser.language=zh -Duser.variant 
java_command: com.google.devtools.build.android.desugar.Desugar @D:\Android\TEST\WanAndroidTest\app\build\intermediates\tmp\desugar_args5628545439748646189
java_class_path (initial): C:\Users\Administrator\AppData\Local\Temp\desugar_deploy.jar2872256966551270965
Launcher Type: SUN_STANDARD

Environment Variables:
PATH=C:\Windows\system32;C:\Windows;C:\Windows\System32\Wbem;C:\Windows\System32\WindowsPowerShell\v1.0\;C:\Program Files (x86)\NVIDIA Corporation\PhysX\Common;C:\Users\Administrator\AppData\Local\Microsoft\WindowsApps;
USERNAME=Administrator
OS=Windows_NT
PROCESSOR_IDENTIFIER=Intel64 Family 6 Model 58 Stepping 9, GenuineIntel



---------------  S Y S T E M  ---------------

OS: Windows 10.0 , 64 bit Build 16299 (10.0.16299.15)

CPU:total 4 (initial active 4) (2 cores per cpu, 2 threads per core) family 6 model 58 stepping 9, cmov, cx8, fxsr, mmx, sse, sse2, sse3, ssse3, sse4.1, sse4.2, popcnt, avx, clmul, erms, ht, tsc, tscinvbit, tscinv

Memory: 4k page, physical 8281380k(1048136k free), swap 8281380k(5140k free)

vm_info: OpenJDK 64-Bit Server VM (25.152-b01) for windows-amd64 JRE (1.8.0_152-release-915-b01), built by "builder" with MS VC++ 10.0 (VS2010)

time: Sun Apr 29 11:04:15 2018
elapsed time: 5 seconds (0d 0h 0m 5s)

