#
# There is insufficient memory for the Java Runtime Environment to continue.
# Native memory allocation (malloc) failed to allocate 2902096 bytes for Chunk::new
# Possible reasons:
#   The system is out of physical RAM or swap space
#   In 32 bit mode, the process size limit was hit
# Possible solutions:
#   Reduce memory load on the system
#   Increase physical memory or swap space
#   Check if swap backing store is full
#   Use 64 bit Java on a 64 bit OS
#   Decrease Java heap size (-Xmx/-Xms)
#   Decrease number of Java threads
#   Decrease Java thread stack sizes (-Xss)
#   Set larger code cache with -XX:ReservedCodeCacheSize=
# This output file may be truncated or incomplete.
#
#  Out of Memory Error (allocation.cpp:390), pid=8024, tid=0x0000000000001338
#
# JRE version: OpenJDK Runtime Environment (8.0_152-b01) (build 1.8.0_152-release-915-b01)
# Java VM: OpenJDK 64-Bit Server VM (25.152-b01 mixed mode windows-amd64 compressed oops)
# Failed to write core dump. Minidumps are not enabled by default on client versions of Windows
#

---------------  T H R E A D  ---------------

Current thread (0x0000000014a78800):  JavaThread "C2 CompilerThread0" daemon [_thread_in_native, id=4920, stack(0x00000000163d0000,0x00000000164d0000)]

Stack: [0x00000000163d0000,0x00000000164d0000]
[error occurred during error reporting (printing stack bounds), id 0xc0000005]

Native frames: (J=compiled Java code, j=interpreted, Vv=VM code, C=native code)


Current CompileTask:
C2:   5800  968 %     4       org.objectweb.asm.ClassReader::a @ 1480 (3587 bytes)


---------------  P R O C E S S  ---------------

Java Threads: ( => current thread )
  0x0000000015e2d800 JavaThread "Service Thread" daemon [_thread_blocked, id=4156, stack(0x00000000166d0000,0x00000000167d0000)]
  0x0000000015dd9000 JavaThread "C1 CompilerThread2" daemon [_thread_blocked, id=4848, stack(0x00000000165d0000,0x00000000166d0000)]
  0x0000000014a7b000 JavaThread "C2 CompilerThread1" daemon [_thread_blocked, id=6628, stack(0x00000000164d0000,0x00000000165d0000)]
=>0x0000000014a78800 JavaThread "C2 CompilerThread0" daemon [_thread_in_native, id=4920, stack(0x00000000163d0000,0x00000000164d0000)]
  0x0000000014a2c000 JavaThread "Attach Listener" daemon [_thread_blocked, id=3984, stack(0x00000000162d0000,0x00000000163d0000)]
  0x0000000015dd8800 JavaThread "Signal Dispatcher" daemon [_thread_blocked, id=8148, stack(0x00000000161d0000,0x00000000162d0000)]
  0x0000000014a08800 JavaThread "Finalizer" daemon [_thread_blocked, id=6600, stack(0x0000000015c70000,0x0000000015d70000)]
  0x00000000149e7000 JavaThread "Reference Handler" daemon [_thread_blocked, id=7668, stack(0x0000000015b70000,0x0000000015c70000)]
  0x000000000281e000 JavaThread "main" [_thread_in_Java, id=7712, stack(0x00000000044c0000,0x00000000045c0000)]

Other Threads:
  0x00000000149e5800 VMThread [stack: 0x0000000015a70000,0x0000000015b70000] [id=3660]
  0x0000000015e2e800 WatcherThread [stack: 0x00000000167d0000,0x00000000168d0000] [id=4828]

VM state:not at safepoint (normal execution)

VM Mutex/Monitor currently owned by a thread: None

Heap:
 PSYoungGen      total 18944K, used 12502K [0x00000000feb00000, 0x0000000100000000, 0x0000000100000000)
  eden space 16384K, 60% used [0x00000000feb00000,0x00000000ff4b8fc8,0x00000000ffb00000)
  from space 2560K, 99% used [0x00000000ffd80000,0x00000000ffffcbf0,0x0000000100000000)
  to   space 2560K, 0% used [0x00000000ffb00000,0x00000000ffb00000,0x00000000ffd80000)
 ParOldGen       total 44032K, used 5911K [0x00000000fc000000, 0x00000000feb00000, 0x00000000feb00000)
  object space 44032K, 13% used [0x00000000fc000000,0x00000000fc5c5f28,0x00000000feb00000)
 Metaspace       used 7953K, capacity 8140K, committed 8192K, reserved 1056768K
  class space    used 910K, capacity 991K, committed 1024K, reserved 1048576K

Card table byte_map: [0x00000000027b0000,0x00000000027e0000] byte_map_base: 0x0000000001fd0000

Marking Bits: (ParMarkBitMap*) 0x0000000074ad3950
 Begin Bits: [0x0000000013e80000, 0x0000000013f80000)
 End Bits:   [0x0000000013f80000, 0x0000000014080000)

Polling page: 0x0000000002490000

CodeCache: size=245760Kb used=3914Kb max_used=3927Kb free=241845Kb
 bounds [0x00000000046c0000, 0x0000000004aa0000, 0x00000000136c0000]
 total_blobs=1339 nmethods=1005 adapters=248
 compilation: enabled

Compilation events (10 events):
Event: 5.494 Thread 0x0000000014a7b000 1002       4       org.objectweb.asm.ClassReader::readClass (16 bytes)
Event: 5.495 Thread 0x0000000014a7b000 nmethod 1002 0x0000000004a6d850 code [0x0000000004a6d9a0, 0x0000000004a6dae8]
Event: 5.496 Thread 0x0000000015dd9000 1003       3       org.objectweb.asm.ClassReader::accept (1176 bytes)
Event: 5.505 Thread 0x0000000015dd9000 nmethod 1003 0x0000000004a89710 code [0x0000000004a89e40, 0x0000000004a904e8]
Event: 5.505 Thread 0x0000000015dd9000 1004       3       com.google.common.base.Preconditions::checkArgument (13 bytes)
Event: 5.506 Thread 0x0000000015dd9000 nmethod 1004 0x0000000004a89290 code [0x0000000004a89400, 0x0000000004a89628]
Event: 5.506 Thread 0x0000000015dd9000 1005       3       java.util.HashMap::<init> (11 bytes)
Event: 5.506 Thread 0x0000000015dd9000 nmethod 1005 0x0000000004a88e50 code [0x0000000004a88fc0, 0x0000000004a891d0]
Event: 5.507 Thread 0x0000000014a7b000 1006       4       org.objectweb.asm.MethodWriter::visitLabel (321 bytes)
Event: 5.519 Thread 0x0000000014a7b000 nmethod 1006 0x0000000004a86d90 code [0x0000000004a86f00, 0x0000000004a87498]

GC Heap History (4 events):
Event: 2.239 GC heap before
{Heap before GC invocations=1 (full 0):
 PSYoungGen      total 18944K, used 16384K [0x00000000feb00000, 0x0000000100000000, 0x0000000100000000)
  eden space 16384K, 100% used [0x00000000feb00000,0x00000000ffb00000,0x00000000ffb00000)
  from space 2560K, 0% used [0x00000000ffd80000,0x00000000ffd80000,0x0000000100000000)
  to   space 2560K, 0% used [0x00000000ffb00000,0x00000000ffb00000,0x00000000ffd80000)
 ParOldGen       total 44032K, used 0K [0x00000000fc000000, 0x00000000feb00000, 0x00000000feb00000)
  object space 44032K, 0% used [0x00000000fc000000,0x00000000fc000000,0x00000000feb00000)
 Metaspace       used 6615K, capacity 6800K, committed 7040K, reserved 1056768K
  class space    used 774K, capacity 824K, committed 896K, reserved 1048576K
Event: 2.250 GC heap after
Heap after GC invocations=1 (full 0):
 PSYoungGen      total 18944K, used 2552K [0x00000000feb00000, 0x0000000100000000, 0x0000000100000000)
  eden space 16384K, 0% used [0x00000000feb00000,0x00000000feb00000,0x00000000ffb00000)
  from space 2560K, 99% used [0x00000000ffb00000,0x00000000ffd7e020,0x00000000ffd80000)
  to   space 2560K, 0% used [0x00000000ffd80000,0x00000000ffd80000,0x0000000100000000)
 ParOldGen       total 44032K, used 1708K [0x00000000fc000000, 0x00000000feb00000, 0x00000000feb00000)
  object space 44032K, 3% used [0x00000000fc000000,0x00000000fc1ab058,0x00000000feb00000)
 Metaspace       used 6615K, capacity 6800K, committed 7040K, reserved 1056768K
  class space    used 774K, capacity 824K, committed 896K, reserved 1048576K
}
Event: 3.765 GC heap before
{Heap before GC invocations=2 (full 0):
 PSYoungGen      total 18944K, used 18936K [0x00000000feb00000, 0x0000000100000000, 0x0000000100000000)
  eden space 16384K, 100% used [0x00000000feb00000,0x00000000ffb00000,0x00000000ffb00000)
  from space 2560K, 99% used [0x00000000ffb00000,0x00000000ffd7e020,0x00000000ffd80000)
  to   space 2560K, 0% used [0x00000000ffd80000,0x00000000ffd80000,0x0000000100000000)
 ParOldGen       total 44032K, used 1708K [0x00000000fc000000, 0x00000000feb00000, 0x00000000feb00000)
  object space 44032K, 3% used [0x00000000fc000000,0x00000000fc1ab058,0x00000000feb00000)
 Metaspace       used 7049K, capacity 7202K, committed 7296K, reserved 1056768K
  class space    used 825K, capacity 893K, committed 896K, reserved 1048576K
Event: 3.825 GC heap after
Heap after GC invocations=2 (full 0):
 PSYoungGen      total 18944K, used 2546K [0x00000000feb00000, 0x0000000100000000, 0x0000000100000000)
  eden space 16384K, 0% used [0x00000000feb00000,0x00000000feb00000,0x00000000ffb00000)
  from space 2560K, 99% used [0x00000000ffd80000,0x00000000ffffcbf0,0x0000000100000000)
  to   space 2560K, 0% used [0x00000000ffb00000,0x00000000ffb00000,0x00000000ffd80000)
 ParOldGen       total 44032K, used 5911K [0x00000000fc000000, 0x00000000feb00000, 0x00000000feb00000)
  object space 44032K, 13% used [0x00000000fc000000,0x00000000fc5c5f28,0x00000000feb00000)
 Metaspace       used 7049K, capacity 7202K, committed 7296K, reserved 1056768K
  class space    used 825K, capacity 893K, committed 896K, reserved 1048576K
}

Deoptimization events (10 events):
Event: 3.957 Thread 0x000000000281e000 Uncommon trap: reason=class_check action=maybe_recompile pc=0x00000000048e7fd0 method=com.google.common.collect.Iterators$7.transform(Ljava/lang/Object;)Ljava/lang/Object; @ 5
Event: 3.958 Thread 0x000000000281e000 Uncommon trap: reason=class_check action=maybe_recompile pc=0x00000000048ee46c method=com.google.common.collect.TransformedIterator.hasNext()Z @ 4
Event: 3.958 Thread 0x000000000281e000 Uncommon trap: reason=class_check action=maybe_recompile pc=0x00000000048eec18 method=com.google.common.collect.TransformedIterator.next()Ljava/lang/Object; @ 5
Event: 3.958 Thread 0x000000000281e000 Uncommon trap: reason=class_check action=maybe_recompile pc=0x00000000048e7fd0 method=com.google.common.collect.Iterators$7.transform(Ljava/lang/Object;)Ljava/lang/Object; @ 5
Event: 3.958 Thread 0x000000000281e000 Uncommon trap: reason=class_check action=maybe_recompile pc=0x00000000048eec18 method=com.google.common.collect.TransformedIterator.next()Ljava/lang/Object; @ 5
Event: 3.958 Thread 0x000000000281e000 Uncommon trap: reason=class_check action=maybe_recompile pc=0x00000000048e7fd0 method=com.google.common.collect.Iterators$7.transform(Ljava/lang/Object;)Ljava/lang/Object; @ 5
Event: 5.113 Thread 0x000000000281e000 Uncommon trap: reason=unstable_if action=reinterpret pc=0x00000000049b045c method=org.objectweb.asm.ClassReader.readUTF8(I[C)Ljava/lang/String; @ 7
Event: 5.277 Thread 0x000000000281e000 Uncommon trap: reason=unstable_if action=reinterpret pc=0x0000000004a26014 method=java.lang.String.<init>([CII)V @ 18
Event: 5.318 Thread 0x000000000281e000 Uncommon trap: reason=unstable_if action=reinterpret pc=0x0000000004a08f18 method=java.lang.String.<init>([CII)V @ 18
Event: 5.379 Thread 0x000000000281e000 Uncommon trap: reason=unstable_if action=reinterpret pc=0x0000000004a16200 method=org.objectweb.asm.Item.a(Lorg/objectweb/asm/Item;)Z @ 345

Classes redefined (0 events):
No events

Internal exceptions (10 events):
Event: 2.313 Thread 0x000000000281e000 Implicit null exception at 0x00000000048e9c3d to 0x00000000048ea071
Event: 2.436 Thread 0x000000000281e000 Exception <a 'sun/nio/fs/WindowsException'> (0x00000000ff1a41e8) thrown at [D:\src\AOSP-openjdk-cygwin\jdk8u\hotspot\src\share\vm\prims\jni.cpp, line 709]
Event: 2.437 Thread 0x000000000281e000 Exception <a 'sun/nio/fs/WindowsException'> (0x00000000ff1a47b8) thrown at [D:\src\AOSP-openjdk-cygwin\jdk8u\hotspot\src\share\vm\prims\jni.cpp, line 709]
Event: 2.437 Thread 0x000000000281e000 Exception <a 'sun/nio/fs/WindowsException'> (0x00000000ff1a4db0) thrown at [D:\src\AOSP-openjdk-cygwin\jdk8u\hotspot\src\share\vm\prims\jni.cpp, line 709]
Event: 2.437 Thread 0x000000000281e000 Exception <a 'sun/nio/fs/WindowsException'> (0x00000000ff1a5580) thrown at [D:\src\AOSP-openjdk-cygwin\jdk8u\hotspot\src\share\vm\prims\jni.cpp, line 709]
Event: 2.438 Thread 0x000000000281e000 Exception <a 'sun/nio/fs/WindowsException'> (0x00000000ff1a5b50) thrown at [D:\src\AOSP-openjdk-cygwin\jdk8u\hotspot\src\share\vm\prims\jni.cpp, line 709]
Event: 2.438 Thread 0x000000000281e000 Exception <a 'sun/nio/fs/WindowsException'> (0x00000000ff1a6310) thrown at [D:\src\AOSP-openjdk-cygwin\jdk8u\hotspot\src\share\vm\prims\jni.cpp, line 709]
Event: 2.572 Thread 0x000000000281e000 Exception <a 'sun/nio/fs/WindowsException'> (0x00000000ff1ab778) thrown at [D:\src\AOSP-openjdk-cygwin\jdk8u\hotspot\src\share\vm\prims\jni.cpp, line 709]
Event: 3.674 Thread 0x000000000281e000 Exception <a 'sun/nio/fs/WindowsException'> (0x00000000ff9ded90) thrown at [D:\src\AOSP-openjdk-cygwin\jdk8u\hotspot\src\share\vm\prims\jni.cpp, line 709]
Event: 3.674 Thread 0x000000000281e000 Exception <a 'sun/nio/fs/WindowsException'> (0x00000000ff9df318) thrown at [D:\src\AOSP-openjdk-cygwin\jdk8u\hotspot\src\share\vm\prims\jni.cpp, line 709]

Events (10 events):
Event: 5.295 loading class com/google/devtools/build/android/desugar/HeaderClassLoader$InterfaceInitializerEraser
Event: 5.295 loading class com/google/devtools/build/android/desugar/HeaderClassLoader$InterfaceInitializerEraser done
Event: 5.296 loading class com/google/devtools/build/android/desugar/HeaderClassLoader$BodyStubber
Event: 5.296 loading class com/google/devtools/build/android/desugar/HeaderClassLoader$BodyStubber done
Event: 5.318 Thread 0x000000000281e000 Uncommon trap: trap_request=0xffffff65 fr.pc=0x0000000004a08f18
Event: 5.318 Thread 0x000000000281e000 DEOPT PACKING pc=0x0000000004a08f18 sp=0x00000000045bdf60
Event: 5.318 Thread 0x000000000281e000 DEOPT UNPACKING pc=0x000000000470556a sp=0x00000000045bde80 mode 2
Event: 5.379 Thread 0x000000000281e000 Uncommon trap: trap_request=0xffffff65 fr.pc=0x0000000004a16200
Event: 5.379 Thread 0x000000000281e000 DEOPT PACKING pc=0x0000000004a16200 sp=0x00000000045bea90
Event: 5.379 Thread 0x000000000281e000 DEOPT UNPACKING pc=0x000000000470556a sp=0x00000000045bea28 mode 2


Dynamic libraries:
0x00007ff7b2e80000 - 0x00007ff7b2eb1000 	D:\Android\Android\Android Studio\jre\bin\java.exe
0x00007ffab57a0000 - 0x00007ffab5980000 	C:\Windows\SYSTEM32\ntdll.dll
0x00007ffab4ae0000 - 0x00007ffab4b8e000 	C:\Windows\System32\KERNEL32.DLL
0x00007ffab1ba0000 - 0x00007ffab1e06000 	C:\Windows\System32\KERNELBASE.dll
0x00007ffab5180000 - 0x00007ffab5221000 	C:\Windows\System32\ADVAPI32.dll
0x00007ffab56a0000 - 0x00007ffab573d000 	C:\Windows\System32\msvcrt.dll
0x00007ffab5610000 - 0x00007ffab566b000 	C:\Windows\System32\sechost.dll
0x00007ffab3260000 - 0x00007ffab337f000 	C:\Windows\System32\RPCRT4.dll
0x00007ffab4ce0000 - 0x00007ffab4e6e000 	C:\Windows\System32\USER32.dll
0x00007ffab1fb0000 - 0x00007ffab1fd0000 	C:\Windows\System32\win32u.dll
0x00007ffab5740000 - 0x00007ffab5768000 	C:\Windows\System32\GDI32.dll
0x00007ffab1e10000 - 0x00007ffab1fa1000 	C:\Windows\System32\gdi32full.dll
0x00007ffab2030000 - 0x00007ffab20cb000 	C:\Windows\System32\msvcp_win.dll
0x00007ffab2200000 - 0x00007ffab22f6000 	C:\Windows\System32\ucrtbase.dll
0x00007ffaa9c00000 - 0x00007ffaa9e69000 	C:\Windows\WinSxS\amd64_microsoft.windows.common-controls_6595b64144ccf1df_6.0.16299.15_none_cc92fb402215d91d\COMCTL32.dll
0x00007ffab47d0000 - 0x00007ffab4ad8000 	C:\Windows\System32\combase.dll
0x00007ffab2180000 - 0x00007ffab21f2000 	C:\Windows\System32\bcryptPrimitives.dll
0x00007ffab5670000 - 0x00007ffab569d000 	C:\Windows\System32\IMM32.DLL
0x0000000074230000 - 0x0000000074302000 	D:\Android\Android\Android Studio\jre\jre\bin\msvcr100.dll
0x0000000074310000 - 0x0000000074b4e000 	D:\Android\Android\Android Studio\jre\jre\bin\server\jvm.dll
0x00007ffab3380000 - 0x00007ffab3388000 	C:\Windows\System32\PSAPI.DLL
0x00007ffaae520000 - 0x00007ffaae529000 	C:\Windows\SYSTEM32\WSOCK32.dll
0x00007ffab53a0000 - 0x00007ffab540c000 	C:\Windows\System32\WS2_32.dll
0x00007ffaaf930000 - 0x00007ffaaf953000 	C:\Windows\SYSTEM32\WINMM.dll
0x00007ffab07e0000 - 0x00007ffab07ea000 	C:\Windows\SYSTEM32\VERSION.dll
0x00007ffaaf630000 - 0x00007ffaaf65a000 	C:\Windows\SYSTEM32\WINMMBASE.dll
0x00007ffab2300000 - 0x00007ffab234a000 	C:\Windows\System32\cfgmgr32.dll
0x00007ffaae4f0000 - 0x00007ffaae4ff000 	D:\Android\Android\Android Studio\jre\jre\bin\verify.dll
0x00007ffaaad50000 - 0x00007ffaaad79000 	D:\Android\Android\Android Studio\jre\jre\bin\java.dll
0x00007ffaab680000 - 0x00007ffaab696000 	D:\Android\Android\Android Studio\jre\jre\bin\zip.dll
0x00007ffab3390000 - 0x00007ffab47c7000 	C:\Windows\System32\SHELL32.dll
0x00007ffab2ce0000 - 0x00007ffab2d86000 	C:\Windows\System32\shcore.dll
0x00007ffab2520000 - 0x00007ffab2c67000 	C:\Windows\System32\windows.storage.dll
0x00007ffab4e70000 - 0x00007ffab4ec1000 	C:\Windows\System32\shlwapi.dll
0x00007ffab1b40000 - 0x00007ffab1b51000 	C:\Windows\System32\kernel.appcore.dll
0x00007ffab1af0000 - 0x00007ffab1b3c000 	C:\Windows\System32\powrprof.dll
0x00007ffab1b80000 - 0x00007ffab1b9b000 	C:\Windows\System32\profapi.dll
0x00007ffab14e0000 - 0x00007ffab14f7000 	C:\Windows\SYSTEM32\CRYPTSP.dll
0x00007ffab0f30000 - 0x00007ffab0f63000 	C:\Windows\system32\rsaenh.dll
0x00007ffab15f0000 - 0x00007ffab1615000 	C:\Windows\SYSTEM32\bcrypt.dll
0x00007ffab1a20000 - 0x00007ffab1a49000 	C:\Windows\SYSTEM32\USERENV.dll
0x00007ffab1500000 - 0x00007ffab150b000 	C:\Windows\SYSTEM32\CRYPTBASE.dll
0x00007ffaa8110000 - 0x00007ffaa812a000 	D:\Android\Android\Android Studio\jre\jre\bin\net.dll
0x00007ffab1320000 - 0x00007ffab1386000 	C:\Windows\system32\mswsock.dll
0x00007ffab10b0000 - 0x00007ffab10e9000 	C:\Windows\SYSTEM32\IPHLPAPI.DLL
0x00007ffab5600000 - 0x00007ffab5608000 	C:\Windows\System32\NSI.dll
0x00007ffaac900000 - 0x00007ffaac916000 	C:\Windows\SYSTEM32\dhcpcsvc6.DLL
0x00007ffaac8e0000 - 0x00007ffaac8fa000 	C:\Windows\SYSTEM32\dhcpcsvc.DLL
0x00007ffaa6a20000 - 0x00007ffaa6a31000 	D:\Android\Android\Android Studio\jre\jre\bin\nio.dll

VM Arguments:
jvm_args: -Djava.awt.headless=true -Xmx64M -Dfile.encoding=GBK -Duser.country=CN -Duser.language=zh -Duser.variant 
java_command: com.google.devtools.build.android.desugar.Desugar @D:\Android\TEST\WanAndroidTest\app\build\intermediates\tmp\desugar_args2694511253236867791
java_class_path (initial): C:\Users\Administrator\AppData\Local\Temp\desugar_deploy.jar2872256966551270965
Launcher Type: SUN_STANDARD

Environment Variables:
PATH=C:\Windows\system32;C:\Windows;C:\Windows\System32\Wbem;C:\Windows\System32\WindowsPowerShell\v1.0\;C:\Program Files (x86)\NVIDIA Corporation\PhysX\Common;C:\Users\Administrator\AppData\Local\Microsoft\WindowsApps;
USERNAME=Administrator
OS=Windows_NT
PROCESSOR_IDENTIFIER=Intel64 Family 6 Model 58 Stepping 9, GenuineIntel



---------------  S Y S T E M  ---------------

OS: Windows 10.0 , 64 bit Build 16299 (10.0.16299.15)

CPU:total 4 (initial active 4) (2 cores per cpu, 2 threads per core) family 6 model 58 stepping 9, cmov, cx8, fxsr, mmx, sse, sse2, sse3, ssse3, sse4.1, sse4.2, popcnt, avx, clmul, erms, ht, tsc, tscinvbit, tscinv

Memory: 4k page, physical 8281380k(1052200k free), swap 8281380k(3880k free)

vm_info: OpenJDK 64-Bit Server VM (25.152-b01) for windows-amd64 JRE (1.8.0_152-release-915-b01), built by "builder" with MS VC++ 10.0 (VS2010)

time: Sun Apr 29 11:04:15 2018
elapsed time: 5 seconds (0d 0h 0m 5s)

