#
# There is insufficient memory for the Java Runtime Environment to continue.
# Native memory allocation (malloc) failed to allocate 949136 bytes for Chunk::new
# Possible reasons:
#   The system is out of physical RAM or swap space
#   In 32 bit mode, the process size limit was hit
# Possible solutions:
#   Reduce memory load on the system
#   Increase physical memory or swap space
#   Check if swap backing store is full
#   Use 64 bit Java on a 64 bit OS
#   Decrease Java heap size (-Xmx/-Xms)
#   Decrease number of Java threads
#   Decrease Java thread stack sizes (-Xss)
#   Set larger code cache with -XX:ReservedCodeCacheSize=
# This output file may be truncated or incomplete.
#
#  Out of Memory Error (allocation.cpp:390), pid=4244, tid=0x0000000000000e60
#
# JRE version: OpenJDK Runtime Environment (8.0_152-b01) (build 1.8.0_152-release-915-b01)
# Java VM: OpenJDK 64-Bit Server VM (25.152-b01 mixed mode windows-amd64 compressed oops)
# Failed to write core dump. Minidumps are not enabled by default on client versions of Windows
#

---------------  T H R E A D  ---------------

Current thread (0x000000001574b800):  JavaThread "C2 CompilerThread1" daemon [_thread_in_native, id=3680, stack(0x0000000017140000,0x0000000017240000)]

Stack: [0x0000000017140000,0x0000000017240000]
[error occurred during error reporting (printing stack bounds), id 0xc0000005]

Native frames: (J=compiled Java code, j=interpreted, Vv=VM code, C=native code)


Current CompileTask:
C2:   2355  932       4       org.objectweb.asm.ClassReader::a (3587 bytes)


---------------  P R O C E S S  ---------------

Java Threads: ( => current thread )
  0x0000000016ac0000 JavaThread "Service Thread" daemon [_thread_blocked, id=9428, stack(0x0000000017340000,0x0000000017440000)]
  0x0000000016a9a800 JavaThread "C1 CompilerThread2" daemon [_thread_blocked, id=2436, stack(0x0000000017240000,0x0000000017340000)]
=>0x000000001574b800 JavaThread "C2 CompilerThread1" daemon [_thread_in_native, id=3680, stack(0x0000000017140000,0x0000000017240000)]
  0x0000000015748000 JavaThread "C2 CompilerThread0" daemon [_thread_blocked, id=10468, stack(0x0000000017040000,0x0000000017140000)]
  0x00000000156fd800 JavaThread "Attach Listener" daemon [_thread_blocked, id=3360, stack(0x0000000016f40000,0x0000000017040000)]
  0x0000000016a48800 JavaThread "Signal Dispatcher" daemon [_thread_blocked, id=9240, stack(0x0000000016e40000,0x0000000016f40000)]
  0x000000000538b000 JavaThread "Finalizer" daemon [_thread_blocked, id=3384, stack(0x0000000016940000,0x0000000016a40000)]
  0x00000000156b7000 JavaThread "Reference Handler" daemon [_thread_blocked, id=7780, stack(0x0000000016840000,0x0000000016940000)]
  0x0000000004c4e000 JavaThread "main" [_thread_in_Java, id=5704, stack(0x0000000005090000,0x0000000005190000)]

Other Threads:
  0x00000000156b5800 VMThread [stack: 0x0000000016740000,0x0000000016840000] [id=816]
  0x0000000016ac1000 WatcherThread [stack: 0x0000000017440000,0x0000000017540000] [id=628]

VM state:not at safepoint (normal execution)

VM Mutex/Monitor currently owned by a thread: None

Heap:
 PSYoungGen      total 18944K, used 8570K [0x00000000feb00000, 0x0000000100000000, 0x0000000100000000)
  eden space 16384K, 36% used [0x00000000feb00000,0x00000000ff0e1d48,0x00000000ffb00000)
  from space 2560K, 99% used [0x00000000ffd80000,0x00000000ffffcb00,0x0000000100000000)
  to   space 2560K, 0% used [0x00000000ffb00000,0x00000000ffb00000,0x00000000ffd80000)
 ParOldGen       total 44032K, used 5932K [0x00000000fc000000, 0x00000000feb00000, 0x00000000feb00000)
  object space 44032K, 13% used [0x00000000fc000000,0x00000000fc5cb318,0x00000000feb00000)
 Metaspace       used 7862K, capacity 8010K, committed 8192K, reserved 1056768K
  class space    used 904K, capacity 989K, committed 1024K, reserved 1048576K

Card table byte_map: [0x00000000031e0000,0x0000000003210000] byte_map_base: 0x0000000002a00000

Marking Bits: (ParMarkBitMap*) 0x0000000070383950
 Begin Bits: [0x0000000014b50000, 0x0000000014c50000)
 End Bits:   [0x0000000014c50000, 0x0000000014d50000)

Polling page: 0x0000000000db0000

CodeCache: size=245760Kb used=3676Kb max_used=3688Kb free=242083Kb
 bounds [0x0000000005390000, 0x0000000005730000, 0x0000000014390000]
 total_blobs=1296 nmethods=962 adapters=248
 compilation: enabled

Compilation events (10 events):
Event: 2.272 Thread 0x0000000016a9a800 nmethod 962 0x0000000005723d90 code [0x0000000005723f00, 0x00000000057241c8]
Event: 2.272 Thread 0x0000000016a9a800  960       3       com.google.devtools.build.android.desugar.DefaultMethodClassFixer::recordIfInstanceMethod (41 bytes)
Event: 2.273 Thread 0x0000000016a9a800 nmethod 960 0x0000000005724350 code [0x0000000005724580, 0x0000000005725298]
Event: 2.273 Thread 0x0000000016a9a800  961       3       org.objectweb.asm.ClassWriter::b (70 bytes)
Event: 2.274 Thread 0x0000000016a9a800 nmethod 961 0x0000000005725850 code [0x0000000005725a00, 0x0000000005725e38]
Event: 2.274 Thread 0x0000000016a9a800  963       3       org.objectweb.asm.ClassReader::<init> (257 bytes)
Event: 2.276 Thread 0x0000000016a9a800 nmethod 963 0x0000000005726010 code [0x00000000057261e0, 0x0000000005726b88]
Event: 2.279 Thread 0x0000000015748000 nmethod 953 0x000000000572a690 code [0x000000000572a800, 0x000000000572b038]
Event: 2.279 Thread 0x0000000015748000  958       4       java.util.ArrayList::get (11 bytes)
Event: 2.280 Thread 0x0000000015748000 nmethod 958 0x00000000057276d0 code [0x0000000005727800, 0x00000000057278b8]

GC Heap History (4 events):
Event: 1.319 GC heap before
{Heap before GC invocations=1 (full 0):
 PSYoungGen      total 18944K, used 16384K [0x00000000feb00000, 0x0000000100000000, 0x0000000100000000)
  eden space 16384K, 100% used [0x00000000feb00000,0x00000000ffb00000,0x00000000ffb00000)
  from space 2560K, 0% used [0x00000000ffd80000,0x00000000ffd80000,0x0000000100000000)
  to   space 2560K, 0% used [0x00000000ffb00000,0x00000000ffb00000,0x00000000ffd80000)
 ParOldGen       total 44032K, used 0K [0x00000000fc000000, 0x00000000feb00000, 0x00000000feb00000)
  object space 44032K, 0% used [0x00000000fc000000,0x00000000fc000000,0x00000000feb00000)
 Metaspace       used 6603K, capacity 6808K, committed 7040K, reserved 1056768K
  class space    used 773K, capacity 824K, committed 896K, reserved 1048576K
Event: 1.331 GC heap after
Heap after GC invocations=1 (full 0):
 PSYoungGen      total 18944K, used 2552K [0x00000000feb00000, 0x0000000100000000, 0x0000000100000000)
  eden space 16384K, 0% used [0x00000000feb00000,0x00000000feb00000,0x00000000ffb00000)
  from space 2560K, 99% used [0x00000000ffb00000,0x00000000ffd7e020,0x00000000ffd80000)
  to   space 2560K, 0% used [0x00000000ffd80000,0x00000000ffd80000,0x0000000100000000)
 ParOldGen       total 44032K, used 1744K [0x00000000fc000000, 0x00000000feb00000, 0x00000000feb00000)
  object space 44032K, 3% used [0x00000000fc000000,0x00000000fc1b42a8,0x00000000feb00000)
 Metaspace       used 6603K, capacity 6808K, committed 7040K, reserved 1056768K
  class space    used 773K, capacity 824K, committed 896K, reserved 1048576K
}
Event: 1.883 GC heap before
{Heap before GC invocations=2 (full 0):
 PSYoungGen      total 18944K, used 18936K [0x00000000feb00000, 0x0000000100000000, 0x0000000100000000)
  eden space 16384K, 100% used [0x00000000feb00000,0x00000000ffb00000,0x00000000ffb00000)
  from space 2560K, 99% used [0x00000000ffb00000,0x00000000ffd7e020,0x00000000ffd80000)
  to   space 2560K, 0% used [0x00000000ffd80000,0x00000000ffd80000,0x0000000100000000)
 ParOldGen       total 44032K, used 1744K [0x00000000fc000000, 0x00000000feb00000, 0x00000000feb00000)
  object space 44032K, 3% used [0x00000000fc000000,0x00000000fc1b42a8,0x00000000feb00000)
 Metaspace       used 7482K, capacity 7626K, committed 7936K, reserved 1056768K
  class space    used 884K, capacity 925K, committed 1024K, reserved 1048576K
Event: 1.897 GC heap after
Heap after GC invocations=2 (full 0):
 PSYoungGen      total 18944K, used 2546K [0x00000000feb00000, 0x0000000100000000, 0x0000000100000000)
  eden space 16384K, 0% used [0x00000000feb00000,0x00000000feb00000,0x00000000ffb00000)
  from space 2560K, 99% used [0x00000000ffd80000,0x00000000ffffcb00,0x0000000100000000)
  to   space 2560K, 0% used [0x00000000ffb00000,0x00000000ffb00000,0x00000000ffd80000)
 ParOldGen       total 44032K, used 5932K [0x00000000fc000000, 0x00000000feb00000, 0x00000000feb00000)
  object space 44032K, 13% used [0x00000000fc000000,0x00000000fc5cb318,0x00000000feb00000)
 Metaspace       used 7482K, capacity 7626K, committed 7936K, reserved 1056768K
  class space    used 884K, capacity 925K, committed 1024K, reserved 1048576K
}

Deoptimization events (10 events):
Event: 1.831 Thread 0x0000000004c4e000 Uncommon trap: reason=class_check action=maybe_recompile pc=0x00000000055c73f0 method=com.google.common.collect.TransformedIterator.next()Ljava/lang/Object; @ 5
Event: 1.831 Thread 0x0000000004c4e000 Uncommon trap: reason=class_check action=maybe_recompile pc=0x00000000055aed10 method=com.google.common.collect.Iterators$7.transform(Ljava/lang/Object;)Ljava/lang/Object; @ 5
Event: 1.831 Thread 0x0000000004c4e000 Uncommon trap: reason=class_check action=maybe_recompile pc=0x00000000055beeac method=com.google.common.collect.TransformedIterator.hasNext()Z @ 4
Event: 1.831 Thread 0x0000000004c4e000 Uncommon trap: reason=class_check action=maybe_recompile pc=0x00000000055c73f0 method=com.google.common.collect.TransformedIterator.next()Ljava/lang/Object; @ 5
Event: 1.831 Thread 0x0000000004c4e000 Uncommon trap: reason=class_check action=maybe_recompile pc=0x00000000055aed10 method=com.google.common.collect.Iterators$7.transform(Ljava/lang/Object;)Ljava/lang/Object; @ 5
Event: 1.831 Thread 0x0000000004c4e000 Uncommon trap: reason=class_check action=maybe_recompile pc=0x00000000055c73f0 method=com.google.common.collect.TransformedIterator.next()Ljava/lang/Object; @ 5
Event: 1.831 Thread 0x0000000004c4e000 Uncommon trap: reason=class_check action=maybe_recompile pc=0x00000000055aed10 method=com.google.common.collect.Iterators$7.transform(Ljava/lang/Object;)Ljava/lang/Object; @ 5
Event: 2.131 Thread 0x0000000004c4e000 Uncommon trap: reason=unstable_if action=reinterpret pc=0x00000000056ec0d8 method=org.objectweb.asm.Type.getArgumentsAndReturnSizes(Ljava/lang/String;)I @ 47
Event: 2.133 Thread 0x0000000004c4e000 Uncommon trap: reason=unstable_if action=reinterpret pc=0x0000000005665318 method=java.lang.String.<init>([CII)V @ 18
Event: 2.259 Thread 0x0000000004c4e000 Uncommon trap: reason=unstable_if action=reinterpret pc=0x0000000005667630 method=java.lang.String.<init>([CII)V @ 18

Classes redefined (0 events):
No events

Internal exceptions (10 events):
Event: 1.224 Thread 0x0000000004c4e000 Implicit null exception at 0x00000000055ad8f9 to 0x00000000055adeb5
Event: 1.448 Thread 0x0000000004c4e000 Exception <a 'sun/nio/fs/WindowsException'> (0x00000000ff187f58) thrown at [D:\src\AOSP-openjdk-cygwin\jdk8u\hotspot\src\share\vm\prims\jni.cpp, line 709]
Event: 1.449 Thread 0x0000000004c4e000 Exception <a 'sun/nio/fs/WindowsException'> (0x00000000ff188528) thrown at [D:\src\AOSP-openjdk-cygwin\jdk8u\hotspot\src\share\vm\prims\jni.cpp, line 709]
Event: 1.449 Thread 0x0000000004c4e000 Exception <a 'sun/nio/fs/WindowsException'> (0x00000000ff188b20) thrown at [D:\src\AOSP-openjdk-cygwin\jdk8u\hotspot\src\share\vm\prims\jni.cpp, line 709]
Event: 1.449 Thread 0x0000000004c4e000 Exception <a 'sun/nio/fs/WindowsException'> (0x00000000ff1892f0) thrown at [D:\src\AOSP-openjdk-cygwin\jdk8u\hotspot\src\share\vm\prims\jni.cpp, line 709]
Event: 1.449 Thread 0x0000000004c4e000 Exception <a 'sun/nio/fs/WindowsException'> (0x00000000ff1898c0) thrown at [D:\src\AOSP-openjdk-cygwin\jdk8u\hotspot\src\share\vm\prims\jni.cpp, line 709]
Event: 1.449 Thread 0x0000000004c4e000 Exception <a 'sun/nio/fs/WindowsException'> (0x00000000ff18a080) thrown at [D:\src\AOSP-openjdk-cygwin\jdk8u\hotspot\src\share\vm\prims\jni.cpp, line 709]
Event: 1.485 Thread 0x0000000004c4e000 Exception <a 'sun/nio/fs/WindowsException'> (0x00000000ff18f4e8) thrown at [D:\src\AOSP-openjdk-cygwin\jdk8u\hotspot\src\share\vm\prims\jni.cpp, line 709]
Event: 1.783 Thread 0x0000000004c4e000 Exception <a 'sun/nio/fs/WindowsException'> (0x00000000ff948b18) thrown at [D:\src\AOSP-openjdk-cygwin\jdk8u\hotspot\src\share\vm\prims\jni.cpp, line 709]
Event: 1.783 Thread 0x0000000004c4e000 Exception <a 'sun/nio/fs/WindowsException'> (0x00000000ff9490a0) thrown at [D:\src\AOSP-openjdk-cygwin\jdk8u\hotspot\src\share\vm\prims\jni.cpp, line 709]

Events (10 events):
Event: 1.949 loading class org/objectweb/asm/Handler done
Event: 2.131 Thread 0x0000000004c4e000 Uncommon trap: trap_request=0xffffff65 fr.pc=0x00000000056ec0d8
Event: 2.131 Thread 0x0000000004c4e000 DEOPT PACKING pc=0x00000000056ec0d8 sp=0x000000000518e960
Event: 2.131 Thread 0x0000000004c4e000 DEOPT UNPACKING pc=0x00000000053d556a sp=0x000000000518e8e8 mode 2
Event: 2.133 Thread 0x0000000004c4e000 Uncommon trap: trap_request=0xffffff65 fr.pc=0x0000000005665318
Event: 2.133 Thread 0x0000000004c4e000 DEOPT PACKING pc=0x0000000005665318 sp=0x000000000518ee40
Event: 2.133 Thread 0x0000000004c4e000 DEOPT UNPACKING pc=0x00000000053d556a sp=0x000000000518ecf8 mode 2
Event: 2.259 Thread 0x0000000004c4e000 Uncommon trap: trap_request=0xffffff65 fr.pc=0x0000000005667630
Event: 2.259 Thread 0x0000000004c4e000 DEOPT PACKING pc=0x0000000005667630 sp=0x000000000518e860
Event: 2.259 Thread 0x0000000004c4e000 DEOPT UNPACKING pc=0x00000000053d556a sp=0x000000000518e780 mode 2


Dynamic libraries:
0x00007ff795ba0000 - 0x00007ff795bd1000 	D:\Android\Android\Android Studio\jre\bin\java.exe
0x00007ff832e80000 - 0x00007ff833060000 	C:\Windows\SYSTEM32\ntdll.dll
0x00007ff832d40000 - 0x00007ff832dee000 	C:\Windows\System32\KERNEL32.DLL
0x00007ff82f5c0000 - 0x00007ff82f826000 	C:\Windows\System32\KERNELBASE.dll
0x00007ff8328c0000 - 0x00007ff832961000 	C:\Windows\System32\ADVAPI32.dll
0x00007ff832550000 - 0x00007ff8325ed000 	C:\Windows\System32\msvcrt.dll
0x00007ff832df0000 - 0x00007ff832e4b000 	C:\Windows\System32\sechost.dll
0x00007ff832120000 - 0x00007ff83223f000 	C:\Windows\System32\RPCRT4.dll
0x00007ff830360000 - 0x00007ff8304ee000 	C:\Windows\System32\USER32.dll
0x00007ff82f3f0000 - 0x00007ff82f410000 	C:\Windows\System32\win32u.dll
0x00007ff830510000 - 0x00007ff830538000 	C:\Windows\System32\GDI32.dll
0x00007ff82fa60000 - 0x00007ff82fbf1000 	C:\Windows\System32\gdi32full.dll
0x00007ff82f350000 - 0x00007ff82f3eb000 	C:\Windows\System32\msvcp_win.dll
0x00007ff82f4c0000 - 0x00007ff82f5b6000 	C:\Windows\System32\ucrtbase.dll
0x00007ff8268e0000 - 0x00007ff826b49000 	C:\Windows\WinSxS\amd64_microsoft.windows.common-controls_6595b64144ccf1df_6.0.16299.15_none_cc92fb402215d91d\COMCTL32.dll
0x00007ff832240000 - 0x00007ff832548000 	C:\Windows\System32\combase.dll
0x00007ff82f280000 - 0x00007ff82f2f2000 	C:\Windows\System32\bcryptPrimitives.dll
0x00007ff831fc0000 - 0x00007ff831fed000 	C:\Windows\System32\IMM32.DLL
0x000000006fae0000 - 0x000000006fbb2000 	D:\Android\Android\Android Studio\jre\jre\bin\msvcr100.dll
0x000000006fbc0000 - 0x00000000703fe000 	D:\Android\Android\Android Studio\jre\jre\bin\server\jvm.dll
0x00007ff830350000 - 0x00007ff830358000 	C:\Windows\System32\PSAPI.DLL
0x00007ff82bc00000 - 0x00007ff82bc09000 	C:\Windows\SYSTEM32\WSOCK32.dll
0x00007ff831f50000 - 0x00007ff831fbc000 	C:\Windows\System32\WS2_32.dll
0x00007ff82d010000 - 0x00007ff82d033000 	C:\Windows\SYSTEM32\WINMM.dll
0x00007ff82dec0000 - 0x00007ff82deca000 	C:\Windows\SYSTEM32\VERSION.dll
0x00007ff82cd10000 - 0x00007ff82cd3a000 	C:\Windows\SYSTEM32\WINMMBASE.dll
0x00007ff82f300000 - 0x00007ff82f34a000 	C:\Windows\System32\cfgmgr32.dll
0x00007ff82bbf0000 - 0x00007ff82bbff000 	D:\Android\Android\Android Studio\jre\jre\bin\verify.dll
0x00007ff828270000 - 0x00007ff828299000 	D:\Android\Android\Android Studio\jre\jre\bin\java.dll
0x00007ff82bbd0000 - 0x00007ff82bbe6000 	D:\Android\Android\Android Studio\jre\jre\bin\zip.dll
0x00007ff830a90000 - 0x00007ff831ec7000 	C:\Windows\System32\SHELL32.dll
0x00007ff832b40000 - 0x00007ff832be6000 	C:\Windows\System32\shcore.dll
0x00007ff82fc00000 - 0x00007ff830347000 	C:\Windows\System32\windows.storage.dll
0x00007ff832ae0000 - 0x00007ff832b31000 	C:\Windows\System32\shlwapi.dll
0x00007ff82f260000 - 0x00007ff82f271000 	C:\Windows\System32\kernel.appcore.dll
0x00007ff82f1d0000 - 0x00007ff82f21c000 	C:\Windows\System32\powrprof.dll
0x00007ff82f220000 - 0x00007ff82f23b000 	C:\Windows\System32\profapi.dll
0x00007ff82ebc0000 - 0x00007ff82ebd7000 	C:\Windows\SYSTEM32\CRYPTSP.dll
0x00007ff82e610000 - 0x00007ff82e643000 	C:\Windows\system32\rsaenh.dll
0x00007ff82ecd0000 - 0x00007ff82ecf5000 	C:\Windows\SYSTEM32\bcrypt.dll
0x00007ff82f100000 - 0x00007ff82f129000 	C:\Windows\SYSTEM32\USERENV.dll
0x00007ff82ebe0000 - 0x00007ff82ebeb000 	C:\Windows\SYSTEM32\CRYPTBASE.dll
0x00007ff828250000 - 0x00007ff82826a000 	D:\Android\Android\Android Studio\jre\jre\bin\net.dll
0x00007ff82ea00000 - 0x00007ff82ea66000 	C:\Windows\system32\mswsock.dll
0x00007ff82e790000 - 0x00007ff82e7c9000 	C:\Windows\SYSTEM32\IPHLPAPI.DLL
0x00007ff832000000 - 0x00007ff832008000 	C:\Windows\System32\NSI.dll
0x00007ff82a680000 - 0x00007ff82a696000 	C:\Windows\SYSTEM32\dhcpcsvc6.DLL
0x00007ff82a660000 - 0x00007ff82a67a000 	C:\Windows\SYSTEM32\dhcpcsvc.DLL
0x00007ff828230000 - 0x00007ff828241000 	D:\Android\Android\Android Studio\jre\jre\bin\nio.dll

VM Arguments:
jvm_args: -Djava.awt.headless=true -Xmx64M -Dfile.encoding=GBK -Duser.country=CN -Duser.language=zh -Duser.variant 
java_command: com.google.devtools.build.android.desugar.Desugar @D:\Android\TEST\WanAndroidTest\app\build\intermediates\tmp\desugar_args1981908169408169823
java_class_path (initial): C:\Users\Administrator\AppData\Local\Temp\desugar_deploy.jar5675111122699367911
Launcher Type: SUN_STANDARD

Environment Variables:
JAVA_HOME=D:\Program Files\Java\jdk1.8.0_77
PATH=C:\Windows\system32;C:\Windows;C:\Windows\System32\Wbem;C:\Windows\System32\WindowsPowerShell\v1.0\;C:\Program Files (x86)\NVIDIA Corporation\PhysX\Common;D:\Program Files\Java\jdk1.8.0_77\bin;D:\Program Files\Java\jdk1.8.0_77\jre\bin; ;C:\Users\Administrator\AppData\Local\Microsoft\WindowsApps;
USERNAME=Administrator
OS=Windows_NT
PROCESSOR_IDENTIFIER=Intel64 Family 6 Model 58 Stepping 9, GenuineIntel



---------------  S Y S T E M  ---------------

OS: Windows 10.0 , 64 bit Build 16299 (10.0.16299.15)

CPU:total 4 (initial active 4) (2 cores per cpu, 2 threads per core) family 6 model 58 stepping 9, cmov, cx8, fxsr, mmx, sse, sse2, sse3, ssse3, sse4.1, sse4.2, popcnt, avx, clmul, erms, ht, tsc, tscinvbit, tscinv

Memory: 4k page, physical 8281380k(1013536k free), swap 8281380k(4444k free)

vm_info: OpenJDK 64-Bit Server VM (25.152-b01) for windows-amd64 JRE (1.8.0_152-release-915-b01), built by "builder" with MS VC++ 10.0 (VS2010)

time: Fri Apr 27 13:08:20 2018
elapsed time: 2 seconds (0d 0h 0m 2s)

