#
# There is insufficient memory for the Java Runtime Environment to continue.
# Native memory allocation (malloc) failed to allocate 109440 bytes for Chunk::new
# Possible reasons:
#   The system is out of physical RAM or swap space
#   In 32 bit mode, the process size limit was hit
# Possible solutions:
#   Reduce memory load on the system
#   Increase physical memory or swap space
#   Check if swap backing store is full
#   Use 64 bit Java on a 64 bit OS
#   Decrease Java heap size (-Xmx/-Xms)
#   Decrease number of Java threads
#   Decrease Java thread stack sizes (-Xss)
#   Set larger code cache with -XX:ReservedCodeCacheSize=
# This output file may be truncated or incomplete.
#
#  Out of Memory Error (allocation.cpp:390), pid=2180, tid=0x0000000000000a5c
#
# JRE version: OpenJDK Runtime Environment (8.0_152-b01) (build 1.8.0_152-release-915-b01)
# Java VM: OpenJDK 64-Bit Server VM (25.152-b01 mixed mode windows-amd64 compressed oops)
# Failed to write core dump. Minidumps are not enabled by default on client versions of Windows
#

---------------  T H R E A D  ---------------

Current thread (0x0000000014a8b000):  JavaThread "C2 CompilerThread1" daemon [_thread_in_native, id=2652, stack(0x0000000016490000,0x0000000016590000)]

Stack: [0x0000000016490000,0x0000000016590000]
[error occurred during error reporting (printing stack bounds), id 0xc0000005]

Native frames: (J=compiled Java code, j=interpreted, Vv=VM code, C=native code)


Current CompileTask:
C2:   8702 1305       4       org.objectweb.asm.ClassWriter::visitMethod (20 bytes)


---------------  P R O C E S S  ---------------

Java Threads: ( => current thread )
  0x0000000015df0000 JavaThread "Service Thread" daemon [_thread_blocked, id=5060, stack(0x0000000016690000,0x0000000016790000)]
  0x0000000015dea800 JavaThread "C1 CompilerThread2" daemon [_thread_blocked, id=6608, stack(0x0000000016590000,0x0000000016690000)]
=>0x0000000014a8b000 JavaThread "C2 CompilerThread1" daemon [_thread_in_native, id=2652, stack(0x0000000016490000,0x0000000016590000)]
  0x0000000014a88000 JavaThread "C2 CompilerThread0" daemon [_thread_in_native, id=4372, stack(0x0000000016390000,0x0000000016490000)]
  0x0000000014a3d800 JavaThread "Attach Listener" daemon [_thread_blocked, id=4348, stack(0x0000000016290000,0x0000000016390000)]
  0x0000000015d98800 JavaThread "Signal Dispatcher" daemon [_thread_blocked, id=4324, stack(0x0000000016190000,0x0000000016290000)]
  0x00000000046cb000 JavaThread "Finalizer" daemon [_thread_blocked, id=2556, stack(0x0000000015c90000,0x0000000015d90000)]
  0x00000000149f7000 JavaThread "Reference Handler" daemon [_thread_blocked, id=2736, stack(0x0000000015b90000,0x0000000015c90000)]
  0x00000000044ce000 JavaThread "main" [_thread_in_native, id=2692, stack(0x00000000044d0000,0x00000000045d0000)]

Other Threads:
  0x00000000149f5800 VMThread [stack: 0x0000000015a90000,0x0000000015b90000] [id=6808]
  0x0000000015df1000 WatcherThread [stack: 0x0000000016790000,0x0000000016890000] [id=11172]

VM state:not at safepoint (normal execution)

VM Mutex/Monitor currently owned by a thread: None

Heap:
 PSYoungGen      total 14336K, used 5414K [0x00000000feb00000, 0x0000000100000000, 0x0000000100000000)
  eden space 7168K, 66% used [0x00000000feb00000,0x00000000fefa19b8,0x00000000ff200000)
  from space 7168K, 9% used [0x00000000ff200000,0x00000000ff2a8000,0x00000000ff900000)
  to   space 7168K, 0% used [0x00000000ff900000,0x00000000ff900000,0x0000000100000000)
 ParOldGen       total 44032K, used 9053K [0x00000000fc000000, 0x00000000feb00000, 0x00000000feb00000)
  object space 44032K, 20% used [0x00000000fc000000,0x00000000fc8d7790,0x00000000feb00000)
 Metaspace       used 8094K, capacity 8268K, committed 8448K, reserved 1056768K
  class space    used 911K, capacity 991K, committed 1024K, reserved 1048576K

Card table byte_map: [0x0000000004060000,0x0000000004090000] byte_map_base: 0x0000000003880000

Marking Bits: (ParMarkBitMap*) 0x0000000070383950
 Begin Bits: [0x0000000013e90000, 0x0000000013f90000)
 End Bits:   [0x0000000013f90000, 0x0000000014090000)

Polling page: 0x0000000004030000

CodeCache: size=245760Kb used=5356Kb max_used=5377Kb free=240403Kb
 bounds [0x00000000046d0000, 0x0000000004c20000, 0x00000000136d0000]
 total_blobs=1638 nmethods=1303 adapters=248
 compilation: enabled

Compilation events (10 events):
Event: 8.209 Thread 0x0000000014a8b000 nmethod 1292 0x0000000004c06390 code [0x0000000004c06640, 0x0000000004c084f8]
Event: 8.209 Thread 0x0000000014a8b000 1302       4       java.util.HashSet::add (20 bytes)
Event: 8.212 Thread 0x0000000014a8b000 nmethod 1302 0x0000000004bcb590 code [0x0000000004bcb6e0, 0x0000000004bcb828]
Event: 8.389 Thread 0x0000000014a88000 nmethod 1291 0x0000000004c0f190 code [0x0000000004c0f780, 0x0000000004c146c8]
Event: 8.549 Thread 0x0000000014a8b000 1303       4       org.objectweb.asm.tree.MethodNode::visitTypeInsn (17 bytes)
Event: 8.550 Thread 0x0000000014a88000 1304       4       org.objectweb.asm.tree.TypeInsnNode::accept (18 bytes)
Event: 8.610 Thread 0x0000000014a8b000 nmethod 1303 0x0000000004beb050 code [0x0000000004beb1a0, 0x0000000004beb318]
Event: 8.612 Thread 0x0000000014a88000 nmethod 1304 0x0000000004beac10 code [0x0000000004bead60, 0x0000000004beae98]
Event: 8.651 Thread 0x0000000014a8b000 1305       4       org.objectweb.asm.ClassWriter::visitMethod (20 bytes)
Event: 8.651 Thread 0x0000000014a88000 1306       4       org.objectweb.asm.MethodWriter::<init> (247 bytes)

GC Heap History (10 events):
Event: 4.558 GC heap before
{Heap before GC invocations=3 (full 0):
 PSYoungGen      total 18944K, used 18930K [0x00000000feb00000, 0x0000000100000000, 0x0000000100000000)
  eden space 16384K, 100% used [0x00000000feb00000,0x00000000ffb00000,0x00000000ffb00000)
  from space 2560K, 99% used [0x00000000ffd80000,0x00000000ffffcac8,0x0000000100000000)
  to   space 2560K, 0% used [0x00000000ffb00000,0x00000000ffb00000,0x00000000ffd80000)
 ParOldGen       total 44032K, used 6038K [0x00000000fc000000, 0x00000000feb00000, 0x00000000feb00000)
  object space 44032K, 13% used [0x00000000fc000000,0x00000000fc5e5ad0,0x00000000feb00000)
 Metaspace       used 7933K, capacity 8130K, committed 8192K, reserved 1056768K
  class space    used 909K, capacity 989K, committed 1024K, reserved 1048576K
Event: 4.646 GC heap after
Heap after GC invocations=3 (full 0):
 PSYoungGen      total 18944K, used 2546K [0x00000000feb00000, 0x0000000100000000, 0x0000000100000000)
  eden space 16384K, 0% used [0x00000000feb00000,0x00000000feb00000,0x00000000ffb00000)
  from space 2560K, 99% used [0x00000000ffb00000,0x00000000ffd7cae8,0x00000000ffd80000)
  to   space 2560K, 0% used [0x00000000ffd80000,0x00000000ffd80000,0x0000000100000000)
 ParOldGen       total 44032K, used 6599K [0x00000000fc000000, 0x00000000feb00000, 0x00000000feb00000)
  object space 44032K, 14% used [0x00000000fc000000,0x00000000fc671c28,0x00000000feb00000)
 Metaspace       used 7933K, capacity 8130K, committed 8192K, reserved 1056768K
  class space    used 909K, capacity 989K, committed 1024K, reserved 1048576K
}
Event: 5.536 GC heap before
{Heap before GC invocations=4 (full 0):
 PSYoungGen      total 18944K, used 18930K [0x00000000feb00000, 0x0000000100000000, 0x0000000100000000)
  eden space 16384K, 100% used [0x00000000feb00000,0x00000000ffb00000,0x00000000ffb00000)
  from space 2560K, 99% used [0x00000000ffb00000,0x00000000ffd7cae8,0x00000000ffd80000)
  to   space 2560K, 0% used [0x00000000ffd80000,0x00000000ffd80000,0x0000000100000000)
 ParOldGen       total 44032K, used 6599K [0x00000000fc000000, 0x00000000feb00000, 0x00000000feb00000)
  object space 44032K, 14% used [0x00000000fc000000,0x00000000fc671c28,0x00000000feb00000)
 Metaspace       used 8012K, capacity 8204K, committed 8448K, reserved 1056768K
  class space    used 911K, capacity 991K, committed 1024K, reserved 1048576K
Event: 5.627 GC heap after
Heap after GC invocations=4 (full 0):
 PSYoungGen      total 18944K, used 2530K [0x00000000feb00000, 0x0000000100000000, 0x0000000100000000)
  eden space 16384K, 0% used [0x00000000feb00000,0x00000000feb00000,0x00000000ffb00000)
  from space 2560K, 98% used [0x00000000ffd80000,0x00000000ffff8ad8,0x0000000100000000)
  to   space 2560K, 0% used [0x00000000ffb00000,0x00000000ffb00000,0x00000000ffd80000)
 ParOldGen       total 44032K, used 6747K [0x00000000fc000000, 0x00000000feb00000, 0x00000000feb00000)
  object space 44032K, 15% used [0x00000000fc000000,0x00000000fc696c68,0x00000000feb00000)
 Metaspace       used 8012K, capacity 8204K, committed 8448K, reserved 1056768K
  class space    used 911K, capacity 991K, committed 1024K, reserved 1048576K
}
Event: 6.560 GC heap before
{Heap before GC invocations=5 (full 0):
 PSYoungGen      total 18944K, used 18914K [0x00000000feb00000, 0x0000000100000000, 0x0000000100000000)
  eden space 16384K, 100% used [0x00000000feb00000,0x00000000ffb00000,0x00000000ffb00000)
  from space 2560K, 98% used [0x00000000ffd80000,0x00000000ffff8ad8,0x0000000100000000)
  to   space 2560K, 0% used [0x00000000ffb00000,0x00000000ffb00000,0x00000000ffd80000)
 ParOldGen       total 44032K, used 6747K [0x00000000fc000000, 0x00000000feb00000, 0x00000000feb00000)
  object space 44032K, 15% used [0x00000000fc000000,0x00000000fc696c68,0x00000000feb00000)
 Metaspace       used 8072K, capacity 8268K, committed 8448K, reserved 1056768K
  class space    used 911K, capacity 991K, committed 1024K, reserved 1048576K
Event: 6.638 GC heap after
Heap after GC invocations=5 (full 0):
 PSYoungGen      total 18944K, used 2546K [0x00000000feb00000, 0x0000000100000000, 0x0000000100000000)
  eden space 16384K, 0% used [0x00000000feb00000,0x00000000feb00000,0x00000000ffb00000)
  from space 2560K, 99% used [0x00000000ffb00000,0x00000000ffd7cac8,0x00000000ffd80000)
  to   space 2560K, 0% used [0x00000000ffd80000,0x00000000ffd80000,0x0000000100000000)
 ParOldGen       total 44032K, used 6859K [0x00000000fc000000, 0x00000000feb00000, 0x00000000feb00000)
  object space 44032K, 15% used [0x00000000fc000000,0x00000000fc6b2c68,0x00000000feb00000)
 Metaspace       used 8072K, capacity 8268K, committed 8448K, reserved 1056768K
  class space    used 911K, capacity 991K, committed 1024K, reserved 1048576K
}
Event: 7.537 GC heap before
{Heap before GC invocations=6 (full 0):
 PSYoungGen      total 18944K, used 18930K [0x00000000feb00000, 0x0000000100000000, 0x0000000100000000)
  eden space 16384K, 100% used [0x00000000feb00000,0x00000000ffb00000,0x00000000ffb00000)
  from space 2560K, 99% used [0x00000000ffb00000,0x00000000ffd7cac8,0x00000000ffd80000)
  to   space 2560K, 0% used [0x00000000ffd80000,0x00000000ffd80000,0x0000000100000000)
 ParOldGen       total 44032K, used 6859K [0x00000000fc000000, 0x00000000feb00000, 0x00000000feb00000)
  object space 44032K, 15% used [0x00000000fc000000,0x00000000fc6b2c68,0x00000000feb00000)
 Metaspace       used 8083K, capacity 8268K, committed 8448K, reserved 1056768K
  class space    used 911K, capacity 991K, committed 1024K, reserved 1048576K
Event: 8.021 GC heap after
Heap after GC invocations=6 (full 0):
 PSYoungGen      total 9728K, used 2530K [0x00000000feb00000, 0x0000000100000000, 0x0000000100000000)
  eden space 7168K, 0% used [0x00000000feb00000,0x00000000feb00000,0x00000000ff200000)
  from space 2560K, 98% used [0x00000000ffd80000,0x00000000ffff8ad8,0x0000000100000000)
  to   space 7168K, 0% used [0x00000000ff200000,0x00000000ff200000,0x00000000ff900000)
 ParOldGen       total 44032K, used 7059K [0x00000000fc000000, 0x00000000feb00000, 0x00000000feb00000)
  object space 44032K, 16% used [0x00000000fc000000,0x00000000fc6e4c88,0x00000000feb00000)
 Metaspace       used 8083K, capacity 8268K, committed 8448K, reserved 1056768K
  class space    used 911K, capacity 991K, committed 1024K, reserved 1048576K
}
Event: 8.551 GC heap before
{Heap before GC invocations=7 (full 0):
 PSYoungGen      total 9728K, used 9698K [0x00000000feb00000, 0x0000000100000000, 0x0000000100000000)
  eden space 7168K, 100% used [0x00000000feb00000,0x00000000ff200000,0x00000000ff200000)
  from space 2560K, 98% used [0x00000000ffd80000,0x00000000ffff8ad8,0x0000000100000000)
  to   space 7168K, 0% used [0x00000000ff200000,0x00000000ff200000,0x00000000ff900000)
 ParOldGen       total 44032K, used 7059K [0x00000000fc000000, 0x00000000feb00000, 0x00000000feb00000)
  object space 44032K, 16% used [0x00000000fc000000,0x00000000fc6e4c88,0x00000000feb00000)
 Metaspace       used 8094K, capacity 8268K, committed 8448K, reserved 1056768K
  class space    used 911K, capacity 991K, committed 1024K, reserved 1048576K
Event: 8.610 GC heap after
Heap after GC invocations=7 (full 0):
 PSYoungGen      total 14336K, used 672K [0x00000000feb00000, 0x0000000100000000, 0x0000000100000000)
  eden space 7168K, 0% used [0x00000000feb00000,0x00000000feb00000,0x00000000ff200000)
  from space 7168K, 9% used [0x00000000ff200000,0x00000000ff2a8000,0x00000000ff900000)
  to   space 7168K, 0% used [0x00000000ff900000,0x00000000ff900000,0x0000000100000000)
 ParOldGen       total 44032K, used 9053K [0x00000000fc000000, 0x00000000feb00000, 0x00000000feb00000)
  object space 44032K, 20% used [0x00000000fc000000,0x00000000fc8d7790,0x00000000feb00000)
 Metaspace       used 8094K, capacity 8268K, committed 8448K, reserved 1056768K
  class space    used 911K, capacity 991K, committed 1024K, reserved 1048576K
}

Deoptimization events (10 events):
Event: 2.192 Thread 0x00000000044ce000 Uncommon trap: reason=class_check action=maybe_recompile pc=0x0000000004908bd8 method=com.google.common.collect.TransformedIterator.next()Ljava/lang/Object; @ 5
Event: 2.192 Thread 0x00000000044ce000 Uncommon trap: reason=class_check action=maybe_recompile pc=0x00000000048f7410 method=com.google.common.collect.Iterators$7.transform(Ljava/lang/Object;)Ljava/lang/Object; @ 5
Event: 2.329 Thread 0x00000000044ce000 Uncommon trap: reason=unstable_if action=reinterpret pc=0x00000000048ba1f8 method=java.lang.String.<init>([CII)V @ 18
Event: 2.504 Thread 0x00000000044ce000 Uncommon trap: reason=unstable_if action=reinterpret pc=0x00000000049ab6a0 method=org.objectweb.asm.ClassReader.a(II[C)Ljava/lang/String; @ 77
Event: 2.504 Thread 0x00000000044ce000 Uncommon trap: reason=unstable_if action=reinterpret pc=0x0000000004a0f570 method=org.objectweb.asm.ByteVector.putUTF8(Ljava/lang/String;)Lorg/objectweb/asm/ByteVector; @ 91
Event: 3.069 Thread 0x00000000044ce000 Uncommon trap: reason=unstable_if action=reinterpret pc=0x0000000004a2bd00 method=org.objectweb.asm.Item.a(Lorg/objectweb/asm/Item;)Z @ 251
Event: 4.520 Thread 0x00000000044ce000 Uncommon trap: reason=null_check action=make_not_entrant pc=0x0000000004ab8ea8 method=com.google.devtools.build.android.desugar.InterfaceDesugaring$InterfaceInvocationRewriter.visitMethodInsn(ILjava/lang/String;Ljava/lang/String;Ljava/lang/String;Z)V @ 10
Event: 4.524 Thread 0x00000000044ce000 Uncommon trap: reason=unstable_if action=reinterpret pc=0x0000000004a91efc method=org.objectweb.asm.Type.getArgumentTypes(Ljava/lang/String;)[Lorg/objectweb/asm/Type; @ 58
Event: 4.718 Thread 0x00000000044ce000 Uncommon trap: reason=unstable_if action=reinterpret pc=0x0000000004ac2790 method=com.google.common.collect.AbstractMultimap.containsEntry(Ljava/lang/Object;Ljava/lang/Object;)Z @ 15
Event: 4.720 Thread 0x00000000044ce000 Uncommon trap: reason=unstable_if action=reinterpret pc=0x0000000004a95120 method=org.objectweb.asm.MethodWriter.visitLabel(Lorg/objectweb/asm/Label;)V @ 37

Classes redefined (0 events):
No events

Internal exceptions (10 events):
Event: 2.137 Thread 0x00000000044ce000 Exception <a 'sun/nio/fs/WindowsException'> (0x00000000ff9499f0) thrown at [D:\src\AOSP-openjdk-cygwin\jdk8u\hotspot\src\share\vm\prims\jni.cpp, line 709]
Event: 2.495 Thread 0x00000000044ce000 Exception <a 'sun/nio/fs/WindowsException'> (0x00000000fed4e6f0) thrown at [D:\src\AOSP-openjdk-cygwin\jdk8u\hotspot\src\share\vm\prims\jni.cpp, line 709]
Event: 2.495 Thread 0x00000000044ce000 Exception <a 'sun/nio/fs/WindowsException'> (0x00000000fed4ebf8) thrown at [D:\src\AOSP-openjdk-cygwin\jdk8u\hotspot\src\share\vm\prims\jni.cpp, line 709]
Event: 2.568 Thread 0x00000000044ce000 Exception <a 'sun/nio/fs/WindowsException'> (0x00000000fedbfd58) thrown at [D:\src\AOSP-openjdk-cygwin\jdk8u\hotspot\src\share\vm\prims\jni.cpp, line 709]
Event: 2.569 Thread 0x00000000044ce000 Exception <a 'sun/nio/fs/WindowsException'> (0x00000000fedc0260) thrown at [D:\src\AOSP-openjdk-cygwin\jdk8u\hotspot\src\share\vm\prims\jni.cpp, line 709]
Event: 2.722 Thread 0x00000000044ce000 Exception <a 'sun/nio/fs/WindowsException'> (0x00000000feedbcd8) thrown at [D:\src\AOSP-openjdk-cygwin\jdk8u\hotspot\src\share\vm\prims\jni.cpp, line 709]
Event: 2.722 Thread 0x00000000044ce000 Exception <a 'sun/nio/fs/WindowsException'> (0x00000000feedc1e0) thrown at [D:\src\AOSP-openjdk-cygwin\jdk8u\hotspot\src\share\vm\prims\jni.cpp, line 709]
Event: 4.443 Thread 0x00000000044ce000 Exception <a 'sun/nio/fs/WindowsException'> (0x00000000ff887480) thrown at [D:\src\AOSP-openjdk-cygwin\jdk8u\hotspot\src\share\vm\prims\jni.cpp, line 709]
Event: 4.470 Thread 0x00000000044ce000 Exception <a 'sun/nio/fs/WindowsException'> (0x00000000ff887988) thrown at [D:\src\AOSP-openjdk-cygwin\jdk8u\hotspot\src\share\vm\prims\jni.cpp, line 709]
Event: 4.520 Thread 0x00000000044ce000 Implicit null exception at 0x0000000004ab855c to 0x0000000004ab8e89

Events (10 events):
Event: 6.764 Thread 0x00000000044ce000 DEOPT PACKING pc=0x00000000049d8998 sp=0x00000000045ce9c0
Event: 6.764 Thread 0x00000000044ce000 DEOPT UNPACKING pc=0x00000000047175bf sp=0x00000000045ce970 mode 0
Event: 6.990 Thread 0x00000000044ce000 DEOPT PACKING pc=0x00000000049d8998 sp=0x00000000045ce9c0
Event: 6.991 Thread 0x00000000044ce000 DEOPT UNPACKING pc=0x00000000047175bf sp=0x00000000045ce970 mode 0
Event: 7.484 Thread 0x00000000044ce000 DEOPT PACKING pc=0x00000000049d8998 sp=0x00000000045ce9c0
Event: 7.484 Thread 0x00000000044ce000 DEOPT UNPACKING pc=0x00000000047175bf sp=0x00000000045ce970 mode 0
Event: 7.537 Executing VM operation: ParallelGCFailedAllocation
Event: 8.021 Executing VM operation: ParallelGCFailedAllocation done
Event: 8.551 Executing VM operation: ParallelGCFailedAllocation
Event: 8.610 Executing VM operation: ParallelGCFailedAllocation done


Dynamic libraries:
0x00007ff795ba0000 - 0x00007ff795bd1000 	D:\Android\Android\Android Studio\jre\bin\java.exe
0x00007ff832e80000 - 0x00007ff833060000 	C:\Windows\SYSTEM32\ntdll.dll
0x00007ff832d40000 - 0x00007ff832dee000 	C:\Windows\System32\KERNEL32.DLL
0x00007ff82f5c0000 - 0x00007ff82f826000 	C:\Windows\System32\KERNELBASE.dll
0x00007ff8328c0000 - 0x00007ff832961000 	C:\Windows\System32\ADVAPI32.dll
0x00007ff832550000 - 0x00007ff8325ed000 	C:\Windows\System32\msvcrt.dll
0x00007ff832df0000 - 0x00007ff832e4b000 	C:\Windows\System32\sechost.dll
0x00007ff832120000 - 0x00007ff83223f000 	C:\Windows\System32\RPCRT4.dll
0x00007ff830360000 - 0x00007ff8304ee000 	C:\Windows\System32\USER32.dll
0x00007ff82f3f0000 - 0x00007ff82f410000 	C:\Windows\System32\win32u.dll
0x00007ff830510000 - 0x00007ff830538000 	C:\Windows\System32\GDI32.dll
0x00007ff82fa60000 - 0x00007ff82fbf1000 	C:\Windows\System32\gdi32full.dll
0x00007ff82f350000 - 0x00007ff82f3eb000 	C:\Windows\System32\msvcp_win.dll
0x00007ff82f4c0000 - 0x00007ff82f5b6000 	C:\Windows\System32\ucrtbase.dll
0x00007ff8268e0000 - 0x00007ff826b49000 	C:\Windows\WinSxS\amd64_microsoft.windows.common-controls_6595b64144ccf1df_6.0.16299.15_none_cc92fb402215d91d\COMCTL32.dll
0x00007ff832240000 - 0x00007ff832548000 	C:\Windows\System32\combase.dll
0x00007ff82f280000 - 0x00007ff82f2f2000 	C:\Windows\System32\bcryptPrimitives.dll
0x00007ff831fc0000 - 0x00007ff831fed000 	C:\Windows\System32\IMM32.DLL
0x000000006fae0000 - 0x000000006fbb2000 	D:\Android\Android\Android Studio\jre\jre\bin\msvcr100.dll
0x000000006fbc0000 - 0x00000000703fe000 	D:\Android\Android\Android Studio\jre\jre\bin\server\jvm.dll
0x00007ff830350000 - 0x00007ff830358000 	C:\Windows\System32\PSAPI.DLL
0x00007ff82bc00000 - 0x00007ff82bc09000 	C:\Windows\SYSTEM32\WSOCK32.dll
0x00007ff831f50000 - 0x00007ff831fbc000 	C:\Windows\System32\WS2_32.dll
0x00007ff82d010000 - 0x00007ff82d033000 	C:\Windows\SYSTEM32\WINMM.dll
0x00007ff82dec0000 - 0x00007ff82deca000 	C:\Windows\SYSTEM32\VERSION.dll
0x00007ff82cd10000 - 0x00007ff82cd3a000 	C:\Windows\SYSTEM32\WINMMBASE.dll
0x00007ff82f300000 - 0x00007ff82f34a000 	C:\Windows\System32\cfgmgr32.dll
0x00007ff82bbf0000 - 0x00007ff82bbff000 	D:\Android\Android\Android Studio\jre\jre\bin\verify.dll
0x00007ff828270000 - 0x00007ff828299000 	D:\Android\Android\Android Studio\jre\jre\bin\java.dll
0x00007ff82bbd0000 - 0x00007ff82bbe6000 	D:\Android\Android\Android Studio\jre\jre\bin\zip.dll
0x00007ff830a90000 - 0x00007ff831ec7000 	C:\Windows\System32\SHELL32.dll
0x00007ff832b40000 - 0x00007ff832be6000 	C:\Windows\System32\shcore.dll
0x00007ff82fc00000 - 0x00007ff830347000 	C:\Windows\System32\windows.storage.dll
0x00007ff832ae0000 - 0x00007ff832b31000 	C:\Windows\System32\shlwapi.dll
0x00007ff82f260000 - 0x00007ff82f271000 	C:\Windows\System32\kernel.appcore.dll
0x00007ff82f1d0000 - 0x00007ff82f21c000 	C:\Windows\System32\powrprof.dll
0x00007ff82f220000 - 0x00007ff82f23b000 	C:\Windows\System32\profapi.dll
0x00007ff82ebc0000 - 0x00007ff82ebd7000 	C:\Windows\SYSTEM32\CRYPTSP.dll
0x00007ff82e610000 - 0x00007ff82e643000 	C:\Windows\system32\rsaenh.dll
0x00007ff82ecd0000 - 0x00007ff82ecf5000 	C:\Windows\SYSTEM32\bcrypt.dll
0x00007ff82f100000 - 0x00007ff82f129000 	C:\Windows\SYSTEM32\USERENV.dll
0x00007ff82ebe0000 - 0x00007ff82ebeb000 	C:\Windows\SYSTEM32\CRYPTBASE.dll
0x00007ff828250000 - 0x00007ff82826a000 	D:\Android\Android\Android Studio\jre\jre\bin\net.dll
0x00007ff82ea00000 - 0x00007ff82ea66000 	C:\Windows\system32\mswsock.dll
0x00007ff82e790000 - 0x00007ff82e7c9000 	C:\Windows\SYSTEM32\IPHLPAPI.DLL
0x00007ff832000000 - 0x00007ff832008000 	C:\Windows\System32\NSI.dll
0x00007ff82a680000 - 0x00007ff82a696000 	C:\Windows\SYSTEM32\dhcpcsvc6.DLL
0x00007ff82a660000 - 0x00007ff82a67a000 	C:\Windows\SYSTEM32\dhcpcsvc.DLL
0x00007ff828230000 - 0x00007ff828241000 	D:\Android\Android\Android Studio\jre\jre\bin\nio.dll

VM Arguments:
jvm_args: -Djava.awt.headless=true -Xmx64M -Dfile.encoding=GBK -Duser.country=CN -Duser.language=zh -Duser.variant 
java_command: com.google.devtools.build.android.desugar.Desugar @D:\Android\TEST\WanAndroidTest\app\build\intermediates\tmp\desugar_args8939557675010188987
java_class_path (initial): C:\Users\Administrator\AppData\Local\Temp\desugar_deploy.jar5675111122699367911
Launcher Type: SUN_STANDARD

Environment Variables:
JAVA_HOME=D:\Program Files\Java\jdk1.8.0_77
PATH=C:\Windows\system32;C:\Windows;C:\Windows\System32\Wbem;C:\Windows\System32\WindowsPowerShell\v1.0\;C:\Program Files (x86)\NVIDIA Corporation\PhysX\Common;D:\Program Files\Java\jdk1.8.0_77\bin;D:\Program Files\Java\jdk1.8.0_77\jre\bin; ;C:\Users\Administrator\AppData\Local\Microsoft\WindowsApps;
USERNAME=Administrator
OS=Windows_NT
PROCESSOR_IDENTIFIER=Intel64 Family 6 Model 58 Stepping 9, GenuineIntel



---------------  S Y S T E M  ---------------

OS: Windows 10.0 , 64 bit Build 16299 (10.0.16299.15)

CPU:total 4 (initial active 4) (2 cores per cpu, 2 threads per core) family 6 model 58 stepping 9, cmov, cx8, fxsr, mmx, sse, sse2, sse3, ssse3, sse4.1, sse4.2, popcnt, avx, clmul, erms, ht, tsc, tscinvbit, tscinv

Memory: 4k page, physical 8281380k(1029548k free), swap 8281380k(4952k free)

vm_info: OpenJDK 64-Bit Server VM (25.152-b01) for windows-amd64 JRE (1.8.0_152-release-915-b01), built by "builder" with MS VC++ 10.0 (VS2010)

time: Fri Apr 27 13:21:04 2018
elapsed time: 8 seconds (0d 0h 0m 8s)

