JvmtiExport can_access_local_variables 0
JvmtiExport can_hotswap_or_post_breakpoint 0
JvmtiExport can_post_on_exceptions 0
# 105 ciObject found
ciMethod org/objectweb/asm/ClassReader accept (Lorg/objectweb/asm/ClassVisitor;[Lorg/objectweb/asm/Attribute;I)V 2049 22801 256 0 -1
ciMethodData org/objectweb/asm/ClassReader accept (Lorg/objectweb/asm/ClassVisitor;[Lorg/objectweb/asm/Attribute;I)V 1 2850 orig 264 56 157 139 116 0 0 0 0 8 185 216 20 0 0 0 0 96 19 0 0 48 17 0 0 0 0 0 0 0 0 0 0 0 0 0 0 0 0 0 0 0 0 0 0 0 0 0 0 0 0 0 0 0 0 0 0 0 0 0 0 0 0 0 0 0 0 0 0 0 0 0 0 0 0 0 0 0 0 0 0 77 68 79 32 101 120 116 114 97 32 100 97 116 97 32 108 111 99 107 0 0 0 0 0 0 0 0 0 0 0 0 0 0 0 0 0 0 0 0 0 0 0 0 0 0 0 0 0 0 0 0 0 0 0 0 0 0 0 0 0 0 0 0 0 0 0 0 0 0 0 0 0 0 0 0 0 0 0 0 0 0 0 0 0 0 0 0 0 0 0 0 0 0 0 0 0 0 0 0 0 0 0 0 0 0 0 0 0 0 0 0 0 0 0 0 0 0 0 0 0 0 0 0 0 0 0 0 0 0 0 0 0 0 0 0 0 34 11 0 0 1 0 0 0 1 0 0 0 0 0 0 0 0 0 0 0 2 0 0 0 0 0 0 0 0 0 0 0 216 17 0 0 255 255 255 255 2 0 18 0 0 0 0 0 data 571 0x120002 0x0 0x2d0005 0x0 0x0 0x0 0x0 0x0 0x390005 0x0 0x0 0x0 0x0 0x0 0x450005 0x0 0x0 0x0 0x0 0x0 0x500005 0x0 0x0 0x0 0x0 0x0 0x630007 0x0 0x98 0x0 0x6f0005 0x0 0x0 0x0 0x0 0x0 0x720004 0x0 0x0 0x0 0x0 0x0 0x790003 0x0 0xffffffffffffff80 0xa10002 0x0 0xa90005 0x0 0x0 0x0 0x0 0x0 0xb00007 0x0 0x7f0 0x0 0xba0005 0x0 0x0 0x0 0x0 0x0 0xc40005 0x0 0x0 0x0 0x0 0x0 0xc70007 0x0 0x68 0x0 0xd20005 0x0 0x0 0x0 0x0 0x0 0xd70003 0x0 0x6d8 0xdf0005 0x0 0x0 0x0 0x0 0x0 0xe20007 0x0 0x38 0x0 0xec0003 0x0 0x670 0xf40005 0x0 0x0 0x0 0x0 0x0 0xf70007 0x0 0x118 0x0 0x1020005 0x0 0x0 0x0 0x0 0x0 0x10d0005 0x0 0x0 0x0 0x0 0x0 0x1140007 0x0 0x80 0x0 0x1210005 0x0 0x0 0x0 0x0 0x0 0x1320005 0x0 0x0 0x0 0x0 0x0 0x1370003 0x0 0x528 0x13f0005 0x0 0x0 0x0 0x0 0x0 0x1420007 0x0 0x68 0x0 0x14d0005 0x0 0x0 0x0 0x0 0x0 0x1520003 0x0 0x490 0x15a0005 0x0 0x0 0x0 0x0 0x0 0x15d0007 0x0 0x38 0x0 0x1670003 0x0 0x428 0x16f0005 0x0 0x0 0x0 0x0 0x0 0x1720007 0x0 0x38 0x0 0x17c0003 0x0 0x3c0 0x1840005 0x0 0x0 0x0 0x0 0x0 0x1870007 0x0 0x38 0x0 0x1910003 0x0 0x358 0x1990005 0x0 0x0 0x0 0x0 0x0 0x19c0007 0x0 0x38 0x0 0x1a60003 0x0 0x2f0 0x1ae0005 0x0 0x0 0x0 0x0 0x0 0x1b10007 0x0 0x78 0x0 0x1b90005 0x0 0x0 0x0 0x0 0x0 0x1ca0002 0x0 0x1cf0003 0x0 0x248 0x1d70005 0x0 0x0 0x0 0x0 0x0 0x1da0007 0x0 0x38 0x0 0x1e40003 0x0 0x1e0 0x1ec0005 0x0 0x0 0x0 0x0 0x0 0x1ef0007 0x0 0x38 0x0 0x1f90003 0x0 0x178 0x2010005 0x0 0x0 0x0 0x0 0x0 0x2040007 0x0 0xd0 0x0 0x20d0005 0x0 0x0 0x0 0x0 0x0 0x2230007 0x0 0x68 0x0 0x2350005 0x0 0x0 0x0 0x0 0x0 0x2410003 0x0 0xffffffffffffffb0 0x24b0003 0x0 0x78 0x25c0005 0x0 0x0 0x0 0x0 0x0 0x2630002 0x0 0x26a0007 0x0 0x20 0x0 0x2810005 0x0 0x0 0x0 0x0 0x0 0x28b0003 0x0 0xfffffffffffff828 0x2990005 0x0 0x0 0x0 0x0 0x0 0x2a60005 0x0 0x0 0x0 0x0 0x0 0x2ac0007 0x0 0x90 0x0 0x2b10007 0x0 0x40 0x0 0x2b60007 0x0 0x50 0x0 0x2be0005 0x0 0x0 0x0 0x0 0x0 0x2c30007 0x0 0x50 0x0 0x2cd0005 0x0 0x0 0x0 0x0 0x0 0x2d20007 0x0 0xf8 0x0 0x2d80005 0x0 0x0 0x0 0x0 0x0 0x2e50007 0x0 0xa8 0x0 0x2f60005 0x0 0x0 0x0 0x0 0x0 0x2fa0005 0x0 0x0 0x0 0x0 0x0 0x2fd0002 0x0 0x3050003 0x0 0xffffffffffffff70 0x30a0007 0x0 0xf8 0x0 0x3100005 0x0 0x0 0x0 0x0 0x0 0x31d0007 0x0 0xa8 0x0 0x32e0005 0x0 0x0 0x0 0x0 0x0 0x3320005 0x0 0x0 0x0 0x0 0x0 0x3350002 0x0 0x33d0003 0x0 0xffffffffffffff70 0x3420007 0x0 0x108 0x0 0x3480005 0x0 0x0 0x0 0x0 0x0 0x3550007 0x0 0xb8 0x0 0x35d0002 0x0 0x37a0005 0x0 0x0 0x0 0x0 0x0 0x37e0005 0x0 0x0 0x0 0x0 0x0 0x3810002 0x0 0x3890003 0x0 0xffffffffffffff60 0x38e0007 0x0 0x108 0x0 0x3940005 0x0 0x0 0x0 0x0 0x0 0x3a10007 0x0 0xb8 0x0 0x3a90002 0x0 0x3c60005 0x0 0x0 0x0 0x0 0x0 0x3ca0005 0x0 0x0 0x0 0x0 0x0 0x3cd0002 0x0 0x3d50003 0x0 0xffffffffffffff60 0x3da0007 0x0 0x68 0x0 0x3ed0005 0x0 0x0 0x0 0x0 0x0 0x3f40003 0x0 0xffffffffffffffb0 0x3f90007 0x0 0x178 0x0 0x4050005 0x0 0x0 0x0 0x0 0x0 0x40c0007 0x0 0x128 0x0 0x4150005 0x0 0x0 0x0 0x0 0x0 0x41f0005 0x0 0x0 0x0 0x0 0x0 0x4290005 0x0 0x0 0x0 0x0 0x0 0x4320005 0x0 0x0 0x0 0x0 0x0 0x4350005 0x0 0x0 0x0 0x0 0x0 0x43e0003 0x0 0xfffffffffffffef0 0x4550005 0x0 0x0 0x0 0x0 0x0 0x45c0007 0x0 0x48 0x0 0x4650002 0x0 0x46d0003 0x0 0xffffffffffffffd0 0x4780005 0x0 0x0 0x0 0x0 0x0 0x47f0007 0x0 0x48 0x0 0x4880002 0x0 0x4900003 0x0 0xffffffffffffffd0 0x4940005 0x0 0x0 0x0 0x0 0x0 oops 0
instanceKlass com/google/devtools/build/android/desugar/DirectoryOutputFileProvider
instanceKlass org/objectweb/asm/Opcodes
instanceKlass org/objectweb/asm/tree/LocalVariableNode
instanceKlass org/objectweb/asm/Edge
instanceKlass java/util/Vector$Itr
instanceKlass org/objectweb/asm/tree/InsnList
instanceKlass org/objectweb/asm/Label
instanceKlass org/objectweb/asm/Type
instanceKlass org/objectweb/asm/Frame
instanceKlass sun/util/calendar/CalendarUtils
instanceKlass sun/util/calendar/CalendarDate
instanceKlass java/util/TimeZone$1
instanceKlass sun/util/calendar/ZoneInfoFile$ZoneOffsetTransitionRule
instanceKlass sun/util/calendar/ZoneInfoFile$1
instanceKlass sun/util/calendar/ZoneInfoFile
instanceKlass java/util/TimeZone
instanceKlass sun/util/calendar/CalendarSystem
instanceKlass java/util/Date
instanceKlass com/google/devtools/build/android/desugar/BitFlags
instanceKlass org/objectweb/asm/tree/AbstractInsnNode
instanceKlass com/google/common/collect/AbstractMapBasedMultimap$AsMap$AsMapIterator
instanceKlass com/google/common/collect/SortedSetMultimap
instanceKlass com/google/common/collect/Multimaps
instanceKlass com/google/common/collect/MultimapBuilder$ArrayListSupplier
instanceKlass com/google/common/base/Supplier
instanceKlass com/google/common/collect/MultimapBuilder$MultimapBuilderWithKeys
instanceKlass com/google/common/collect/MultimapBuilder
instanceKlass com/google/common/collect/ImmutableMultimap$Builder
instanceKlass com/google/devtools/build/android/desugar/TryWithResourcesRewriter$1
instanceKlass com/google/common/base/Optional
instanceKlass com/google/common/collect/FluentIterable
instanceKlass org/objectweb/asm/Item
instanceKlass org/objectweb/asm/ByteVector
instanceKlass org/objectweb/asm/FieldVisitor
instanceKlass org/objectweb/asm/AnnotationVisitor
instanceKlass org/objectweb/asm/commons/Remapper
instanceKlass org/objectweb/asm/Context
instanceKlass org/objectweb/asm/Attribute
instanceKlass org/objectweb/asm/MethodVisitor
instanceKlass com/google/common/io/ByteArrayDataInput
instanceKlass java/io/DataInput
instanceKlass com/google/common/io/ByteArrayDataOutput
instanceKlass com/google/common/io/ByteStreams
instanceKlass java/util/zip/ZipOutputStream$XEntry
instanceKlass java/util/zip/CRC32
instanceKlass java/util/zip/Checksum
instanceKlass java/util/zip/Deflater
instanceKlass com/google/devtools/build/android/desugar/ZipOutputFileProvider
instanceKlass com/google/devtools/build/android/desugar/ClassReaderFactory
instanceKlass com/google/devtools/build/android/desugar/Desugar$InputOutputPair
instanceKlass java/time/Instant
instanceKlass java/time/temporal/TemporalAdjuster
instanceKlass java/time/temporal/Temporal
instanceKlass java/time/temporal/TemporalAccessor
instanceKlass java/nio/file/attribute/FileTime
instanceKlass java/util/zip/ZipUtils
instanceKlass java/util/stream/Sink$ChainedReference
instanceKlass java/util/stream/ForEachOps$ForEachOp
instanceKlass java/util/stream/TerminalSink
instanceKlass java/util/stream/Sink
instanceKlass java/util/stream/TerminalOp
instanceKlass java/util/stream/ForEachOps
instanceKlass com/google/devtools/build/android/desugar/DirectoryInputFileProvider$1
instanceKlass java/lang/invoke/LambdaForm$MH
instanceKlass java/lang/invoke/LambdaForm$MH
instanceKlass java/lang/invoke/InnerClassLambdaMetafactory$1
instanceKlass java/nio/file/Files$$Lambda$3
instanceKlass java/nio/file/Files$$Lambda$2
instanceKlass java/lang/invoke/LambdaForm$DMH
instanceKlass java/util/EnumMap$1
instanceKlass java/util/stream/StreamOpFlag$MaskBuilder
instanceKlass java/util/stream/PipelineHelper
instanceKlass java/util/stream/Stream
instanceKlass java/util/stream/BaseStream
instanceKlass java/util/stream/StreamSupport
instanceKlass java/util/Spliterators$IteratorSpliterator
instanceKlass java/util/Spliterator$OfDouble
instanceKlass java/util/Spliterator$OfLong
instanceKlass java/util/Spliterator$OfInt
instanceKlass java/util/Spliterator$OfPrimitive
instanceKlass java/util/Spliterators$EmptySpliterator
instanceKlass java/util/Spliterator
instanceKlass java/util/Spliterators
instanceKlass java/nio/file/FileTreeWalker$Event
instanceKlass java/nio/file/FileTreeWalker$DirectoryNode
instanceKlass java/nio/file/FileTreeWalker
instanceKlass java/nio/file/FileTreeIterator
instanceKlass java/util/function/Consumer
instanceKlass com/google/devtools/build/android/desugar/DirectoryInputFileProvider
instanceKlass com/google/common/collect/TransformedIterator
instanceKlass com/google/common/base/Functions
instanceKlass java/util/zip/ZipFile$ZipEntryIterator
instanceKlass com/google/common/collect/Platform
instanceKlass com/google/devtools/build/android/desugar/ZipInputFileProvider
instanceKlass com/google/devtools/build/android/desugar/IndexedInputs
instanceKlass com/google/common/io/Closer$SuppressingSuppressor
instanceKlass com/google/common/io/Closer$Suppressor
instanceKlass com/google/common/io/Closer
instanceKlass com/google/devtools/build/android/desugar/GeneratedClassStore
instanceKlass java/util/function/Predicate
instanceKlass com/google/devtools/build/android/desugar/LambdaClassMaker
instanceKlass org/objectweb/asm/ClassReader
instanceKlass com/google/devtools/build/android/desugar/CoreLibraryRewriter
instanceKlass com/google/common/collect/AbstractMapBasedMultimap$WrappedCollection$WrappedIterator
instanceKlass com/google/common/escape/Escaper$1
instanceKlass com/google/common/escape/Escaper
instanceKlass com/google/common/escape/CharEscaperBuilder
instanceKlass com/google/common/collect/LinkedHashMultimap$ValueSet$1
instanceKlass sun/reflect/ClassDefiner$1
instanceKlass sun/reflect/ClassDefiner
instanceKlass sun/reflect/MethodAccessorGenerator$1
instanceKlass sun/reflect/Label$PatchInfo
instanceKlass sun/reflect/Label
instanceKlass sun/reflect/UTF8
instanceKlass sun/reflect/ClassFileAssembler
instanceKlass sun/reflect/ByteVectorImpl
instanceKlass sun/reflect/ByteVector
instanceKlass sun/reflect/ByteVectorFactory
instanceKlass sun/reflect/AccessorGenerator
instanceKlass sun/reflect/ClassFileConstants
instanceKlass java/lang/Deprecated
instanceKlass com/google/common/collect/ListMultimap
instanceKlass com/google/devtools/common/options/OptionsParser$OptionValueDescription
instanceKlass com/google/devtools/common/options/OptionsParser$UnparsedOptionValueDescription
instanceKlass com/google/devtools/common/options/OptionsParserImpl$ParseOptionResult
instanceKlass java/lang/invoke/LambdaForm$MH
instanceKlass com/google/devtools/common/options/OptionsParser$$Lambda$1
instanceKlass sun/nio/fs/WindowsChannelFactory$2
instanceKlass sun/nio/fs/AbstractPath$1
instanceKlass java/lang/invoke/InnerClassLambdaMetafactory$2
instanceKlass java/lang/invoke/InfoFromMemberName
instanceKlass java/lang/invoke/MethodHandleInfo
instanceKlass java/lang/invoke/LambdaForm$BMH
instanceKlass java/lang/invoke/LambdaForm$BMH
instanceKlass java/lang/invoke/LambdaForm$BMH
instanceKlass java/lang/invoke/LambdaForm$BMH
instanceKlass jdk/internal/org/objectweb/asm/FieldVisitor
instanceKlass java/lang/invoke/BoundMethodHandle$Factory$1
instanceKlass java/lang/invoke/BoundMethodHandle$SpeciesData$1
instanceKlass java/lang/invoke/LambdaForm$BMH
instanceKlass java/lang/invoke/LambdaForm$MH
instanceKlass java/lang/invoke/LambdaForm$BMH
instanceKlass java/lang/invoke/LambdaForm$MH
instanceKlass java/lang/invoke/LambdaForm$DMH
instanceKlass java/lang/invoke/LambdaForm$DMH
instanceKlass java/lang/invoke/LambdaForm$BMH
instanceKlass java/lang/invoke/LambdaForm$BMH
instanceKlass java/lang/invoke/LambdaForm$MH
instanceKlass java/lang/invoke/LambdaFormBuffer
instanceKlass java/lang/invoke/LambdaFormEditor
instanceKlass java/lang/invoke/LambdaForm$BMH
instanceKlass java/lang/invoke/LambdaForm$DMH
instanceKlass java/lang/invoke/LambdaForm$DMH
instanceKlass java/lang/invoke/LambdaForm$DMH
instanceKlass java/lang/invoke/LambdaForm$DMH
instanceKlass java/lang/invoke/LambdaForm$MH
instanceKlass java/lang/invoke/LambdaForm$DMH
instanceKlass java/lang/invoke/LambdaForm$DMH
instanceKlass java/lang/invoke/LambdaForm$MH
instanceKlass java/lang/invoke/LambdaForm$DMH
instanceKlass java/lang/invoke/LambdaForm$DMH
instanceKlass java/lang/invoke/LambdaForm$MH
instanceKlass java/lang/invoke/LambdaForm$DMH
instanceKlass java/lang/invoke/LambdaForm$DMH
instanceKlass java/lang/invoke/LambdaForm$MH
instanceKlass java/lang/invoke/LambdaForm$DMH
instanceKlass java/lang/invoke/LambdaForm$DMH
instanceKlass java/lang/invoke/LambdaForm$MH
